#
# There is insufficient memory for the Java Runtime Environment to continue.
# Native memory allocation (mmap) failed to map 505413632 bytes for G1 virtual space
# Possible reasons:
#   The system is out of physical RAM or swap space
#   The process is running with CompressedOops enabled, and the Java Heap may be blocking the growth of the native heap
# Possible solutions:
#   Reduce memory load on the system
#   Increase physical memory or swap space
#   Check if swap backing store is full
#   Decrease Java heap size (-Xmx/-Xms)
#   Decrease number of Java threads
#   Decrease Java thread stack sizes (-Xss)
#   Set larger code cache with -XX:ReservedCodeCacheSize=
#   JVM is running with Zero Based Compressed Oops mode in which the Java heap is
#     placed in the first 32GB address space. The Java Heap base address is the
#     maximum limit for the native heap growth. Please use -XX:HeapBaseMinAddress
#     to set the Java Heap base and to place the Java Heap above 32GB virtual address.
# This output file may be truncated or incomplete.
#
#  Out of Memory Error (os_windows.cpp:3541), pid=40028, tid=42356
#
# JRE version: OpenJDK Runtime Environment Corretto-17.0.4.8.1 (17.0.4+8) (build 17.0.4+8-LTS)
# Java VM: OpenJDK 64-Bit Server VM Corretto-17.0.4.8.1 (17.0.4+8-LTS, mixed mode, sharing, tiered, compressed oops, compressed class ptrs, g1 gc, windows-amd64)
# No core dump will be written. Minidumps are not enabled by default on client versions of Windows
#

---------------  S U M M A R Y ------------

Command Line: --add-opens=java.base/java.util=ALL-UNNAMED --add-opens=java.base/java.lang=ALL-UNNAMED --add-opens=java.base/java.lang.invoke=ALL-UNNAMED --add-opens=java.base/java.util=ALL-UNNAMED --add-opens=java.prefs/java.util.prefs=ALL-UNNAMED --add-opens=java.prefs/java.util.prefs=ALL-UNNAMED --add-opens=java.base/java.nio.charset=ALL-UNNAMED --add-opens=java.base/java.net=ALL-UNNAMED --add-opens=java.base/java.util.concurrent.atomic=ALL-UNNAMED -Xmx3G -Dfile.encoding=windows-1252 -Duser.country=NL -Duser.language=nl -Duser.variant org.gradle.launcher.daemon.bootstrap.GradleDaemon 7.4

Host: AMD Ryzen 7 3700U with Radeon Vega Mobile Gfx  , 8 cores, 5G,  Windows 11 , 64 bit Build 22000 (10.0.22000.708)
Time: Fri Aug 26 09:52:03 2022 West-Europa (zomertijd) elapsed time: 17.029999 seconds (0d 0h 0m 17s)

---------------  T H R E A D  ---------------

Current thread (0x0000027d4c274960):  VMThread "VM Thread" [stack: 0x000000f38fb00000,0x000000f38fc00000] [id=42356]

Stack: [0x000000f38fb00000,0x000000f38fc00000]
Native frames: (J=compiled Java code, j=interpreted, Vv=VM code, C=native code)
V  [jvm.dll+0x64723a]
V  [jvm.dll+0x7f8894]
V  [jvm.dll+0x7fa04e]
V  [jvm.dll+0x7fa6a3]
V  [jvm.dll+0x234d38]
V  [jvm.dll+0x64417a]
V  [jvm.dll+0x638aa2]
V  [jvm.dll+0x2f2f69]
V  [jvm.dll+0x2fa146]
V  [jvm.dll+0x345e7a]
V  [jvm.dll+0x3460bf]
V  [jvm.dll+0x2c9408]
V  [jvm.dll+0x2c78f7]
V  [jvm.dll+0x2c6edc]
V  [jvm.dll+0x30a371]
V  [jvm.dll+0x7feadb]
V  [jvm.dll+0x7ff7b8]
V  [jvm.dll+0x7ffce5]
V  [jvm.dll+0x8000b4]
V  [jvm.dll+0x80017e]
V  [jvm.dll+0x7ab33a]
V  [jvm.dll+0x6460e5]
C  [ucrtbase.dll+0x26c0c]
C  [KERNEL32.DLL+0x154e0]
C  [ntdll.dll+0x485b]

VM_Operation (0x000000f3912f42e8): G1TryInitiateConcMark, mode: safepoint, requested by thread 0x0000027d4e7df9c0


---------------  P R O C E S S  ---------------

Threads class SMR info:
_java_thread_list=0x0000027d50773bb0, length=135, elements={
0x0000027d2b87ea70, 0x0000027d4c27b300, 0x0000027d4c27beb0, 0x0000027d4c2965b0,
0x0000027d4c29ae90, 0x0000027d4c29b840, 0x0000027d4c29c1f0, 0x0000027d4c29eee0,
0x0000027d4c2a2e80, 0x0000027d4c2acba0, 0x0000027d4cdbebf0, 0x0000027d4cdbf2e0,
0x0000027d4e501980, 0x0000027d4e54a110, 0x0000027d4e2b2840, 0x0000027d4e099510,
0x0000027d4e0972c0, 0x0000027d4e7e29e0, 0x0000027d4e7df9c0, 0x0000027d4e7e2040,
0x0000027d4e7e0830, 0x0000027d4e7e16a0, 0x0000027d4e7df4f0, 0x0000027d4e7e0d00,
0x0000027d4e7e1b70, 0x0000027d4e7e2510, 0x0000027d4e7df020, 0x0000027d4e7e0360,
0x0000027d4e7dfe90, 0x0000027d4e7e11d0, 0x0000027d4fcf75c0, 0x0000027d4fcf9c40,
0x0000027d4fcf4a70, 0x0000027d4fcf92a0, 0x0000027d4fcf9770, 0x0000027d4fcf8900,
0x0000027d4fcfb920, 0x0000027d4fcf7a90, 0x0000027d4fcf5db0, 0x0000027d4fcf8dd0,
0x0000027d4fcfaab0, 0x0000027d4fcfb450, 0x0000027d4fcfbdf0, 0x0000027d4fcfa110,
0x0000027d4fcfaf80, 0x0000027d4fcf5410, 0x0000027d4fcf8430, 0x0000027d4fcf70f0,
0x0000027d4fcfa5e0, 0x0000027d4fcfc2c0, 0x0000027d4fcf58e0, 0x0000027d4fcf6750,
0x0000027d5169d620, 0x0000027d5169daf0, 0x0000027d5169d150, 0x0000027d5169c7b0,
0x0000027d5169e490, 0x0000027d5169be10, 0x0000027d5169aad0, 0x0000027d5169b940,
0x0000027d5169cc80, 0x0000027d5169afa0, 0x0000027d5169b470, 0x0000027d5169c2e0,
0x0000027d5169dfc0, 0x0000027d52ac13e0, 0x0000027d52abaa00, 0x0000027d52abd080,
0x0000027d52aba530, 0x0000027d52abaed0, 0x0000027d52abc210, 0x0000027d52aba060,
0x0000027d52abb3a0, 0x0000027d52abb870, 0x0000027d52ac18b0, 0x0000027d52abbd40,
0x0000027d52abd550, 0x0000027d52abc6e0, 0x0000027d52abda20, 0x0000027d52abdef0,
0x0000027d52abe3c0, 0x0000027d52abe890, 0x0000027d52abed60, 0x0000027d52abf230,
0x0000027d52abfbd0, 0x0000027d52ac00a0, 0x0000027d52ac0570, 0x0000027d52ac0a40,
0x0000027d52ac0f10, 0x0000027d503e4340, 0x0000027d503dfb10, 0x0000027d503e51b0,
0x0000027d503df640, 0x0000027d503e3e70, 0x0000027d503dde30, 0x0000027d503df170,
0x0000027d50d33530, 0x0000027d50d326c0, 0x0000027d50d33a00, 0x0000027d50d33ed0,
0x0000027d50d32b90, 0x0000027d52c98a00, 0x0000027d52c98ed0, 0x0000027d50d33060,
0x0000027d50c2d3a0, 0x0000027d50c2d870, 0x0000027d50c2fa20, 0x0000027d50c2c060,
0x0000027d50c2dd40, 0x0000027d50c2e210, 0x0000027d50df47a0, 0x0000027d50df4c70,
0x0000027d50df7150, 0x0000027d50df62e0, 0x0000027d50df67b0, 0x0000027d50df6c80,
0x0000027d50df5940, 0x0000027d50df5e10, 0x0000027d4d1aa8a0, 0x0000027d50df5140,
0x0000027d50df42d0, 0x0000027d50df3930, 0x0000027d50df3e00, 0x0000027d50ec5170,
0x0000027d52c993a0, 0x0000027d52c99870, 0x0000027d50ec4ca0, 0x0000027d50ec5fe0,
0x0000027d50ec3490, 0x0000027d50ec4300, 0x0000027d50ec2fc0, 0x0000027d50ec5b10,
0x0000027d4d1aad70, 0x0000027d52c98530, 0x0000027d52c98060
}

Java Threads: ( => current thread )
  0x0000027d2b87ea70 JavaThread "main" [_thread_blocked, id=43020, stack(0x000000f38f500000,0x000000f38f600000)]
  0x0000027d4c27b300 JavaThread "Reference Handler" daemon [_thread_blocked, id=52304, stack(0x000000f38fc00000,0x000000f38fd00000)]
  0x0000027d4c27beb0 JavaThread "Finalizer" daemon [_thread_blocked, id=53212, stack(0x000000f38fd00000,0x000000f38fe00000)]
  0x0000027d4c2965b0 JavaThread "Signal Dispatcher" daemon [_thread_blocked, id=54588, stack(0x000000f38fe00000,0x000000f38ff00000)]
  0x0000027d4c29ae90 JavaThread "Attach Listener" daemon [_thread_blocked, id=54200, stack(0x000000f38ff00000,0x000000f390000000)]
  0x0000027d4c29b840 JavaThread "Service Thread" daemon [_thread_blocked, id=55300, stack(0x000000f390000000,0x000000f390100000)]
  0x0000027d4c29c1f0 JavaThread "Monitor Deflation Thread" daemon [_thread_blocked, id=47780, stack(0x000000f390100000,0x000000f390200000)]
  0x0000027d4c29eee0 JavaThread "C2 CompilerThread0" daemon [_thread_blocked, id=54364, stack(0x000000f390200000,0x000000f390300000)]
  0x0000027d4c2a2e80 JavaThread "C1 CompilerThread0" daemon [_thread_blocked, id=55452, stack(0x000000f390300000,0x000000f390400000)]
  0x0000027d4c2acba0 JavaThread "Sweeper thread" daemon [_thread_blocked, id=52272, stack(0x000000f390400000,0x000000f390500000)]
  0x0000027d4cdbebf0 JavaThread "Common-Cleaner" daemon [_thread_blocked, id=47208, stack(0x000000f390500000,0x000000f390600000)]
  0x0000027d4cdbf2e0 JavaThread "Notification Thread" daemon [_thread_blocked, id=55712, stack(0x000000f390600000,0x000000f390700000)]
  0x0000027d4e501980 JavaThread "Daemon health stats" [_thread_blocked, id=39108, stack(0x000000f390c00000,0x000000f390d00000)]
  0x0000027d4e54a110 JavaThread "Incoming local TCP Connector on port 52733" [_thread_in_native, id=20064, stack(0x000000f390d00000,0x000000f390e00000)]
  0x0000027d4e2b2840 JavaThread "Daemon periodic checks" [_thread_blocked, id=54028, stack(0x000000f390e00000,0x000000f390f00000)]
  0x0000027d4e099510 JavaThread "Daemon" [_thread_blocked, id=50296, stack(0x000000f390f00000,0x000000f391000000)]
  0x0000027d4e0972c0 JavaThread "Handler for socket connection from /127.0.0.1:52733 to /127.0.0.1:52734" [_thread_in_native, id=36568, stack(0x000000f391000000,0x000000f391100000)]
  0x0000027d4e7e29e0 JavaThread "Cancel handler" [_thread_blocked, id=39308, stack(0x000000f391100000,0x000000f391200000)]
  0x0000027d4e7df9c0 JavaThread "Daemon worker" [_thread_blocked, id=12800, stack(0x000000f391200000,0x000000f391300000)]
  0x0000027d4e7e2040 JavaThread "Asynchronous log dispatcher for DefaultDaemonConnection: socket connection from /127.0.0.1:52733 to /127.0.0.1:52734" [_thread_blocked, id=27968, stack(0x000000f391300000,0x000000f391400000)]
  0x0000027d4e7e0830 JavaThread "Stdin handler" [_thread_blocked, id=49816, stack(0x000000f391400000,0x000000f391500000)]
  0x0000027d4e7e16a0 JavaThread "Daemon client event forwarder" [_thread_blocked, id=50972, stack(0x000000f391500000,0x000000f391600000)]
  0x0000027d4e7df4f0 JavaThread "Cache worker for journal cache (C:\Users\jaspe\.gradle\caches\journal-1)" [_thread_blocked, id=44192, stack(0x000000f391600000,0x000000f391700000)]
  0x0000027d4e7e0d00 JavaThread "File lock request listener" [_thread_in_native, id=53412, stack(0x000000f391700000,0x000000f391800000)]
  0x0000027d4e7e1b70 JavaThread "Cache worker for file hash cache (C:\Users\jaspe\.gradle\caches\7.4\fileHashes)" [_thread_blocked, id=44536, stack(0x000000f391800000,0x000000f391900000)]
  0x0000027d4e7e2510 JavaThread "File watcher server" daemon [_thread_in_native, id=54600, stack(0x000000f391c00000,0x000000f391d00000)]
  0x0000027d4e7df020 JavaThread "File watcher consumer" daemon [_thread_blocked, id=41860, stack(0x000000f391d00000,0x000000f391e00000)]
  0x0000027d4e7e0360 JavaThread "jar transforms" [_thread_blocked, id=48268, stack(0x000000f391e00000,0x000000f391f00000)]
  0x0000027d4e7dfe90 JavaThread "jar transforms Thread 2" [_thread_blocked, id=25300, stack(0x000000f391f00000,0x000000f392000000)]
  0x0000027d4e7e11d0 JavaThread "jar transforms Thread 3" [_thread_blocked, id=46084, stack(0x000000f392000000,0x000000f392100000)]
  0x0000027d4fcf75c0 JavaThread "jar transforms Thread 4" [_thread_blocked, id=44572, stack(0x000000f392100000,0x000000f392200000)]
  0x0000027d4fcf9c40 JavaThread "jar transforms Thread 5" [_thread_blocked, id=1448, stack(0x000000f392200000,0x000000f392300000)]
  0x0000027d4fcf4a70 JavaThread "jar transforms Thread 6" [_thread_blocked, id=36636, stack(0x000000f392300000,0x000000f392400000)]
  0x0000027d4fcf92a0 JavaThread "jar transforms Thread 7" [_thread_blocked, id=54308, stack(0x000000f392400000,0x000000f392500000)]
  0x0000027d4fcf9770 JavaThread "jar transforms Thread 8" [_thread_blocked, id=34476, stack(0x000000f392500000,0x000000f392600000)]
  0x0000027d4fcf8900 JavaThread "Cache worker for checksums cache (C:\Users\jaspe\IdeaProjects\forge 1.18.2\.gradle\7.4\checksums)" [_thread_blocked, id=55120, stack(0x000000f392800000,0x000000f392900000)]
  0x0000027d4fcfb920 JavaThread "Cache worker for cache directory md-rule (C:\Users\jaspe\.gradle\caches\7.4\md-rule)" [_thread_blocked, id=6104, stack(0x000000f392900000,0x000000f392a00000)]
  0x0000027d4fcf7a90 JavaThread "Cache worker for file hash cache (C:\Users\jaspe\IdeaProjects\forge 1.18.2\.gradle\7.4\fileHashes)" [_thread_blocked, id=41548, stack(0x000000f392a00000,0x000000f392b00000)]
  0x0000027d4fcf5db0 JavaThread "Cache worker for cache directory md-supplier (C:\Users\jaspe\.gradle\caches\7.4\md-supplier)" [_thread_blocked, id=42196, stack(0x000000f392b00000,0x000000f392c00000)]
  0x0000027d4fcf8dd0 JavaThread "Cache worker for execution history cache (C:\Users\jaspe\.gradle\caches\7.4\executionHistory)" [_thread_blocked, id=32328, stack(0x000000f392c00000,0x000000f392d00000)]
  0x0000027d4fcfaab0 JavaThread "Cache worker for file content cache (C:\Users\jaspe\.gradle\caches\7.4\fileContent)" [_thread_blocked, id=33968, stack(0x000000f392d00000,0x000000f392e00000)]
  0x0000027d4fcfb450 JavaThread "Cache worker for dependencies-accessors (C:\Users\jaspe\IdeaProjects\forge 1.18.2\.gradle\7.4\dependencies-accessors)" [_thread_blocked, id=11976, stack(0x000000f392e00000,0x000000f392f00000)]
  0x0000027d4fcfbdf0 JavaThread "Cache worker for Build Output Cleanup Cache (C:\Users\jaspe\IdeaProjects\forge 1.18.2\.gradle\buildOutputCleanup)" [_thread_blocked, id=29468, stack(0x000000f392f00000,0x000000f393000000)]
  0x0000027d4fcfa110 JavaThread "Unconstrained build operations" [_thread_blocked, id=49404, stack(0x000000f393000000,0x000000f393100000)]
  0x0000027d4fcfaf80 JavaThread "Unconstrained build operations Thread 2" [_thread_blocked, id=42948, stack(0x000000f393100000,0x000000f393200000)]
  0x0000027d4fcf5410 JavaThread "Unconstrained build operations Thread 3" [_thread_blocked, id=49948, stack(0x000000f393200000,0x000000f393300000)]
  0x0000027d4fcf8430 JavaThread "Unconstrained build operations Thread 4" [_thread_blocked, id=45868, stack(0x000000f393300000,0x000000f393400000)]
  0x0000027d4fcf70f0 JavaThread "Unconstrained build operations Thread 5" [_thread_blocked, id=41448, stack(0x000000f393400000,0x000000f393500000)]
  0x0000027d4fcfa5e0 JavaThread "Unconstrained build operations Thread 6" [_thread_blocked, id=36080, stack(0x000000f393500000,0x000000f393600000)]
  0x0000027d4fcfc2c0 JavaThread "Unconstrained build operations Thread 7" [_thread_blocked, id=10940, stack(0x000000f393600000,0x000000f393700000)]
  0x0000027d4fcf58e0 JavaThread "Unconstrained build operations Thread 8" [_thread_blocked, id=43184, stack(0x000000f393700000,0x000000f393800000)]
  0x0000027d4fcf6750 JavaThread "Unconstrained build operations Thread 9" [_thread_blocked, id=30892, stack(0x000000f393800000,0x000000f393900000)]
  0x0000027d5169d620 JavaThread "Unconstrained build operations Thread 10" [_thread_blocked, id=56112, stack(0x000000f393900000,0x000000f393a00000)]
  0x0000027d5169daf0 JavaThread "Unconstrained build operations Thread 11" [_thread_blocked, id=53968, stack(0x000000f393a00000,0x000000f393b00000)]
  0x0000027d5169d150 JavaThread "Unconstrained build operations Thread 12" [_thread_blocked, id=17260, stack(0x000000f393b00000,0x000000f393c00000)]
  0x0000027d5169c7b0 JavaThread "Unconstrained build operations Thread 13" [_thread_blocked, id=42696, stack(0x000000f393c00000,0x000000f393d00000)]
  0x0000027d5169e490 JavaThread "Unconstrained build operations Thread 14" [_thread_blocked, id=53804, stack(0x000000f393d00000,0x000000f393e00000)]
  0x0000027d5169be10 JavaThread "Unconstrained build operations Thread 15" [_thread_blocked, id=51384, stack(0x000000f393e00000,0x000000f393f00000)]
  0x0000027d5169aad0 JavaThread "Unconstrained build operations Thread 16" [_thread_blocked, id=51728, stack(0x000000f393f00000,0x000000f394000000)]
  0x0000027d5169b940 JavaThread "Unconstrained build operations Thread 17" [_thread_blocked, id=55356, stack(0x000000f394000000,0x000000f394100000)]
  0x0000027d5169cc80 JavaThread "Unconstrained build operations Thread 18" [_thread_blocked, id=41568, stack(0x000000f394100000,0x000000f394200000)]
  0x0000027d5169afa0 JavaThread "Unconstrained build operations Thread 19" [_thread_blocked, id=54436, stack(0x000000f394200000,0x000000f394300000)]
  0x0000027d5169b470 JavaThread "Unconstrained build operations Thread 20" [_thread_blocked, id=24200, stack(0x000000f394300000,0x000000f394400000)]
  0x0000027d5169c2e0 JavaThread "Unconstrained build operations Thread 21" [_thread_blocked, id=51412, stack(0x000000f394400000,0x000000f394500000)]
  0x0000027d5169dfc0 JavaThread "Unconstrained build operations Thread 22" [_thread_blocked, id=24544, stack(0x000000f394500000,0x000000f394600000)]
  0x0000027d52ac13e0 JavaThread "Unconstrained build operations Thread 23" [_thread_blocked, id=50884, stack(0x000000f394600000,0x000000f394700000)]
  0x0000027d52abaa00 JavaThread "Unconstrained build operations Thread 24" [_thread_blocked, id=54796, stack(0x000000f394700000,0x000000f394800000)]
  0x0000027d52abd080 JavaThread "Unconstrained build operations Thread 25" [_thread_blocked, id=52756, stack(0x000000f394800000,0x000000f394900000)]
  0x0000027d52aba530 JavaThread "Unconstrained build operations Thread 26" [_thread_blocked, id=29428, stack(0x000000f394900000,0x000000f394a00000)]
  0x0000027d52abaed0 JavaThread "Unconstrained build operations Thread 27" [_thread_blocked, id=48904, stack(0x000000f394a00000,0x000000f394b00000)]
  0x0000027d52abc210 JavaThread "Unconstrained build operations Thread 28" [_thread_blocked, id=35812, stack(0x000000f394b00000,0x000000f394c00000)]
  0x0000027d52aba060 JavaThread "Unconstrained build operations Thread 29" [_thread_blocked, id=53832, stack(0x000000f394c00000,0x000000f394d00000)]
  0x0000027d52abb3a0 JavaThread "Unconstrained build operations Thread 30" [_thread_blocked, id=54920, stack(0x000000f394d00000,0x000000f394e00000)]
  0x0000027d52abb870 JavaThread "Unconstrained build operations Thread 31" [_thread_blocked, id=53528, stack(0x000000f394e00000,0x000000f394f00000)]
  0x0000027d52ac18b0 JavaThread "Keep-Alive-Timer" daemon [_thread_blocked, id=34792, stack(0x000000f394f00000,0x000000f395000000)]
  0x0000027d52abbd40 JavaThread "Memory manager" [_thread_blocked, id=51888, stack(0x000000f392700000,0x000000f392800000)]
  0x0000027d52abd550 JavaThread "ForkJoinPool.commonPool-worker-1" daemon [_thread_blocked, id=49924, stack(0x000000f395000000,0x000000f395100000)]
  0x0000027d52abc6e0 JavaThread "ForkJoinPool.commonPool-worker-2" daemon [_thread_blocked, id=45564, stack(0x000000f395100000,0x000000f395200000)]
  0x0000027d52abda20 JavaThread "ForkJoinPool.commonPool-worker-3" daemon [_thread_blocked, id=38688, stack(0x000000f395200000,0x000000f395300000)]
  0x0000027d52abdef0 JavaThread "ForkJoinPool.commonPool-worker-5" daemon [_thread_blocked, id=55740, stack(0x000000f395300000,0x000000f395400000)]
  0x0000027d52abe3c0 JavaThread "ForkJoinPool.commonPool-worker-4" daemon [_thread_blocked, id=45992, stack(0x000000f395400000,0x000000f395500000)]
  0x0000027d52abe890 JavaThread "ForkJoinPool.commonPool-worker-6" daemon [_thread_blocked, id=18680, stack(0x000000f395500000,0x000000f395600000)]
  0x0000027d52abed60 JavaThread "ForkJoinPool.commonPool-worker-7" daemon [_thread_blocked, id=50940, stack(0x000000f395600000,0x000000f395700000)]
  0x0000027d52abf230 JavaThread "Exec process" [_thread_blocked, id=29084, stack(0x000000f395700000,0x000000f395800000)]
  0x0000027d52abfbd0 JavaThread "Exec process Thread 2" [_thread_blocked, id=21552, stack(0x000000f395800000,0x000000f395900000)]
  0x0000027d52ac00a0 JavaThread "Exec process Thread 3" [_thread_blocked, id=48920, stack(0x000000f395900000,0x000000f395a00000)]
  0x0000027d52ac0570 JavaThread "Unconstrained build operations Thread 32" [_thread_blocked, id=54292, stack(0x000000f395a00000,0x000000f395b00000)]
  0x0000027d52ac0a40 JavaThread "Unconstrained build operations Thread 33" [_thread_blocked, id=33892, stack(0x000000f395b00000,0x000000f395c00000)]
  0x0000027d52ac0f10 JavaThread "Unconstrained build operations Thread 34" [_thread_blocked, id=42264, stack(0x000000f395c00000,0x000000f395d00000)]
  0x0000027d503e4340 JavaThread "Unconstrained build operations Thread 35" [_thread_blocked, id=43456, stack(0x000000f395d00000,0x000000f395e00000)]
  0x0000027d503dfb10 JavaThread "Unconstrained build operations Thread 36" [_thread_blocked, id=6396, stack(0x000000f395e00000,0x000000f395f00000)]
  0x0000027d503e51b0 JavaThread "Unconstrained build operations Thread 37" [_thread_blocked, id=55588, stack(0x000000f395f00000,0x000000f396000000)]
  0x0000027d503df640 JavaThread "Unconstrained build operations Thread 38" [_thread_blocked, id=55096, stack(0x000000f396000000,0x000000f396100000)]
  0x0000027d503e3e70 JavaThread "Unconstrained build operations Thread 39" [_thread_blocked, id=10516, stack(0x000000f396100000,0x000000f396200000)]
  0x0000027d503dde30 JavaThread "Unconstrained build operations Thread 40" [_thread_blocked, id=54048, stack(0x000000f396200000,0x000000f396300000)]
  0x0000027d503df170 JavaThread "Unconstrained build operations Thread 41" [_thread_blocked, id=51152, stack(0x000000f396300000,0x000000f396400000)]
  0x0000027d50d33530 JavaThread "Unconstrained build operations Thread 42" [_thread_blocked, id=52588, stack(0x000000f396400000,0x000000f396500000)]
  0x0000027d50d326c0 JavaThread "Unconstrained build operations Thread 43" [_thread_blocked, id=54492, stack(0x000000f396500000,0x000000f396600000)]
  0x0000027d50d33a00 JavaThread "Unconstrained build operations Thread 44" [_thread_blocked, id=49300, stack(0x000000f396600000,0x000000f396700000)]
  0x0000027d50d33ed0 JavaThread "Unconstrained build operations Thread 45" [_thread_blocked, id=16332, stack(0x000000f396700000,0x000000f396800000)]
  0x0000027d50d32b90 JavaThread "Unconstrained build operations Thread 46" [_thread_blocked, id=52056, stack(0x000000f396800000,0x000000f396900000)]
  0x0000027d52c98a00 JavaThread "Unconstrained build operations Thread 47" [_thread_blocked, id=56228, stack(0x000000f396900000,0x000000f396a00000)]
  0x0000027d52c98ed0 JavaThread "Unconstrained build operations Thread 48" [_thread_blocked, id=55068, stack(0x000000f396a00000,0x000000f396b00000)]
  0x0000027d50d33060 JavaThread "Unconstrained build operations Thread 49" [_thread_blocked, id=53852, stack(0x000000f396b00000,0x000000f396c00000)]
  0x0000027d50c2d3a0 JavaThread "Unconstrained build operations Thread 50" [_thread_blocked, id=42116, stack(0x000000f396c00000,0x000000f396d00000)]
  0x0000027d50c2d870 JavaThread "Unconstrained build operations Thread 51" [_thread_blocked, id=52292, stack(0x000000f396d00000,0x000000f396e00000)]
  0x0000027d50c2fa20 JavaThread "Unconstrained build operations Thread 52" [_thread_blocked, id=35912, stack(0x000000f396e00000,0x000000f396f00000)]
  0x0000027d50c2c060 JavaThread "Unconstrained build operations Thread 53" [_thread_blocked, id=36652, stack(0x000000f396f00000,0x000000f397000000)]
  0x0000027d50c2dd40 JavaThread "Unconstrained build operations Thread 54" [_thread_blocked, id=55672, stack(0x000000f397000000,0x000000f397100000)]
  0x0000027d50c2e210 JavaThread "Unconstrained build operations Thread 55" [_thread_blocked, id=52836, stack(0x000000f397100000,0x000000f397200000)]
  0x0000027d50df47a0 JavaThread "Unconstrained build operations Thread 56" [_thread_blocked, id=52172, stack(0x000000f397200000,0x000000f397300000)]
  0x0000027d50df4c70 JavaThread "Unconstrained build operations Thread 57" [_thread_blocked, id=43208, stack(0x000000f397300000,0x000000f397400000)]
  0x0000027d50df7150 JavaThread "Unconstrained build operations Thread 58" [_thread_blocked, id=51244, stack(0x000000f397400000,0x000000f397500000)]
  0x0000027d50df62e0 JavaThread "Unconstrained build operations Thread 59" [_thread_blocked, id=55180, stack(0x000000f397500000,0x000000f397600000)]
  0x0000027d50df67b0 JavaThread "Unconstrained build operations Thread 60" [_thread_blocked, id=56168, stack(0x000000f397600000,0x000000f397700000)]
  0x0000027d50df6c80 JavaThread "Unconstrained build operations Thread 61" [_thread_blocked, id=14652, stack(0x000000f397700000,0x000000f397800000)]
  0x0000027d50df5940 JavaThread "Unconstrained build operations Thread 62" [_thread_blocked, id=47512, stack(0x000000f397800000,0x000000f397900000)]
  0x0000027d50df5e10 JavaThread "Unconstrained build operations Thread 63" [_thread_blocked, id=55036, stack(0x000000f397900000,0x000000f397a00000)]
  0x0000027d4d1aa8a0 JavaThread "Unconstrained build operations Thread 64" [_thread_blocked, id=53884, stack(0x000000f397a00000,0x000000f397b00000)]
  0x0000027d50df5140 JavaThread "Unconstrained build operations Thread 65" [_thread_blocked, id=31716, stack(0x000000f397b00000,0x000000f397c00000)]
  0x0000027d50df42d0 JavaThread "Unconstrained build operations Thread 66" [_thread_blocked, id=56220, stack(0x000000f397c00000,0x000000f397d00000)]
  0x0000027d50df3930 JavaThread "Unconstrained build operations Thread 67" [_thread_blocked, id=42856, stack(0x000000f397d00000,0x000000f397e00000)]
  0x0000027d50df3e00 JavaThread "Unconstrained build operations Thread 68" [_thread_blocked, id=45008, stack(0x000000f397e00000,0x000000f397f00000)]
  0x0000027d50ec5170 JavaThread "Unconstrained build operations Thread 69" [_thread_blocked, id=56120, stack(0x000000f397f00000,0x000000f398000000)]
  0x0000027d52c993a0 JavaThread "Unconstrained build operations Thread 70" [_thread_blocked, id=10292, stack(0x000000f398000000,0x000000f398100000)]
  0x0000027d52c99870 JavaThread "Unconstrained build operations Thread 71" [_thread_blocked, id=28228, stack(0x000000f398100000,0x000000f398200000)]
  0x0000027d50ec4ca0 JavaThread "Unconstrained build operations Thread 72" [_thread_blocked, id=21176, stack(0x000000f398200000,0x000000f398300000)]
  0x0000027d50ec5fe0 JavaThread "Unconstrained build operations Thread 73" [_thread_blocked, id=16460, stack(0x000000f398300000,0x000000f398400000)]
  0x0000027d50ec3490 JavaThread "Unconstrained build operations Thread 74" [_thread_blocked, id=47876, stack(0x000000f398400000,0x000000f398500000)]
  0x0000027d50ec4300 JavaThread "Unconstrained build operations Thread 75" [_thread_blocked, id=43840, stack(0x000000f398500000,0x000000f398600000)]
  0x0000027d50ec2fc0 JavaThread "Unconstrained build operations Thread 76" [_thread_blocked, id=38548, stack(0x000000f398600000,0x000000f398700000)]
  0x0000027d50ec5b10 JavaThread "Unconstrained build operations Thread 77" [_thread_blocked, id=44492, stack(0x000000f398700000,0x000000f398800000)]
  0x0000027d4d1aad70 JavaThread "Unconstrained build operations Thread 78" [_thread_blocked, id=54260, stack(0x000000f398800000,0x000000f398900000)]
  0x0000027d52c98530 JavaThread "Unconstrained build operations Thread 79" [_thread_blocked, id=35708, stack(0x000000f398900000,0x000000f398a00000)]
  0x0000027d52c98060 JavaThread "Unconstrained build operations Thread 80" [_thread_blocked, id=37004, stack(0x000000f398a00000,0x000000f398b00000)]

Other Threads:
=>0x0000027d4c274960 VMThread "VM Thread" [stack: 0x000000f38fb00000,0x000000f38fc00000] [id=42356]
  0x0000027d2b8fd9a0 WatcherThread [stack: 0x000000f390700000,0x000000f390800000] [id=52236]
  0x0000027d2b8d70f0 GCTaskThread "GC Thread#0" [stack: 0x000000f38f600000,0x000000f38f700000] [id=46700]
  0x0000027d4d553730 GCTaskThread "GC Thread#1" [stack: 0x000000f390800000,0x000000f390900000] [id=44144]
  0x0000027d4d7c7bb0 GCTaskThread "GC Thread#2" [stack: 0x000000f390900000,0x000000f390a00000] [id=10212]
  0x0000027d4d7c7e60 GCTaskThread "GC Thread#3" [stack: 0x000000f390a00000,0x000000f390b00000] [id=51972]
  0x0000027d4ce604b0 GCTaskThread "GC Thread#4" [stack: 0x000000f390b00000,0x000000f390c00000] [id=26892]
  0x0000027d4e332870 GCTaskThread "GC Thread#5" [stack: 0x000000f391900000,0x000000f391a00000] [id=33404]
  0x0000027d4e332310 GCTaskThread "GC Thread#6" [stack: 0x000000f391a00000,0x000000f391b00000] [id=52400]
  0x0000027d4e3325c0 GCTaskThread "GC Thread#7" [stack: 0x000000f391b00000,0x000000f391c00000] [id=47144]
  0x0000027d2b8e51a0 ConcurrentGCThread "G1 Main Marker" [stack: 0x000000f38f700000,0x000000f38f800000] [id=45540]
  0x0000027d2b8e6350 ConcurrentGCThread "G1 Conc#0" [stack: 0x000000f38f800000,0x000000f38f900000] [id=41232]
  0x0000027d4e333b40 ConcurrentGCThread "G1 Conc#1" [stack: 0x000000f392600000,0x000000f392700000] [id=16596]
  0x0000027d2b951820 ConcurrentGCThread "G1 Refine#0" [stack: 0x000000f38f900000,0x000000f38fa00000] [id=51532]
  0x0000027d2b953250 ConcurrentGCThread "G1 Service" [stack: 0x000000f38fa00000,0x000000f38fb00000] [id=31824]

Threads with active compile tasks:
C2 CompilerThread0    17085 7325   !   4       java.net.URL::<init> (543 bytes)

VM state: at safepoint (normal execution)

VM Mutex/Monitor currently owned by a thread:  ([mutex/lock_event])
[0x0000027d2b87aae0] Threads_lock - owner thread: 0x0000027d4c274960
[0x0000027d2b87a390] Heap_lock - owner thread: 0x0000027d4e7df9c0

Heap address: 0x0000000740000000, size: 3072 MB, Compressed Oops mode: Zero based, Oop shift amount: 3

CDS archive(s) mapped at: [0x0000000800000000-0x0000000800bc0000-0x0000000800bc0000), size 12320768, SharedBaseAddress: 0x0000000800000000, ArchiveRelocationMode: 0.
Compressed class space mapped at: 0x0000000800c00000-0x0000000840c00000, reserved size: 1073741824
Narrow klass base: 0x0000000800000000, Narrow klass shift: 0, Narrow klass range: 0x100000000

GC Precious Log:
 CPUs: 8 total, 8 available
 Memory: 6020M
 Large Page Support: Disabled
 NUMA Support: Disabled
 Compressed Oops: Enabled (Zero based)
 Heap Region Size: 2M
 Heap Min Capacity: 8M
 Heap Initial Capacity: 96M
 Heap Max Capacity: 3G
 Pre-touch: Disabled
 Parallel Workers: 8
 Concurrent Workers: 2
 Concurrent Refinement Workers: 8
 Periodic GC: Disabled

Heap:
 garbage-first heap   total 260096K, used 119040K [0x0000000740000000, 0x0000000800000000)
  region size 2048K, 2 young (4096K), 2 survivors (4096K)
 Metaspace       used 58709K, committed 59328K, reserved 1105920K
  class space    used 8018K, committed 8256K, reserved 1048576K

Heap Regions: E=young(eden), S=young(survivor), O=old, HS=humongous(starts), HC=humongous(continues), CS=collection set, F=free, OA=open archive, CA=closed archive, TAMS=top-at-mark-start (previous, next)
|   0|0x0000000740000000, 0x0000000740200000, 0x0000000740200000|100%| O|  |TAMS 0x0000000740200000, 0x0000000740200000| Untracked 
|   1|0x0000000740200000, 0x0000000740400000, 0x0000000740400000|100%| O|  |TAMS 0x0000000740400000, 0x0000000740400000| Untracked 
|   2|0x0000000740400000, 0x0000000740600000, 0x0000000740600000|100%|HS|  |TAMS 0x0000000740600000, 0x0000000740600000| Complete 
|   3|0x0000000740600000, 0x0000000740800000, 0x0000000740800000|100%|HC|  |TAMS 0x0000000740800000, 0x0000000740800000| Complete 
|   4|0x0000000740800000, 0x0000000740a00000, 0x0000000740a00000|100%| O|  |TAMS 0x0000000740a00000, 0x0000000740a00000| Untracked 
|   5|0x0000000740a00000, 0x0000000740c00000, 0x0000000740c00000|100%| O|  |TAMS 0x0000000740c00000, 0x0000000740c00000| Untracked 
|   6|0x0000000740c00000, 0x0000000740e00000, 0x0000000740e00000|100%|HS|  |TAMS 0x0000000740e00000, 0x0000000740e00000| Complete 
|   7|0x0000000740e00000, 0x0000000741000000, 0x0000000741000000|100%|HS|  |TAMS 0x0000000741000000, 0x0000000741000000| Complete 
|   8|0x0000000741000000, 0x0000000741200000, 0x0000000741200000|100%|HC|  |TAMS 0x0000000741200000, 0x0000000741200000| Complete 
|   9|0x0000000741200000, 0x0000000741400000, 0x0000000741400000|100%|HS|  |TAMS 0x0000000741400000, 0x0000000741400000| Complete 
|  10|0x0000000741400000, 0x0000000741600000, 0x0000000741600000|100%|HC|  |TAMS 0x0000000741600000, 0x0000000741600000| Complete 
|  11|0x0000000741600000, 0x0000000741800000, 0x0000000741800000|100%|HS|  |TAMS 0x0000000741800000, 0x0000000741800000| Complete 
|  12|0x0000000741800000, 0x0000000741a00000, 0x0000000741a00000|100%| O|  |TAMS 0x0000000741a00000, 0x0000000741a00000| Untracked 
|  13|0x0000000741a00000, 0x0000000741c00000, 0x0000000741c00000|100%| O|  |TAMS 0x0000000741c00000, 0x0000000741c00000| Untracked 
|  14|0x0000000741c00000, 0x0000000741e00000, 0x0000000741e00000|100%| O|  |TAMS 0x0000000741e00000, 0x0000000741e00000| Untracked 
|  15|0x0000000741e00000, 0x0000000742000000, 0x0000000742000000|100%| O|  |TAMS 0x0000000742000000, 0x0000000742000000| Untracked 
|  16|0x0000000742000000, 0x0000000742200000, 0x0000000742200000|100%|HS|  |TAMS 0x0000000742200000, 0x0000000742200000| Complete 
|  17|0x0000000742200000, 0x0000000742400000, 0x0000000742400000|100%|HC|  |TAMS 0x0000000742400000, 0x0000000742400000| Complete 
|  18|0x0000000742400000, 0x0000000742600000, 0x0000000742600000|100%|HC|  |TAMS 0x0000000742600000, 0x0000000742600000| Complete 
|  19|0x0000000742600000, 0x0000000742800000, 0x0000000742800000|100%|HC|  |TAMS 0x0000000742800000, 0x0000000742800000| Complete 
|  20|0x0000000742800000, 0x0000000742a00000, 0x0000000742a00000|100%|HC|  |TAMS 0x0000000742a00000, 0x0000000742a00000| Complete 
|  21|0x0000000742a00000, 0x0000000742c00000, 0x0000000742c00000|100%|HS|  |TAMS 0x0000000742c00000, 0x0000000742c00000| Complete 
|  22|0x0000000742c00000, 0x0000000742e00000, 0x0000000742e00000|100%| O|  |TAMS 0x0000000742e00000, 0x0000000742e00000| Untracked 
|  23|0x0000000742e00000, 0x0000000743000000, 0x0000000743000000|100%| O|  |TAMS 0x0000000743000000, 0x0000000743000000| Untracked 
|  24|0x0000000743000000, 0x0000000743200000, 0x0000000743200000|100%|HS|  |TAMS 0x0000000743200000, 0x0000000743200000| Complete 
|  25|0x0000000743200000, 0x0000000743400000, 0x0000000743400000|100%|HC|  |TAMS 0x0000000743400000, 0x0000000743400000| Complete 
|  26|0x0000000743400000, 0x0000000743600000, 0x0000000743600000|100%|HC|  |TAMS 0x0000000743600000, 0x0000000743600000| Complete 
|  27|0x0000000743600000, 0x0000000743800000, 0x0000000743800000|100%| O|  |TAMS 0x0000000743800000, 0x0000000743800000| Untracked 
|  28|0x0000000743800000, 0x0000000743a00000, 0x0000000743a00000|100%| O|  |TAMS 0x0000000743a00000, 0x0000000743a00000| Untracked 
|  29|0x0000000743a00000, 0x0000000743c00000, 0x0000000743c00000|100%| O|  |TAMS 0x0000000743c00000, 0x0000000743c00000| Untracked 
|  30|0x0000000743c00000, 0x0000000743e00000, 0x0000000743e00000|100%| O|  |TAMS 0x0000000743e00000, 0x0000000743e00000| Untracked 
|  31|0x0000000743e00000, 0x0000000744000000, 0x0000000744000000|100%| O|  |TAMS 0x0000000744000000, 0x0000000744000000| Untracked 
|  32|0x0000000744000000, 0x0000000744200000, 0x0000000744200000|100%|HS|  |TAMS 0x0000000744200000, 0x0000000744200000| Complete 
|  33|0x0000000744200000, 0x0000000744400000, 0x0000000744400000|100%|HC|  |TAMS 0x0000000744400000, 0x0000000744400000| Complete 
|  34|0x0000000744400000, 0x0000000744600000, 0x0000000744600000|100%|HC|  |TAMS 0x0000000744600000, 0x0000000744600000| Complete 
|  35|0x0000000744600000, 0x0000000744800000, 0x0000000744800000|100%|HC|  |TAMS 0x0000000744800000, 0x0000000744800000| Complete 
|  36|0x0000000744800000, 0x0000000744a00000, 0x0000000744a00000|100%|HC|  |TAMS 0x0000000744a00000, 0x0000000744a00000| Complete 
|  37|0x0000000744a00000, 0x0000000744c00000, 0x0000000744c00000|100%|HS|  |TAMS 0x0000000744c00000, 0x0000000744c00000| Complete 
|  38|0x0000000744c00000, 0x0000000744e00000, 0x0000000744e00000|100%|HS|  |TAMS 0x0000000744e00000, 0x0000000744e00000| Complete 
|  39|0x0000000744e00000, 0x0000000745000000, 0x0000000745000000|100%|HS|  |TAMS 0x0000000745000000, 0x0000000745000000| Complete 
|  40|0x0000000745000000, 0x0000000745200000, 0x0000000745200000|100%|HC|  |TAMS 0x0000000745200000, 0x0000000745200000| Complete 
|  41|0x0000000745200000, 0x0000000745400000, 0x0000000745400000|100%|HS|  |TAMS 0x0000000745400000, 0x0000000745400000| Complete 
|  42|0x0000000745400000, 0x0000000745600000, 0x0000000745600000|100%|HC|  |TAMS 0x0000000745600000, 0x0000000745600000| Complete 
|  43|0x0000000745600000, 0x0000000745800000, 0x0000000745800000|100%| O|  |TAMS 0x0000000745800000, 0x0000000745800000| Untracked 
|  44|0x0000000745800000, 0x0000000745a00000, 0x0000000745a00000|100%| O|  |TAMS 0x0000000745a00000, 0x0000000745a00000| Untracked 
|  45|0x0000000745a00000, 0x0000000745c00000, 0x0000000745c00000|100%| O|  |TAMS 0x0000000745c00000, 0x0000000745c00000| Untracked 
|  46|0x0000000745c00000, 0x0000000745e00000, 0x0000000745e00000|100%|HS|  |TAMS 0x0000000745e00000, 0x0000000745e00000| Complete 
|  47|0x0000000745e00000, 0x0000000746000000, 0x0000000746000000|100%|HC|  |TAMS 0x0000000746000000, 0x0000000746000000| Complete 
|  48|0x0000000746000000, 0x0000000746200000, 0x0000000746200000|100%|HC|  |TAMS 0x0000000746200000, 0x0000000746200000| Complete 
|  49|0x0000000746200000, 0x0000000746400000, 0x0000000746400000|100%| O|  |TAMS 0x0000000746400000, 0x0000000746400000| Untracked 
|  50|0x0000000746400000, 0x0000000746600000, 0x0000000746600000|100%|HS|  |TAMS 0x0000000746600000, 0x0000000746600000| Complete 
|  51|0x0000000746600000, 0x0000000746800000, 0x0000000746800000|100%| O|  |TAMS 0x0000000746800000, 0x0000000746800000| Untracked 
|  52|0x0000000746800000, 0x0000000746a00000, 0x0000000746a00000|100%| O|  |TAMS 0x0000000746a00000, 0x0000000746a00000| Untracked 
|  53|0x0000000746a00000, 0x0000000746c00000, 0x0000000746c00000|100%| O|  |TAMS 0x0000000746c00000, 0x0000000746c00000| Untracked 
|  54|0x0000000746c00000, 0x0000000746e00000, 0x0000000746e00000|100%| O|  |TAMS 0x0000000746e00000, 0x0000000746e00000| Untracked 
|  55|0x0000000746e00000, 0x0000000747000000, 0x0000000747000000|100%| O|  |TAMS 0x0000000747000000, 0x0000000747000000| Untracked 
|  56|0x0000000747000000, 0x00000007470b1400, 0x0000000747200000| 34%| O|  |TAMS 0x00000007470b1400, 0x00000007470b1400| Untracked 
|  57|0x0000000747200000, 0x0000000747200000, 0x0000000747400000|  0%| F|  |TAMS 0x0000000747200000, 0x0000000747200000| Untracked 
|  58|0x0000000747400000, 0x0000000747400000, 0x0000000747600000|  0%| F|  |TAMS 0x0000000747400000, 0x0000000747400000| Untracked 
|  59|0x0000000747600000, 0x0000000747600000, 0x0000000747800000|  0%| F|  |TAMS 0x0000000747600000, 0x0000000747600000| Untracked 
|  60|0x0000000747800000, 0x0000000747800000, 0x0000000747a00000|  0%| F|  |TAMS 0x0000000747800000, 0x0000000747800000| Untracked 
|  61|0x0000000747a00000, 0x0000000747a00000, 0x0000000747c00000|  0%| F|  |TAMS 0x0000000747a00000, 0x0000000747a00000| Untracked 
|  62|0x0000000747c00000, 0x0000000747c00000, 0x0000000747e00000|  0%| F|  |TAMS 0x0000000747c00000, 0x0000000747c00000| Untracked 
|  63|0x0000000747e00000, 0x0000000747e00000, 0x0000000748000000|  0%| F|  |TAMS 0x0000000747e00000, 0x0000000747e00000| Untracked 
|  64|0x0000000748000000, 0x0000000748000000, 0x0000000748200000|  0%| F|  |TAMS 0x0000000748000000, 0x0000000748000000| Untracked 
|  65|0x0000000748200000, 0x0000000748200000, 0x0000000748400000|  0%| F|  |TAMS 0x0000000748200000, 0x0000000748200000| Untracked 
|  66|0x0000000748400000, 0x0000000748400000, 0x0000000748600000|  0%| F|  |TAMS 0x0000000748400000, 0x0000000748400000| Untracked 
|  67|0x0000000748600000, 0x0000000748600000, 0x0000000748800000|  0%| F|  |TAMS 0x0000000748600000, 0x0000000748600000| Untracked 
|  68|0x0000000748800000, 0x0000000748800000, 0x0000000748a00000|  0%| F|  |TAMS 0x0000000748800000, 0x0000000748800000| Untracked 
|  69|0x0000000748a00000, 0x0000000748a00000, 0x0000000748c00000|  0%| F|  |TAMS 0x0000000748a00000, 0x0000000748a00000| Untracked 
|  70|0x0000000748c00000, 0x0000000748c00000, 0x0000000748e00000|  0%| F|  |TAMS 0x0000000748c00000, 0x0000000748c00000| Untracked 
|  71|0x0000000748e00000, 0x0000000748e00000, 0x0000000749000000|  0%| F|  |TAMS 0x0000000748e00000, 0x0000000748e00000| Untracked 
|  72|0x0000000749000000, 0x0000000749000000, 0x0000000749200000|  0%| F|  |TAMS 0x0000000749000000, 0x0000000749000000| Untracked 
|  73|0x0000000749200000, 0x0000000749200000, 0x0000000749400000|  0%| F|  |TAMS 0x0000000749200000, 0x0000000749200000| Untracked 
|  74|0x0000000749400000, 0x0000000749400000, 0x0000000749600000|  0%| F|  |TAMS 0x0000000749400000, 0x0000000749400000| Untracked 
|  75|0x0000000749600000, 0x0000000749600000, 0x0000000749800000|  0%| F|  |TAMS 0x0000000749600000, 0x0000000749600000| Untracked 
|  76|0x0000000749800000, 0x0000000749800000, 0x0000000749a00000|  0%| F|  |TAMS 0x0000000749800000, 0x0000000749800000| Untracked 
|  77|0x0000000749a00000, 0x0000000749a00000, 0x0000000749c00000|  0%| F|  |TAMS 0x0000000749a00000, 0x0000000749a00000| Untracked 
|  78|0x0000000749c00000, 0x0000000749c00000, 0x0000000749e00000|  0%| F|  |TAMS 0x0000000749c00000, 0x0000000749c00000| Untracked 
|  79|0x0000000749e00000, 0x0000000749e00000, 0x000000074a000000|  0%| F|  |TAMS 0x0000000749e00000, 0x0000000749e00000| Untracked 
|  80|0x000000074a000000, 0x000000074a000000, 0x000000074a200000|  0%| F|  |TAMS 0x000000074a000000, 0x000000074a000000| Untracked 
|  81|0x000000074a200000, 0x000000074a200000, 0x000000074a400000|  0%| F|  |TAMS 0x000000074a200000, 0x000000074a200000| Untracked 
|  82|0x000000074a400000, 0x000000074a400000, 0x000000074a600000|  0%| F|  |TAMS 0x000000074a400000, 0x000000074a400000| Untracked 
|  83|0x000000074a600000, 0x000000074a600000, 0x000000074a800000|  0%| F|  |TAMS 0x000000074a600000, 0x000000074a600000| Untracked 
|  84|0x000000074a800000, 0x000000074a800000, 0x000000074aa00000|  0%| F|  |TAMS 0x000000074a800000, 0x000000074a800000| Untracked 
|  85|0x000000074aa00000, 0x000000074aa00000, 0x000000074ac00000|  0%| F|  |TAMS 0x000000074aa00000, 0x000000074aa00000| Untracked 
|  86|0x000000074ac00000, 0x000000074ac00000, 0x000000074ae00000|  0%| F|  |TAMS 0x000000074ac00000, 0x000000074ac00000| Untracked 
|  87|0x000000074ae00000, 0x000000074ae00000, 0x000000074b000000|  0%| F|  |TAMS 0x000000074ae00000, 0x000000074ae00000| Untracked 
|  88|0x000000074b000000, 0x000000074b000000, 0x000000074b200000|  0%| F|  |TAMS 0x000000074b000000, 0x000000074b000000| Untracked 
|  89|0x000000074b200000, 0x000000074b200000, 0x000000074b400000|  0%| F|  |TAMS 0x000000074b200000, 0x000000074b200000| Untracked 
|  90|0x000000074b400000, 0x000000074b400000, 0x000000074b600000|  0%| F|  |TAMS 0x000000074b400000, 0x000000074b400000| Untracked 
|  91|0x000000074b600000, 0x000000074b600000, 0x000000074b800000|  0%| F|  |TAMS 0x000000074b600000, 0x000000074b600000| Untracked 
|  92|0x000000074b800000, 0x000000074b800000, 0x000000074ba00000|  0%| F|  |TAMS 0x000000074b800000, 0x000000074b800000| Untracked 
|  93|0x000000074ba00000, 0x000000074ba00000, 0x000000074bc00000|  0%| F|  |TAMS 0x000000074ba00000, 0x000000074ba00000| Untracked 
|  94|0x000000074bc00000, 0x000000074bc00000, 0x000000074be00000|  0%| F|  |TAMS 0x000000074bc00000, 0x000000074bc00000| Untracked 
|  95|0x000000074be00000, 0x000000074be00000, 0x000000074c000000|  0%| F|  |TAMS 0x000000074be00000, 0x000000074be00000| Untracked 
|  96|0x000000074c000000, 0x000000074c000000, 0x000000074c200000|  0%| F|  |TAMS 0x000000074c000000, 0x000000074c000000| Untracked 
|  97|0x000000074c200000, 0x000000074c200000, 0x000000074c400000|  0%| F|  |TAMS 0x000000074c200000, 0x000000074c200000| Untracked 
|  98|0x000000074c400000, 0x000000074c400000, 0x000000074c600000|  0%| F|  |TAMS 0x000000074c400000, 0x000000074c400000| Untracked 
|  99|0x000000074c600000, 0x000000074c600000, 0x000000074c800000|  0%| F|  |TAMS 0x000000074c600000, 0x000000074c600000| Untracked 
| 100|0x000000074c800000, 0x000000074c800000, 0x000000074ca00000|  0%| F|  |TAMS 0x000000074c800000, 0x000000074c800000| Untracked 
| 101|0x000000074ca00000, 0x000000074ca00000, 0x000000074cc00000|  0%| F|  |TAMS 0x000000074ca00000, 0x000000074ca00000| Untracked 
| 102|0x000000074cc00000, 0x000000074cc00000, 0x000000074ce00000|  0%| F|  |TAMS 0x000000074cc00000, 0x000000074cc00000| Untracked 
| 103|0x000000074ce00000, 0x000000074ce00000, 0x000000074d000000|  0%| F|  |TAMS 0x000000074ce00000, 0x000000074ce00000| Untracked 
| 104|0x000000074d000000, 0x000000074d000000, 0x000000074d200000|  0%| F|  |TAMS 0x000000074d000000, 0x000000074d000000| Untracked 
| 105|0x000000074d200000, 0x000000074d200000, 0x000000074d400000|  0%| F|  |TAMS 0x000000074d200000, 0x000000074d200000| Untracked 
| 106|0x000000074d400000, 0x000000074d400000, 0x000000074d600000|  0%| F|  |TAMS 0x000000074d400000, 0x000000074d400000| Untracked 
| 107|0x000000074d600000, 0x000000074d600000, 0x000000074d800000|  0%| F|  |TAMS 0x000000074d600000, 0x000000074d600000| Untracked 
| 108|0x000000074d800000, 0x000000074d800000, 0x000000074da00000|  0%| F|  |TAMS 0x000000074d800000, 0x000000074d800000| Untracked 
| 109|0x000000074da00000, 0x000000074da00000, 0x000000074dc00000|  0%| F|  |TAMS 0x000000074da00000, 0x000000074da00000| Untracked 
| 110|0x000000074dc00000, 0x000000074dc00000, 0x000000074de00000|  0%| F|  |TAMS 0x000000074dc00000, 0x000000074dc00000| Untracked 
| 111|0x000000074de00000, 0x000000074de00000, 0x000000074e000000|  0%| F|  |TAMS 0x000000074de00000, 0x000000074de00000| Untracked 
| 112|0x000000074e000000, 0x000000074e000000, 0x000000074e200000|  0%| F|  |TAMS 0x000000074e000000, 0x000000074e000000| Untracked 
| 113|0x000000074e200000, 0x000000074e200000, 0x000000074e400000|  0%| F|  |TAMS 0x000000074e200000, 0x000000074e200000| Untracked 
| 114|0x000000074e400000, 0x000000074e400000, 0x000000074e600000|  0%| F|  |TAMS 0x000000074e400000, 0x000000074e400000| Untracked 
| 115|0x000000074e600000, 0x000000074e600000, 0x000000074e800000|  0%| F|  |TAMS 0x000000074e600000, 0x000000074e600000| Untracked 
| 116|0x000000074e800000, 0x000000074e800000, 0x000000074ea00000|  0%| F|  |TAMS 0x000000074e800000, 0x000000074e800000| Untracked 
| 117|0x000000074ea00000, 0x000000074ea00000, 0x000000074ec00000|  0%| F|  |TAMS 0x000000074ea00000, 0x000000074ea00000| Untracked 
| 118|0x000000074ec00000, 0x000000074ec00000, 0x000000074ee00000|  0%| F|  |TAMS 0x000000074ec00000, 0x000000074ec00000| Untracked 
| 119|0x000000074ee00000, 0x000000074ee00000, 0x000000074f000000|  0%| F|  |TAMS 0x000000074ee00000, 0x000000074ee00000| Untracked 
| 120|0x000000074f000000, 0x000000074f000000, 0x000000074f200000|  0%| F|  |TAMS 0x000000074f000000, 0x000000074f000000| Untracked 
| 121|0x000000074f200000, 0x000000074f200000, 0x000000074f400000|  0%| F|  |TAMS 0x000000074f200000, 0x000000074f200000| Untracked 
| 122|0x000000074f400000, 0x000000074f58eda0, 0x000000074f600000| 77%| S|CS|TAMS 0x000000074f400000, 0x000000074f400000| Complete 
| 123|0x000000074f600000, 0x000000074f800000, 0x000000074f800000|100%| S|CS|TAMS 0x000000074f600000, 0x000000074f600000| Complete 
| 124|0x000000074f800000, 0x000000074f800000, 0x000000074fa00000|  0%| F|  |TAMS 0x000000074f800000, 0x000000074f800000| Untracked 
| 125|0x000000074fa00000, 0x000000074fa00000, 0x000000074fc00000|  0%| F|  |TAMS 0x000000074fa00000, 0x000000074fa00000| Untracked 
| 126|0x000000074fc00000, 0x000000074fc00000, 0x000000074fe00000|  0%| F|  |TAMS 0x000000074fc00000, 0x000000074fc00000| Untracked 

Card table byte_map: [0x0000027d42cc0000,0x0000027d432c0000] _byte_map_base: 0x0000027d3f2c0000

Marking Bits (Prev, Next): (CMBitMap*) 0x0000027d2b8d7740, (CMBitMap*) 0x0000027d2b8d7700
 Prev Bits: [0x0000027d468c0000, 0x0000027d498c0000)
 Next Bits: [0x0000027d438c0000, 0x0000027d468c0000)

Polling page: 0x0000027d298a0000

Metaspace:

Usage:
  Non-class:     49.50 MB used.
      Class:      7.83 MB used.
       Both:     57.33 MB used.

Virtual space:
  Non-class space:       56.00 MB reserved,      49.88 MB ( 89%) committed,  7 nodes.
      Class space:        1.00 GB reserved,       8.06 MB ( <1%) committed,  1 nodes.
             Both:        1.05 GB reserved,      57.94 MB (  5%) committed. 

Chunk freelists:
   Non-Class:  1.73 MB
       Class:  3.82 MB
        Both:  5.55 MB

MaxMetaspaceSize: unlimited
CompressedClassSpaceSize: 1.00 GB
Initial GC threshold: 21.00 MB
Current GC threshold: 95.88 MB
CDS: on
MetaspaceReclaimPolicy: balanced
 - commit_granule_bytes: 65536.
 - commit_granule_words: 8192.
 - virtual_space_node_default_size: 1048576.
 - enlarge_chunks_in_place: 1.
 - new_chunks_are_fully_committed: 0.
 - uncommit_free_chunks: 1.
 - use_allocation_guard: 0.
 - handle_deallocations: 1.


Internal statistics:

num_allocs_failed_limit: 0.
num_arena_births: 670.
num_arena_deaths: 0.
num_vsnodes_births: 8.
num_vsnodes_deaths: 0.
num_space_committed: 927.
num_space_uncommitted: 0.
num_chunks_returned_to_freelist: 0.
num_chunks_taken_from_freelist: 2820.
num_chunk_merges: 0.
num_chunk_splits: 1802.
num_chunks_enlarged: 1130.
num_purges: 0.
num_inconsistent_stats: 0.

CodeHeap 'non-profiled nmethods': size=120000Kb used=3465Kb max_used=3467Kb free=116534Kb
 bounds [0x0000027d3ae60000, 0x0000027d3b1d0000, 0x0000027d42390000]
CodeHeap 'profiled nmethods': size=120000Kb used=13186Kb max_used=13186Kb free=106813Kb
 bounds [0x0000027d33930000, 0x0000027d34620000, 0x0000027d3ae60000]
CodeHeap 'non-nmethods': size=5760Kb used=2367Kb max_used=2419Kb free=3392Kb
 bounds [0x0000027d33390000, 0x0000027d33600000, 0x0000027d33930000]
 total_blobs=7362 nmethods=6470 adapters=803
 compilation: enabled
              stopped_count=0, restarted_count=0
 full_count=0

Compilation events (20 events):
Event: 17.011 Thread 0x0000027d4c2a2e80 nmethod 7315 0x0000027d3460ca10 code [0x0000027d3460cba0, 0x0000027d3460ccf8]
Event: 17.011 Thread 0x0000027d4c2a2e80 7283       3       com.sun.org.apache.xerces.internal.dom.DeferredDocumentImpl::getLastChild (49 bytes)
Event: 17.012 Thread 0x0000027d4c29eee0 7318       4       jdk.internal.reflect.UnsafeObjectFieldAccessorImpl::set (56 bytes)
Event: 17.012 Thread 0x0000027d4c2a2e80 nmethod 7283 0x0000027d3460cd90 code [0x0000027d3460cf60, 0x0000027d3460d288]
Event: 17.012 Thread 0x0000027d4c2a2e80 7279       1       com.sun.org.apache.xerces.internal.utils.XMLLimitAnalyzer::startEntity (6 bytes)
Event: 17.012 Thread 0x0000027d4c2a2e80 nmethod 7279 0x0000027d3b1c1f90 code [0x0000027d3b1c2120, 0x0000027d3b1c2238]
Event: 17.012 Thread 0x0000027d4c2a2e80 7317       1       net.minecraftforge.artifactural.base.artifact.SimpleArtifactIdentifier::getClassifier (5 bytes)
Event: 17.012 Thread 0x0000027d4c2a2e80 nmethod 7317 0x0000027d3b1c2290 code [0x0000027d3b1c2420, 0x0000027d3b1c24f8]
Event: 17.016 Thread 0x0000027d4c29eee0 nmethod 7318 0x0000027d3b1c2590 code [0x0000027d3b1c2720, 0x0000027d3b1c2a38]
Event: 17.016 Thread 0x0000027d4c29eee0 7325   !   4       java.net.URL::<init> (543 bytes)
Event: 17.018 Thread 0x0000027d4c2a2e80 7326       3       com.google.gson.internal.bind.JsonTreeReader::hasNext (25 bytes)
Event: 17.018 Thread 0x0000027d4c2a2e80 nmethod 7326 0x0000027d3460d410 code [0x0000027d3460d5c0, 0x0000027d3460d7a8]
Event: 17.018 Thread 0x0000027d4c2a2e80 7327   !   3       com.google.gson.internal.LinkedTreeMap::findByObject (18 bytes)
Event: 17.018 Thread 0x0000027d4c2a2e80 nmethod 7327 0x0000027d3460d890 code [0x0000027d3460da40, 0x0000027d3460dc48]
Event: 17.018 Thread 0x0000027d4c2a2e80 7328       3       com.google.gson.stream.JsonReader::beginArray (82 bytes)
Event: 17.019 Thread 0x0000027d4c2a2e80 nmethod 7328 0x0000027d3460dd10 code [0x0000027d3460dfa0, 0x0000027d3460eb48]
Event: 17.020 Thread 0x0000027d4c2a2e80 7329   !   3       jdk.internal.reflect.GeneratedConstructorAccessor41::newInstance (49 bytes)
Event: 17.020 Thread 0x0000027d4c2a2e80 nmethod 7329 0x0000027d3460ef10 code [0x0000027d3460f100, 0x0000027d3460f568]
Event: 17.020 Thread 0x0000027d4c2a2e80 7330       3       jdk.internal.reflect.UnsafeIntegerFieldAccessorImpl::set (136 bytes)
Event: 17.022 Thread 0x0000027d4c2a2e80 nmethod 7330 0x0000027d3460f790 code [0x0000027d3460fac0, 0x0000027d34611528]

GC Heap History (20 events):
Event: 14.646 GC heap after
{Heap after GC invocations=33 (full 0):
 garbage-first heap   total 215040K, used 115835K [0x0000000740000000, 0x0000000800000000)
  region size 2048K, 1 young (2048K), 1 survivors (2048K)
 Metaspace       used 55268K, committed 55872K, reserved 1097728K
  class space    used 7593K, committed 7872K, reserved 1048576K
}
Event: 14.731 GC heap before
{Heap before GC invocations=34 (full 0):
 garbage-first heap   total 215040K, used 119931K [0x0000000740000000, 0x0000000800000000)
  region size 2048K, 2 young (4096K), 1 survivors (2048K)
 Metaspace       used 55396K, committed 56000K, reserved 1097728K
  class space    used 7605K, committed 7872K, reserved 1048576K
}
Event: 14.733 GC heap after
{Heap after GC invocations=35 (full 0):
 garbage-first heap   total 215040K, used 115780K [0x0000000740000000, 0x0000000800000000)
  region size 2048K, 1 young (2048K), 1 survivors (2048K)
 Metaspace       used 55396K, committed 56000K, reserved 1097728K
  class space    used 7605K, committed 7872K, reserved 1048576K
}
Event: 14.833 GC heap before
{Heap before GC invocations=36 (full 0):
 garbage-first heap   total 215040K, used 123972K [0x0000000740000000, 0x0000000800000000)
  region size 2048K, 2 young (4096K), 1 survivors (2048K)
 Metaspace       used 55414K, committed 56000K, reserved 1097728K
  class space    used 7606K, committed 7872K, reserved 1048576K
}
Event: 14.835 GC heap after
{Heap after GC invocations=37 (full 0):
 garbage-first heap   total 215040K, used 115753K [0x0000000740000000, 0x0000000800000000)
  region size 2048K, 1 young (2048K), 1 survivors (2048K)
 Metaspace       used 55414K, committed 56000K, reserved 1097728K
  class space    used 7606K, committed 7872K, reserved 1048576K
}
Event: 16.004 GC heap before
{Heap before GC invocations=38 (full 0):
 garbage-first heap   total 215040K, used 140329K [0x0000000740000000, 0x0000000800000000)
  region size 2048K, 13 young (26624K), 1 survivors (2048K)
 Metaspace       used 57059K, committed 57664K, reserved 1105920K
  class space    used 7859K, committed 8128K, reserved 1048576K
}
Event: 16.009 GC heap after
{Heap after GC invocations=39 (full 0):
 garbage-first heap   total 215040K, used 117469K [0x0000000740000000, 0x0000000800000000)
  region size 2048K, 2 young (4096K), 2 survivors (4096K)
 Metaspace       used 57059K, committed 57664K, reserved 1105920K
  class space    used 7859K, committed 8128K, reserved 1048576K
}
Event: 16.225 GC heap before
{Heap before GC invocations=40 (full 0):
 garbage-first heap   total 215040K, used 125661K [0x0000000740000000, 0x0000000800000000)
  region size 2048K, 5 young (10240K), 2 survivors (4096K)
 Metaspace       used 57985K, committed 58560K, reserved 1105920K
  class space    used 7944K, committed 8192K, reserved 1048576K
}
Event: 16.228 GC heap after
{Heap after GC invocations=41 (full 0):
 garbage-first heap   total 215040K, used 117796K [0x0000000740000000, 0x0000000800000000)
  region size 2048K, 2 young (4096K), 2 survivors (4096K)
 Metaspace       used 57985K, committed 58560K, reserved 1105920K
  class space    used 7944K, committed 8192K, reserved 1048576K
}
Event: 16.709 GC heap before
{Heap before GC invocations=42 (full 0):
 garbage-first heap   total 239616K, used 148516K [0x0000000740000000, 0x0000000800000000)
  region size 2048K, 8 young (16384K), 2 survivors (4096K)
 Metaspace       used 58272K, committed 58880K, reserved 1105920K
  class space    used 7960K, committed 8192K, reserved 1048576K
}
Event: 16.714 GC heap after
{Heap after GC invocations=43 (full 0):
 garbage-first heap   total 239616K, used 118507K [0x0000000740000000, 0x0000000800000000)
  region size 2048K, 2 young (4096K), 2 survivors (4096K)
 Metaspace       used 58272K, committed 58880K, reserved 1105920K
  class space    used 7960K, committed 8192K, reserved 1048576K
}
Event: 16.819 GC heap before
{Heap before GC invocations=44 (full 0):
 garbage-first heap   total 260096K, used 153323K [0x0000000740000000, 0x0000000800000000)
  region size 2048K, 9 young (18432K), 2 survivors (4096K)
 Metaspace       used 58305K, committed 58880K, reserved 1105920K
  class space    used 7960K, committed 8192K, reserved 1048576K
}
Event: 16.823 GC heap after
{Heap after GC invocations=45 (full 0):
 garbage-first heap   total 260096K, used 118481K [0x0000000740000000, 0x0000000800000000)
  region size 2048K, 2 young (4096K), 2 survivors (4096K)
 Metaspace       used 58305K, committed 58880K, reserved 1105920K
  class space    used 7960K, committed 8192K, reserved 1048576K
}
Event: 16.859 GC heap before
{Heap before GC invocations=45 (full 0):
 garbage-first heap   total 260096K, used 138961K [0x0000000740000000, 0x0000000800000000)
  region size 2048K, 3 young (6144K), 2 survivors (4096K)
 Metaspace       used 58305K, committed 58880K, reserved 1105920K
  class space    used 7960K, committed 8192K, reserved 1048576K
}
Event: 16.862 GC heap after
{Heap after GC invocations=46 (full 0):
 garbage-first heap   total 260096K, used 118544K [0x0000000740000000, 0x0000000800000000)
  region size 2048K, 2 young (4096K), 2 survivors (4096K)
 Metaspace       used 58305K, committed 58880K, reserved 1105920K
  class space    used 7960K, committed 8192K, reserved 1048576K
}
Event: 16.970 GC heap before
{Heap before GC invocations=46 (full 0):
 garbage-first heap   total 260096K, used 128784K [0x0000000740000000, 0x0000000800000000)
  region size 2048K, 5 young (10240K), 2 survivors (4096K)
 Metaspace       used 58683K, committed 59264K, reserved 1105920K
  class space    used 8018K, committed 8256K, reserved 1048576K
}
Event: 16.975 GC heap after
{Heap after GC invocations=47 (full 0):
 garbage-first heap   total 260096K, used 118844K [0x0000000740000000, 0x0000000800000000)
  region size 2048K, 2 young (4096K), 2 survivors (4096K)
 Metaspace       used 58683K, committed 59264K, reserved 1105920K
  class space    used 8018K, committed 8256K, reserved 1048576K
}
Event: 16.980 GC heap before
{Heap before GC invocations=47 (full 0):
 garbage-first heap   total 260096K, used 120892K [0x0000000740000000, 0x0000000800000000)
  region size 2048K, 3 young (6144K), 2 survivors (4096K)
 Metaspace       used 58683K, committed 59264K, reserved 1105920K
  class space    used 8018K, committed 8256K, reserved 1048576K
}
Event: 16.984 GC heap after
{Heap after GC invocations=48 (full 0):
 garbage-first heap   total 260096K, used 119029K [0x0000000740000000, 0x0000000800000000)
  region size 2048K, 2 young (4096K), 2 survivors (4096K)
 Metaspace       used 58683K, committed 59264K, reserved 1105920K
  class space    used 8018K, committed 8256K, reserved 1048576K
}
Event: 17.022 GC heap before
{Heap before GC invocations=48 (full 0):
 garbage-first heap   total 260096K, used 123125K [0x0000000740000000, 0x0000000800000000)
  region size 2048K, 3 young (6144K), 2 survivors (4096K)
 Metaspace       used 58709K, committed 59328K, reserved 1105920K
  class space    used 8018K, committed 8256K, reserved 1048576K
}

Deoptimization events (20 events):
Event: 16.687 Thread 0x0000027d503e3e70 DEOPT PACKING pc=0x0000027d3b192750 sp=0x000000f3961fd150
Event: 16.687 Thread 0x0000027d503e3e70 DEOPT UNPACKING pc=0x0000027d333e23a3 sp=0x000000f3961fd080 mode 2
Event: 16.690 Thread 0x0000027d50d326c0 DEOPT PACKING pc=0x0000027d33ca5a74 sp=0x000000f3965fda00
Event: 16.690 Thread 0x0000027d50d326c0 DEOPT UNPACKING pc=0x0000027d333e2b43 sp=0x000000f3965fcf80 mode 0
Event: 16.727 Thread 0x0000027d50d33a00 DEOPT PACKING pc=0x0000027d33ca5a74 sp=0x000000f3966fd640
Event: 16.727 Thread 0x0000027d50d33a00 DEOPT UNPACKING pc=0x0000027d333e2b43 sp=0x000000f3966fcbc0 mode 0
Event: 16.767 Thread 0x0000027d5169c2e0 DEOPT PACKING pc=0x0000027d33ca5a74 sp=0x000000f3944fcf00
Event: 16.767 Thread 0x0000027d5169c2e0 DEOPT UNPACKING pc=0x0000027d333e2b43 sp=0x000000f3944fc480 mode 0
Event: 16.803 Thread 0x0000027d503e3e70 DEOPT PACKING pc=0x0000027d33db50d3 sp=0x000000f3961fcd70
Event: 16.803 Thread 0x0000027d503e3e70 DEOPT UNPACKING pc=0x0000027d333e2b43 sp=0x000000f3961fc220 mode 0
Event: 16.920 Thread 0x0000027d4e7df9c0 DEOPT PACKING pc=0x0000027d33fb8216 sp=0x000000f3912f9020
Event: 16.920 Thread 0x0000027d4e7df9c0 DEOPT UNPACKING pc=0x0000027d333e2b43 sp=0x000000f3912f84f8 mode 0
Event: 16.930 Thread 0x0000027d4e7df9c0 Uncommon trap: trap_request=0xffffff45 fr.pc=0x0000027d3b108598 relative=0x0000000000000118
Event: 16.930 Thread 0x0000027d4e7df9c0 Uncommon trap: reason=unstable_if action=reinterpret pc=0x0000027d3b108598 method=jdk.internal.org.objectweb.asm.ByteVector.putInt(I)Ljdk/internal/org/objectweb/asm/ByteVector; @ 13 c2
Event: 16.930 Thread 0x0000027d4e7df9c0 DEOPT PACKING pc=0x0000027d3b108598 sp=0x000000f3912f7c90
Event: 16.930 Thread 0x0000027d4e7df9c0 DEOPT UNPACKING pc=0x0000027d333e23a3 sp=0x000000f3912f7c28 mode 2
Event: 16.969 Thread 0x0000027d4e7df9c0 Uncommon trap: trap_request=0xffffffde fr.pc=0x0000027d3aee0cf8 relative=0x0000000000002fb8
Event: 16.969 Thread 0x0000027d4e7df9c0 Uncommon trap: reason=class_check action=maybe_recompile pc=0x0000027d3aee0cf8 method=java.util.regex.Matcher.search(I)Z @ 121 c2
Event: 16.969 Thread 0x0000027d4e7df9c0 DEOPT PACKING pc=0x0000027d3aee0cf8 sp=0x000000f3912f67c0
Event: 16.969 Thread 0x0000027d4e7df9c0 DEOPT UNPACKING pc=0x0000027d333e23a3 sp=0x000000f3912f66f8 mode 2

Classes unloaded (0 events):
No events

Classes redefined (0 events):
No events

Internal exceptions (20 events):
Event: 15.020 Thread 0x0000027d4e7df9c0 Exception <a 'java/lang/ClassNotFoundException'{0x000000074c81f4d0}: org/gradle/api/tasks/compile/CompileOptions_DecoratedCustomizer> (0x000000074c81f4d0) 
thrown [s\src\hotspot\share\classfile\systemDictionary.cpp, line 256]
Event: 15.034 Thread 0x0000027d52abe3c0 Implicit null exception at 0x0000027d3b0da85d to 0x0000027d3b0da9d8
Event: 15.044 Thread 0x0000027d52abc6e0 Implicit null exception at 0x0000027d3b0213ce to 0x0000027d3b0213f4
Event: 15.137 Thread 0x0000027d52abf230 Exception <a 'java/lang/NoSuchMethodError'{0x000000074c7818d8}: 'void java.lang.invoke.DirectMethodHandle$Holder.invokeStatic(java.lang.Object, long)'> (0x000000074c7818d8) 
thrown [s\src\hotspot\share\interpreter\linkResolver.cpp, line 759]
Event: 15.138 Thread 0x0000027d52abf230 Exception <a 'java/lang/NoSuchMethodError'{0x000000074c786c80}: 'java.lang.Object java.lang.invoke.DirectMethodHandle$Holder.newInvokeSpecial(java.lang.Object, long)'> (0x000000074c786c80) 
thrown [s\src\hotspot\share\interpreter\linkResolver.cpp, line 759]
Event: 15.140 Thread 0x0000027d52abf230 Exception <a 'java/lang/NoSuchMethodError'{0x000000074c78d838}: 'java.lang.Object java.lang.invoke.DirectMethodHandle$Holder.invokeStatic(java.lang.Object, java.lang.Object, long, java.lang.Object)'> (0x000000074c78d838) 
thrown [s\src\hotspot\share\interpreter\linkResolver.cpp, line 759]
Event: 15.141 Thread 0x0000027d52abf230 Exception <a 'java/lang/NoSuchMethodError'{0x000000074c7912d0}: 'java.lang.Object java.lang.invoke.DirectMethodHandle$Holder.invokeStaticInit(java.lang.Object, java.lang.Object, long, java.lang.Object)'> (0x000000074c7912d0) 
thrown [s\src\hotspot\share\interpreter\linkResolver.cpp, line 759]
Event: 15.143 Thread 0x0000027d52abf230 Exception <a 'java/lang/NoSuchMethodError'{0x000000074c7978e0}: 'java.lang.Object java.lang.invoke.DirectMethodHandle$Holder.newInvokeSpecial(java.lang.Object, java.lang.Object, long)'> (0x000000074c7978e0) 
thrown [s\src\hotspot\share\interpreter\linkResolver.cpp, line 759]
Event: 15.143 Thread 0x0000027d52abf230 Exception <a 'java/lang/NoSuchMethodError'{0x000000074c79b450}: 'java.lang.Object java.lang.invoke.Invokers$Holder.linkToTargetMethod(java.lang.Object, long, java.lang.Object)'> (0x000000074c79b450) 
thrown [s\src\hotspot\share\interpreter\linkResolver.cpp, line 759]
Event: 15.404 Thread 0x0000027d52abf230 Exception <a 'java/io/IOException'{0x000000074c7b7e60}: CreateProcess error=2, Het systeem kan het opgegeven bestand niet vinden> (0x000000074c7b7e60) 
thrown [s\src\hotspot\share\prims\jni.cpp, line 535]
Event: 15.997 Thread 0x0000027d4e7df9c0 Implicit null exception at 0x0000027d3ae82172 to 0x0000027d3ae8276c
Event: 16.002 Thread 0x0000027d4e7df9c0 Implicit null exception at 0x0000027d3aea3772 to 0x0000027d3aea3d50
Event: 16.906 Thread 0x0000027d4e7df9c0 Exception <a 'java/lang/ClassNotFoundException'{0x000000074fdb6540}: net/minecraftforge/gradle/userdev/tasks/RenameJarInPlace_DecoratedBeanInfo> (0x000000074fdb6540) 
thrown [s\src\hotspot\share\classfile\systemDictionary.cpp, line 256]
Event: 16.907 Thread 0x0000027d4e7df9c0 Exception <a 'java/lang/ClassNotFoundException'{0x000000074fdc2328}: net/minecraftforge/gradle/userdev/tasks/RenameJarInPlaceBeanInfo> (0x000000074fdc2328) 
thrown [s\src\hotspot\share\classfile\systemDictionary.cpp, line 256]
Event: 16.907 Thread 0x0000027d4e7df9c0 Exception <a 'java/lang/ClassNotFoundException'{0x000000074fdce2e0}: net/minecraftforge/gradle/common/tasks/JarExecBeanInfo> (0x000000074fdce2e0) 
thrown [s\src\hotspot\share\classfile\systemDictionary.cpp, line 256]
Event: 16.908 Thread 0x0000027d4e7df9c0 Exception <a 'java/lang/ClassNotFoundException'{0x000000074fdda530}: net/minecraftforge/gradle/common/tasks/JarExecCustomizer> (0x000000074fdda530) 
thrown [s\src\hotspot\share\classfile\systemDictionary.cpp, line 256]
Event: 16.909 Thread 0x0000027d4e7df9c0 Exception <a 'java/lang/ClassNotFoundException'{0x000000074fa04550}: net/minecraftforge/gradle/userdev/tasks/RenameJarInPlaceCustomizer> (0x000000074fa04550) 
thrown [s\src\hotspot\share\classfile\systemDictionary.cpp, line 256]
Event: 16.911 Thread 0x0000027d4e7df9c0 Exception <a 'java/lang/ClassNotFoundException'{0x000000074fa25878}: net/minecraftforge/gradle/userdev/tasks/RenameJarInPlace_DecoratedCustomizer> (0x000000074fa25878) 
thrown [s\src\hotspot\share\classfile\systemDictionary.cpp, line 256]
Event: 16.925 Thread 0x0000027d4e7df9c0 Exception <a 'java/lang/NoSuchMethodError'{0x000000074fafec10}: 'void java.lang.invoke.DirectMethodHandle$Holder.invokeVirtual(java.lang.Object, java.lang.Object)'> (0x000000074fafec10) 
thrown [s\src\hotspot\share\interpreter\linkResolver.cpp, line 759]
Event: 16.929 Thread 0x0000027d4e7df9c0 Exception <a 'java/lang/NoSuchMethodError'{0x000000074fb12418}: 'void java.lang.invoke.DirectMethodHandle$Holder.invokeStatic(java.lang.Object, java.lang.Object, java.lang.Object, java.lang.Object, java.lang.Object, java.lang.Object, java.lang.Object)'> (0x000000074fb12418) 
thrown [s\src\hotspot\share\interpreter\linkResolver.cpp, line 759]

VM Operations (20 events):
Event: 16.583 Executing VM operation: HandshakeAllThreads done
Event: 16.709 Executing VM operation: G1TryInitiateConcMark
Event: 16.715 Executing VM operation: G1TryInitiateConcMark done
Event: 16.784 Executing VM operation: G1Concurrent
Event: 16.789 Executing VM operation: G1Concurrent done
Event: 16.814 Executing VM operation: G1Concurrent
Event: 16.814 Executing VM operation: G1Concurrent done
Event: 16.819 Executing VM operation: G1TryInitiateConcMark
Event: 16.823 Executing VM operation: G1TryInitiateConcMark done
Event: 16.859 Executing VM operation: G1TryInitiateConcMark
Event: 16.862 Executing VM operation: G1TryInitiateConcMark done
Event: 16.927 Executing VM operation: HandshakeAllThreads
Event: 16.927 Executing VM operation: HandshakeAllThreads done
Event: 16.970 Executing VM operation: G1TryInitiateConcMark
Event: 16.975 Executing VM operation: G1TryInitiateConcMark done
Event: 16.980 Executing VM operation: G1TryInitiateConcMark
Event: 16.984 Executing VM operation: G1TryInitiateConcMark done
Event: 17.016 Executing VM operation: HandshakeAllThreads
Event: 17.016 Executing VM operation: HandshakeAllThreads done
Event: 17.022 Executing VM operation: G1TryInitiateConcMark

Events (20 events):
Event: 16.699 Thread 0x0000027d50df5140 Thread added: 0x0000027d50df5140
Event: 16.699 Thread 0x0000027d50df42d0 Thread added: 0x0000027d50df42d0
Event: 16.700 Thread 0x0000027d50df3930 Thread added: 0x0000027d50df3930
Event: 16.700 Thread 0x0000027d50df3e00 Thread added: 0x0000027d50df3e00
Event: 16.703 Thread 0x0000027d50ec5170 Thread added: 0x0000027d50ec5170
Event: 16.706 Thread 0x0000027d52c993a0 Thread added: 0x0000027d52c993a0
Event: 16.706 Thread 0x0000027d52c99870 Thread added: 0x0000027d52c99870
Event: 16.707 Thread 0x0000027d50ec4ca0 Thread added: 0x0000027d50ec4ca0
Event: 16.707 Thread 0x0000027d50ec5fe0 Thread added: 0x0000027d50ec5fe0
Event: 16.707 Thread 0x0000027d50ec3490 Thread added: 0x0000027d50ec3490
Event: 16.708 Thread 0x0000027d50ec4300 Thread added: 0x0000027d50ec4300
Event: 16.708 Thread 0x0000027d50ec2fc0 Thread added: 0x0000027d50ec2fc0
Event: 16.708 Thread 0x0000027d50ec5b10 Thread added: 0x0000027d50ec5b10
Event: 16.719 Thread 0x0000027d4d1aad70 Thread added: 0x0000027d4d1aad70
Event: 16.729 Thread 0x0000027d52c98530 Thread added: 0x0000027d52c98530
Event: 16.729 Thread 0x0000027d52c98060 Thread added: 0x0000027d52c98060
Event: 16.960 loading class java/lang/StackTraceElement$HashedModules
Event: 16.961 loading class java/lang/StackTraceElement$HashedModules done
Event: 17.018 Thread 0x0000027d4c2acba0 flushing nmethod 0x0000027d3b11d890
Event: 17.019 Thread 0x0000027d4c2acba0 flushing nmethod 0x0000027d339a7890


Dynamic libraries:
0x00007ff777a30000 - 0x00007ff777a3d000 	C:\Users\jaspe\.jdks\corretto-17.0.4\bin\java.exe
0x00007ffc951e0000 - 0x00007ffc953e9000 	C:\WINDOWS\SYSTEM32\ntdll.dll
0x00007ffc93160000 - 0x00007ffc9321d000 	C:\WINDOWS\System32\KERNEL32.DLL
0x00007ffc927e0000 - 0x00007ffc92b5d000 	C:\WINDOWS\System32\KERNELBASE.dll
0x00007ffc92da0000 - 0x00007ffc92eb1000 	C:\WINDOWS\System32\ucrtbase.dll
0x00007ffc694c0000 - 0x00007ffc694d8000 	C:\Users\jaspe\.jdks\corretto-17.0.4\bin\jli.dll
0x00007ffc6cb20000 - 0x00007ffc6cb35000 	C:\Users\jaspe\.jdks\corretto-17.0.4\bin\VCRUNTIME140.dll
0x00007ffc94d30000 - 0x00007ffc94edd000 	C:\WINDOWS\System32\USER32.dll
0x00007ffc92b60000 - 0x00007ffc92b86000 	C:\WINDOWS\System32\win32u.dll
0x00007ffc7c1b0000 - 0x00007ffc7c455000 	C:\WINDOWS\WinSxS\amd64_microsoft.windows.common-controls_6595b64144ccf1df_6.0.22000.120_none_9d947278b86cc467\COMCTL32.dll
0x00007ffc94d00000 - 0x00007ffc94d29000 	C:\WINDOWS\System32\GDI32.dll
0x00007ffc94530000 - 0x00007ffc945d3000 	C:\WINDOWS\System32\msvcrt.dll
0x00007ffc926c0000 - 0x00007ffc927d8000 	C:\WINDOWS\System32\gdi32full.dll
0x00007ffc92b90000 - 0x00007ffc92c2d000 	C:\WINDOWS\System32\msvcp_win.dll
0x00007ffc944f0000 - 0x00007ffc94521000 	C:\WINDOWS\System32\IMM32.DLL
0x00007ffc254b0000 - 0x00007ffc2554b000 	C:\Users\jaspe\.jdks\corretto-17.0.4\bin\msvcp140.dll
0x00007ffbd3d80000 - 0x00007ffbd4994000 	C:\Users\jaspe\.jdks\corretto-17.0.4\bin\server\jvm.dll
0x00007ffc95000000 - 0x00007ffc950ae000 	C:\WINDOWS\System32\ADVAPI32.dll
0x00007ffc94360000 - 0x00007ffc943fe000 	C:\WINDOWS\System32\sechost.dll
0x00007ffc94240000 - 0x00007ffc94360000 	C:\WINDOWS\System32\RPCRT4.dll
0x00007ffc933c0000 - 0x00007ffc933c8000 	C:\WINDOWS\System32\PSAPI.DLL
0x00007ffc89d20000 - 0x00007ffc89d2a000 	C:\WINDOWS\SYSTEM32\VERSION.dll
0x00007ffc7e820000 - 0x00007ffc7e829000 	C:\WINDOWS\SYSTEM32\WSOCK32.dll
0x00007ffc8b290000 - 0x00007ffc8b2c3000 	C:\WINDOWS\SYSTEM32\WINMM.dll
0x00007ffc93a10000 - 0x00007ffc93a7f000 	C:\WINDOWS\System32\WS2_32.dll
0x00007ffc91830000 - 0x00007ffc91848000 	C:\WINDOWS\SYSTEM32\kernel.appcore.dll
0x00007ffc84230000 - 0x00007ffc8423a000 	C:\Users\jaspe\.jdks\corretto-17.0.4\bin\jimage.dll
0x00007ffc90240000 - 0x00007ffc90461000 	C:\WINDOWS\SYSTEM32\DBGHELP.DLL
0x00007ffc77fe0000 - 0x00007ffc78011000 	C:\WINDOWS\SYSTEM32\dbgcore.DLL
0x00007ffc92ec0000 - 0x00007ffc92f3f000 	C:\WINDOWS\System32\bcryptPrimitives.dll
0x00007ffc64fa0000 - 0x00007ffc64fc5000 	C:\Users\jaspe\.jdks\corretto-17.0.4\bin\java.dll
0x00007ffc04450000 - 0x00007ffc04526000 	C:\Users\jaspe\.jdks\corretto-17.0.4\bin\jsvml.dll
0x00007ffc93a80000 - 0x00007ffc94238000 	C:\WINDOWS\System32\SHELL32.dll
0x00007ffc907f0000 - 0x00007ffc91058000 	C:\WINDOWS\SYSTEM32\windows.storage.dll
0x00007ffc933d0000 - 0x00007ffc93749000 	C:\WINDOWS\System32\combase.dll
0x00007ffc90680000 - 0x00007ffc907e6000 	C:\WINDOWS\SYSTEM32\wintypes.dll
0x00007ffc94c10000 - 0x00007ffc94cfa000 	C:\WINDOWS\System32\SHCORE.dll
0x00007ffc93080000 - 0x00007ffc930dd000 	C:\WINDOWS\System32\shlwapi.dll
0x00007ffc925f0000 - 0x00007ffc92611000 	C:\WINDOWS\SYSTEM32\profapi.dll
0x00007ffc66030000 - 0x00007ffc66049000 	C:\Users\jaspe\.jdks\corretto-17.0.4\bin\net.dll
0x00007ffc8cc70000 - 0x00007ffc8cd7c000 	C:\WINDOWS\SYSTEM32\WINHTTP.dll
0x00007ffc91c60000 - 0x00007ffc91cc7000 	C:\WINDOWS\system32\mswsock.dll
0x00007ffc64f80000 - 0x00007ffc64f95000 	C:\Users\jaspe\.jdks\corretto-17.0.4\bin\nio.dll
0x00007ffc64f10000 - 0x00007ffc64f28000 	C:\Users\jaspe\.jdks\corretto-17.0.4\bin\zip.dll
0x00007ffc7e830000 - 0x00007ffc7e840000 	C:\Users\jaspe\.jdks\corretto-17.0.4\bin\verify.dll
0x00007ffc7e840000 - 0x00007ffc7e867000 	C:\Users\jaspe\.gradle\native\e1d6ef7f7dcc3fd88c89a11ec53ec762bb8ba0a96d01ffa2cd45eb1d1d8dd5c5\windows-amd64\native-platform.dll
0x00007ffc4b620000 - 0x00007ffc4b764000 	C:\Users\jaspe\.gradle\native\0d407fdbe67a94daf76414ababcb853783967236a71b16ec16e742cd7a986fd3\windows-amd64\native-platform-file-events.dll
0x00007ffc8f140000 - 0x00007ffc8f149000 	C:\Users\jaspe\.jdks\corretto-17.0.4\bin\management.dll
0x00007ffc8dfe0000 - 0x00007ffc8dfeb000 	C:\Users\jaspe\.jdks\corretto-17.0.4\bin\management_ext.dll
0x00007ffc91eb0000 - 0x00007ffc91ec8000 	C:\WINDOWS\SYSTEM32\CRYPTSP.dll
0x00007ffc91720000 - 0x00007ffc91755000 	C:\WINDOWS\system32\rsaenh.dll
0x00007ffc91d50000 - 0x00007ffc91d79000 	C:\WINDOWS\SYSTEM32\USERENV.dll
0x00007ffc920a0000 - 0x00007ffc920c7000 	C:\WINDOWS\SYSTEM32\bcrypt.dll
0x00007ffc91ed0000 - 0x00007ffc91edc000 	C:\WINDOWS\SYSTEM32\CRYPTBASE.dll
0x00007ffc912f0000 - 0x00007ffc9131d000 	C:\WINDOWS\SYSTEM32\IPHLPAPI.DLL
0x00007ffc94400000 - 0x00007ffc94409000 	C:\WINDOWS\System32\NSI.dll
0x00007ffc8ce50000 - 0x00007ffc8ce69000 	C:\WINDOWS\SYSTEM32\dhcpcsvc6.DLL
0x00007ffc8d040000 - 0x00007ffc8d05e000 	C:\WINDOWS\SYSTEM32\dhcpcsvc.DLL
0x00007ffc91370000 - 0x00007ffc91458000 	C:\WINDOWS\SYSTEM32\DNSAPI.dll
0x00007ffc84550000 - 0x00007ffc8455e000 	C:\Users\jaspe\.jdks\corretto-17.0.4\bin\sunmscapi.dll
0x00007ffc92c30000 - 0x00007ffc92d92000 	C:\WINDOWS\System32\CRYPT32.dll
0x00007ffc92070000 - 0x00007ffc92098000 	C:\WINDOWS\SYSTEM32\ncrypt.dll
0x00007ffc92030000 - 0x00007ffc92067000 	C:\WINDOWS\SYSTEM32\NTASN1.dll
0x00007ffc77f50000 - 0x00007ffc77f58000 	C:\WINDOWS\system32\wshunix.dll
0x00007ffc7e9a0000 - 0x00007ffc7e9aa000 	C:\Windows\System32\rasadhlp.dll
0x00007ffc8a0f0000 - 0x00007ffc8a171000 	C:\WINDOWS\System32\fwpuclnt.dll

dbghelp: loaded successfully - version: 4.0.5 - missing functions: none
symbol engine: initialized successfully - sym options: 0x614 - pdb path: .;C:\Users\jaspe\.jdks\corretto-17.0.4\bin;C:\WINDOWS\SYSTEM32;C:\WINDOWS\WinSxS\amd64_microsoft.windows.common-controls_6595b64144ccf1df_6.0.22000.120_none_9d947278b86cc467;C:\Users\jaspe\.jdks\corretto-17.0.4\bin\server;C:\Users\jaspe\.gradle\native\e1d6ef7f7dcc3fd88c89a11ec53ec762bb8ba0a96d01ffa2cd45eb1d1d8dd5c5\windows-amd64;C:\Users\jaspe\.gradle\native\0d407fdbe67a94daf76414ababcb853783967236a71b16ec16e742cd7a986fd3\windows-amd64

VM Arguments:
jvm_args: --add-opens=java.base/java.util=ALL-UNNAMED --add-opens=java.base/java.lang=ALL-UNNAMED --add-opens=java.base/java.lang.invoke=ALL-UNNAMED --add-opens=java.base/java.util=ALL-UNNAMED --add-opens=java.prefs/java.util.prefs=ALL-UNNAMED --add-opens=java.prefs/java.util.prefs=ALL-UNNAMED --add-opens=java.base/java.nio.charset=ALL-UNNAMED --add-opens=java.base/java.net=ALL-UNNAMED --add-opens=java.base/java.util.concurrent.atomic=ALL-UNNAMED -Xmx3G -Dfile.encoding=windows-1252 -Duser.country=NL -Duser.language=nl -Duser.variant 
java_command: org.gradle.launcher.daemon.bootstrap.GradleDaemon 7.4
java_class_path (initial): C:\Users\jaspe\.gradle\wrapper\dists\gradle-7.4-bin\c0gwcg53nkjbqw7r0h0umtfvt\gradle-7.4\lib\gradle-launcher-7.4.jar
Launcher Type: SUN_STANDARD

[Global flags]
     intx CICompilerCount                          = 4                                         {product} {ergonomic}
     uint ConcGCThreads                            = 2                                         {product} {ergonomic}
     uint G1ConcRefinementThreads                  = 8                                         {product} {ergonomic}
   size_t G1HeapRegionSize                         = 2097152                                   {product} {ergonomic}
    uintx GCDrainStackTargetSize                   = 64                                        {product} {ergonomic}
   size_t InitialHeapSize                          = 100663296                                 {product} {ergonomic}
   size_t MarkStackSize                            = 4194304                                   {product} {ergonomic}
   size_t MaxHeapSize                              = 3221225472                                {product} {command line}
   size_t MaxNewSize                               = 1931476992                                {product} {ergonomic}
   size_t MinHeapDeltaBytes                        = 2097152                                   {product} {ergonomic}
   size_t MinHeapSize                              = 8388608                                   {product} {ergonomic}
    uintx NonNMethodCodeHeapSize                   = 5839372                                {pd product} {ergonomic}
    uintx NonProfiledCodeHeapSize                  = 122909434                              {pd product} {ergonomic}
    uintx ProfiledCodeHeapSize                     = 122909434                              {pd product} {ergonomic}
    uintx ReservedCodeCacheSize                    = 251658240                              {pd product} {ergonomic}
     bool SegmentedCodeCache                       = true                                      {product} {ergonomic}
   size_t SoftMaxHeapSize                          = 3221225472                             {manageable} {ergonomic}
     bool UseCompressedClassPointers               = true                           {product lp64_product} {ergonomic}
     bool UseCompressedOops                        = true                           {product lp64_product} {ergonomic}
     bool UseG1GC                                  = true                                      {product} {ergonomic}
     bool UseLargePagesIndividualAllocation        = false                                  {pd product} {ergonomic}

Logging:
Log output configuration:
 #0: stdout all=warning uptime,level,tags
 #1: stderr all=off uptime,level,tags

Environment Variables:
PATH=C:\Program Files\Eclipse Foundation\jdk-16.0.2.7-hotspot\bin;C:\Program Files\Common Files\Oracle\Java\javapath;C:\Program Files (x86)\Common Files\Oracle\Java\javapath;C:\WINDOWS\system32;C:\WINDOWS;C:\WINDOWS\System32\Wbem;C:\WINDOWS\System32\WindowsPowerShell\v1.0\;C:\WINDOWS\System32\OpenSSH\;C:\Program Files (x86)\dotnet\;C:\Program Files\Git\cmd;C:\Users\jaspe\AppData\Local\Microsoft\WindowsApps;
USERNAME=jaspe
OS=Windows_NT
PROCESSOR_IDENTIFIER=AMD64 Family 23 Model 24 Stepping 1, AuthenticAMD
TMP=C:\Users\jaspe\AppData\Local\Temp
TEMP=C:\Users\jaspe\AppData\Local\Temp



---------------  S Y S T E M  ---------------

OS:
 Windows 11 , 64 bit Build 22000 (10.0.22000.708)
OS uptime: 2 days 19:09 hours

CPU: total 8 (initial active 8) (8 cores per cpu, 2 threads per core) family 23 model 24 stepping 1 microcode 0x0, cx8, cmov, fxsr, ht, mmx, 3dnowpref, sse, sse2, sse3, ssse3, sse4a, sse4.1, sse4.2, popcnt, lzcnt, tsc, tscinvbit, avx, avx2, aes, clmul, bmi1, bmi2, adx, sha, fma, vzeroupper, clflush, clflushopt

Memory: 4k page, system-wide physical 6020M (121M free)
TotalPageFile size 24452M (AvailPageFile size 131M)
current process WorkingSet (physical memory assigned to process): 451M, peak: 451M
current process commit charge ("private bytes"): 523M, peak: 1005M

vm_info: OpenJDK 64-Bit Server VM (17.0.4+8-LTS) for windows-amd64 JRE (17.0.4+8-LTS), built on Jul 15 2022 17:12:09 by "Administrator" with MS VC++ 15.9 (VS2017)

END.
