#
# There is insufficient memory for the Java Runtime Environment to continue.
# Native memory allocation (mmap) failed to map 306184192 bytes for G1 virtual space
# Possible reasons:
#   The system is out of physical RAM or swap space
#   The process is running with CompressedOops enabled, and the Java Heap may be blocking the growth of the native heap
# Possible solutions:
#   Reduce memory load on the system
#   Increase physical memory or swap space
#   Check if swap backing store is full
#   Decrease Java heap size (-Xmx/-Xms)
#   Decrease number of Java threads
#   Decrease Java thread stack sizes (-Xss)
#   Set larger code cache with -XX:ReservedCodeCacheSize=
#   JVM is running with Zero Based Compressed Oops mode in which the Java heap is
#     placed in the first 32GB address space. The Java Heap base address is the
#     maximum limit for the native heap growth. Please use -XX:HeapBaseMinAddress
#     to set the Java Heap base and to place the Java Heap above 32GB virtual address.
# This output file may be truncated or incomplete.
#
#  Out of Memory Error (os_windows.cpp:3541), pid=32728, tid=52756
#
# JRE version: OpenJDK Runtime Environment Corretto-17.0.4.8.1 (17.0.4+8) (build 17.0.4+8-LTS)
# Java VM: OpenJDK 64-Bit Server VM Corretto-17.0.4.8.1 (17.0.4+8-LTS, mixed mode, sharing, tiered, compressed oops, compressed class ptrs, g1 gc, windows-amd64)
# No core dump will be written. Minidumps are not enabled by default on client versions of Windows
#

---------------  S U M M A R Y ------------

Command Line: --add-opens=java.base/java.util=ALL-UNNAMED --add-opens=java.base/java.lang=ALL-UNNAMED --add-opens=java.base/java.lang.invoke=ALL-UNNAMED --add-opens=java.base/java.util=ALL-UNNAMED --add-opens=java.prefs/java.util.prefs=ALL-UNNAMED --add-opens=java.prefs/java.util.prefs=ALL-UNNAMED --add-opens=java.base/java.nio.charset=ALL-UNNAMED --add-opens=java.base/java.net=ALL-UNNAMED --add-opens=java.base/java.util.concurrent.atomic=ALL-UNNAMED -Xmx3G -Dfile.encoding=windows-1252 -Duser.country=NL -Duser.language=nl -Duser.variant org.gradle.launcher.daemon.bootstrap.GradleDaemon 7.4

Host: AMD Ryzen 7 3700U with Radeon Vega Mobile Gfx  , 8 cores, 5G,  Windows 11 , 64 bit Build 22000 (10.0.22000.708)
Time: Fri Aug 26 09:50:28 2022 West-Europa (zomertijd) elapsed time: 19.754662 seconds (0d 0h 0m 19s)

---------------  T H R E A D  ---------------

Current thread (0x000001aecfaf56f0):  VMThread "VM Thread" [stack: 0x0000005f66300000,0x0000005f66400000] [id=52756]

Stack: [0x0000005f66300000,0x0000005f66400000]
Native frames: (J=compiled Java code, j=interpreted, Vv=VM code, C=native code)
V  [jvm.dll+0x64723a]
V  [jvm.dll+0x7f8894]
V  [jvm.dll+0x7fa04e]
V  [jvm.dll+0x7fa6a3]
V  [jvm.dll+0x234d38]
V  [jvm.dll+0x64417a]
V  [jvm.dll+0x638aa2]
V  [jvm.dll+0x2f2f69]
V  [jvm.dll+0x2fa146]
V  [jvm.dll+0x345e7a]
V  [jvm.dll+0x3460bf]
V  [jvm.dll+0x2c9408]
V  [jvm.dll+0x2c78f7]
V  [jvm.dll+0x2c6edc]
V  [jvm.dll+0x30a371]
V  [jvm.dll+0x7feadb]
V  [jvm.dll+0x7ff7b8]
V  [jvm.dll+0x7ffce5]
V  [jvm.dll+0x8000b4]
V  [jvm.dll+0x80017e]
V  [jvm.dll+0x7ab33a]
V  [jvm.dll+0x6460e5]
C  [ucrtbase.dll+0x26c0c]
C  [KERNEL32.DLL+0x154e0]
C  [ntdll.dll+0x485b]

VM_Operation (0x0000005f67af5048): G1TryInitiateConcMark, mode: safepoint, requested by thread 0x000001aed1c0b850


---------------  P R O C E S S  ---------------

Threads class SMR info:
_java_thread_list=0x000001aed4dc6670, length=135, elements={
0x000001aead12fa60, 0x000001aecfafc180, 0x000001aecfafec50, 0x000001aecfb19400,
0x000001aecfb1bcd0, 0x000001aecfb1c590, 0x000001aecfb1ee60, 0x000001aecfb22f50,
0x000001aecfb2b860, 0x000001aecfb2d170, 0x000001aed05be1f0, 0x000001aed05c0cf0,
0x000001aed1d4a370, 0x000001aed18155a0, 0x000001aed19c8880, 0x000001aed1bec620,
0x000001aed1be6840, 0x000001aed1c0b380, 0x000001aed1c0b850, 0x000001aed1e0c080,
0x000001aed1e0d3c0, 0x000001aed1e0ca20, 0x000001aed1e0d890, 0x000001aed1e0cef0,
0x000001aed1e0c550, 0x000001aed3cbe090, 0x000001aed3cbc880, 0x000001aed3cbe560,
0x000001aed3cb9860, 0x000001aed3cb6d10, 0x000001aed3cbd220, 0x000001aed3cbb540,
0x000001aed3cba200, 0x000001aed3cbbee0, 0x000001aed3cbaba0, 0x000001aed3cbd6f0,
0x000001aed3cb9390, 0x000001aed3cbcd50, 0x000001aed3cbc3b0, 0x000001aed3cb7b80,
0x000001aed3cb71e0, 0x000001aed3cb8050, 0x000001aed3cb8520, 0x000001aed3cbb070,
0x000001aed3cb89f0, 0x000001aed3cbba10, 0x000001aed3cb8ec0, 0x000001aed3cba6d0,
0x000001aed3c17360, 0x000001aed3c19510, 0x000001aed3c18b70, 0x000001aed3c186a0,
0x000001aed3c17d00, 0x000001aed3c19040, 0x000001aed3c1a380, 0x000001aed3c199e0,
0x000001aed3c19eb0, 0x000001aed3c1a850, 0x000001aed3c16e90, 0x000001aed3c17830,
0x000001aed3c181d0, 0x000001aed49e2cf0, 0x000001aed49de4c0, 0x000001aed49e4030,
0x000001aed49e31c0, 0x000001aed49e1e80, 0x000001aed49e2350, 0x000001aed49df800,
0x000001aed49dc7e0, 0x000001aed49dee60, 0x000001aed49e2820, 0x000001aed49de990,
0x000001aed49dccb0, 0x000001aed49e19b0, 0x000001aed49dd650, 0x000001aed49e3690,
0x000001aed49e3b60, 0x000001aed49df330, 0x000001aed49dfcd0, 0x000001aed49e01a0,
0x000001aed49e0670, 0x000001aed49e14e0, 0x000001aed4e74e10, 0x000001aed4e7a980,
0x000001aed4e7ae50, 0x000001aed4e76620, 0x000001aed4e7b320, 0x000001aed4e73ad0,
0x000001aed4e77490, 0x000001aed4e73fa0, 0x000001aed4e74470, 0x000001aed4e79b10,
0x000001aed4e77960, 0x000001aed4e752e0, 0x000001aed4e76af0, 0x000001aed4e757b0,
0x000001aed4e75c80, 0x000001aed4e787d0, 0x000001aed4e74940, 0x000001aed4e79fe0,
0x000001aed4e76150, 0x000001aed4e76fc0, 0x000001aed4e77e30, 0x000001aed4e78300,
0x000001aed4e79170, 0x000001aed4e7a4b0, 0x000001aed4e79640, 0x000001aed4fa35d0,
0x000001aed4fa3f70, 0x000001aed4fa4910, 0x000001aed4fa4440, 0x000001aed4fa4de0,
0x000001aed4fa1420, 0x000001aed4fa3aa0, 0x000001aed4fa1dc0, 0x000001aed4fa18f0,
0x000001aed4fa3100, 0x000001aed4fa2290, 0x000001aed4fa2c30, 0x000001aed4fa2760,
0x000001aed4dd4a40, 0x000001aed4dceed0, 0x000001aed4dcf3a0, 0x000001aed4dd2890,
0x000001aed4dce060, 0x000001aed4dd23c0, 0x000001aed4dd3bd0, 0x000001aed4dd3230,
0x000001aed4dd4f10, 0x000001aed4dd1ef0, 0x000001aed4dd1550, 0x000001aed4dd40a0,
0x000001aed4dcf870, 0x000001aed4dd1a20, 0x000001aed4dcfd40
}

Java Threads: ( => current thread )
  0x000001aead12fa60 JavaThread "main" [_thread_blocked, id=1960, stack(0x0000005f65d00000,0x0000005f65e00000)]
  0x000001aecfafc180 JavaThread "Reference Handler" daemon [_thread_blocked, id=28708, stack(0x0000005f66400000,0x0000005f66500000)]
  0x000001aecfafec50 JavaThread "Finalizer" daemon [_thread_blocked, id=43572, stack(0x0000005f66500000,0x0000005f66600000)]
  0x000001aecfb19400 JavaThread "Signal Dispatcher" daemon [_thread_blocked, id=44192, stack(0x0000005f66600000,0x0000005f66700000)]
  0x000001aecfb1bcd0 JavaThread "Attach Listener" daemon [_thread_blocked, id=53412, stack(0x0000005f66700000,0x0000005f66800000)]
  0x000001aecfb1c590 JavaThread "Service Thread" daemon [_thread_blocked, id=44536, stack(0x0000005f66800000,0x0000005f66900000)]
  0x000001aecfb1ee60 JavaThread "Monitor Deflation Thread" daemon [_thread_blocked, id=41336, stack(0x0000005f66900000,0x0000005f66a00000)]
  0x000001aecfb22f50 JavaThread "C2 CompilerThread0" daemon [_thread_blocked, id=33404, stack(0x0000005f66a00000,0x0000005f66b00000)]
  0x000001aecfb2b860 JavaThread "C1 CompilerThread0" daemon [_thread_blocked, id=52400, stack(0x0000005f66b00000,0x0000005f66c00000)]
  0x000001aecfb2d170 JavaThread "Sweeper thread" daemon [_thread_blocked, id=47144, stack(0x0000005f66c00000,0x0000005f66d00000)]
  0x000001aed05be1f0 JavaThread "Common-Cleaner" daemon [_thread_blocked, id=51668, stack(0x0000005f66d00000,0x0000005f66e00000)]
  0x000001aed05c0cf0 JavaThread "Notification Thread" daemon [_thread_blocked, id=50760, stack(0x0000005f66e00000,0x0000005f66f00000)]
  0x000001aed1d4a370 JavaThread "Daemon health stats" [_thread_blocked, id=54016, stack(0x0000005f67400000,0x0000005f67500000)]
  0x000001aed18155a0 JavaThread "Incoming local TCP Connector on port 52671" [_thread_in_native, id=22540, stack(0x0000005f67500000,0x0000005f67600000)]
  0x000001aed19c8880 JavaThread "Daemon periodic checks" [_thread_blocked, id=53488, stack(0x0000005f67600000,0x0000005f67700000)]
  0x000001aed1bec620 JavaThread "Daemon" [_thread_blocked, id=14636, stack(0x0000005f67700000,0x0000005f67800000)]
  0x000001aed1be6840 JavaThread "Handler for socket connection from /127.0.0.1:52671 to /127.0.0.1:52672" [_thread_in_native, id=47564, stack(0x0000005f67800000,0x0000005f67900000)]
  0x000001aed1c0b380 JavaThread "Cancel handler" [_thread_blocked, id=51064, stack(0x0000005f67900000,0x0000005f67a00000)]
  0x000001aed1c0b850 JavaThread "Daemon worker" [_thread_blocked, id=51464, stack(0x0000005f67a00000,0x0000005f67b00000)]
  0x000001aed1e0c080 JavaThread "Asynchronous log dispatcher for DefaultDaemonConnection: socket connection from /127.0.0.1:52671 to /127.0.0.1:52672" [_thread_blocked, id=27904, stack(0x0000005f67b00000,0x0000005f67c00000)]
  0x000001aed1e0d3c0 JavaThread "Stdin handler" [_thread_blocked, id=51916, stack(0x0000005f67c00000,0x0000005f67d00000)]
  0x000001aed1e0ca20 JavaThread "Daemon client event forwarder" [_thread_blocked, id=55828, stack(0x0000005f67d00000,0x0000005f67e00000)]
  0x000001aed1e0d890 JavaThread "Cache worker for journal cache (C:\Users\jaspe\.gradle\caches\journal-1)" [_thread_blocked, id=50088, stack(0x0000005f67e00000,0x0000005f67f00000)]
  0x000001aed1e0cef0 JavaThread "File lock request listener" [_thread_in_native, id=54524, stack(0x0000005f67f00000,0x0000005f68000000)]
  0x000001aed1e0c550 JavaThread "Cache worker for file hash cache (C:\Users\jaspe\.gradle\caches\7.4\fileHashes)" [_thread_blocked, id=54748, stack(0x0000005f68000000,0x0000005f68100000)]
  0x000001aed3cbe090 JavaThread "File watcher server" daemon [_thread_in_native, id=53200, stack(0x0000005f68400000,0x0000005f68500000)]
  0x000001aed3cbc880 JavaThread "File watcher consumer" daemon [_thread_blocked, id=46244, stack(0x0000005f68500000,0x0000005f68600000)]
  0x000001aed3cbe560 JavaThread "jar transforms" [_thread_blocked, id=55892, stack(0x0000005f68600000,0x0000005f68700000)]
  0x000001aed3cb9860 JavaThread "jar transforms Thread 2" [_thread_blocked, id=26864, stack(0x0000005f68700000,0x0000005f68800000)]
  0x000001aed3cb6d10 JavaThread "jar transforms Thread 3" [_thread_blocked, id=55628, stack(0x0000005f68800000,0x0000005f68900000)]
  0x000001aed3cbd220 JavaThread "jar transforms Thread 4" [_thread_blocked, id=54152, stack(0x0000005f68900000,0x0000005f68a00000)]
  0x000001aed3cbb540 JavaThread "jar transforms Thread 5" [_thread_blocked, id=46300, stack(0x0000005f68a00000,0x0000005f68b00000)]
  0x000001aed3cba200 JavaThread "jar transforms Thread 6" [_thread_blocked, id=35176, stack(0x0000005f68b00000,0x0000005f68c00000)]
  0x000001aed3cbbee0 JavaThread "jar transforms Thread 7" [_thread_blocked, id=35776, stack(0x0000005f68c00000,0x0000005f68d00000)]
  0x000001aed3cbaba0 JavaThread "jar transforms Thread 8" [_thread_blocked, id=54600, stack(0x0000005f68d00000,0x0000005f68e00000)]
  0x000001aed3cbd6f0 JavaThread "Cache worker for checksums cache (C:\Users\jaspe\IdeaProjects\forge 1.18.2\.gradle\7.4\checksums)" [_thread_blocked, id=13444, stack(0x0000005f68f00000,0x0000005f69000000)]
  0x000001aed3cb9390 JavaThread "Cache worker for cache directory md-rule (C:\Users\jaspe\.gradle\caches\7.4\md-rule)" [_thread_blocked, id=47944, stack(0x0000005f69000000,0x0000005f69100000)]
  0x000001aed3cbcd50 JavaThread "Cache worker for file hash cache (C:\Users\jaspe\IdeaProjects\forge 1.18.2\.gradle\7.4\fileHashes)" [_thread_blocked, id=53188, stack(0x0000005f69100000,0x0000005f69200000)]
  0x000001aed3cbc3b0 JavaThread "Cache worker for cache directory md-supplier (C:\Users\jaspe\.gradle\caches\7.4\md-supplier)" [_thread_blocked, id=48268, stack(0x0000005f69200000,0x0000005f69300000)]
  0x000001aed3cb7b80 JavaThread "Cache worker for execution history cache (C:\Users\jaspe\.gradle\caches\7.4\executionHistory)" [_thread_blocked, id=25300, stack(0x0000005f69300000,0x0000005f69400000)]
  0x000001aed3cb71e0 JavaThread "Cache worker for file content cache (C:\Users\jaspe\.gradle\caches\7.4\fileContent)" [_thread_blocked, id=46084, stack(0x0000005f69400000,0x0000005f69500000)]
  0x000001aed3cb8050 JavaThread "Cache worker for dependencies-accessors (C:\Users\jaspe\IdeaProjects\forge 1.18.2\.gradle\7.4\dependencies-accessors)" [_thread_blocked, id=44572, stack(0x0000005f69500000,0x0000005f69600000)]
  0x000001aed3cb8520 JavaThread "Cache worker for Build Output Cleanup Cache (C:\Users\jaspe\IdeaProjects\forge 1.18.2\.gradle\buildOutputCleanup)" [_thread_blocked, id=1448, stack(0x0000005f69600000,0x0000005f69700000)]
  0x000001aed3cbb070 JavaThread "Unconstrained build operations" [_thread_blocked, id=34476, stack(0x0000005f69700000,0x0000005f69800000)]
  0x000001aed3cb89f0 JavaThread "Unconstrained build operations Thread 2" [_thread_blocked, id=47044, stack(0x0000005f69800000,0x0000005f69900000)]
  0x000001aed3cbba10 JavaThread "Unconstrained build operations Thread 3" [_thread_blocked, id=53892, stack(0x0000005f69900000,0x0000005f69a00000)]
  0x000001aed3cb8ec0 JavaThread "Unconstrained build operations Thread 4" [_thread_blocked, id=44076, stack(0x0000005f69a00000,0x0000005f69b00000)]
  0x000001aed3cba6d0 JavaThread "Unconstrained build operations Thread 5" [_thread_blocked, id=16596, stack(0x0000005f69b00000,0x0000005f69c00000)]
  0x000001aed3c17360 JavaThread "Unconstrained build operations Thread 6" [_thread_blocked, id=54308, stack(0x0000005f69c00000,0x0000005f69d00000)]
  0x000001aed3c19510 JavaThread "Unconstrained build operations Thread 7" [_thread_blocked, id=32520, stack(0x0000005f69d00000,0x0000005f69e00000)]
  0x000001aed3c18b70 JavaThread "Unconstrained build operations Thread 8" [_thread_blocked, id=40504, stack(0x0000005f69e00000,0x0000005f69f00000)]
  0x000001aed3c186a0 JavaThread "Unconstrained build operations Thread 9" [_thread_blocked, id=53848, stack(0x0000005f69f00000,0x0000005f6a000000)]
  0x000001aed3c17d00 JavaThread "Unconstrained build operations Thread 10" [_thread_blocked, id=29440, stack(0x0000005f6a000000,0x0000005f6a100000)]
  0x000001aed3c19040 JavaThread "Unconstrained build operations Thread 11" [_thread_blocked, id=55120, stack(0x0000005f6a100000,0x0000005f6a200000)]
  0x000001aed3c1a380 JavaThread "Unconstrained build operations Thread 12" [_thread_blocked, id=6104, stack(0x0000005f6a200000,0x0000005f6a300000)]
  0x000001aed3c199e0 JavaThread "Unconstrained build operations Thread 13" [_thread_blocked, id=41548, stack(0x0000005f6a300000,0x0000005f6a400000)]
  0x000001aed3c19eb0 JavaThread "Unconstrained build operations Thread 14" [_thread_blocked, id=42196, stack(0x0000005f6a400000,0x0000005f6a500000)]
  0x000001aed3c1a850 JavaThread "Unconstrained build operations Thread 15" [_thread_blocked, id=48996, stack(0x0000005f6a500000,0x0000005f6a600000)]
  0x000001aed3c16e90 JavaThread "Unconstrained build operations Thread 16" [_thread_blocked, id=44872, stack(0x0000005f6a600000,0x0000005f6a700000)]
  0x000001aed3c17830 JavaThread "Unconstrained build operations Thread 17" [_thread_blocked, id=55568, stack(0x0000005f6a700000,0x0000005f6a800000)]
  0x000001aed3c181d0 JavaThread "Unconstrained build operations Thread 18" [_thread_blocked, id=18700, stack(0x0000005f6a800000,0x0000005f6a900000)]
  0x000001aed49e2cf0 JavaThread "Unconstrained build operations Thread 19" [_thread_blocked, id=51588, stack(0x0000005f6a900000,0x0000005f6aa00000)]
  0x000001aed49de4c0 JavaThread "Unconstrained build operations Thread 20" [_thread_blocked, id=32328, stack(0x0000005f6aa00000,0x0000005f6ab00000)]
  0x000001aed49e4030 JavaThread "Unconstrained build operations Thread 21" [_thread_blocked, id=52508, stack(0x0000005f6ab00000,0x0000005f6ac00000)]
  0x000001aed49e31c0 JavaThread "Unconstrained build operations Thread 22" [_thread_blocked, id=52300, stack(0x0000005f6ac00000,0x0000005f6ad00000)]
  0x000001aed49e1e80 JavaThread "Unconstrained build operations Thread 23" [_thread_blocked, id=54504, stack(0x0000005f6ad00000,0x0000005f6ae00000)]
  0x000001aed49e2350 JavaThread "Unconstrained build operations Thread 24" [_thread_blocked, id=44168, stack(0x0000005f6ae00000,0x0000005f6af00000)]
  0x000001aed49df800 JavaThread "Unconstrained build operations Thread 25" [_thread_blocked, id=52468, stack(0x0000005f6af00000,0x0000005f6b000000)]
  0x000001aed49dc7e0 JavaThread "Unconstrained build operations Thread 26" [_thread_blocked, id=16380, stack(0x0000005f6b000000,0x0000005f6b100000)]
  0x000001aed49dee60 JavaThread "Unconstrained build operations Thread 27" [_thread_blocked, id=40216, stack(0x0000005f6b100000,0x0000005f6b200000)]
  0x000001aed49e2820 JavaThread "Unconstrained build operations Thread 28" [_thread_blocked, id=26936, stack(0x0000005f6b200000,0x0000005f6b300000)]
  0x000001aed49de990 JavaThread "Unconstrained build operations Thread 29" [_thread_blocked, id=28840, stack(0x0000005f6b300000,0x0000005f6b400000)]
  0x000001aed49dccb0 JavaThread "Unconstrained build operations Thread 30" [_thread_blocked, id=2192, stack(0x0000005f6b400000,0x0000005f6b500000)]
  0x000001aed49e19b0 JavaThread "Unconstrained build operations Thread 31" [_thread_blocked, id=25028, stack(0x0000005f6b500000,0x0000005f6b600000)]
  0x000001aed49dd650 JavaThread "Keep-Alive-Timer" daemon [_thread_blocked, id=53080, stack(0x0000005f6b600000,0x0000005f6b700000)]
  0x000001aed49e3690 JavaThread "Memory manager" [_thread_blocked, id=15560, stack(0x0000005f6b700000,0x0000005f6b800000)]
  0x000001aed49e3b60 JavaThread "ForkJoinPool.commonPool-worker-1" daemon [_thread_blocked, id=39600, stack(0x0000005f6b800000,0x0000005f6b900000)]
  0x000001aed49df330 JavaThread "ForkJoinPool.commonPool-worker-2" daemon [_thread_blocked, id=54736, stack(0x0000005f6b900000,0x0000005f6ba00000)]
  0x000001aed49dfcd0 JavaThread "ForkJoinPool.commonPool-worker-3" daemon [_thread_blocked, id=51276, stack(0x0000005f6ba00000,0x0000005f6bb00000)]
  0x000001aed49e01a0 JavaThread "ForkJoinPool.commonPool-worker-4" daemon [_thread_blocked, id=55236, stack(0x0000005f6bb00000,0x0000005f6bc00000)]
  0x000001aed49e0670 JavaThread "ForkJoinPool.commonPool-worker-5" daemon [_thread_blocked, id=45444, stack(0x0000005f6bc00000,0x0000005f6bd00000)]
  0x000001aed49e14e0 JavaThread "ForkJoinPool.commonPool-worker-6" daemon [_thread_blocked, id=33968, stack(0x0000005f6bd00000,0x0000005f6be00000)]
  0x000001aed4e74e10 JavaThread "ForkJoinPool.commonPool-worker-7" daemon [_thread_blocked, id=32680, stack(0x0000005f6be00000,0x0000005f6bf00000)]
  0x000001aed4e7a980 JavaThread "Exec process" [_thread_blocked, id=9576, stack(0x0000005f6bf00000,0x0000005f6c000000)]
  0x000001aed4e7ae50 JavaThread "Exec process Thread 2" [_thread_blocked, id=55444, stack(0x0000005f6c000000,0x0000005f6c100000)]
  0x000001aed4e76620 JavaThread "Exec process Thread 3" [_thread_blocked, id=54072, stack(0x0000005f6c100000,0x0000005f6c200000)]
  0x000001aed4e7b320 JavaThread "Unconstrained build operations Thread 32" [_thread_blocked, id=36832, stack(0x0000005f6c200000,0x0000005f6c300000)]
  0x000001aed4e73ad0 JavaThread "Unconstrained build operations Thread 33" [_thread_blocked, id=52768, stack(0x0000005f6c300000,0x0000005f6c400000)]
  0x000001aed4e77490 JavaThread "Unconstrained build operations Thread 34" [_thread_blocked, id=31348, stack(0x0000005f6c400000,0x0000005f6c500000)]
  0x000001aed4e73fa0 JavaThread "Unconstrained build operations Thread 35" [_thread_blocked, id=8356, stack(0x0000005f6c500000,0x0000005f6c600000)]
  0x000001aed4e74470 JavaThread "Unconstrained build operations Thread 36" [_thread_blocked, id=51256, stack(0x0000005f6c600000,0x0000005f6c700000)]
  0x000001aed4e79b10 JavaThread "Unconstrained build operations Thread 37" [_thread_blocked, id=54344, stack(0x0000005f6c700000,0x0000005f6c800000)]
  0x000001aed4e77960 JavaThread "Unconstrained build operations Thread 38" [_thread_blocked, id=51544, stack(0x0000005f6c800000,0x0000005f6c900000)]
  0x000001aed4e752e0 JavaThread "Unconstrained build operations Thread 39" [_thread_blocked, id=5404, stack(0x0000005f6c900000,0x0000005f6ca00000)]
  0x000001aed4e76af0 JavaThread "Unconstrained build operations Thread 40" [_thread_blocked, id=42888, stack(0x0000005f6ca00000,0x0000005f6cb00000)]
  0x000001aed4e757b0 JavaThread "Unconstrained build operations Thread 41" [_thread_blocked, id=46452, stack(0x0000005f6cb00000,0x0000005f6cc00000)]
  0x000001aed4e75c80 JavaThread "Unconstrained build operations Thread 42" [_thread_blocked, id=55824, stack(0x0000005f6cc00000,0x0000005f6cd00000)]
  0x000001aed4e787d0 JavaThread "Unconstrained build operations Thread 43" [_thread_blocked, id=32428, stack(0x0000005f6cd00000,0x0000005f6ce00000)]
  0x000001aed4e74940 JavaThread "Unconstrained build operations Thread 44" [_thread_blocked, id=49088, stack(0x0000005f6ce00000,0x0000005f6cf00000)]
  0x000001aed4e79fe0 JavaThread "Unconstrained build operations Thread 45" [_thread_blocked, id=46032, stack(0x0000005f6cf00000,0x0000005f6d000000)]
  0x000001aed4e76150 JavaThread "Unconstrained build operations Thread 46" [_thread_blocked, id=39960, stack(0x0000005f6d000000,0x0000005f6d100000)]
  0x000001aed4e76fc0 JavaThread "Unconstrained build operations Thread 47" [_thread_blocked, id=11976, stack(0x0000005f6d100000,0x0000005f6d200000)]
  0x000001aed4e77e30 JavaThread "Unconstrained build operations Thread 48" [_thread_blocked, id=51000, stack(0x0000005f6d200000,0x0000005f6d300000)]
  0x000001aed4e78300 JavaThread "Unconstrained build operations Thread 49" [_thread_blocked, id=54536, stack(0x0000005f6d300000,0x0000005f6d400000)]
  0x000001aed4e79170 JavaThread "Unconstrained build operations Thread 50" [_thread_blocked, id=44400, stack(0x0000005f6d400000,0x0000005f6d500000)]
  0x000001aed4e7a4b0 JavaThread "Unconstrained build operations Thread 51" [_thread_blocked, id=37400, stack(0x0000005f6d500000,0x0000005f6d600000)]
  0x000001aed4e79640 JavaThread "Unconstrained build operations Thread 52" [_thread_blocked, id=51548, stack(0x0000005f6d600000,0x0000005f6d700000)]
  0x000001aed4fa35d0 JavaThread "Unconstrained build operations Thread 53" [_thread_blocked, id=14252, stack(0x0000005f6d700000,0x0000005f6d800000)]
  0x000001aed4fa3f70 JavaThread "Unconstrained build operations Thread 54" [_thread_blocked, id=29468, stack(0x0000005f6d800000,0x0000005f6d900000)]
  0x000001aed4fa4910 JavaThread "Unconstrained build operations Thread 55" [_thread_blocked, id=26456, stack(0x0000005f6d900000,0x0000005f6da00000)]
  0x000001aed4fa4440 JavaThread "Unconstrained build operations Thread 56" [_thread_blocked, id=16488, stack(0x0000005f6da00000,0x0000005f6db00000)]
  0x000001aed4fa4de0 JavaThread "Unconstrained build operations Thread 57" [_thread_blocked, id=49404, stack(0x0000005f6db00000,0x0000005f6dc00000)]
  0x000001aed4fa1420 JavaThread "Unconstrained build operations Thread 58" [_thread_blocked, id=42948, stack(0x0000005f6dc00000,0x0000005f6dd00000)]
  0x000001aed4fa3aa0 JavaThread "Unconstrained build operations Thread 59" [_thread_blocked, id=49948, stack(0x0000005f6dd00000,0x0000005f6de00000)]
  0x000001aed4fa1dc0 JavaThread "Unconstrained build operations Thread 60" [_thread_blocked, id=45868, stack(0x0000005f6de00000,0x0000005f6df00000)]
  0x000001aed4fa18f0 JavaThread "Unconstrained build operations Thread 61" [_thread_blocked, id=41448, stack(0x0000005f6df00000,0x0000005f6e000000)]
  0x000001aed4fa3100 JavaThread "Unconstrained build operations Thread 62" [_thread_blocked, id=36080, stack(0x0000005f6e000000,0x0000005f6e100000)]
  0x000001aed4fa2290 JavaThread "Unconstrained build operations Thread 63" [_thread_blocked, id=10940, stack(0x0000005f6e100000,0x0000005f6e200000)]
  0x000001aed4fa2c30 JavaThread "Unconstrained build operations Thread 64" [_thread_blocked, id=43184, stack(0x0000005f6e200000,0x0000005f6e300000)]
  0x000001aed4fa2760 JavaThread "Unconstrained build operations Thread 65" [_thread_blocked, id=30892, stack(0x0000005f6e300000,0x0000005f6e400000)]
  0x000001aed4dd4a40 JavaThread "Unconstrained build operations Thread 66" [_thread_blocked, id=53968, stack(0x0000005f6e400000,0x0000005f6e500000)]
  0x000001aed4dceed0 JavaThread "Unconstrained build operations Thread 67" [_thread_blocked, id=56112, stack(0x0000005f6e500000,0x0000005f6e600000)]
  0x000001aed4dcf3a0 JavaThread "Unconstrained build operations Thread 68" [_thread_blocked, id=17260, stack(0x0000005f6e600000,0x0000005f6e700000)]
  0x000001aed4dd2890 JavaThread "Unconstrained build operations Thread 69" [_thread_blocked, id=42696, stack(0x0000005f6e700000,0x0000005f6e800000)]
  0x000001aed4dce060 JavaThread "Unconstrained build operations Thread 70" [_thread_blocked, id=53804, stack(0x0000005f6e800000,0x0000005f6e900000)]
  0x000001aed4dd23c0 JavaThread "Unconstrained build operations Thread 71" [_thread_blocked, id=51384, stack(0x0000005f6e900000,0x0000005f6ea00000)]
  0x000001aed4dd3bd0 JavaThread "Unconstrained build operations Thread 72" [_thread_blocked, id=51728, stack(0x0000005f6ea00000,0x0000005f6eb00000)]
  0x000001aed4dd3230 JavaThread "Unconstrained build operations Thread 73" [_thread_blocked, id=55356, stack(0x0000005f6eb00000,0x0000005f6ec00000)]
  0x000001aed4dd4f10 JavaThread "Unconstrained build operations Thread 74" [_thread_blocked, id=41568, stack(0x0000005f6ec00000,0x0000005f6ed00000)]
  0x000001aed4dd1ef0 JavaThread "Unconstrained build operations Thread 75" [_thread_blocked, id=54436, stack(0x0000005f6ed00000,0x0000005f6ee00000)]
  0x000001aed4dd1550 JavaThread "Unconstrained build operations Thread 76" [_thread_blocked, id=24200, stack(0x0000005f6ee00000,0x0000005f6ef00000)]
  0x000001aed4dd40a0 JavaThread "Unconstrained build operations Thread 77" [_thread_blocked, id=51412, stack(0x0000005f6ef00000,0x0000005f6f000000)]
  0x000001aed4dcf870 JavaThread "Unconstrained build operations Thread 78" [_thread_blocked, id=24544, stack(0x0000005f6f000000,0x0000005f6f100000)]
  0x000001aed4dd1a20 JavaThread "Unconstrained build operations Thread 79" [_thread_blocked, id=50884, stack(0x0000005f6f100000,0x0000005f6f200000)]
  0x000001aed4dcfd40 JavaThread "Unconstrained build operations Thread 80" [_thread_blocked, id=54796, stack(0x0000005f6f200000,0x0000005f6f300000)]

Other Threads:
=>0x000001aecfaf56f0 VMThread "VM Thread" [stack: 0x0000005f66300000,0x0000005f66400000] [id=52756]
  0x000001aead1ab3e0 WatcherThread [stack: 0x0000005f66f00000,0x0000005f67000000] [id=50988]
  0x000001aead187ff0 GCTaskThread "GC Thread#0" [stack: 0x0000005f65e00000,0x0000005f65f00000] [id=26352]
  0x000001aed07414e0 GCTaskThread "GC Thread#1" [stack: 0x0000005f67000000,0x0000005f67100000] [id=50660]
  0x000001aed073ff60 GCTaskThread "GC Thread#2" [stack: 0x0000005f67100000,0x0000005f67200000] [id=34352]
  0x000001aed0740770 GCTaskThread "GC Thread#3" [stack: 0x0000005f67200000,0x0000005f67300000] [id=48528]
  0x000001aed0741790 GCTaskThread "GC Thread#4" [stack: 0x0000005f67300000,0x0000005f67400000] [id=30520]
  0x000001aed0740cd0 GCTaskThread "GC Thread#5" [stack: 0x0000005f68100000,0x0000005f68200000] [id=53036]
  0x000001aed0741230 GCTaskThread "GC Thread#6" [stack: 0x0000005f68200000,0x0000005f68300000] [id=54544]
  0x000001aed0740f80 GCTaskThread "GC Thread#7" [stack: 0x0000005f68300000,0x0000005f68400000] [id=55428]
  0x000001aead195e50 ConcurrentGCThread "G1 Main Marker" [stack: 0x0000005f65f00000,0x0000005f66000000] [id=51700]
  0x000001aead197f20 ConcurrentGCThread "G1 Conc#0" [stack: 0x0000005f66000000,0x0000005f66100000] [id=54456]
  0x000001aed3011bd0 ConcurrentGCThread "G1 Conc#1" [stack: 0x0000005f68e00000,0x0000005f68f00000] [id=41860]
  0x000001aead202c40 ConcurrentGCThread "G1 Refine#0" [stack: 0x0000005f66100000,0x0000005f66200000] [id=55344]
  0x000001aead204420 ConcurrentGCThread "G1 Service" [stack: 0x0000005f66200000,0x0000005f66300000] [id=20812]

Threads with active compile tasks:
C2 CompilerThread0    19819 7210 %     4       org.gradle.internal.instantiation.generator.AbstractClassGenerator::inspectType @ 77 (560 bytes)

VM state: at safepoint (normal execution)

VM Mutex/Monitor currently owned by a thread:  ([mutex/lock_event])
[0x000001aead12ae70] Threads_lock - owner thread: 0x000001aecfaf56f0
[0x000001aead12b6e0] Heap_lock - owner thread: 0x000001aed1c0b850

Heap address: 0x0000000740000000, size: 3072 MB, Compressed Oops mode: Zero based, Oop shift amount: 3

CDS archive(s) mapped at: [0x0000000800000000-0x0000000800bc0000-0x0000000800bc0000), size 12320768, SharedBaseAddress: 0x0000000800000000, ArchiveRelocationMode: 0.
Compressed class space mapped at: 0x0000000800c00000-0x0000000840c00000, reserved size: 1073741824
Narrow klass base: 0x0000000800000000, Narrow klass shift: 0, Narrow klass range: 0x100000000

GC Precious Log:
 CPUs: 8 total, 8 available
 Memory: 6020M
 Large Page Support: Disabled
 NUMA Support: Disabled
 Compressed Oops: Enabled (Zero based)
 Heap Region Size: 2M
 Heap Min Capacity: 8M
 Heap Initial Capacity: 96M
 Heap Max Capacity: 3G
 Pre-touch: Disabled
 Parallel Workers: 8
 Concurrent Workers: 2
 Concurrent Refinement Workers: 8
 Periodic GC: Disabled

Heap:
 garbage-first heap   total 260096K, used 119184K [0x0000000740000000, 0x0000000800000000)
  region size 2048K, 2 young (4096K), 2 survivors (4096K)
 Metaspace       used 58762K, committed 59456K, reserved 1105920K
  class space    used 8025K, committed 8320K, reserved 1048576K

Heap Regions: E=young(eden), S=young(survivor), O=old, HS=humongous(starts), HC=humongous(continues), CS=collection set, F=free, OA=open archive, CA=closed archive, TAMS=top-at-mark-start (previous, next)
|   0|0x0000000740000000, 0x0000000740200000, 0x0000000740200000|100%| O|  |TAMS 0x0000000740200000, 0x0000000740200000| Untracked 
|   1|0x0000000740200000, 0x0000000740400000, 0x0000000740400000|100%| O|  |TAMS 0x0000000740400000, 0x0000000740400000| Untracked 
|   2|0x0000000740400000, 0x0000000740600000, 0x0000000740600000|100%|HS|  |TAMS 0x0000000740600000, 0x0000000740600000| Complete 
|   3|0x0000000740600000, 0x0000000740800000, 0x0000000740800000|100%|HC|  |TAMS 0x0000000740800000, 0x0000000740800000| Complete 
|   4|0x0000000740800000, 0x0000000740a00000, 0x0000000740a00000|100%| O|  |TAMS 0x0000000740a00000, 0x0000000740a00000| Untracked 
|   5|0x0000000740a00000, 0x0000000740c00000, 0x0000000740c00000|100%| O|  |TAMS 0x0000000740c00000, 0x0000000740c00000| Untracked 
|   6|0x0000000740c00000, 0x0000000740e00000, 0x0000000740e00000|100%|HS|  |TAMS 0x0000000740e00000, 0x0000000740e00000| Complete 
|   7|0x0000000740e00000, 0x0000000741000000, 0x0000000741000000|100%|HS|  |TAMS 0x0000000741000000, 0x0000000741000000| Complete 
|   8|0x0000000741000000, 0x0000000741200000, 0x0000000741200000|100%|HC|  |TAMS 0x0000000741200000, 0x0000000741200000| Complete 
|   9|0x0000000741200000, 0x0000000741400000, 0x0000000741400000|100%|HS|  |TAMS 0x0000000741400000, 0x0000000741400000| Complete 
|  10|0x0000000741400000, 0x0000000741600000, 0x0000000741600000|100%|HC|  |TAMS 0x0000000741600000, 0x0000000741600000| Complete 
|  11|0x0000000741600000, 0x0000000741800000, 0x0000000741800000|100%|HS|  |TAMS 0x0000000741800000, 0x0000000741800000| Complete 
|  12|0x0000000741800000, 0x0000000741a00000, 0x0000000741a00000|100%| O|  |TAMS 0x0000000741a00000, 0x0000000741a00000| Untracked 
|  13|0x0000000741a00000, 0x0000000741c00000, 0x0000000741c00000|100%| O|  |TAMS 0x0000000741c00000, 0x0000000741c00000| Untracked 
|  14|0x0000000741c00000, 0x0000000741e00000, 0x0000000741e00000|100%| O|  |TAMS 0x0000000741e00000, 0x0000000741e00000| Untracked 
|  15|0x0000000741e00000, 0x0000000742000000, 0x0000000742000000|100%| O|  |TAMS 0x0000000742000000, 0x0000000742000000| Untracked 
|  16|0x0000000742000000, 0x0000000742200000, 0x0000000742200000|100%|HS|  |TAMS 0x0000000742200000, 0x0000000742200000| Complete 
|  17|0x0000000742200000, 0x0000000742400000, 0x0000000742400000|100%|HC|  |TAMS 0x0000000742400000, 0x0000000742400000| Complete 
|  18|0x0000000742400000, 0x0000000742600000, 0x0000000742600000|100%|HC|  |TAMS 0x0000000742600000, 0x0000000742600000| Complete 
|  19|0x0000000742600000, 0x0000000742800000, 0x0000000742800000|100%|HC|  |TAMS 0x0000000742800000, 0x0000000742800000| Complete 
|  20|0x0000000742800000, 0x0000000742a00000, 0x0000000742a00000|100%|HC|  |TAMS 0x0000000742a00000, 0x0000000742a00000| Complete 
|  21|0x0000000742a00000, 0x0000000742c00000, 0x0000000742c00000|100%|HS|  |TAMS 0x0000000742c00000, 0x0000000742c00000| Complete 
|  22|0x0000000742c00000, 0x0000000742e00000, 0x0000000742e00000|100%| O|  |TAMS 0x0000000742e00000, 0x0000000742e00000| Untracked 
|  23|0x0000000742e00000, 0x0000000743000000, 0x0000000743000000|100%| O|  |TAMS 0x0000000743000000, 0x0000000743000000| Untracked 
|  24|0x0000000743000000, 0x0000000743200000, 0x0000000743200000|100%|HS|  |TAMS 0x0000000743200000, 0x0000000743200000| Complete 
|  25|0x0000000743200000, 0x0000000743400000, 0x0000000743400000|100%|HC|  |TAMS 0x0000000743400000, 0x0000000743400000| Complete 
|  26|0x0000000743400000, 0x0000000743600000, 0x0000000743600000|100%|HC|  |TAMS 0x0000000743600000, 0x0000000743600000| Complete 
|  27|0x0000000743600000, 0x0000000743800000, 0x0000000743800000|100%| O|  |TAMS 0x0000000743800000, 0x0000000743800000| Untracked 
|  28|0x0000000743800000, 0x0000000743a00000, 0x0000000743a00000|100%| O|  |TAMS 0x0000000743a00000, 0x0000000743a00000| Untracked 
|  29|0x0000000743a00000, 0x0000000743c00000, 0x0000000743c00000|100%| O|  |TAMS 0x0000000743c00000, 0x0000000743c00000| Untracked 
|  30|0x0000000743c00000, 0x0000000743e00000, 0x0000000743e00000|100%| O|  |TAMS 0x0000000743e00000, 0x0000000743e00000| Untracked 
|  31|0x0000000743e00000, 0x0000000744000000, 0x0000000744000000|100%|HS|  |TAMS 0x0000000744000000, 0x0000000744000000| Complete 
|  32|0x0000000744000000, 0x0000000744200000, 0x0000000744200000|100%|HC|  |TAMS 0x0000000744200000, 0x0000000744200000| Complete 
|  33|0x0000000744200000, 0x0000000744400000, 0x0000000744400000|100%|HC|  |TAMS 0x0000000744400000, 0x0000000744400000| Complete 
|  34|0x0000000744400000, 0x0000000744600000, 0x0000000744600000|100%|HC|  |TAMS 0x0000000744600000, 0x0000000744600000| Complete 
|  35|0x0000000744600000, 0x0000000744800000, 0x0000000744800000|100%|HC|  |TAMS 0x0000000744800000, 0x0000000744800000| Complete 
|  36|0x0000000744800000, 0x0000000744a00000, 0x0000000744a00000|100%| O|  |TAMS 0x0000000744a00000, 0x0000000744a00000| Untracked 
|  37|0x0000000744a00000, 0x0000000744c00000, 0x0000000744c00000|100%|HS|  |TAMS 0x0000000744c00000, 0x0000000744c00000| Complete 
|  38|0x0000000744c00000, 0x0000000744e00000, 0x0000000744e00000|100%|HS|  |TAMS 0x0000000744e00000, 0x0000000744e00000| Complete 
|  39|0x0000000744e00000, 0x0000000745000000, 0x0000000745000000|100%|HS|  |TAMS 0x0000000745000000, 0x0000000745000000| Complete 
|  40|0x0000000745000000, 0x0000000745200000, 0x0000000745200000|100%|HC|  |TAMS 0x0000000745200000, 0x0000000745200000| Complete 
|  41|0x0000000745200000, 0x0000000745400000, 0x0000000745400000|100%|HS|  |TAMS 0x0000000745400000, 0x0000000745400000| Complete 
|  42|0x0000000745400000, 0x0000000745600000, 0x0000000745600000|100%|HC|  |TAMS 0x0000000745600000, 0x0000000745600000| Complete 
|  43|0x0000000745600000, 0x0000000745800000, 0x0000000745800000|100%| O|  |TAMS 0x0000000745800000, 0x0000000745800000| Untracked 
|  44|0x0000000745800000, 0x0000000745a00000, 0x0000000745a00000|100%| O|  |TAMS 0x0000000745a00000, 0x0000000745a00000| Untracked 
|  45|0x0000000745a00000, 0x0000000745c00000, 0x0000000745c00000|100%| O|  |TAMS 0x0000000745c00000, 0x0000000745c00000| Untracked 
|  46|0x0000000745c00000, 0x0000000745e00000, 0x0000000745e00000|100%|HS|  |TAMS 0x0000000745e00000, 0x0000000745e00000| Complete 
|  47|0x0000000745e00000, 0x0000000746000000, 0x0000000746000000|100%|HC|  |TAMS 0x0000000746000000, 0x0000000746000000| Complete 
|  48|0x0000000746000000, 0x0000000746200000, 0x0000000746200000|100%|HC|  |TAMS 0x0000000746200000, 0x0000000746200000| Complete 
|  49|0x0000000746200000, 0x0000000746400000, 0x0000000746400000|100%| O|  |TAMS 0x0000000746400000, 0x0000000746400000| Untracked 
|  50|0x0000000746400000, 0x0000000746600000, 0x0000000746600000|100%|HS|  |TAMS 0x0000000746600000, 0x0000000746600000| Complete 
|  51|0x0000000746600000, 0x0000000746800000, 0x0000000746800000|100%| O|  |TAMS 0x0000000746800000, 0x0000000746800000| Untracked 
|  52|0x0000000746800000, 0x0000000746a00000, 0x0000000746a00000|100%| O|  |TAMS 0x0000000746a00000, 0x0000000746a00000| Untracked 
|  53|0x0000000746a00000, 0x0000000746c00000, 0x0000000746c00000|100%| O|  |TAMS 0x0000000746c00000, 0x0000000746c00000| Untracked 
|  54|0x0000000746c00000, 0x0000000746e00000, 0x0000000746e00000|100%| O|  |TAMS 0x0000000746e00000, 0x0000000746e00000| Untracked 
|  55|0x0000000746e00000, 0x0000000747000000, 0x0000000747000000|100%| O|  |TAMS 0x0000000746ec1000, 0x0000000747000000| Untracked 
|  56|0x0000000747000000, 0x0000000747000000, 0x0000000747200000|  0%| F|  |TAMS 0x0000000747000000, 0x0000000747000000| Untracked 
|  57|0x0000000747200000, 0x0000000747200000, 0x0000000747400000|  0%| F|  |TAMS 0x0000000747200000, 0x0000000747200000| Untracked 
|  58|0x0000000747400000, 0x0000000747400000, 0x0000000747600000|  0%| F|  |TAMS 0x0000000747400000, 0x0000000747400000| Untracked 
|  59|0x0000000747600000, 0x0000000747600000, 0x0000000747800000|  0%| F|  |TAMS 0x0000000747600000, 0x0000000747600000| Untracked 
|  60|0x0000000747800000, 0x0000000747800000, 0x0000000747a00000|  0%| F|  |TAMS 0x0000000747800000, 0x0000000747800000| Untracked 
|  61|0x0000000747a00000, 0x0000000747a00000, 0x0000000747c00000|  0%| F|  |TAMS 0x0000000747a00000, 0x0000000747a00000| Untracked 
|  62|0x0000000747c00000, 0x0000000747c00000, 0x0000000747e00000|  0%| F|  |TAMS 0x0000000747c00000, 0x0000000747c00000| Untracked 
|  63|0x0000000747e00000, 0x0000000747e00000, 0x0000000748000000|  0%| F|  |TAMS 0x0000000747e00000, 0x0000000747e00000| Untracked 
|  64|0x0000000748000000, 0x0000000748000000, 0x0000000748200000|  0%| F|  |TAMS 0x0000000748000000, 0x0000000748000000| Untracked 
|  65|0x0000000748200000, 0x0000000748200000, 0x0000000748400000|  0%| F|  |TAMS 0x0000000748200000, 0x0000000748200000| Untracked 
|  66|0x0000000748400000, 0x00000007484faa00, 0x0000000748600000| 48%| O|  |TAMS 0x0000000748400000, 0x00000007484faa00| Untracked 
|  67|0x0000000748600000, 0x0000000748600000, 0x0000000748800000|  0%| F|  |TAMS 0x0000000748600000, 0x0000000748600000| Untracked 
|  68|0x0000000748800000, 0x0000000748800000, 0x0000000748a00000|  0%| F|  |TAMS 0x0000000748800000, 0x0000000748800000| Untracked 
|  69|0x0000000748a00000, 0x0000000748a00000, 0x0000000748c00000|  0%| F|  |TAMS 0x0000000748a00000, 0x0000000748a00000| Untracked 
|  70|0x0000000748c00000, 0x0000000748c00000, 0x0000000748e00000|  0%| F|  |TAMS 0x0000000748c00000, 0x0000000748c00000| Untracked 
|  71|0x0000000748e00000, 0x0000000748e00000, 0x0000000749000000|  0%| F|  |TAMS 0x0000000748e00000, 0x0000000748e00000| Untracked 
|  72|0x0000000749000000, 0x0000000749000000, 0x0000000749200000|  0%| F|  |TAMS 0x0000000749000000, 0x0000000749000000| Untracked 
|  73|0x0000000749200000, 0x0000000749200000, 0x0000000749400000|  0%| F|  |TAMS 0x0000000749200000, 0x0000000749200000| Untracked 
|  74|0x0000000749400000, 0x0000000749400000, 0x0000000749600000|  0%| F|  |TAMS 0x0000000749400000, 0x0000000749400000| Untracked 
|  75|0x0000000749600000, 0x0000000749600000, 0x0000000749800000|  0%| F|  |TAMS 0x0000000749600000, 0x0000000749600000| Untracked 
|  76|0x0000000749800000, 0x0000000749800000, 0x0000000749a00000|  0%| F|  |TAMS 0x0000000749800000, 0x0000000749800000| Untracked 
|  77|0x0000000749a00000, 0x0000000749a00000, 0x0000000749c00000|  0%| F|  |TAMS 0x0000000749a00000, 0x0000000749a00000| Untracked 
|  78|0x0000000749c00000, 0x0000000749c00000, 0x0000000749e00000|  0%| F|  |TAMS 0x0000000749c00000, 0x0000000749c00000| Untracked 
|  79|0x0000000749e00000, 0x0000000749e00000, 0x000000074a000000|  0%| F|  |TAMS 0x0000000749e00000, 0x0000000749e00000| Untracked 
|  80|0x000000074a000000, 0x000000074a000000, 0x000000074a200000|  0%| F|  |TAMS 0x000000074a000000, 0x000000074a000000| Untracked 
|  81|0x000000074a200000, 0x000000074a200000, 0x000000074a400000|  0%| F|  |TAMS 0x000000074a200000, 0x000000074a200000| Untracked 
|  82|0x000000074a400000, 0x000000074a400000, 0x000000074a600000|  0%| F|  |TAMS 0x000000074a400000, 0x000000074a400000| Untracked 
|  83|0x000000074a600000, 0x000000074a600000, 0x000000074a800000|  0%| F|  |TAMS 0x000000074a600000, 0x000000074a600000| Untracked 
|  84|0x000000074a800000, 0x000000074a800000, 0x000000074aa00000|  0%| F|  |TAMS 0x000000074a800000, 0x000000074a800000| Untracked 
|  85|0x000000074aa00000, 0x000000074aa00000, 0x000000074ac00000|  0%| F|  |TAMS 0x000000074aa00000, 0x000000074aa00000| Untracked 
|  86|0x000000074ac00000, 0x000000074ac00000, 0x000000074ae00000|  0%| F|  |TAMS 0x000000074ac00000, 0x000000074ac00000| Untracked 
|  87|0x000000074ae00000, 0x000000074ae00000, 0x000000074b000000|  0%| F|  |TAMS 0x000000074ae00000, 0x000000074ae00000| Untracked 
|  88|0x000000074b000000, 0x000000074b000000, 0x000000074b200000|  0%| F|  |TAMS 0x000000074b000000, 0x000000074b000000| Untracked 
|  89|0x000000074b200000, 0x000000074b200000, 0x000000074b400000|  0%| F|  |TAMS 0x000000074b200000, 0x000000074b200000| Untracked 
|  90|0x000000074b400000, 0x000000074b400000, 0x000000074b600000|  0%| F|  |TAMS 0x000000074b400000, 0x000000074b400000| Untracked 
|  91|0x000000074b600000, 0x000000074b600000, 0x000000074b800000|  0%| F|  |TAMS 0x000000074b600000, 0x000000074b600000| Untracked 
|  92|0x000000074b800000, 0x000000074b800000, 0x000000074ba00000|  0%| F|  |TAMS 0x000000074b800000, 0x000000074b800000| Untracked 
|  93|0x000000074ba00000, 0x000000074ba00000, 0x000000074bc00000|  0%| F|  |TAMS 0x000000074ba00000, 0x000000074ba00000| Untracked 
|  94|0x000000074bc00000, 0x000000074bc00000, 0x000000074be00000|  0%| F|  |TAMS 0x000000074bc00000, 0x000000074bc00000| Untracked 
|  95|0x000000074be00000, 0x000000074be00000, 0x000000074c000000|  0%| F|  |TAMS 0x000000074be00000, 0x000000074be00000| Untracked 
|  96|0x000000074c000000, 0x000000074c000000, 0x000000074c200000|  0%| F|  |TAMS 0x000000074c000000, 0x000000074c000000| Untracked 
|  97|0x000000074c200000, 0x000000074c200000, 0x000000074c400000|  0%| F|  |TAMS 0x000000074c200000, 0x000000074c200000| Untracked 
|  98|0x000000074c400000, 0x000000074c400000, 0x000000074c600000|  0%| F|  |TAMS 0x000000074c400000, 0x000000074c400000| Untracked 
|  99|0x000000074c600000, 0x000000074c600000, 0x000000074c800000|  0%| F|  |TAMS 0x000000074c600000, 0x000000074c600000| Untracked 
| 100|0x000000074c800000, 0x000000074c800000, 0x000000074ca00000|  0%| F|  |TAMS 0x000000074c800000, 0x000000074c800000| Untracked 
| 101|0x000000074ca00000, 0x000000074ca00000, 0x000000074cc00000|  0%| F|  |TAMS 0x000000074ca00000, 0x000000074ca00000| Untracked 
| 102|0x000000074cc00000, 0x000000074cc00000, 0x000000074ce00000|  0%| F|  |TAMS 0x000000074cc00000, 0x000000074cc00000| Untracked 
| 103|0x000000074ce00000, 0x000000074ce00000, 0x000000074d000000|  0%| F|  |TAMS 0x000000074ce00000, 0x000000074ce00000| Untracked 
| 104|0x000000074d000000, 0x000000074d000000, 0x000000074d200000|  0%| F|  |TAMS 0x000000074d000000, 0x000000074d000000| Untracked 
| 105|0x000000074d200000, 0x000000074d200000, 0x000000074d400000|  0%| F|  |TAMS 0x000000074d200000, 0x000000074d200000| Untracked 
| 106|0x000000074d400000, 0x000000074d400000, 0x000000074d600000|  0%| F|  |TAMS 0x000000074d400000, 0x000000074d400000| Untracked 
| 107|0x000000074d600000, 0x000000074d600000, 0x000000074d800000|  0%| F|  |TAMS 0x000000074d600000, 0x000000074d600000| Untracked 
| 108|0x000000074d800000, 0x000000074d800000, 0x000000074da00000|  0%| F|  |TAMS 0x000000074d800000, 0x000000074d800000| Untracked 
| 109|0x000000074da00000, 0x000000074da00000, 0x000000074dc00000|  0%| F|  |TAMS 0x000000074da00000, 0x000000074da00000| Untracked 
| 110|0x000000074dc00000, 0x000000074dc00000, 0x000000074de00000|  0%| F|  |TAMS 0x000000074dc00000, 0x000000074dc00000| Untracked 
| 111|0x000000074de00000, 0x000000074de00000, 0x000000074e000000|  0%| F|  |TAMS 0x000000074de00000, 0x000000074de00000| Untracked 
| 112|0x000000074e000000, 0x000000074e000000, 0x000000074e200000|  0%| F|  |TAMS 0x000000074e000000, 0x000000074e000000| Untracked 
| 113|0x000000074e200000, 0x000000074e200000, 0x000000074e400000|  0%| F|  |TAMS 0x000000074e200000, 0x000000074e200000| Untracked 
| 114|0x000000074e400000, 0x000000074e400000, 0x000000074e600000|  0%| F|  |TAMS 0x000000074e400000, 0x000000074e400000| Untracked 
| 115|0x000000074e600000, 0x000000074e600000, 0x000000074e800000|  0%| F|  |TAMS 0x000000074e600000, 0x000000074e600000| Untracked 
| 116|0x000000074e800000, 0x000000074e800000, 0x000000074ea00000|  0%| F|  |TAMS 0x000000074e800000, 0x000000074e800000| Untracked 
| 117|0x000000074ea00000, 0x000000074ea00000, 0x000000074ec00000|  0%| F|  |TAMS 0x000000074ea00000, 0x000000074ea00000| Untracked 
| 118|0x000000074ec00000, 0x000000074ec00000, 0x000000074ee00000|  0%| F|  |TAMS 0x000000074ec00000, 0x000000074ec00000| Untracked 
| 119|0x000000074ee00000, 0x000000074ee00000, 0x000000074f000000|  0%| F|  |TAMS 0x000000074ee00000, 0x000000074ee00000| Untracked 
| 120|0x000000074f000000, 0x000000074f000000, 0x000000074f200000|  0%| F|  |TAMS 0x000000074f000000, 0x000000074f000000| Untracked 
| 121|0x000000074f200000, 0x000000074f200000, 0x000000074f400000|  0%| F|  |TAMS 0x000000074f200000, 0x000000074f200000| Untracked 
| 122|0x000000074f400000, 0x000000074f400000, 0x000000074f600000|  0%| F|  |TAMS 0x000000074f400000, 0x000000074f400000| Untracked 
| 123|0x000000074f600000, 0x000000074f600000, 0x000000074f800000|  0%| F|  |TAMS 0x000000074f600000, 0x000000074f600000| Untracked 
| 124|0x000000074f800000, 0x000000074f9699d0, 0x000000074fa00000| 70%| S|CS|TAMS 0x000000074f800000, 0x000000074f800000| Complete 
| 125|0x000000074fa00000, 0x000000074fc00000, 0x000000074fc00000|100%| S|CS|TAMS 0x000000074fa00000, 0x000000074fa00000| Complete 
| 126|0x000000074fc00000, 0x000000074fc00000, 0x000000074fe00000|  0%| F|  |TAMS 0x000000074fc00000, 0x000000074fc00000| Untracked 

Card table byte_map: [0x000001aec64b0000,0x000001aec6ab0000] _byte_map_base: 0x000001aec2ab0000

Marking Bits (Prev, Next): (CMBitMap*) 0x000001aead189520, (CMBitMap*) 0x000001aead189560
 Prev Bits: [0x000001aec70b0000, 0x000001aeca0b0000)
 Next Bits: [0x000001aeca0b0000, 0x000001aecd0b0000)

Polling page: 0x000001aead210000

Metaspace:

Usage:
  Non-class:     49.55 MB used.
      Class:      7.84 MB used.
       Both:     57.39 MB used.

Virtual space:
  Non-class space:       56.00 MB reserved,      49.94 MB ( 89%) committed,  7 nodes.
      Class space:        1.00 GB reserved,       8.13 MB ( <1%) committed,  1 nodes.
             Both:        1.05 GB reserved,      58.06 MB (  5%) committed. 

Chunk freelists:
   Non-Class:  1.73 MB
       Class:  3.82 MB
        Both:  5.55 MB

MaxMetaspaceSize: unlimited
CompressedClassSpaceSize: 1.00 GB
Initial GC threshold: 21.00 MB
Current GC threshold: 95.94 MB
CDS: on
MetaspaceReclaimPolicy: balanced
 - commit_granule_bytes: 65536.
 - commit_granule_words: 8192.
 - virtual_space_node_default_size: 1048576.
 - enlarge_chunks_in_place: 1.
 - new_chunks_are_fully_committed: 0.
 - uncommit_free_chunks: 1.
 - use_allocation_guard: 0.
 - handle_deallocations: 1.


Internal statistics:

num_allocs_failed_limit: 0.
num_arena_births: 670.
num_arena_deaths: 0.
num_vsnodes_births: 8.
num_vsnodes_deaths: 0.
num_space_committed: 929.
num_space_uncommitted: 0.
num_chunks_returned_to_freelist: 0.
num_chunks_taken_from_freelist: 2837.
num_chunk_merges: 0.
num_chunk_splits: 1793.
num_chunks_enlarged: 1121.
num_purges: 0.
num_inconsistent_stats: 0.

CodeHeap 'non-profiled nmethods': size=120000Kb used=2888Kb max_used=2989Kb free=117111Kb
 bounds [0x000001aebdf20000, 0x000001aebe210000, 0x000001aec5450000]
CodeHeap 'profiled nmethods': size=120000Kb used=13021Kb max_used=13021Kb free=106978Kb
 bounds [0x000001aeb69f0000, 0x000001aeb76b0000, 0x000001aebdf20000]
CodeHeap 'non-nmethods': size=5760Kb used=2365Kb max_used=2408Kb free=3394Kb
 bounds [0x000001aeb6450000, 0x000001aeb66c0000, 0x000001aeb69f0000]
 total_blobs=7257 nmethods=6365 adapters=803
 compilation: enabled
              stopped_count=0, restarted_count=0
 full_count=0

Compilation events (20 events):
Event: 19.716 Thread 0x000001aecfb2b860 7290       1       net.minecraftforge.artifactural.base.artifact.SimpleArtifactIdentifier::getClassifier (5 bytes)
Event: 19.716 Thread 0x000001aecfb2b860 nmethod 7290 0x000001aebe143410 code [0x000001aebe1435a0, 0x000001aebe143678]
Event: 19.722 Thread 0x000001aecfb2b860 7293       3       com.google.gson.internal.bind.JsonTreeReader::hasNext (25 bytes)
Event: 19.722 Thread 0x000001aecfb2b860 nmethod 7293 0x000001aeb769ef90 code [0x000001aeb769f140, 0x000001aeb769f328]
Event: 19.722 Thread 0x000001aecfb2b860 7296       3       com.google.gson.stream.JsonReader::isLiteral (148 bytes)
Event: 19.723 Thread 0x000001aecfb2b860 nmethod 7296 0x000001aeb769f410 code [0x000001aeb769f640, 0x000001aeb769fe98]
Event: 19.723 Thread 0x000001aecfb2b860 7295       3       com.google.gson.stream.JsonReader::beginArray (82 bytes)
Event: 19.724 Thread 0x000001aecfb2b860 nmethod 7295 0x000001aeb76a0110 code [0x000001aeb76a03a0, 0x000001aeb76a0f48]
Event: 19.724 Thread 0x000001aecfb2b860 7297   !   3       com.google.gson.stream.JsonReader::nextInt (358 bytes)
Event: 19.732 Thread 0x000001aecfb2b860 nmethod 7297 0x000001aeb76a1310 code [0x000001aeb76a17e0, 0x000001aeb76a3918]
Event: 19.732 Thread 0x000001aecfb2b860 7298       3       jdk.internal.reflect.UnsafeIntegerFieldAccessorImpl::set (136 bytes)
Event: 19.734 Thread 0x000001aecfb2b860 nmethod 7298 0x000001aeb76a4390 code [0x000001aeb76a46c0, 0x000001aeb76a6128]
Event: 19.734 Thread 0x000001aecfb2b860 7299       3       net.minecraftforge.gradle.common.util.VersionJson$Download::<init> (5 bytes)
Event: 19.734 Thread 0x000001aecfb2b860 nmethod 7299 0x000001aeb76a6690 code [0x000001aeb76a6820, 0x000001aeb76a6978]
Event: 19.734 Thread 0x000001aecfb2b860 7294   !   3       com.google.gson.internal.LinkedTreeMap::findByObject (18 bytes)
Event: 19.734 Thread 0x000001aecfb2b860 nmethod 7294 0x000001aeb76a6a10 code [0x000001aeb76a6bc0, 0x000001aeb76a6dc8]
Event: 19.740 Thread 0x000001aecfb2b860 7300       3       java.security.MessageDigest::getInstance (119 bytes)
Event: 19.740 Thread 0x000001aecfb2b860 nmethod 7300 0x000001aeb76a6e90 code [0x000001aeb76a7080, 0x000001aeb76a7748]
Event: 19.745 Thread 0x000001aecfb2b860 7301       3       com.google.common.base.Preconditions::checkNotNull (14 bytes)
Event: 19.745 Thread 0x000001aecfb2b860 nmethod 7301 0x000001aeb76a7910 code [0x000001aeb76a7ac0, 0x000001aeb76a7ca8]

GC Heap History (20 events):
Event: 17.282 GC heap after
{Heap after GC invocations=32 (full 0):
 garbage-first heap   total 215040K, used 116028K [0x0000000740000000, 0x0000000800000000)
  region size 2048K, 2 young (4096K), 2 survivors (4096K)
 Metaspace       used 55337K, committed 55936K, reserved 1097728K
  class space    used 7601K, committed 7872K, reserved 1048576K
}
Event: 17.393 GC heap before
{Heap before GC invocations=33 (full 0):
 garbage-first heap   total 215040K, used 120124K [0x0000000740000000, 0x0000000800000000)
  region size 2048K, 3 young (6144K), 2 survivors (4096K)
 Metaspace       used 55465K, committed 56064K, reserved 1097728K
  class space    used 7612K, committed 7872K, reserved 1048576K
}
Event: 17.397 GC heap after
{Heap after GC invocations=34 (full 0):
 garbage-first heap   total 215040K, used 116033K [0x0000000740000000, 0x0000000800000000)
  region size 2048K, 2 young (4096K), 2 survivors (4096K)
 Metaspace       used 55465K, committed 56064K, reserved 1097728K
  class space    used 7612K, committed 7872K, reserved 1048576K
}
Event: 17.505 GC heap before
{Heap before GC invocations=35 (full 0):
 garbage-first heap   total 215040K, used 124225K [0x0000000740000000, 0x0000000800000000)
  region size 2048K, 3 young (6144K), 2 survivors (4096K)
 Metaspace       used 55483K, committed 56064K, reserved 1097728K
  class space    used 7614K, committed 7872K, reserved 1048576K
}
Event: 17.510 GC heap after
{Heap after GC invocations=36 (full 0):
 garbage-first heap   total 215040K, used 115886K [0x0000000740000000, 0x0000000800000000)
  region size 2048K, 2 young (4096K), 2 survivors (4096K)
 Metaspace       used 55483K, committed 56064K, reserved 1097728K
  class space    used 7614K, committed 7872K, reserved 1048576K
}
Event: 18.822 GC heap before
{Heap before GC invocations=37 (full 0):
 garbage-first heap   total 215040K, used 140462K [0x0000000740000000, 0x0000000800000000)
  region size 2048K, 14 young (28672K), 2 survivors (4096K)
 Metaspace       used 57124K, committed 57728K, reserved 1105920K
  class space    used 7868K, committed 8128K, reserved 1048576K
}
Event: 18.829 GC heap after
{Heap after GC invocations=38 (full 0):
 garbage-first heap   total 215040K, used 117779K [0x0000000740000000, 0x0000000800000000)
  region size 2048K, 3 young (6144K), 3 survivors (6144K)
 Metaspace       used 57124K, committed 57728K, reserved 1105920K
  class space    used 7868K, committed 8128K, reserved 1048576K
}
Event: 19.025 GC heap before
{Heap before GC invocations=39 (full 0):
 garbage-first heap   total 215040K, used 125971K [0x0000000740000000, 0x0000000800000000)
  region size 2048K, 6 young (12288K), 3 survivors (6144K)
 Metaspace       used 58044K, committed 58624K, reserved 1105920K
  class space    used 7952K, committed 8192K, reserved 1048576K
}
Event: 19.029 GC heap after
{Heap after GC invocations=40 (full 0):
 garbage-first heap   total 215040K, used 117963K [0x0000000740000000, 0x0000000800000000)
  region size 2048K, 3 young (6144K), 3 survivors (6144K)
 Metaspace       used 58044K, committed 58624K, reserved 1105920K
  class space    used 7952K, committed 8192K, reserved 1048576K
}
Event: 19.379 GC heap before
{Heap before GC invocations=41 (full 0):
 garbage-first heap   total 239616K, used 148683K [0x0000000740000000, 0x0000000800000000)
  region size 2048K, 9 young (18432K), 3 survivors (6144K)
 Metaspace       used 58290K, committed 58816K, reserved 1105920K
  class space    used 7968K, committed 8192K, reserved 1048576K
}
Event: 19.385 GC heap after
{Heap after GC invocations=42 (full 0):
 garbage-first heap   total 239616K, used 118776K [0x0000000740000000, 0x0000000800000000)
  region size 2048K, 2 young (4096K), 2 survivors (4096K)
 Metaspace       used 58290K, committed 58816K, reserved 1105920K
  class space    used 7968K, committed 8192K, reserved 1048576K
}
Event: 19.542 GC heap before
{Heap before GC invocations=43 (full 0):
 garbage-first heap   total 260096K, used 172024K [0x0000000740000000, 0x0000000800000000)
  region size 2048K, 9 young (18432K), 2 survivors (4096K)
 Metaspace       used 58331K, committed 58944K, reserved 1105920K
  class space    used 7968K, committed 8192K, reserved 1048576K
}
Event: 19.546 GC heap after
{Heap after GC invocations=44 (full 0):
 garbage-first heap   total 260096K, used 118654K [0x0000000740000000, 0x0000000800000000)
  region size 2048K, 2 young (4096K), 2 survivors (4096K)
 Metaspace       used 58331K, committed 58944K, reserved 1105920K
  class space    used 7968K, committed 8192K, reserved 1048576K
}
Event: 19.666 GC heap before
{Heap before GC invocations=44 (full 0):
 garbage-first heap   total 260096K, used 128894K [0x0000000740000000, 0x0000000800000000)
  region size 2048K, 5 young (10240K), 2 survivors (4096K)
 Metaspace       used 58701K, committed 59328K, reserved 1105920K
  class space    used 8025K, committed 8320K, reserved 1048576K
}
Event: 19.671 GC heap after
{Heap after GC invocations=45 (full 0):
 garbage-first heap   total 260096K, used 119177K [0x0000000740000000, 0x0000000800000000)
  region size 2048K, 2 young (4096K), 2 survivors (4096K)
 Metaspace       used 58701K, committed 59328K, reserved 1105920K
  class space    used 8025K, committed 8320K, reserved 1048576K
}
Event: 19.677 GC heap before
{Heap before GC invocations=45 (full 0):
 garbage-first heap   total 260096K, used 121225K [0x0000000740000000, 0x0000000800000000)
  region size 2048K, 3 young (6144K), 2 survivors (4096K)
 Metaspace       used 58701K, committed 59328K, reserved 1105920K
  class space    used 8025K, committed 8320K, reserved 1048576K
}
Event: 19.681 GC heap after
{Heap after GC invocations=46 (full 0):
 garbage-first heap   total 260096K, used 118995K [0x0000000740000000, 0x0000000800000000)
  region size 2048K, 2 young (4096K), 2 survivors (4096K)
 Metaspace       used 58701K, committed 59328K, reserved 1105920K
  class space    used 8025K, committed 8320K, reserved 1048576K
}
Event: 19.725 GC heap before
{Heap before GC invocations=46 (full 0):
 garbage-first heap   total 260096K, used 123091K [0x0000000740000000, 0x0000000800000000)
  region size 2048K, 3 young (6144K), 2 survivors (4096K)
 Metaspace       used 58757K, committed 59456K, reserved 1105920K
  class space    used 8025K, committed 8320K, reserved 1048576K
}
Event: 19.731 GC heap after
{Heap after GC invocations=47 (full 0):
 garbage-first heap   total 260096K, used 119406K [0x0000000740000000, 0x0000000800000000)
  region size 2048K, 2 young (4096K), 2 survivors (4096K)
 Metaspace       used 58757K, committed 59456K, reserved 1105920K
  class space    used 8025K, committed 8320K, reserved 1048576K
}
Event: 19.745 GC heap before
{Heap before GC invocations=47 (full 0):
 garbage-first heap   total 260096K, used 125550K [0x0000000740000000, 0x0000000800000000)
  region size 2048K, 3 young (6144K), 2 survivors (4096K)
 Metaspace       used 58762K, committed 59456K, reserved 1105920K
  class space    used 8025K, committed 8320K, reserved 1048576K
}

Deoptimization events (20 events):
Event: 19.214 Thread 0x000001aed1c0b850 DEOPT PACKING pc=0x000001aeb737c4f9 sp=0x0000005f67af6de0
Event: 19.214 Thread 0x000001aed1c0b850 DEOPT UNPACKING pc=0x000001aeb64a2b43 sp=0x0000005f67af62d8 mode 0
Event: 19.264 Thread 0x000001aed1c0b850 DEOPT PACKING pc=0x000001aeb6ee7cc3 sp=0x0000005f67af6770
Event: 19.264 Thread 0x000001aed1c0b850 DEOPT UNPACKING pc=0x000001aeb64a2b43 sp=0x0000005f67af5bf8 mode 0
Event: 19.354 Thread 0x000001aed4e752e0 Uncommon trap: trap_request=0xffffffde fr.pc=0x000001aebdf89d74 relative=0x0000000000000414
Event: 19.354 Thread 0x000001aed4e752e0 Uncommon trap: reason=class_check action=maybe_recompile pc=0x000001aebdf89d74 method=java.util.regex.Pattern.lambda$negate$7(Ljava/util/regex/Pattern$CharPredicate;I)Z @ 2 c2
Event: 19.354 Thread 0x000001aed4e752e0 DEOPT PACKING pc=0x000001aebdf89d74 sp=0x0000005f6c9fcfd0
Event: 19.354 Thread 0x000001aed4e752e0 DEOPT UNPACKING pc=0x000001aeb64a23a3 sp=0x0000005f6c9fce80 mode 2
Event: 19.355 Thread 0x000001aed4e757b0 DEOPT PACKING pc=0x000001aeb6d60af4 sp=0x0000005f6cbfd4c0
Event: 19.355 Thread 0x000001aed4e757b0 DEOPT UNPACKING pc=0x000001aeb64a2b43 sp=0x0000005f6cbfca40 mode 0
Event: 19.407 Thread 0x000001aed4dd4f10 DEOPT PACKING pc=0x000001aeb6d60af4 sp=0x0000005f6ecfcc40
Event: 19.407 Thread 0x000001aed4dd4f10 DEOPT UNPACKING pc=0x000001aeb64a2b43 sp=0x0000005f6ecfc1c0 mode 0
Event: 19.432 Thread 0x000001aed4e74940 DEOPT PACKING pc=0x000001aeb6ee7cc3 sp=0x0000005f6cefd110
Event: 19.432 Thread 0x000001aed4e74940 DEOPT UNPACKING pc=0x000001aeb64a2b43 sp=0x0000005f6cefc598 mode 0
Event: 19.451 Thread 0x000001aed4dcf3a0 DEOPT PACKING pc=0x000001aeb6d60af4 sp=0x0000005f6e6fcfb0
Event: 19.451 Thread 0x000001aed4dcf3a0 DEOPT UNPACKING pc=0x000001aeb64a2b43 sp=0x0000005f6e6fc530 mode 0
Event: 19.623 Thread 0x000001aed1c0b850 Uncommon trap: trap_request=0xffffff45 fr.pc=0x000001aebe172618 relative=0x0000000000000118
Event: 19.623 Thread 0x000001aed1c0b850 Uncommon trap: reason=unstable_if action=reinterpret pc=0x000001aebe172618 method=jdk.internal.org.objectweb.asm.ByteVector.putInt(I)Ljdk/internal/org/objectweb/asm/ByteVector; @ 13 c2
Event: 19.623 Thread 0x000001aed1c0b850 DEOPT PACKING pc=0x000001aebe172618 sp=0x0000005f67af8000
Event: 19.623 Thread 0x000001aed1c0b850 DEOPT UNPACKING pc=0x000001aeb64a23a3 sp=0x0000005f67af7f98 mode 2

Classes unloaded (0 events):
No events

Classes redefined (0 events):
No events

Internal exceptions (20 events):
Event: 17.656 Thread 0x000001aed49e0670 Implicit null exception at 0x000001aebe187a03 to 0x000001aebe187c20
Event: 17.656 Thread 0x000001aed49e3b60 Implicit null exception at 0x000001aebe187a03 to 0x000001aebe187c20
Event: 17.664 Thread 0x000001aed4e74e10 Implicit null exception at 0x000001aebe0c07ce to 0x000001aebe0c07f4
Event: 17.771 Thread 0x000001aed4e7a980 Exception <a 'java/lang/NoSuchMethodError'{0x000000074c5f79f8}: 'void java.lang.invoke.DirectMethodHandle$Holder.invokeStatic(java.lang.Object, long)'> (0x000000074c5f79f8) 
thrown [s\src\hotspot\share\interpreter\linkResolver.cpp, line 759]
Event: 17.772 Thread 0x000001aed4e7a980 Exception <a 'java/lang/NoSuchMethodError'{0x000000074c5fcda0}: 'java.lang.Object java.lang.invoke.DirectMethodHandle$Holder.newInvokeSpecial(java.lang.Object, long)'> (0x000000074c5fcda0) 
thrown [s\src\hotspot\share\interpreter\linkResolver.cpp, line 759]
Event: 17.774 Thread 0x000001aed4e7a980 Exception <a 'java/lang/NoSuchMethodError'{0x000000074c203e58}: 'java.lang.Object java.lang.invoke.DirectMethodHandle$Holder.invokeStatic(java.lang.Object, java.lang.Object, long, java.lang.Object)'> (0x000000074c203e58) 
thrown [s\src\hotspot\share\interpreter\linkResolver.cpp, line 759]
Event: 17.774 Thread 0x000001aed4e7a980 Exception <a 'java/lang/NoSuchMethodError'{0x000000074c2078f0}: 'java.lang.Object java.lang.invoke.DirectMethodHandle$Holder.invokeStaticInit(java.lang.Object, java.lang.Object, long, java.lang.Object)'> (0x000000074c2078f0) 
thrown [s\src\hotspot\share\interpreter\linkResolver.cpp, line 759]
Event: 17.775 Thread 0x000001aed4e7a980 Exception <a 'java/lang/NoSuchMethodError'{0x000000074c20df00}: 'java.lang.Object java.lang.invoke.DirectMethodHandle$Holder.newInvokeSpecial(java.lang.Object, java.lang.Object, long)'> (0x000000074c20df00) 
thrown [s\src\hotspot\share\interpreter\linkResolver.cpp, line 759]
Event: 17.775 Thread 0x000001aed4e7a980 Exception <a 'java/lang/NoSuchMethodError'{0x000000074c211a70}: 'java.lang.Object java.lang.invoke.Invokers$Holder.linkToTargetMethod(java.lang.Object, long, java.lang.Object)'> (0x000000074c211a70) 
thrown [s\src\hotspot\share\interpreter\linkResolver.cpp, line 759]
Event: 18.519 Thread 0x000001aed4e7a980 Exception <a 'java/io/IOException'{0x000000074c236210}: CreateProcess error=2, Het systeem kan het opgegeven bestand niet vinden> (0x000000074c236210) 
thrown [s\src\hotspot\share\prims\jni.cpp, line 535]
Event: 18.813 Thread 0x000001aed1c0b850 Implicit null exception at 0x000001aebe1f14f2 to 0x000001aebe1f1af0
Event: 18.819 Thread 0x000001aed1c0b850 Implicit null exception at 0x000001aebdf566f2 to 0x000001aebdf56cd0
Event: 19.598 Thread 0x000001aed1c0b850 Exception <a 'java/lang/ClassNotFoundException'{0x000000074f9b7390}: net/minecraftforge/gradle/userdev/tasks/RenameJarInPlace_DecoratedBeanInfo> (0x000000074f9b7390) 
thrown [s\src\hotspot\share\classfile\systemDictionary.cpp, line 256]
Event: 19.600 Thread 0x000001aed1c0b850 Exception <a 'java/lang/ClassNotFoundException'{0x000000074f9c3178}: net/minecraftforge/gradle/userdev/tasks/RenameJarInPlaceBeanInfo> (0x000000074f9c3178) 
thrown [s\src\hotspot\share\classfile\systemDictionary.cpp, line 256]
Event: 19.600 Thread 0x000001aed1c0b850 Exception <a 'java/lang/ClassNotFoundException'{0x000000074f9cf130}: net/minecraftforge/gradle/common/tasks/JarExecBeanInfo> (0x000000074f9cf130) 
thrown [s\src\hotspot\share\classfile\systemDictionary.cpp, line 256]
Event: 19.601 Thread 0x000001aed1c0b850 Exception <a 'java/lang/ClassNotFoundException'{0x000000074f9db380}: net/minecraftforge/gradle/common/tasks/JarExecCustomizer> (0x000000074f9db380) 
thrown [s\src\hotspot\share\classfile\systemDictionary.cpp, line 256]
Event: 19.603 Thread 0x000001aed1c0b850 Exception <a 'java/lang/ClassNotFoundException'{0x000000074f6053d0}: net/minecraftforge/gradle/userdev/tasks/RenameJarInPlaceCustomizer> (0x000000074f6053d0) 
thrown [s\src\hotspot\share\classfile\systemDictionary.cpp, line 256]
Event: 19.605 Thread 0x000001aed1c0b850 Exception <a 'java/lang/ClassNotFoundException'{0x000000074f6266f8}: net/minecraftforge/gradle/userdev/tasks/RenameJarInPlace_DecoratedCustomizer> (0x000000074f6266f8) 
thrown [s\src\hotspot\share\classfile\systemDictionary.cpp, line 256]
Event: 19.619 Thread 0x000001aed1c0b850 Exception <a 'java/lang/NoSuchMethodError'{0x000000074f6ffe40}: 'void java.lang.invoke.DirectMethodHandle$Holder.invokeVirtual(java.lang.Object, java.lang.Object)'> (0x000000074f6ffe40) 
thrown [s\src\hotspot\share\interpreter\linkResolver.cpp, line 759]
Event: 19.622 Thread 0x000001aed1c0b850 Exception <a 'java/lang/NoSuchMethodError'{0x000000074f7144c8}: 'void java.lang.invoke.DirectMethodHandle$Holder.invokeStatic(java.lang.Object, java.lang.Object, java.lang.Object, java.lang.Object, java.lang.Object, java.lang.Object, java.lang.Object)'> (0x000000074f7144c8) 
thrown [s\src\hotspot\share\interpreter\linkResolver.cpp, line 759]

VM Operations (20 events):
Event: 19.247 Executing VM operation: HandshakeAllThreads done
Event: 19.374 Executing VM operation: ICBufferFull
Event: 19.374 Executing VM operation: ICBufferFull done
Event: 19.378 Executing VM operation: G1TryInitiateConcMark
Event: 19.385 Executing VM operation: G1TryInitiateConcMark done
Event: 19.452 Executing VM operation: G1Concurrent
Event: 19.459 Executing VM operation: G1Concurrent done
Event: 19.487 Executing VM operation: G1Concurrent
Event: 19.491 Executing VM operation: G1Concurrent done
Event: 19.542 Executing VM operation: G1TryInitiateConcMark
Event: 19.546 Executing VM operation: G1TryInitiateConcMark done
Event: 19.620 Executing VM operation: HandshakeAllThreads
Event: 19.621 Executing VM operation: HandshakeAllThreads done
Event: 19.666 Executing VM operation: G1TryInitiateConcMark
Event: 19.671 Executing VM operation: G1TryInitiateConcMark done
Event: 19.677 Executing VM operation: G1TryInitiateConcMark
Event: 19.681 Executing VM operation: G1TryInitiateConcMark done
Event: 19.725 Executing VM operation: G1TryInitiateConcMark
Event: 19.731 Executing VM operation: G1TryInitiateConcMark done
Event: 19.745 Executing VM operation: G1TryInitiateConcMark

Events (20 events):
Event: 19.369 Thread 0x000001aed4fa2290 Thread added: 0x000001aed4fa2290
Event: 19.370 Thread 0x000001aed4fa2c30 Thread added: 0x000001aed4fa2c30
Event: 19.372 Thread 0x000001aed4fa2760 Thread added: 0x000001aed4fa2760
Event: 19.372 Thread 0x000001aed4dd4a40 Thread added: 0x000001aed4dd4a40
Event: 19.373 Thread 0x000001aed4dceed0 Thread added: 0x000001aed4dceed0
Event: 19.374 Thread 0x000001aed4dcf3a0 Thread added: 0x000001aed4dcf3a0
Event: 19.375 Thread 0x000001aed4dd2890 Thread added: 0x000001aed4dd2890
Event: 19.377 Thread 0x000001aed4dce060 Thread added: 0x000001aed4dce060
Event: 19.377 Thread 0x000001aed4dd23c0 Thread added: 0x000001aed4dd23c0
Event: 19.377 Thread 0x000001aed4dd3bd0 Thread added: 0x000001aed4dd3bd0
Event: 19.378 Thread 0x000001aed4dd3230 Thread added: 0x000001aed4dd3230
Event: 19.378 Thread 0x000001aed4dd4f10 Thread added: 0x000001aed4dd4f10
Event: 19.387 Thread 0x000001aed4dd1ef0 Thread added: 0x000001aed4dd1ef0
Event: 19.388 Thread 0x000001aed4dd1550 Thread added: 0x000001aed4dd1550
Event: 19.389 Thread 0x000001aed4dd40a0 Thread added: 0x000001aed4dd40a0
Event: 19.394 Thread 0x000001aed4dcf870 Thread added: 0x000001aed4dcf870
Event: 19.394 Thread 0x000001aed4dd1a20 Thread added: 0x000001aed4dd1a20
Event: 19.395 Thread 0x000001aed4dcfd40 Thread added: 0x000001aed4dcfd40
Event: 19.657 loading class java/lang/StackTraceElement$HashedModules
Event: 19.658 loading class java/lang/StackTraceElement$HashedModules done


Dynamic libraries:
0x00007ff777a30000 - 0x00007ff777a3d000 	C:\Users\jaspe\.jdks\corretto-17.0.4\bin\java.exe
0x00007ffc951e0000 - 0x00007ffc953e9000 	C:\WINDOWS\SYSTEM32\ntdll.dll
0x00007ffc93160000 - 0x00007ffc9321d000 	C:\WINDOWS\System32\KERNEL32.DLL
0x00007ffc927e0000 - 0x00007ffc92b5d000 	C:\WINDOWS\System32\KERNELBASE.dll
0x00007ffc92da0000 - 0x00007ffc92eb1000 	C:\WINDOWS\System32\ucrtbase.dll
0x00007ffc6cb20000 - 0x00007ffc6cb35000 	C:\Users\jaspe\.jdks\corretto-17.0.4\bin\VCRUNTIME140.dll
0x00007ffc694c0000 - 0x00007ffc694d8000 	C:\Users\jaspe\.jdks\corretto-17.0.4\bin\jli.dll
0x00007ffc94d30000 - 0x00007ffc94edd000 	C:\WINDOWS\System32\USER32.dll
0x00007ffc7c1b0000 - 0x00007ffc7c455000 	C:\WINDOWS\WinSxS\amd64_microsoft.windows.common-controls_6595b64144ccf1df_6.0.22000.120_none_9d947278b86cc467\COMCTL32.dll
0x00007ffc92b60000 - 0x00007ffc92b86000 	C:\WINDOWS\System32\win32u.dll
0x00007ffc94530000 - 0x00007ffc945d3000 	C:\WINDOWS\System32\msvcrt.dll
0x00007ffc94d00000 - 0x00007ffc94d29000 	C:\WINDOWS\System32\GDI32.dll
0x00007ffc926c0000 - 0x00007ffc927d8000 	C:\WINDOWS\System32\gdi32full.dll
0x00007ffc92b90000 - 0x00007ffc92c2d000 	C:\WINDOWS\System32\msvcp_win.dll
0x00007ffc944f0000 - 0x00007ffc94521000 	C:\WINDOWS\System32\IMM32.DLL
0x00007ffc254b0000 - 0x00007ffc2554b000 	C:\Users\jaspe\.jdks\corretto-17.0.4\bin\msvcp140.dll
0x00007ffbd3d80000 - 0x00007ffbd4994000 	C:\Users\jaspe\.jdks\corretto-17.0.4\bin\server\jvm.dll
0x00007ffc95000000 - 0x00007ffc950ae000 	C:\WINDOWS\System32\ADVAPI32.dll
0x00007ffc94360000 - 0x00007ffc943fe000 	C:\WINDOWS\System32\sechost.dll
0x00007ffc94240000 - 0x00007ffc94360000 	C:\WINDOWS\System32\RPCRT4.dll
0x00007ffc933c0000 - 0x00007ffc933c8000 	C:\WINDOWS\System32\PSAPI.DLL
0x00007ffc7e820000 - 0x00007ffc7e829000 	C:\WINDOWS\SYSTEM32\WSOCK32.dll
0x00007ffc89d20000 - 0x00007ffc89d2a000 	C:\WINDOWS\SYSTEM32\VERSION.dll
0x00007ffc93a10000 - 0x00007ffc93a7f000 	C:\WINDOWS\System32\WS2_32.dll
0x00007ffc8b290000 - 0x00007ffc8b2c3000 	C:\WINDOWS\SYSTEM32\WINMM.dll
0x00007ffc91830000 - 0x00007ffc91848000 	C:\WINDOWS\SYSTEM32\kernel.appcore.dll
0x00007ffc84230000 - 0x00007ffc8423a000 	C:\Users\jaspe\.jdks\corretto-17.0.4\bin\jimage.dll
0x00007ffc90240000 - 0x00007ffc90461000 	C:\WINDOWS\SYSTEM32\DBGHELP.DLL
0x00007ffc77fe0000 - 0x00007ffc78011000 	C:\WINDOWS\SYSTEM32\dbgcore.DLL
0x00007ffc92ec0000 - 0x00007ffc92f3f000 	C:\WINDOWS\System32\bcryptPrimitives.dll
0x00007ffc64fa0000 - 0x00007ffc64fc5000 	C:\Users\jaspe\.jdks\corretto-17.0.4\bin\java.dll
0x00007ffc04450000 - 0x00007ffc04526000 	C:\Users\jaspe\.jdks\corretto-17.0.4\bin\jsvml.dll
0x00007ffc93a80000 - 0x00007ffc94238000 	C:\WINDOWS\System32\SHELL32.dll
0x00007ffc907f0000 - 0x00007ffc91058000 	C:\WINDOWS\SYSTEM32\windows.storage.dll
0x00007ffc933d0000 - 0x00007ffc93749000 	C:\WINDOWS\System32\combase.dll
0x00007ffc90680000 - 0x00007ffc907e6000 	C:\WINDOWS\SYSTEM32\wintypes.dll
0x00007ffc94c10000 - 0x00007ffc94cfa000 	C:\WINDOWS\System32\SHCORE.dll
0x00007ffc93080000 - 0x00007ffc930dd000 	C:\WINDOWS\System32\shlwapi.dll
0x00007ffc925f0000 - 0x00007ffc92611000 	C:\WINDOWS\SYSTEM32\profapi.dll
0x00007ffc66030000 - 0x00007ffc66049000 	C:\Users\jaspe\.jdks\corretto-17.0.4\bin\net.dll
0x00007ffc8cc70000 - 0x00007ffc8cd7c000 	C:\WINDOWS\SYSTEM32\WINHTTP.dll
0x00007ffc91c60000 - 0x00007ffc91cc7000 	C:\WINDOWS\system32\mswsock.dll
0x00007ffc64f80000 - 0x00007ffc64f95000 	C:\Users\jaspe\.jdks\corretto-17.0.4\bin\nio.dll
0x00007ffc64f10000 - 0x00007ffc64f28000 	C:\Users\jaspe\.jdks\corretto-17.0.4\bin\zip.dll
0x00007ffc7e830000 - 0x00007ffc7e840000 	C:\Users\jaspe\.jdks\corretto-17.0.4\bin\verify.dll
0x00007ffc7e840000 - 0x00007ffc7e867000 	C:\Users\jaspe\.gradle\native\e1d6ef7f7dcc3fd88c89a11ec53ec762bb8ba0a96d01ffa2cd45eb1d1d8dd5c5\windows-amd64\native-platform.dll
0x00007ffc067a0000 - 0x00007ffc068e4000 	C:\Users\jaspe\.gradle\native\0d407fdbe67a94daf76414ababcb853783967236a71b16ec16e742cd7a986fd3\windows-amd64\native-platform-file-events.dll
0x00007ffc8dfe0000 - 0x00007ffc8dfe9000 	C:\Users\jaspe\.jdks\corretto-17.0.4\bin\management.dll
0x00007ffc84550000 - 0x00007ffc8455b000 	C:\Users\jaspe\.jdks\corretto-17.0.4\bin\management_ext.dll
0x00007ffc91eb0000 - 0x00007ffc91ec8000 	C:\WINDOWS\SYSTEM32\CRYPTSP.dll
0x00007ffc91720000 - 0x00007ffc91755000 	C:\WINDOWS\system32\rsaenh.dll
0x00007ffc91d50000 - 0x00007ffc91d79000 	C:\WINDOWS\SYSTEM32\USERENV.dll
0x00007ffc920a0000 - 0x00007ffc920c7000 	C:\WINDOWS\SYSTEM32\bcrypt.dll
0x00007ffc91ed0000 - 0x00007ffc91edc000 	C:\WINDOWS\SYSTEM32\CRYPTBASE.dll
0x00007ffc912f0000 - 0x00007ffc9131d000 	C:\WINDOWS\SYSTEM32\IPHLPAPI.DLL
0x00007ffc94400000 - 0x00007ffc94409000 	C:\WINDOWS\System32\NSI.dll
0x00007ffc8ce50000 - 0x00007ffc8ce69000 	C:\WINDOWS\SYSTEM32\dhcpcsvc6.DLL
0x00007ffc8d040000 - 0x00007ffc8d05e000 	C:\WINDOWS\SYSTEM32\dhcpcsvc.DLL
0x00007ffc91370000 - 0x00007ffc91458000 	C:\WINDOWS\SYSTEM32\DNSAPI.dll
0x00007ffc83540000 - 0x00007ffc8354e000 	C:\Users\jaspe\.jdks\corretto-17.0.4\bin\sunmscapi.dll
0x00007ffc92c30000 - 0x00007ffc92d92000 	C:\WINDOWS\System32\CRYPT32.dll
0x00007ffc92070000 - 0x00007ffc92098000 	C:\WINDOWS\SYSTEM32\ncrypt.dll
0x00007ffc92030000 - 0x00007ffc92067000 	C:\WINDOWS\SYSTEM32\NTASN1.dll
0x00007ffc77f50000 - 0x00007ffc77f58000 	C:\WINDOWS\system32\wshunix.dll
0x00007ffc7e9a0000 - 0x00007ffc7e9aa000 	C:\Windows\System32\rasadhlp.dll
0x00007ffc8a0f0000 - 0x00007ffc8a171000 	C:\WINDOWS\System32\fwpuclnt.dll

dbghelp: loaded successfully - version: 4.0.5 - missing functions: none
symbol engine: initialized successfully - sym options: 0x614 - pdb path: .;C:\Users\jaspe\.jdks\corretto-17.0.4\bin;C:\WINDOWS\SYSTEM32;C:\WINDOWS\WinSxS\amd64_microsoft.windows.common-controls_6595b64144ccf1df_6.0.22000.120_none_9d947278b86cc467;C:\Users\jaspe\.jdks\corretto-17.0.4\bin\server;C:\Users\jaspe\.gradle\native\e1d6ef7f7dcc3fd88c89a11ec53ec762bb8ba0a96d01ffa2cd45eb1d1d8dd5c5\windows-amd64;C:\Users\jaspe\.gradle\native\0d407fdbe67a94daf76414ababcb853783967236a71b16ec16e742cd7a986fd3\windows-amd64

VM Arguments:
jvm_args: --add-opens=java.base/java.util=ALL-UNNAMED --add-opens=java.base/java.lang=ALL-UNNAMED --add-opens=java.base/java.lang.invoke=ALL-UNNAMED --add-opens=java.base/java.util=ALL-UNNAMED --add-opens=java.prefs/java.util.prefs=ALL-UNNAMED --add-opens=java.prefs/java.util.prefs=ALL-UNNAMED --add-opens=java.base/java.nio.charset=ALL-UNNAMED --add-opens=java.base/java.net=ALL-UNNAMED --add-opens=java.base/java.util.concurrent.atomic=ALL-UNNAMED -Xmx3G -Dfile.encoding=windows-1252 -Duser.country=NL -Duser.language=nl -Duser.variant 
java_command: org.gradle.launcher.daemon.bootstrap.GradleDaemon 7.4
java_class_path (initial): C:\Users\jaspe\.gradle\wrapper\dists\gradle-7.4-bin\c0gwcg53nkjbqw7r0h0umtfvt\gradle-7.4\lib\gradle-launcher-7.4.jar
Launcher Type: SUN_STANDARD

[Global flags]
     intx CICompilerCount                          = 4                                         {product} {ergonomic}
     uint ConcGCThreads                            = 2                                         {product} {ergonomic}
     uint G1ConcRefinementThreads                  = 8                                         {product} {ergonomic}
   size_t G1HeapRegionSize                         = 2097152                                   {product} {ergonomic}
    uintx GCDrainStackTargetSize                   = 64                                        {product} {ergonomic}
   size_t InitialHeapSize                          = 100663296                                 {product} {ergonomic}
   size_t MarkStackSize                            = 4194304                                   {product} {ergonomic}
   size_t MaxHeapSize                              = 3221225472                                {product} {command line}
   size_t MaxNewSize                               = 1931476992                                {product} {ergonomic}
   size_t MinHeapDeltaBytes                        = 2097152                                   {product} {ergonomic}
   size_t MinHeapSize                              = 8388608                                   {product} {ergonomic}
    uintx NonNMethodCodeHeapSize                   = 5839372                                {pd product} {ergonomic}
    uintx NonProfiledCodeHeapSize                  = 122909434                              {pd product} {ergonomic}
    uintx ProfiledCodeHeapSize                     = 122909434                              {pd product} {ergonomic}
    uintx ReservedCodeCacheSize                    = 251658240                              {pd product} {ergonomic}
     bool SegmentedCodeCache                       = true                                      {product} {ergonomic}
   size_t SoftMaxHeapSize                          = 3221225472                             {manageable} {ergonomic}
     bool UseCompressedClassPointers               = true                           {product lp64_product} {ergonomic}
     bool UseCompressedOops                        = true                           {product lp64_product} {ergonomic}
     bool UseG1GC                                  = true                                      {product} {ergonomic}
     bool UseLargePagesIndividualAllocation        = false                                  {pd product} {ergonomic}

Logging:
Log output configuration:
 #0: stdout all=warning uptime,level,tags
 #1: stderr all=off uptime,level,tags

Environment Variables:
PATH=C:\Program Files\Eclipse Foundation\jdk-16.0.2.7-hotspot\bin;C:\Program Files\Common Files\Oracle\Java\javapath;C:\Program Files (x86)\Common Files\Oracle\Java\javapath;C:\WINDOWS\system32;C:\WINDOWS;C:\WINDOWS\System32\Wbem;C:\WINDOWS\System32\WindowsPowerShell\v1.0\;C:\WINDOWS\System32\OpenSSH\;C:\Program Files (x86)\dotnet\;C:\Program Files\Git\cmd;C:\Users\jaspe\AppData\Local\Microsoft\WindowsApps;
USERNAME=jaspe
OS=Windows_NT
PROCESSOR_IDENTIFIER=AMD64 Family 23 Model 24 Stepping 1, AuthenticAMD
TMP=C:\Users\jaspe\AppData\Local\Temp
TEMP=C:\Users\jaspe\AppData\Local\Temp



---------------  S Y S T E M  ---------------

OS:
 Windows 11 , 64 bit Build 22000 (10.0.22000.708)
OS uptime: 2 days 19:08 hours

CPU: total 8 (initial active 8) (8 cores per cpu, 2 threads per core) family 23 model 24 stepping 1 microcode 0x0, cx8, cmov, fxsr, ht, mmx, 3dnowpref, sse, sse2, sse3, ssse3, sse4a, sse4.1, sse4.2, popcnt, lzcnt, tsc, tscinvbit, avx, avx2, aes, clmul, bmi1, bmi2, adx, sha, fma, vzeroupper, clflush, clflushopt

Memory: 4k page, system-wide physical 6020M (90M free)
TotalPageFile size 24452M (AvailPageFile size 232M)
current process WorkingSet (physical memory assigned to process): 442M, peak: 442M
current process commit charge ("private bytes"): 518M, peak: 810M

vm_info: OpenJDK 64-Bit Server VM (17.0.4+8-LTS) for windows-amd64 JRE (17.0.4+8-LTS), built on Jul 15 2022 17:12:09 by "Administrator" with MS VC++ 15.9 (VS2017)

END.
