#
# There is insufficient memory for the Java Runtime Environment to continue.
# Native memory allocation (mmap) failed to map 757071872 bytes for G1 virtual space
# Possible reasons:
#   The system is out of physical RAM or swap space
#   The process is running with CompressedOops enabled, and the Java Heap may be blocking the growth of the native heap
# Possible solutions:
#   Reduce memory load on the system
#   Increase physical memory or swap space
#   Check if swap backing store is full
#   Decrease Java heap size (-Xmx/-Xms)
#   Decrease number of Java threads
#   Decrease Java thread stack sizes (-Xss)
#   Set larger code cache with -XX:ReservedCodeCacheSize=
#   JVM is running with Zero Based Compressed Oops mode in which the Java heap is
#     placed in the first 32GB address space. The Java Heap base address is the
#     maximum limit for the native heap growth. Please use -XX:HeapBaseMinAddress
#     to set the Java Heap base and to place the Java Heap above 32GB virtual address.
# This output file may be truncated or incomplete.
#
#  Out of Memory Error (os_windows.cpp:3466), pid=10200, tid=54524
#
# JRE version: OpenJDK Runtime Environment Temurin-16.0.2+7 (16.0.2+7) (build 16.0.2+7)
# Java VM: OpenJDK 64-Bit Server VM Temurin-16.0.2+7 (16.0.2+7, mixed mode, sharing, tiered, compressed oops, compressed class ptrs, g1 gc, windows-amd64)
# No core dump will be written. Minidumps are not enabled by default on client versions of Windows
#

---------------  S U M M A R Y ------------

Command Line: --add-opens=java.base/java.util=ALL-UNNAMED --add-opens=java.base/java.lang=ALL-UNNAMED --add-opens=java.base/java.lang.invoke=ALL-UNNAMED --add-opens=java.base/java.util=ALL-UNNAMED --add-opens=java.prefs/java.util.prefs=ALL-UNNAMED --add-opens=java.prefs/java.util.prefs=ALL-UNNAMED --add-opens=java.base/java.nio.charset=ALL-UNNAMED --add-opens=java.base/java.net=ALL-UNNAMED --add-opens=java.base/java.util.concurrent.atomic=ALL-UNNAMED -Xmx3G -Dfile.encoding=windows-1252 -Duser.country=NL -Duser.language=nl -Duser.variant org.gradle.launcher.daemon.bootstrap.GradleDaemon 7.4

Host: AMD Ryzen 7 3700U with Radeon Vega Mobile Gfx  , 8 cores, 5G,  Windows 10 , 64 bit Build 22000 (10.0.22000.708)
Time: Fri Aug 26 10:34:10 2022 West-Europa (zomertijd) elapsed time: 35.931325 seconds (0d 0h 0m 35s)

---------------  T H R E A D  ---------------

Current thread (0x00000168553089b0):  VMThread "VM Thread" [stack: 0x0000003977a00000,0x0000003977b00000] [id=54524]

Stack: [0x0000003977a00000,0x0000003977b00000]
Native frames: (J=compiled Java code, j=interpreted, Vv=VM code, C=native code)
V  [jvm.dll+0x67918a]
V  [jvm.dll+0x82b819]
V  [jvm.dll+0x82cfce]
V  [jvm.dll+0x82d623]
V  [jvm.dll+0x24ec65]
V  [jvm.dll+0x675ed9]
V  [jvm.dll+0x66aaa5]
V  [jvm.dll+0x308ecb]
V  [jvm.dll+0x310046]
V  [jvm.dll+0x35ffde]
V  [jvm.dll+0x36020f]
V  [jvm.dll+0x2dfbb8]
V  [jvm.dll+0x2dd745]
V  [jvm.dll+0x2dcd7c]
V  [jvm.dll+0x3224f2]
V  [jvm.dll+0x831a5b]
V  [jvm.dll+0x8326a4]
V  [jvm.dll+0x832ba9]
V  [jvm.dll+0x832e64]
V  [jvm.dll+0x832f30]
V  [jvm.dll+0x7da77a]
V  [jvm.dll+0x677fb6]
C  [ucrtbase.dll+0x26c0c]
C  [KERNEL32.DLL+0x154e0]
C  [ntdll.dll+0x485b]

VM_Operation (0x0000003900df9b20): G1CollectForAllocation, mode: safepoint, requested by thread 0x0000016857bddec0


---------------  P R O C E S S  ---------------

Threads class SMR info:
_java_thread_list=0x0000016856179df0, length=143, elements={
0x0000016831a94250, 0x0000016855314080, 0x0000016855314a80, 0x000001685532da00,
0x000001685532e400, 0x000001685532ee00, 0x000001685532f800, 0x000001685533baf0,
0x000001685533d500, 0x0000016855340250, 0x0000016855db8750, 0x0000016855dbdc90,
0x0000016856e89b40, 0x0000016857858570, 0x00000168578e6de0, 0x00000168570d1430,
0x00000168563e0400, 0x0000016856e66430, 0x0000016855d707f0, 0x0000016855d6ed60,
0x0000016855d6f2b0, 0x0000016855d6f800, 0x0000016855d6d820, 0x0000016855d6fd50,
0x0000016855d702a0, 0x0000016855d70d40, 0x0000016855d6e2c0, 0x0000016855d6e810,
0x00000168578240c0, 0x00000168578260a0, 0x0000016857823620, 0x0000016857825b50,
0x00000168578285d0, 0x0000016857827b30, 0x00000168578265f0, 0x00000168578250b0,
0x0000016857825600, 0x00000168578295c0, 0x0000016857826b40, 0x0000016857828b20,
0x0000016857827090, 0x0000016857829b10, 0x0000016857829070, 0x000001685782a060,
0x000001685782a5b0, 0x0000016857822b80, 0x00000168578230d0, 0x0000016858417890,
0x0000016858416350, 0x00000168584158b0, 0x000001685841d2e0, 0x0000016858419320,
0x0000016858415e00, 0x0000016858417de0, 0x00000168584168a0, 0x0000016858418dd0,
0x0000016858416df0, 0x0000016858417340, 0x000001685841b850, 0x000001685841a860,
0x000001685841b300, 0x000001685841cd90, 0x0000016858418330, 0x0000016858418880,
0x0000016858419870, 0x0000016858419dc0, 0x000001685841a310, 0x000001685841adb0,
0x000001685841c840, 0x000001685841bda0, 0x000001685841c2f0, 0x0000016859e48b10,
0x0000016859e4c580, 0x0000016859e4e560, 0x0000016859e4cad0, 0x0000016859e49b00,
0x0000016859e4b040, 0x0000016859e4aaf0, 0x0000016859e4d020, 0x0000016859e4c030,
0x0000016859e4d570, 0x0000016859e4eab0, 0x0000016859e4dac0, 0x0000016859e4e010,
0x0000016859e475d0, 0x0000016859e4a050, 0x0000016859e4a5a0, 0x0000016859e47b20,
0x0000016859e48070, 0x0000016859e4bae0, 0x0000016859e485c0, 0x00000168573061e0,
0x0000016857304ca0, 0x0000016857309700, 0x0000016857307c70, 0x00000168573081c0,
0x0000016857307720, 0x00000168573051f0, 0x0000016857305c90, 0x00000168573091b0,
0x0000016857304750, 0x0000016857308710, 0x0000016857308c60, 0x0000016857309c50,
0x000001685730a1a0, 0x0000016857305740, 0x0000016857303cb0, 0x000001685730a6f0,
0x00000168573071d0, 0x0000016857304200, 0x0000016857306730, 0x0000016857306c80,
0x000001685730ac40, 0x000001685730b190, 0x000001685730b6e0, 0x0000016858473900,
0x00000168584733b0, 0x0000016858475390, 0x0000016858473e50, 0x0000016858472e60,
0x0000016858474e40, 0x00000168584758e0, 0x00000168584743a0, 0x00000168584723c0,
0x0000016858472910, 0x00000168584748f0, 0x0000016857bdeeb0, 0x0000016857bde960,
0x0000016857bdf400, 0x0000016857bdd420, 0x0000016857bdf950, 0x0000016857bdfea0,
0x0000016857be03f0, 0x0000016857be0940, 0x0000016857bdc430, 0x0000016857be13e0,
0x0000016857bd99b0, 0x0000016857bddec0, 0x0000016857bdbee0, 0x0000016857bd9f00,
0x0000016857bda450, 0x0000016857bdb990, 0x0000016857bde410
}

Java Threads: ( => current thread )
  0x0000016831a94250 JavaThread "main" [_thread_blocked, id=56188, stack(0x0000003977400000,0x0000003977500000)]
  0x0000016855314080 JavaThread "Reference Handler" daemon [_thread_blocked, id=55004, stack(0x0000003977b00000,0x0000003977c00000)]
  0x0000016855314a80 JavaThread "Finalizer" daemon [_thread_blocked, id=38636, stack(0x0000003977c00000,0x0000003977d00000)]
  0x000001685532da00 JavaThread "Signal Dispatcher" daemon [_thread_blocked, id=53884, stack(0x0000003977d00000,0x0000003977e00000)]
  0x000001685532e400 JavaThread "Attach Listener" daemon [_thread_blocked, id=23440, stack(0x0000003977e00000,0x0000003977f00000)]
  0x000001685532ee00 JavaThread "Service Thread" daemon [_thread_blocked, id=53680, stack(0x0000003977f00000,0x0000003978000000)]
  0x000001685532f800 JavaThread "Monitor Deflation Thread" daemon [_thread_blocked, id=53456, stack(0x0000003978000000,0x0000003978100000)]
  0x000001685533baf0 JavaThread "C2 CompilerThread0" daemon [_thread_blocked, id=33016, stack(0x0000003978100000,0x0000003978200000)]
  0x000001685533d500 JavaThread "C1 CompilerThread0" daemon [_thread_blocked, id=51028, stack(0x0000003978200000,0x0000003978300000)]
  0x0000016855340250 JavaThread "Sweeper thread" daemon [_thread_blocked, id=21832, stack(0x0000003978300000,0x0000003978400000)]
  0x0000016855db8750 JavaThread "Common-Cleaner" daemon [_thread_blocked, id=55252, stack(0x0000003978400000,0x0000003978500000)]
  0x0000016855dbdc90 JavaThread "Notification Thread" daemon [_thread_blocked, id=38060, stack(0x0000003978500000,0x0000003978600000)]
  0x0000016856e89b40 JavaThread "Daemon health stats" [_thread_blocked, id=25236, stack(0x0000003978d00000,0x0000003978e00000)]
  0x0000016857858570 JavaThread "Incoming local TCP Connector on port 63652" [_thread_in_native, id=54916, stack(0x0000003978e00000,0x0000003978f00000)]
  0x00000168578e6de0 JavaThread "Daemon periodic checks" [_thread_blocked, id=50184, stack(0x0000003978f00000,0x0000003979000000)]
  0x00000168570d1430 JavaThread "Daemon" [_thread_blocked, id=37404, stack(0x0000003978700000,0x0000003978800000)]
  0x00000168563e0400 JavaThread "Handler for socket connection from /127.0.0.1:63652 to /127.0.0.1:63653" [_thread_in_native, id=55864, stack(0x0000003979000000,0x0000003979100000)]
  0x0000016856e66430 JavaThread "Cancel handler" [_thread_blocked, id=31564, stack(0x0000003979300000,0x0000003979400000)]
  0x0000016855d707f0 JavaThread "Daemon worker" [_thread_blocked, id=55432, stack(0x0000003979400000,0x0000003979500000)]
  0x0000016855d6ed60 JavaThread "Asynchronous log dispatcher for DefaultDaemonConnection: socket connection from /127.0.0.1:63652 to /127.0.0.1:63653" [_thread_blocked, id=42016, stack(0x0000003979500000,0x0000003979600000)]
  0x0000016855d6f2b0 JavaThread "Stdin handler" [_thread_blocked, id=52952, stack(0x0000003979600000,0x0000003979700000)]
  0x0000016855d6f800 JavaThread "Daemon client event forwarder" [_thread_blocked, id=54648, stack(0x0000003979700000,0x0000003979800000)]
  0x0000016855d6d820 JavaThread "Cache worker for journal cache (C:\Users\jaspe\.gradle\caches\journal-1)" [_thread_blocked, id=42948, stack(0x0000003979800000,0x0000003979900000)]
  0x0000016855d6fd50 JavaThread "File lock request listener" [_thread_in_native, id=53472, stack(0x0000003979900000,0x0000003979a00000)]
  0x0000016855d702a0 JavaThread "Cache worker for file hash cache (C:\Users\jaspe\.gradle\caches\7.4\fileHashes)" [_thread_blocked, id=31628, stack(0x0000003979a00000,0x0000003979b00000)]
  0x0000016855d70d40 JavaThread "File watcher server" daemon [_thread_blocked, id=29464, stack(0x0000003979b00000,0x0000003979c00000)]
  0x0000016855d6e2c0 JavaThread "File watcher consumer" daemon [_thread_blocked, id=49056, stack(0x0000003979c00000,0x0000003979d00000)]
  0x0000016855d6e810 JavaThread "Cache worker for checksums cache (C:\Users\jaspe\IdeaProjects\forge 1.18.2\.gradle\7.4\checksums)" [_thread_blocked, id=12784, stack(0x0000003979d00000,0x0000003979e00000)]
  0x00000168578240c0 JavaThread "Cache worker for cache directory md-rule (C:\Users\jaspe\.gradle\caches\7.4\md-rule)" [_thread_blocked, id=20092, stack(0x0000003979e00000,0x0000003979f00000)]
  0x00000168578260a0 JavaThread "Cache worker for file hash cache (C:\Users\jaspe\IdeaProjects\forge 1.18.2\.gradle\7.4\fileHashes)" [_thread_blocked, id=24836, stack(0x0000003979f00000,0x000000397a000000)]
  0x0000016857823620 JavaThread "Cache worker for cache directory md-supplier (C:\Users\jaspe\.gradle\caches\7.4\md-supplier)" [_thread_blocked, id=46200, stack(0x000000397a000000,0x000000397a100000)]
  0x0000016857825b50 JavaThread "Cache worker for execution history cache (C:\Users\jaspe\.gradle\caches\7.4\executionHistory)" [_thread_blocked, id=50232, stack(0x000000397a200000,0x000000397a300000)]
  0x00000168578285d0 JavaThread "Cache worker for dependencies-accessors (C:\Users\jaspe\IdeaProjects\forge 1.18.2\.gradle\7.4\dependencies-accessors)" [_thread_blocked, id=43144, stack(0x000000397a300000,0x000000397a400000)]
  0x0000016857827b30 JavaThread "jar transforms" [_thread_blocked, id=1788, stack(0x000000397a400000,0x000000397a500000)]
  0x00000168578265f0 JavaThread "Cache worker for file content cache (C:\Users\jaspe\.gradle\caches\7.4\fileContent)" [_thread_blocked, id=39624, stack(0x000000397a500000,0x000000397a600000)]
  0x00000168578250b0 JavaThread "Cache worker for Build Output Cleanup Cache (C:\Users\jaspe\IdeaProjects\forge 1.18.2\.gradle\buildOutputCleanup)" [_thread_blocked, id=44444, stack(0x000000397a600000,0x000000397a700000)]
  0x0000016857825600 JavaThread "Unconstrained build operations" [_thread_blocked, id=50144, stack(0x000000397a700000,0x000000397a800000)]
  0x00000168578295c0 JavaThread "Unconstrained build operations Thread 2" [_thread_blocked, id=21648, stack(0x000000397a800000,0x000000397a900000)]
  0x0000016857826b40 JavaThread "Unconstrained build operations Thread 3" [_thread_blocked, id=4416, stack(0x000000397a900000,0x000000397aa00000)]
  0x0000016857828b20 JavaThread "Unconstrained build operations Thread 4" [_thread_blocked, id=25848, stack(0x000000397aa00000,0x000000397ab00000)]
  0x0000016857827090 JavaThread "Unconstrained build operations Thread 5" [_thread_blocked, id=10340, stack(0x000000397ab00000,0x000000397ac00000)]
  0x0000016857829b10 JavaThread "Unconstrained build operations Thread 6" [_thread_blocked, id=36628, stack(0x000000397ac00000,0x000000397ad00000)]
  0x0000016857829070 JavaThread "Unconstrained build operations Thread 7" [_thread_blocked, id=54316, stack(0x000000397ad00000,0x000000397ae00000)]
  0x000001685782a060 JavaThread "Unconstrained build operations Thread 8" [_thread_blocked, id=55044, stack(0x000000397ae00000,0x000000397af00000)]
  0x000001685782a5b0 JavaThread "Unconstrained build operations Thread 9" [_thread_blocked, id=15808, stack(0x000000397af00000,0x000000397b000000)]
  0x0000016857822b80 JavaThread "Unconstrained build operations Thread 10" [_thread_blocked, id=26976, stack(0x000000397b000000,0x000000397b100000)]
  0x00000168578230d0 JavaThread "Unconstrained build operations Thread 11" [_thread_blocked, id=16236, stack(0x000000397b100000,0x000000397b200000)]
  0x0000016858417890 JavaThread "Unconstrained build operations Thread 12" [_thread_blocked, id=48456, stack(0x000000397b200000,0x000000397b300000)]
  0x0000016858416350 JavaThread "Unconstrained build operations Thread 13" [_thread_blocked, id=53084, stack(0x000000397b300000,0x000000397b400000)]
  0x00000168584158b0 JavaThread "Unconstrained build operations Thread 14" [_thread_blocked, id=23060, stack(0x000000397b400000,0x000000397b500000)]
  0x000001685841d2e0 JavaThread "Unconstrained build operations Thread 15" [_thread_blocked, id=31176, stack(0x000000397b500000,0x000000397b600000)]
  0x0000016858419320 JavaThread "Unconstrained build operations Thread 16" [_thread_blocked, id=31072, stack(0x000000397b600000,0x000000397b700000)]
  0x0000016858415e00 JavaThread "Unconstrained build operations Thread 17" [_thread_blocked, id=21156, stack(0x000000397b700000,0x000000397b800000)]
  0x0000016858417de0 JavaThread "Unconstrained build operations Thread 18" [_thread_blocked, id=25992, stack(0x000000397b800000,0x000000397b900000)]
  0x00000168584168a0 JavaThread "Unconstrained build operations Thread 19" [_thread_blocked, id=42944, stack(0x000000397b900000,0x000000397ba00000)]
  0x0000016858418dd0 JavaThread "Unconstrained build operations Thread 20" [_thread_blocked, id=21956, stack(0x000000397ba00000,0x000000397bb00000)]
  0x0000016858416df0 JavaThread "Unconstrained build operations Thread 21" [_thread_blocked, id=37400, stack(0x000000397bb00000,0x000000397bc00000)]
  0x0000016858417340 JavaThread "Unconstrained build operations Thread 22" [_thread_blocked, id=52732, stack(0x000000397bc00000,0x000000397bd00000)]
  0x000001685841b850 JavaThread "Unconstrained build operations Thread 23" [_thread_blocked, id=40876, stack(0x000000397bd00000,0x000000397be00000)]
  0x000001685841a860 JavaThread "Unconstrained build operations Thread 24" [_thread_blocked, id=54880, stack(0x000000397be00000,0x000000397bf00000)]
  0x000001685841b300 JavaThread "Unconstrained build operations Thread 25" [_thread_blocked, id=54952, stack(0x000000397bf00000,0x000000397c000000)]
  0x000001685841cd90 JavaThread "Unconstrained build operations Thread 26" [_thread_blocked, id=50928, stack(0x000000397c000000,0x000000397c100000)]
  0x0000016858418330 JavaThread "Unconstrained build operations Thread 27" [_thread_blocked, id=13176, stack(0x000000397c100000,0x000000397c200000)]
  0x0000016858418880 JavaThread "Unconstrained build operations Thread 28" [_thread_blocked, id=52196, stack(0x000000397c200000,0x000000397c300000)]
  0x0000016858419870 JavaThread "Unconstrained build operations Thread 29" [_thread_blocked, id=44076, stack(0x000000397c300000,0x000000397c400000)]
  0x0000016858419dc0 JavaThread "Unconstrained build operations Thread 30" [_thread_blocked, id=53948, stack(0x000000397c400000,0x000000397c500000)]
  0x000001685841a310 JavaThread "Unconstrained build operations Thread 31" [_thread_blocked, id=30240, stack(0x000000397c500000,0x000000397c600000)]
  0x000001685841adb0 JavaThread "jar transforms Thread 2" [_thread_blocked, id=13444, stack(0x000000397c600000,0x000000397c700000)]
  0x000001685841c840 JavaThread "jar transforms Thread 3" [_thread_blocked, id=34688, stack(0x000000397c700000,0x000000397c800000)]
  0x000001685841bda0 JavaThread "jar transforms Thread 4" [_thread_blocked, id=27032, stack(0x000000397c800000,0x000000397c900000)]
  0x000001685841c2f0 JavaThread "jar transforms Thread 5" [_thread_blocked, id=53908, stack(0x000000397c900000,0x000000397ca00000)]
  0x0000016859e48b10 JavaThread "jar transforms Thread 6" [_thread_blocked, id=26892, stack(0x000000397ca00000,0x000000397cb00000)]
  0x0000016859e4c580 JavaThread "jar transforms Thread 7" [_thread_blocked, id=5284, stack(0x000000397cb00000,0x000000397cc00000)]
  0x0000016859e4e560 JavaThread "jar transforms Thread 8" [_thread_blocked, id=36668, stack(0x000000397cc00000,0x000000397cd00000)]
  0x0000016859e4cad0 JavaThread "Memory manager" [_thread_blocked, id=23404, stack(0x000000397ce00000,0x000000397cf00000)]
  0x0000016859e49b00 JavaThread "ForkJoinPool.commonPool-worker-3" daemon [_thread_blocked, id=53556, stack(0x000000397cf00000,0x000000397d000000)]
  0x0000016859e4b040 JavaThread "ForkJoinPool.commonPool-worker-5" daemon [_thread_blocked, id=26312, stack(0x000000397d000000,0x000000397d100000)]
  0x0000016859e4aaf0 JavaThread "ForkJoinPool.commonPool-worker-7" daemon [_thread_blocked, id=50676, stack(0x000000397d100000,0x000000397d200000)]
  0x0000016859e4d020 JavaThread "ForkJoinPool.commonPool-worker-9" daemon [_thread_blocked, id=45944, stack(0x000000397d200000,0x000000397d300000)]
  0x0000016859e4c030 JavaThread "ForkJoinPool.commonPool-worker-11" daemon [_thread_blocked, id=17488, stack(0x000000397d300000,0x000000397d400000)]
  0x0000016859e4d570 JavaThread "ForkJoinPool.commonPool-worker-13" daemon [_thread_blocked, id=19824, stack(0x000000397d400000,0x000000397d500000)]
  0x0000016859e4eab0 JavaThread "ForkJoinPool.commonPool-worker-15" daemon [_thread_blocked, id=46960, stack(0x000000397d500000,0x000000397d600000)]
  0x0000016859e4dac0 JavaThread "Exec process" [_thread_blocked, id=43584, stack(0x000000397d600000,0x000000397d700000)]
  0x0000016859e4e010 JavaThread "Exec process Thread 2" [_thread_blocked, id=33360, stack(0x000000397d700000,0x000000397d800000)]
  0x0000016859e475d0 JavaThread "Exec process Thread 3" [_thread_blocked, id=49960, stack(0x000000397d800000,0x000000397d900000)]
  0x0000016859e4a050 JavaThread "Unconstrained build operations Thread 32" [_thread_blocked, id=44168, stack(0x000000397d900000,0x000000397da00000)]
  0x0000016859e4a5a0 JavaThread "Unconstrained build operations Thread 33" [_thread_blocked, id=39460, stack(0x000000397da00000,0x000000397db00000)]
  0x0000016859e47b20 JavaThread "Unconstrained build operations Thread 34" [_thread_blocked, id=40920, stack(0x000000397db00000,0x000000397dc00000)]
  0x0000016859e48070 JavaThread "Unconstrained build operations Thread 35" [_thread_blocked, id=53256, stack(0x000000397dc00000,0x000000397dd00000)]
  0x0000016859e4bae0 JavaThread "Unconstrained build operations Thread 36" [_thread_blocked, id=53348, stack(0x000000397dd00000,0x000000397de00000)]
  0x0000016859e485c0 JavaThread "Unconstrained build operations Thread 37" [_thread_blocked, id=28600, stack(0x000000397de00000,0x000000397df00000)]
  0x00000168573061e0 JavaThread "Unconstrained build operations Thread 38" [_thread_blocked, id=19816, stack(0x000000397df00000,0x000000397e000000)]
  0x0000016857304ca0 JavaThread "Unconstrained build operations Thread 39" [_thread_blocked, id=49428, stack(0x000000397e000000,0x000000397e100000)]
  0x0000016857309700 JavaThread "Unconstrained build operations Thread 40" [_thread_blocked, id=8940, stack(0x000000397e100000,0x000000397e200000)]
  0x0000016857307c70 JavaThread "Unconstrained build operations Thread 41" [_thread_blocked, id=50328, stack(0x000000397e200000,0x000000397e300000)]
  0x00000168573081c0 JavaThread "Unconstrained build operations Thread 42" [_thread_blocked, id=53044, stack(0x000000397e300000,0x000000397e400000)]
  0x0000016857307720 JavaThread "Unconstrained build operations Thread 43" [_thread_blocked, id=53608, stack(0x000000397e400000,0x000000397e500000)]
  0x00000168573051f0 JavaThread "Unconstrained build operations Thread 44" [_thread_blocked, id=53140, stack(0x000000397e500000,0x000000397e600000)]
  0x0000016857305c90 JavaThread "Unconstrained build operations Thread 45" [_thread_blocked, id=47548, stack(0x000000397e600000,0x000000397e700000)]
  0x00000168573091b0 JavaThread "Unconstrained build operations Thread 46" [_thread_blocked, id=52572, stack(0x000000397e700000,0x000000397e800000)]
  0x0000016857304750 JavaThread "Unconstrained build operations Thread 47" [_thread_blocked, id=55040, stack(0x000000397e800000,0x000000397e900000)]
  0x0000016857308710 JavaThread "Unconstrained build operations Thread 48" [_thread_blocked, id=36104, stack(0x000000397e900000,0x000000397ea00000)]
  0x0000016857308c60 JavaThread "Unconstrained build operations Thread 49" [_thread_blocked, id=1292, stack(0x000000397ea00000,0x000000397eb00000)]
  0x0000016857309c50 JavaThread "Unconstrained build operations Thread 50" [_thread_blocked, id=45484, stack(0x000000397eb00000,0x000000397ec00000)]
  0x000001685730a1a0 JavaThread "Unconstrained build operations Thread 51" [_thread_blocked, id=44640, stack(0x000000397ec00000,0x000000397ed00000)]
  0x0000016857305740 JavaThread "Unconstrained build operations Thread 52" [_thread_blocked, id=52604, stack(0x000000397ed00000,0x000000397ee00000)]
  0x0000016857303cb0 JavaThread "Unconstrained build operations Thread 53" [_thread_blocked, id=55276, stack(0x000000397ee00000,0x000000397ef00000)]
  0x000001685730a6f0 JavaThread "Unconstrained build operations Thread 54" [_thread_blocked, id=23048, stack(0x000000397ef00000,0x000000397f000000)]
  0x00000168573071d0 JavaThread "Unconstrained build operations Thread 55" [_thread_blocked, id=10880, stack(0x000000397f000000,0x000000397f100000)]
  0x0000016857304200 JavaThread "Unconstrained build operations Thread 56" [_thread_blocked, id=50616, stack(0x000000397f100000,0x000000397f200000)]
  0x0000016857306730 JavaThread "Unconstrained build operations Thread 57" [_thread_blocked, id=55356, stack(0x000000397f200000,0x000000397f300000)]
  0x0000016857306c80 JavaThread "Unconstrained build operations Thread 58" [_thread_blocked, id=40928, stack(0x000000397f300000,0x000000397f400000)]
  0x000001685730ac40 JavaThread "Unconstrained build operations Thread 59" [_thread_blocked, id=48140, stack(0x000000397f400000,0x000000397f500000)]
  0x000001685730b190 JavaThread "Unconstrained build operations Thread 60" [_thread_blocked, id=55124, stack(0x000000397f500000,0x000000397f600000)]
  0x000001685730b6e0 JavaThread "Unconstrained build operations Thread 61" [_thread_blocked, id=51884, stack(0x000000397f600000,0x000000397f700000)]
  0x0000016858473900 JavaThread "Unconstrained build operations Thread 62" [_thread_blocked, id=31388, stack(0x000000397f700000,0x000000397f800000)]
  0x00000168584733b0 JavaThread "Unconstrained build operations Thread 63" [_thread_blocked, id=54748, stack(0x000000397f800000,0x000000397f900000)]
  0x0000016858475390 JavaThread "Unconstrained build operations Thread 64" [_thread_blocked, id=31572, stack(0x000000397f900000,0x000000397fa00000)]
  0x0000016858473e50 JavaThread "Unconstrained build operations Thread 65" [_thread_blocked, id=37700, stack(0x000000397fa00000,0x000000397fb00000)]
  0x0000016858472e60 JavaThread "Unconstrained build operations Thread 66" [_thread_blocked, id=17964, stack(0x000000397fb00000,0x000000397fc00000)]
  0x0000016858474e40 JavaThread "Unconstrained build operations Thread 67" [_thread_blocked, id=44564, stack(0x000000397fc00000,0x000000397fd00000)]
  0x00000168584758e0 JavaThread "Unconstrained build operations Thread 68" [_thread_blocked, id=35768, stack(0x000000397fd00000,0x000000397fe00000)]
  0x00000168584743a0 JavaThread "Unconstrained build operations Thread 69" [_thread_blocked, id=49088, stack(0x000000397fe00000,0x000000397ff00000)]
  0x00000168584723c0 JavaThread "Unconstrained build operations Thread 70" [_thread_blocked, id=10264, stack(0x000000397ff00000,0x0000003980000000)]
  0x0000016858472910 JavaThread "Unconstrained build operations Thread 71" [_thread_blocked, id=49472, stack(0x0000003900000000,0x0000003900100000)]
  0x00000168584748f0 JavaThread "Unconstrained build operations Thread 72" [_thread_blocked, id=47744, stack(0x0000003900100000,0x0000003900200000)]
  0x0000016857bdeeb0 JavaThread "Unconstrained build operations Thread 73" [_thread_blocked, id=54792, stack(0x0000003900200000,0x0000003900300000)]
  0x0000016857bde960 JavaThread "Unconstrained build operations Thread 74" [_thread_blocked, id=31340, stack(0x0000003900300000,0x0000003900400000)]
  0x0000016857bdf400 JavaThread "Unconstrained build operations Thread 75" [_thread_blocked, id=48656, stack(0x0000003900400000,0x0000003900500000)]
  0x0000016857bdd420 JavaThread "Unconstrained build operations Thread 76" [_thread_blocked, id=51036, stack(0x0000003900500000,0x0000003900600000)]
  0x0000016857bdf950 JavaThread "Unconstrained build operations Thread 77" [_thread_blocked, id=44536, stack(0x0000003900600000,0x0000003900700000)]
  0x0000016857bdfea0 JavaThread "Unconstrained build operations Thread 78" [_thread_blocked, id=50892, stack(0x0000003900700000,0x0000003900800000)]
  0x0000016857be03f0 JavaThread "Unconstrained build operations Thread 79" [_thread_blocked, id=37636, stack(0x0000003900800000,0x0000003900900000)]
  0x0000016857be0940 JavaThread "Unconstrained build operations Thread 80" [_thread_blocked, id=46092, stack(0x0000003900900000,0x0000003900a00000)]
  0x0000016857bdc430 JavaThread "included builds" [_thread_blocked, id=37284, stack(0x0000003900a00000,0x0000003900b00000)]
  0x0000016857be13e0 JavaThread "Execution worker for ':'" [_thread_blocked, id=38920, stack(0x0000003900b00000,0x0000003900c00000)]
  0x0000016857bd99b0 JavaThread "Execution worker for ':' Thread 2" [_thread_blocked, id=37672, stack(0x0000003900c00000,0x0000003900d00000)]
  0x0000016857bddec0 JavaThread "Execution worker for ':' Thread 3" [_thread_blocked, id=27732, stack(0x0000003900d00000,0x0000003900e00000)]
  0x0000016857bdbee0 JavaThread "Execution worker for ':' Thread 4" [_thread_blocked, id=47636, stack(0x0000003900e00000,0x0000003900f00000)]
  0x0000016857bd9f00 JavaThread "Execution worker for ':' Thread 5" [_thread_blocked, id=40836, stack(0x0000003900f00000,0x0000003901000000)]
  0x0000016857bda450 JavaThread "Execution worker for ':' Thread 6" [_thread_blocked, id=40296, stack(0x0000003901000000,0x0000003901100000)]
  0x0000016857bdb990 JavaThread "Execution worker for ':' Thread 7" [_thread_blocked, id=6172, stack(0x0000003901100000,0x0000003901200000)]
  0x0000016857bde410 JavaThread "Cache worker for execution history cache (C:\Users\jaspe\IdeaProjects\forge 1.18.2\.gradle\7.4\executionHistory)" [_thread_blocked, id=36012, stack(0x0000003901200000,0x0000003901300000)]

Other Threads:
=>0x00000168553089b0 VMThread "VM Thread" [stack: 0x0000003977a00000,0x0000003977b00000] [id=54524]
  0x0000016855dbe1b0 WatcherThread [stack: 0x0000003978600000,0x0000003978700000] [id=42608]
  0x0000016831ad6eb0 GCTaskThread "GC Thread#0" [stack: 0x0000003977500000,0x0000003977600000] [id=14964]
  0x0000016856bf03d0 GCTaskThread "GC Thread#1" [stack: 0x0000003978800000,0x0000003978900000] [id=32560]
  0x0000016855f9ce50 GCTaskThread "GC Thread#2" [stack: 0x0000003978900000,0x0000003978a00000] [id=22424]
  0x00000168569b17d0 GCTaskThread "GC Thread#3" [stack: 0x0000003978a00000,0x0000003978b00000] [id=52128]
  0x0000016856bf06e0 GCTaskThread "GC Thread#4" [stack: 0x0000003978b00000,0x0000003978c00000] [id=24544]
  0x0000016856bf09f0 GCTaskThread "GC Thread#5" [stack: 0x0000003978c00000,0x0000003978d00000] [id=10964]
  0x00000168578b6c30 GCTaskThread "GC Thread#6" [stack: 0x0000003979100000,0x0000003979200000] [id=45528]
  0x0000016856df7770 GCTaskThread "GC Thread#7" [stack: 0x0000003979200000,0x0000003979300000] [id=21864]
  0x0000016831ae4f60 ConcurrentGCThread "G1 Main Marker" [stack: 0x0000003977600000,0x0000003977700000] [id=34356]
  0x0000016831ae6070 ConcurrentGCThread "G1 Conc#0" [stack: 0x0000003977700000,0x0000003977800000] [id=33148]
  0x00000168580ed690 ConcurrentGCThread "G1 Conc#1" [stack: 0x000000397a100000,0x000000397a200000] [id=36296]
  0x0000016831b54520 ConcurrentGCThread "G1 Refine#0" [stack: 0x0000003977800000,0x0000003977900000] [id=46944]
  0x00000168584716e0 ConcurrentGCThread "G1 Refine#1" [stack: 0x0000003901300000,0x0000003901400000] [id=31556]
  0x000001685790a500 ConcurrentGCThread "G1 Refine#2" [stack: 0x0000003901400000,0x0000003901500000] [id=48676]
  0x000001685802d380 ConcurrentGCThread "G1 Refine#3" [stack: 0x0000003901500000,0x0000003901600000] [id=50420]
  0x00000168579f4f60 ConcurrentGCThread "G1 Refine#4" [stack: 0x0000003901600000,0x0000003901700000] [id=54688]
  0x000001685790a1c0 ConcurrentGCThread "G1 Refine#5" [stack: 0x0000003901700000,0x0000003901800000] [id=50592]
  0x000001685790a840 ConcurrentGCThread "G1 Refine#6" [stack: 0x0000003901800000,0x0000003901900000] [id=24032]
  0x00000168579f5920 ConcurrentGCThread "G1 Refine#7" [stack: 0x0000003901900000,0x0000003901a00000] [id=25732]
  0x0000016831b56150 ConcurrentGCThread "G1 Service" [stack: 0x0000003977900000,0x0000003977a00000] [id=53032]

Threads with active compile tasks:
C2 CompilerThread0    36022 8456       4       net.minecraftforge.srgutils.MappingFile::lambda$null$11 (58 bytes)

VM state: at safepoint (normal execution)

VM Mutex/Monitor currently owned by a thread:  ([mutex/lock_event])
[0x0000016831a926c0] Threads_lock - owner thread: 0x00000168553089b0
[0x0000016831a91ee0] Heap_lock - owner thread: 0x0000016857bddec0

Heap address: 0x0000000740000000, size: 3072 MB, Compressed Oops mode: Zero based, Oop shift amount: 3

CDS archive(s) mapped at: [0x0000000800000000-0x0000000800bf0000-0x0000000800bf0000), size 12517376, SharedBaseAddress: 0x0000000800000000, ArchiveRelocationMode: 0.
Compressed class space mapped at: 0x0000000800c00000-0x0000000840c00000, reserved size: 1073741824
Narrow klass base: 0x0000000800000000, Narrow klass shift: 3, Narrow klass range: 0x100000000

GC Precious Log:
 CPUs: 8 total, 8 available
 Memory: 6020M
 Large Page Support: Disabled
 NUMA Support: Disabled
 Compressed Oops: Enabled (Zero based)
 Heap Region Size: 2M
 Heap Min Capacity: 8M
 Heap Initial Capacity: 96M
 Heap Max Capacity: 3G
 Pre-touch: Disabled
 Parallel Workers: 8
 Concurrent Workers: 2
 Concurrent Refinement Workers: 8
 Periodic GC: Disabled

Heap:
 garbage-first heap   total 512000K, used 251146K [0x0000000740000000, 0x0000000800000000)
  region size 2048K, 2 young (4096K), 2 survivors (4096K)
 Metaspace       used 61295K, committed 61824K, reserved 1105920K
  class space    used 8088K, committed 8384K, reserved 1048576K

Heap Regions: E=young(eden), S=young(survivor), O=old, HS=humongous(starts), HC=humongous(continues), CS=collection set, F=free, OA=open archive, CA=closed archive, TAMS=top-at-mark-start (previous, next)
|   0|0x0000000740000000, 0x0000000740200000, 0x0000000740200000|100%| O|  |TAMS 0x0000000740200000, 0x0000000740000000| Untracked 
|   1|0x0000000740200000, 0x0000000740400000, 0x0000000740400000|100%| O|  |TAMS 0x0000000740400000, 0x0000000740200000| Untracked 
|   2|0x0000000740400000, 0x0000000740600000, 0x0000000740600000|100%|HS|  |TAMS 0x0000000740600000, 0x0000000740400000| Complete 
|   3|0x0000000740600000, 0x0000000740800000, 0x0000000740800000|100%|HC|  |TAMS 0x0000000740800000, 0x0000000740600000| Complete 
|   4|0x0000000740800000, 0x0000000740a00000, 0x0000000740a00000|100%| O|  |TAMS 0x0000000740a00000, 0x0000000740800000| Untracked 
|   5|0x0000000740a00000, 0x0000000740c00000, 0x0000000740c00000|100%| O|  |TAMS 0x0000000740c00000, 0x0000000740a00000| Complete 
|   6|0x0000000740c00000, 0x0000000740e00000, 0x0000000740e00000|100%| O|  |TAMS 0x0000000740e00000, 0x0000000740c00000| Untracked 
|   7|0x0000000740e00000, 0x0000000741000000, 0x0000000741000000|100%| O|  |TAMS 0x0000000741000000, 0x0000000740e00000| Untracked 
|   8|0x0000000741000000, 0x0000000741000000, 0x0000000741200000|  0%| F|  |TAMS 0x0000000741000000, 0x0000000741000000| Untracked 
|   9|0x0000000741200000, 0x0000000741400000, 0x0000000741400000|100%| O|  |TAMS 0x0000000741400000, 0x0000000741200000| Complete 
|  10|0x0000000741400000, 0x0000000741600000, 0x0000000741600000|100%| O|  |TAMS 0x0000000741600000, 0x0000000741400000| Untracked 
|  11|0x0000000741600000, 0x0000000741800000, 0x0000000741800000|100%| O|  |TAMS 0x0000000741800000, 0x0000000741600000| Untracked 
|  12|0x0000000741800000, 0x0000000741a00000, 0x0000000741a00000|100%| O|  |TAMS 0x0000000741a00000, 0x0000000741800000| Untracked 
|  13|0x0000000741a00000, 0x0000000741c00000, 0x0000000741c00000|100%| O|  |TAMS 0x0000000741c00000, 0x0000000741a00000| Untracked 
|  14|0x0000000741c00000, 0x0000000741e00000, 0x0000000741e00000|100%| O|  |TAMS 0x0000000741e00000, 0x0000000741c00000| Untracked 
|  15|0x0000000741e00000, 0x0000000742000000, 0x0000000742000000|100%|HS|  |TAMS 0x0000000742000000, 0x0000000741e00000| Complete 
|  16|0x0000000742000000, 0x0000000742200000, 0x0000000742200000|100%| O|  |TAMS 0x0000000742200000, 0x0000000742000000| Untracked 
|  17|0x0000000742200000, 0x0000000742400000, 0x0000000742400000|100%| O|  |TAMS 0x0000000742400000, 0x0000000742200000| Untracked 
|  18|0x0000000742400000, 0x0000000742600000, 0x0000000742600000|100%| O|  |TAMS 0x0000000742600000, 0x0000000742400000| Untracked 
|  19|0x0000000742600000, 0x0000000742800000, 0x0000000742800000|100%| O|  |TAMS 0x0000000742800000, 0x0000000742600000| Complete 
|  20|0x0000000742800000, 0x0000000742a00000, 0x0000000742a00000|100%| O|  |TAMS 0x0000000742a00000, 0x0000000742800000| Untracked 
|  21|0x0000000742a00000, 0x0000000742c00000, 0x0000000742c00000|100%| O|  |TAMS 0x0000000742c00000, 0x0000000742a00000| Untracked 
|  22|0x0000000742c00000, 0x0000000742e00000, 0x0000000742e00000|100%| O|  |TAMS 0x0000000742e00000, 0x0000000742c00000| Complete 
|  23|0x0000000742e00000, 0x0000000742e00000, 0x0000000743000000|  0%| F|  |TAMS 0x0000000742e00000, 0x0000000742e00000| Untracked 
|  24|0x0000000743000000, 0x0000000743000000, 0x0000000743200000|  0%| F|  |TAMS 0x0000000743000000, 0x0000000743000000| Untracked 
|  25|0x0000000743200000, 0x0000000743400000, 0x0000000743400000|100%| O|  |TAMS 0x0000000743400000, 0x0000000743200000| Complete 
|  26|0x0000000743400000, 0x0000000743400000, 0x0000000743600000|  0%| F|  |TAMS 0x0000000743400000, 0x0000000743400000| Untracked 
|  27|0x0000000743600000, 0x0000000743800000, 0x0000000743800000|100%| O|  |TAMS 0x0000000743600000, 0x0000000743600000| Untracked 
|  28|0x0000000743800000, 0x0000000743800000, 0x0000000743a00000|  0%| F|  |TAMS 0x0000000743800000, 0x0000000743800000| Untracked 
|  29|0x0000000743a00000, 0x0000000743a00000, 0x0000000743c00000|  0%| F|  |TAMS 0x0000000743a00000, 0x0000000743a00000| Untracked 
|  30|0x0000000743c00000, 0x0000000743e00000, 0x0000000743e00000|100%| O|  |TAMS 0x0000000743c00000, 0x0000000743c00000| Untracked 
|  31|0x0000000743e00000, 0x0000000743e00000, 0x0000000744000000|  0%| F|  |TAMS 0x0000000743e00000, 0x0000000743e00000| Untracked 
|  32|0x0000000744000000, 0x0000000744000000, 0x0000000744200000|  0%| F|  |TAMS 0x0000000744000000, 0x0000000744000000| Untracked 
|  33|0x0000000744200000, 0x0000000744200000, 0x0000000744400000|  0%| F|  |TAMS 0x0000000744200000, 0x0000000744200000| Untracked 
|  34|0x0000000744400000, 0x0000000744400000, 0x0000000744600000|  0%| F|  |TAMS 0x0000000744400000, 0x0000000744400000| Untracked 
|  35|0x0000000744600000, 0x0000000744800000, 0x0000000744800000|100%| O|  |TAMS 0x0000000744800000, 0x0000000744600000| Untracked 
|  36|0x0000000744800000, 0x0000000744a00000, 0x0000000744a00000|100%| O|  |TAMS 0x0000000744a00000, 0x0000000744800000| Untracked 
|  37|0x0000000744a00000, 0x0000000744c00000, 0x0000000744c00000|100%| O|  |TAMS 0x0000000744c00000, 0x0000000744a00000| Complete 
|  38|0x0000000744c00000, 0x0000000744e00000, 0x0000000744e00000|100%| O|  |TAMS 0x0000000744e00000, 0x0000000744c00000| Complete 
|  39|0x0000000744e00000, 0x0000000745000000, 0x0000000745000000|100%| O|  |TAMS 0x0000000744e00000, 0x0000000744e00000| Untracked 
|  40|0x0000000745000000, 0x0000000745200000, 0x0000000745200000|100%| O|  |TAMS 0x0000000745200000, 0x0000000745000000| Untracked 
|  41|0x0000000745200000, 0x0000000745400000, 0x0000000745400000|100%| O|  |TAMS 0x0000000745400000, 0x0000000745200000| Untracked 
|  42|0x0000000745400000, 0x0000000745600000, 0x0000000745600000|100%| O|  |TAMS 0x0000000745600000, 0x0000000745400000| Untracked 
|  43|0x0000000745600000, 0x0000000745800000, 0x0000000745800000|100%| O|  |TAMS 0x0000000745800000, 0x0000000745600000| Untracked 
|  44|0x0000000745800000, 0x0000000745a00000, 0x0000000745a00000|100%| O|  |TAMS 0x0000000745a00000, 0x0000000745800000| Untracked 
|  45|0x0000000745a00000, 0x0000000745c00000, 0x0000000745c00000|100%| O|  |TAMS 0x0000000745c00000, 0x0000000745a00000| Untracked 
|  46|0x0000000745c00000, 0x0000000745e00000, 0x0000000745e00000|100%| O|  |TAMS 0x0000000745e00000, 0x0000000745c00000| Untracked 
|  47|0x0000000745e00000, 0x0000000746000000, 0x0000000746000000|100%| O|  |TAMS 0x0000000745e00000, 0x0000000745e00000| Untracked 
|  48|0x0000000746000000, 0x0000000746000000, 0x0000000746200000|  0%| F|  |TAMS 0x0000000746000000, 0x0000000746000000| Untracked 
|  49|0x0000000746200000, 0x0000000746400000, 0x0000000746400000|100%| O|  |TAMS 0x0000000746200000, 0x0000000746200000| Untracked 
|  50|0x0000000746400000, 0x0000000746600000, 0x0000000746600000|100%| O|  |TAMS 0x0000000746400000, 0x0000000746400000| Untracked 
|  51|0x0000000746600000, 0x0000000746600000, 0x0000000746800000|  0%| F|  |TAMS 0x0000000746600000, 0x0000000746600000| Untracked 
|  52|0x0000000746800000, 0x0000000746a00000, 0x0000000746a00000|100%| O|  |TAMS 0x0000000746800000, 0x0000000746800000| Untracked 
|  53|0x0000000746a00000, 0x0000000746c00000, 0x0000000746c00000|100%| O|  |TAMS 0x0000000746a00000, 0x0000000746a00000| Untracked 
|  54|0x0000000746c00000, 0x0000000746c00000, 0x0000000746e00000|  0%| F|  |TAMS 0x0000000746c00000, 0x0000000746c00000| Untracked 
|  55|0x0000000746e00000, 0x0000000746e00000, 0x0000000747000000|  0%| F|  |TAMS 0x0000000746e00000, 0x0000000746e00000| Untracked 
|  56|0x0000000747000000, 0x0000000747200000, 0x0000000747200000|100%| O|  |TAMS 0x0000000747000000, 0x0000000747000000| Untracked 
|  57|0x0000000747200000, 0x0000000747200000, 0x0000000747400000|  0%| F|  |TAMS 0x0000000747200000, 0x0000000747200000| Untracked 
|  58|0x0000000747400000, 0x0000000747400000, 0x0000000747600000|  0%| F|  |TAMS 0x0000000747400000, 0x0000000747400000| Untracked 
|  59|0x0000000747600000, 0x0000000747800000, 0x0000000747800000|100%| O|  |TAMS 0x0000000747600000, 0x0000000747600000| Untracked 
|  60|0x0000000747800000, 0x0000000747a00000, 0x0000000747a00000|100%| O|  |TAMS 0x0000000747a00000, 0x0000000747800000| Complete 
|  61|0x0000000747a00000, 0x0000000747a00000, 0x0000000747c00000|  0%| F|  |TAMS 0x0000000747a00000, 0x0000000747a00000| Untracked 
|  62|0x0000000747c00000, 0x0000000747e00000, 0x0000000747e00000|100%| O|  |TAMS 0x0000000747c00000, 0x0000000747c00000| Untracked 
|  63|0x0000000747e00000, 0x0000000747e00000, 0x0000000748000000|  0%| F|  |TAMS 0x0000000747e00000, 0x0000000747e00000| Untracked 
|  64|0x0000000748000000, 0x0000000748200000, 0x0000000748200000|100%| O|  |TAMS 0x0000000748200000, 0x0000000748000000| Untracked 
|  65|0x0000000748200000, 0x0000000748400000, 0x0000000748400000|100%| O|  |TAMS 0x0000000748200000, 0x0000000748200000| Untracked 
|  66|0x0000000748400000, 0x0000000748600000, 0x0000000748600000|100%| O|  |TAMS 0x0000000748600000, 0x0000000748400000| Complete 
|  67|0x0000000748600000, 0x0000000748800000, 0x0000000748800000|100%| O|  |TAMS 0x0000000748800000, 0x0000000748600000| Untracked 
|  68|0x0000000748800000, 0x0000000748a00000, 0x0000000748a00000|100%| O|  |TAMS 0x0000000748a00000, 0x0000000748800000| Untracked 
|  69|0x0000000748a00000, 0x0000000748c00000, 0x0000000748c00000|100%| O|  |TAMS 0x0000000748c00000, 0x0000000748a00000| Untracked 
|  70|0x0000000748c00000, 0x0000000748e00000, 0x0000000748e00000|100%| O|  |TAMS 0x0000000748e00000, 0x0000000748c00000| Untracked 
|  71|0x0000000748e00000, 0x0000000749000000, 0x0000000749000000|100%| O|  |TAMS 0x0000000749000000, 0x0000000748e00000| Untracked 
|  72|0x0000000749000000, 0x0000000749200000, 0x0000000749200000|100%| O|  |TAMS 0x0000000749200000, 0x0000000749000000| Untracked 
|  73|0x0000000749200000, 0x0000000749200000, 0x0000000749400000|  0%| F|  |TAMS 0x0000000749200000, 0x0000000749200000| Untracked 
|  74|0x0000000749400000, 0x0000000749600000, 0x0000000749600000|100%| O|  |TAMS 0x0000000749600000, 0x0000000749400000| Untracked 
|  75|0x0000000749600000, 0x0000000749800000, 0x0000000749800000|100%| O|  |TAMS 0x0000000749800000, 0x0000000749600000| Untracked 
|  76|0x0000000749800000, 0x0000000749a00000, 0x0000000749a00000|100%| O|  |TAMS 0x0000000749a00000, 0x0000000749800000| Untracked 
|  77|0x0000000749a00000, 0x0000000749c00000, 0x0000000749c00000|100%| O|  |TAMS 0x0000000749c00000, 0x0000000749a00000| Untracked 
|  78|0x0000000749c00000, 0x0000000749e00000, 0x0000000749e00000|100%| O|  |TAMS 0x0000000749e00000, 0x0000000749c00000| Untracked 
|  79|0x0000000749e00000, 0x000000074a000000, 0x000000074a000000|100%| O|  |TAMS 0x000000074a000000, 0x0000000749e00000| Untracked 
|  80|0x000000074a000000, 0x000000074a200000, 0x000000074a200000|100%| O|  |TAMS 0x000000074a200000, 0x000000074a000000| Untracked 
|  81|0x000000074a200000, 0x000000074a400000, 0x000000074a400000|100%| O|  |TAMS 0x000000074a400000, 0x000000074a200000| Untracked 
|  82|0x000000074a400000, 0x000000074a600000, 0x000000074a600000|100%| O|  |TAMS 0x000000074a600000, 0x000000074a400000| Untracked 
|  83|0x000000074a600000, 0x000000074a800000, 0x000000074a800000|100%| O|  |TAMS 0x000000074a800000, 0x000000074a600000| Untracked 
|  84|0x000000074a800000, 0x000000074aa00000, 0x000000074aa00000|100%| O|  |TAMS 0x000000074aa00000, 0x000000074a800000| Untracked 
|  85|0x000000074aa00000, 0x000000074ac00000, 0x000000074ac00000|100%| O|  |TAMS 0x000000074ac00000, 0x000000074aa00000| Untracked 
|  86|0x000000074ac00000, 0x000000074ae00000, 0x000000074ae00000|100%| O|  |TAMS 0x000000074ae00000, 0x000000074ac00000| Untracked 
|  87|0x000000074ae00000, 0x000000074b000000, 0x000000074b000000|100%| O|  |TAMS 0x000000074b000000, 0x000000074ae00000| Untracked 
|  88|0x000000074b000000, 0x000000074b200000, 0x000000074b200000|100%| O|  |TAMS 0x000000074b200000, 0x000000074b000000| Untracked 
|  89|0x000000074b200000, 0x000000074b400000, 0x000000074b400000|100%| O|  |TAMS 0x000000074b400000, 0x000000074b200000| Untracked 
|  90|0x000000074b400000, 0x000000074b600000, 0x000000074b600000|100%| O|  |TAMS 0x000000074b600000, 0x000000074b400000| Complete 
|  91|0x000000074b600000, 0x000000074b800000, 0x000000074b800000|100%| O|  |TAMS 0x000000074b6b5400, 0x000000074b600000| Complete 
|  92|0x000000074b800000, 0x000000074ba00000, 0x000000074ba00000|100%| O|  |TAMS 0x000000074b800000, 0x000000074b800000| Untracked 
|  93|0x000000074ba00000, 0x000000074bc00000, 0x000000074bc00000|100%| O|  |TAMS 0x000000074ba00000, 0x000000074ba00000| Untracked 
|  94|0x000000074bc00000, 0x000000074be00000, 0x000000074be00000|100%| O|  |TAMS 0x000000074bc00000, 0x000000074bc00000| Untracked 
|  95|0x000000074be00000, 0x000000074c000000, 0x000000074c000000|100%| O|  |TAMS 0x000000074be00000, 0x000000074be00000| Untracked 
|  96|0x000000074c000000, 0x000000074c200000, 0x000000074c200000|100%| O|  |TAMS 0x000000074c000000, 0x000000074c000000| Untracked 
|  97|0x000000074c200000, 0x000000074c400000, 0x000000074c400000|100%| O|  |TAMS 0x000000074c200000, 0x000000074c200000| Untracked 
|  98|0x000000074c400000, 0x000000074c600000, 0x000000074c600000|100%| O|  |TAMS 0x000000074c400000, 0x000000074c400000| Untracked 
|  99|0x000000074c600000, 0x000000074c800000, 0x000000074c800000|100%| O|  |TAMS 0x000000074c600000, 0x000000074c600000| Untracked 
| 100|0x000000074c800000, 0x000000074ca00000, 0x000000074ca00000|100%| O|  |TAMS 0x000000074c800000, 0x000000074c800000| Untracked 
| 101|0x000000074ca00000, 0x000000074cc00000, 0x000000074cc00000|100%| O|  |TAMS 0x000000074ca00000, 0x000000074ca00000| Untracked 
| 102|0x000000074cc00000, 0x000000074ce00000, 0x000000074ce00000|100%| O|  |TAMS 0x000000074cc00000, 0x000000074cc00000| Untracked 
| 103|0x000000074ce00000, 0x000000074d000000, 0x000000074d000000|100%| O|  |TAMS 0x000000074ce00000, 0x000000074ce00000| Untracked 
| 104|0x000000074d000000, 0x000000074d200000, 0x000000074d200000|100%| O|  |TAMS 0x000000074d000000, 0x000000074d000000| Untracked 
| 105|0x000000074d200000, 0x000000074d400000, 0x000000074d400000|100%| O|  |TAMS 0x000000074d200000, 0x000000074d200000| Untracked 
| 106|0x000000074d400000, 0x000000074d600000, 0x000000074d600000|100%| O|  |TAMS 0x000000074d400000, 0x000000074d400000| Untracked 
| 107|0x000000074d600000, 0x000000074d800000, 0x000000074d800000|100%| O|  |TAMS 0x000000074d600000, 0x000000074d600000| Untracked 
| 108|0x000000074d800000, 0x000000074da00000, 0x000000074da00000|100%| O|  |TAMS 0x000000074d800000, 0x000000074d800000| Untracked 
| 109|0x000000074da00000, 0x000000074dc00000, 0x000000074dc00000|100%| O|  |TAMS 0x000000074da00000, 0x000000074da00000| Untracked 
| 110|0x000000074dc00000, 0x000000074de00000, 0x000000074de00000|100%| O|  |TAMS 0x000000074dc00000, 0x000000074dc00000| Untracked 
| 111|0x000000074de00000, 0x000000074e000000, 0x000000074e000000|100%| O|  |TAMS 0x000000074de00000, 0x000000074de00000| Untracked 
| 112|0x000000074e000000, 0x000000074e200000, 0x000000074e200000|100%| O|  |TAMS 0x000000074e000000, 0x000000074e000000| Untracked 
| 113|0x000000074e200000, 0x000000074e400000, 0x000000074e400000|100%| O|  |TAMS 0x000000074e200000, 0x000000074e200000| Untracked 
| 114|0x000000074e400000, 0x000000074e600000, 0x000000074e600000|100%| O|  |TAMS 0x000000074e400000, 0x000000074e400000| Untracked 
| 115|0x000000074e600000, 0x000000074e800000, 0x000000074e800000|100%| O|  |TAMS 0x000000074e600000, 0x000000074e600000| Untracked 
| 116|0x000000074e800000, 0x000000074ea00000, 0x000000074ea00000|100%| O|  |TAMS 0x000000074e800000, 0x000000074e800000| Untracked 
| 117|0x000000074ea00000, 0x000000074ec00000, 0x000000074ec00000|100%| O|  |TAMS 0x000000074ea00000, 0x000000074ea00000| Untracked 
| 118|0x000000074ec00000, 0x000000074ee00000, 0x000000074ee00000|100%| O|  |TAMS 0x000000074ec00000, 0x000000074ec00000| Untracked 
| 119|0x000000074ee00000, 0x000000074f000000, 0x000000074f000000|100%| O|  |TAMS 0x000000074ee00000, 0x000000074ee00000| Untracked 
| 120|0x000000074f000000, 0x000000074f200000, 0x000000074f200000|100%| O|  |TAMS 0x000000074f000000, 0x000000074f000000| Untracked 
| 121|0x000000074f200000, 0x000000074f400000, 0x000000074f400000|100%| O|  |TAMS 0x000000074f200000, 0x000000074f200000| Untracked 
| 122|0x000000074f400000, 0x000000074f600000, 0x000000074f600000|100%| O|  |TAMS 0x000000074f400000, 0x000000074f400000| Untracked 
| 123|0x000000074f600000, 0x000000074f800000, 0x000000074f800000|100%| O|  |TAMS 0x000000074f600000, 0x000000074f600000| Untracked 
| 124|0x000000074f800000, 0x000000074fa00000, 0x000000074fa00000|100%| O|  |TAMS 0x000000074f800000, 0x000000074f800000| Untracked 
| 125|0x000000074fa00000, 0x000000074fc00000, 0x000000074fc00000|100%| O|  |TAMS 0x000000074fa00000, 0x000000074fa00000| Untracked 
| 126|0x000000074fc00000, 0x000000074fe00000, 0x000000074fe00000|100%| O|  |TAMS 0x000000074fc00000, 0x000000074fc00000| Untracked 
| 127|0x000000074fe00000, 0x0000000750000000, 0x0000000750000000|100%| O|  |TAMS 0x000000074fe00000, 0x000000074fe00000| Untracked 
| 128|0x0000000750000000, 0x0000000750200000, 0x0000000750200000|100%| O|  |TAMS 0x0000000750000000, 0x0000000750000000| Untracked 
| 129|0x0000000750200000, 0x0000000750400000, 0x0000000750400000|100%| O|  |TAMS 0x0000000750200000, 0x0000000750200000| Untracked 
| 130|0x0000000750400000, 0x0000000750600000, 0x0000000750600000|100%| O|  |TAMS 0x0000000750400000, 0x0000000750400000| Untracked 
| 131|0x0000000750600000, 0x0000000750800000, 0x0000000750800000|100%| O|  |TAMS 0x0000000750600000, 0x0000000750600000| Untracked 
| 132|0x0000000750800000, 0x0000000750a00000, 0x0000000750a00000|100%| O|  |TAMS 0x0000000750800000, 0x0000000750800000| Untracked 
| 133|0x0000000750a00000, 0x0000000750c00000, 0x0000000750c00000|100%| O|  |TAMS 0x0000000750a00000, 0x0000000750a00000| Untracked 
| 134|0x0000000750c00000, 0x0000000750e00000, 0x0000000750e00000|100%| O|  |TAMS 0x0000000750c00000, 0x0000000750c00000| Untracked 
| 135|0x0000000750e00000, 0x0000000751000000, 0x0000000751000000|100%| O|  |TAMS 0x0000000750e00000, 0x0000000750e00000| Untracked 
| 136|0x0000000751000000, 0x0000000751200000, 0x0000000751200000|100%| O|  |TAMS 0x0000000751000000, 0x0000000751000000| Untracked 
| 137|0x0000000751200000, 0x0000000751400000, 0x0000000751400000|100%| O|  |TAMS 0x0000000751200000, 0x0000000751200000| Untracked 
| 138|0x0000000751400000, 0x0000000751542a00, 0x0000000751600000| 63%| O|  |TAMS 0x0000000751400000, 0x0000000751400000| Untracked 
| 139|0x0000000751600000, 0x0000000751600000, 0x0000000751800000|  0%| F|  |TAMS 0x0000000751600000, 0x0000000751600000| Untracked 
| 140|0x0000000751800000, 0x0000000751800000, 0x0000000751a00000|  0%| F|  |TAMS 0x0000000751800000, 0x0000000751800000| Untracked 
| 141|0x0000000751a00000, 0x0000000751a00000, 0x0000000751c00000|  0%| F|  |TAMS 0x0000000751a00000, 0x0000000751a00000| Untracked 
| 142|0x0000000751c00000, 0x0000000751c00000, 0x0000000751e00000|  0%| F|  |TAMS 0x0000000751c00000, 0x0000000751c00000| Untracked 
| 143|0x0000000751e00000, 0x0000000751e00000, 0x0000000752000000|  0%| F|  |TAMS 0x0000000751e00000, 0x0000000751e00000| Untracked 
| 144|0x0000000752000000, 0x0000000752000000, 0x0000000752200000|  0%| F|  |TAMS 0x0000000752000000, 0x0000000752000000| Untracked 
| 145|0x0000000752200000, 0x0000000752200000, 0x0000000752400000|  0%| F|  |TAMS 0x0000000752200000, 0x0000000752200000| Untracked 
| 146|0x0000000752400000, 0x0000000752400000, 0x0000000752600000|  0%| F|  |TAMS 0x0000000752400000, 0x0000000752400000| Untracked 
| 147|0x0000000752600000, 0x0000000752600000, 0x0000000752800000|  0%| F|  |TAMS 0x0000000752600000, 0x0000000752600000| Untracked 
| 148|0x0000000752800000, 0x0000000752800000, 0x0000000752a00000|  0%| F|  |TAMS 0x0000000752800000, 0x0000000752800000| Untracked 
| 149|0x0000000752a00000, 0x0000000752a00000, 0x0000000752c00000|  0%| F|  |TAMS 0x0000000752a00000, 0x0000000752a00000| Untracked 
| 150|0x0000000752c00000, 0x0000000752c00000, 0x0000000752e00000|  0%| F|  |TAMS 0x0000000752c00000, 0x0000000752c00000| Untracked 
| 151|0x0000000752e00000, 0x0000000752e00000, 0x0000000753000000|  0%| F|  |TAMS 0x0000000752e00000, 0x0000000752e00000| Untracked 
| 152|0x0000000753000000, 0x0000000753000000, 0x0000000753200000|  0%| F|  |TAMS 0x0000000753000000, 0x0000000753000000| Untracked 
| 153|0x0000000753200000, 0x0000000753200000, 0x0000000753400000|  0%| F|  |TAMS 0x0000000753200000, 0x0000000753200000| Untracked 
| 154|0x0000000753400000, 0x0000000753400000, 0x0000000753600000|  0%| F|  |TAMS 0x0000000753400000, 0x0000000753400000| Untracked 
| 155|0x0000000753600000, 0x0000000753600000, 0x0000000753800000|  0%| F|  |TAMS 0x0000000753600000, 0x0000000753600000| Untracked 
| 156|0x0000000753800000, 0x0000000753800000, 0x0000000753a00000|  0%| F|  |TAMS 0x0000000753800000, 0x0000000753800000| Untracked 
| 157|0x0000000753a00000, 0x0000000753a00000, 0x0000000753c00000|  0%| F|  |TAMS 0x0000000753a00000, 0x0000000753a00000| Untracked 
| 158|0x0000000753c00000, 0x0000000753c00000, 0x0000000753e00000|  0%| F|  |TAMS 0x0000000753c00000, 0x0000000753c00000| Untracked 
| 159|0x0000000753e00000, 0x0000000753e00000, 0x0000000754000000|  0%| F|  |TAMS 0x0000000753e00000, 0x0000000753e00000| Untracked 
| 160|0x0000000754000000, 0x0000000754000000, 0x0000000754200000|  0%| F|  |TAMS 0x0000000754000000, 0x0000000754000000| Untracked 
| 161|0x0000000754200000, 0x0000000754200000, 0x0000000754400000|  0%| F|  |TAMS 0x0000000754200000, 0x0000000754200000| Untracked 
| 162|0x0000000754400000, 0x0000000754400000, 0x0000000754600000|  0%| F|  |TAMS 0x0000000754400000, 0x0000000754400000| Untracked 
| 163|0x0000000754600000, 0x0000000754600000, 0x0000000754800000|  0%| F|  |TAMS 0x0000000754600000, 0x0000000754600000| Untracked 
| 164|0x0000000754800000, 0x0000000754800000, 0x0000000754a00000|  0%| F|  |TAMS 0x0000000754800000, 0x0000000754800000| Untracked 
| 165|0x0000000754a00000, 0x0000000754a00000, 0x0000000754c00000|  0%| F|  |TAMS 0x0000000754a00000, 0x0000000754a00000| Untracked 
| 166|0x0000000754c00000, 0x0000000754c00000, 0x0000000754e00000|  0%| F|  |TAMS 0x0000000754c00000, 0x0000000754c00000| Untracked 
| 167|0x0000000754e00000, 0x0000000754e00000, 0x0000000755000000|  0%| F|  |TAMS 0x0000000754e00000, 0x0000000754e00000| Untracked 
| 168|0x0000000755000000, 0x0000000755000000, 0x0000000755200000|  0%| F|  |TAMS 0x0000000755000000, 0x0000000755000000| Untracked 
| 169|0x0000000755200000, 0x0000000755200000, 0x0000000755400000|  0%| F|  |TAMS 0x0000000755200000, 0x0000000755200000| Untracked 
| 170|0x0000000755400000, 0x0000000755400000, 0x0000000755600000|  0%| F|  |TAMS 0x0000000755400000, 0x0000000755400000| Untracked 
| 171|0x0000000755600000, 0x0000000755600000, 0x0000000755800000|  0%| F|  |TAMS 0x0000000755600000, 0x0000000755600000| Untracked 
| 172|0x0000000755800000, 0x0000000755800000, 0x0000000755a00000|  0%| F|  |TAMS 0x0000000755800000, 0x0000000755800000| Untracked 
| 173|0x0000000755a00000, 0x0000000755a00000, 0x0000000755c00000|  0%| F|  |TAMS 0x0000000755a00000, 0x0000000755a00000| Untracked 
| 174|0x0000000755c00000, 0x0000000755c00000, 0x0000000755e00000|  0%| F|  |TAMS 0x0000000755c00000, 0x0000000755c00000| Untracked 
| 175|0x0000000755e00000, 0x0000000755e00000, 0x0000000756000000|  0%| F|  |TAMS 0x0000000755e00000, 0x0000000755e00000| Untracked 
| 176|0x0000000756000000, 0x0000000756000000, 0x0000000756200000|  0%| F|  |TAMS 0x0000000756000000, 0x0000000756000000| Untracked 
| 177|0x0000000756200000, 0x0000000756200000, 0x0000000756400000|  0%| F|  |TAMS 0x0000000756200000, 0x0000000756200000| Untracked 
| 178|0x0000000756400000, 0x0000000756400000, 0x0000000756600000|  0%| F|  |TAMS 0x0000000756400000, 0x0000000756400000| Untracked 
| 179|0x0000000756600000, 0x0000000756600000, 0x0000000756800000|  0%| F|  |TAMS 0x0000000756600000, 0x0000000756600000| Untracked 
| 180|0x0000000756800000, 0x0000000756800000, 0x0000000756a00000|  0%| F|  |TAMS 0x0000000756800000, 0x0000000756800000| Untracked 
| 181|0x0000000756a00000, 0x0000000756a00000, 0x0000000756c00000|  0%| F|  |TAMS 0x0000000756a00000, 0x0000000756a00000| Untracked 
| 182|0x0000000756c00000, 0x0000000756c00000, 0x0000000756e00000|  0%| F|  |TAMS 0x0000000756c00000, 0x0000000756c00000| Untracked 
| 183|0x0000000756e00000, 0x0000000756e00000, 0x0000000757000000|  0%| F|  |TAMS 0x0000000756e00000, 0x0000000756e00000| Untracked 
| 184|0x0000000757000000, 0x0000000757000000, 0x0000000757200000|  0%| F|  |TAMS 0x0000000757000000, 0x0000000757000000| Untracked 
| 185|0x0000000757200000, 0x0000000757200000, 0x0000000757400000|  0%| F|  |TAMS 0x0000000757200000, 0x0000000757200000| Untracked 
| 186|0x0000000757400000, 0x0000000757400000, 0x0000000757600000|  0%| F|  |TAMS 0x0000000757400000, 0x0000000757400000| Untracked 
| 187|0x0000000757600000, 0x0000000757600000, 0x0000000757800000|  0%| F|  |TAMS 0x0000000757600000, 0x0000000757600000| Untracked 
| 188|0x0000000757800000, 0x0000000757800000, 0x0000000757a00000|  0%| F|  |TAMS 0x0000000757800000, 0x0000000757800000| Untracked 
| 189|0x0000000757a00000, 0x0000000757a00000, 0x0000000757c00000|  0%| F|  |TAMS 0x0000000757a00000, 0x0000000757a00000| Untracked 
| 190|0x0000000757c00000, 0x0000000757c00000, 0x0000000757e00000|  0%| F|  |TAMS 0x0000000757c00000, 0x0000000757c00000| Untracked 
| 191|0x0000000757e00000, 0x0000000757e00000, 0x0000000758000000|  0%| F|  |TAMS 0x0000000757e00000, 0x0000000757e00000| Untracked 
| 192|0x0000000758000000, 0x0000000758000000, 0x0000000758200000|  0%| F|  |TAMS 0x0000000758000000, 0x0000000758000000| Untracked 
| 193|0x0000000758200000, 0x0000000758200000, 0x0000000758400000|  0%| F|  |TAMS 0x0000000758200000, 0x0000000758200000| Untracked 
| 194|0x0000000758400000, 0x0000000758400000, 0x0000000758600000|  0%| F|  |TAMS 0x0000000758400000, 0x0000000758400000| Untracked 
| 195|0x0000000758600000, 0x0000000758600000, 0x0000000758800000|  0%| F|  |TAMS 0x0000000758600000, 0x0000000758600000| Untracked 
| 196|0x0000000758800000, 0x0000000758800000, 0x0000000758a00000|  0%| F|  |TAMS 0x0000000758800000, 0x0000000758800000| Untracked 
| 197|0x0000000758a00000, 0x0000000758a00000, 0x0000000758c00000|  0%| F|  |TAMS 0x0000000758a00000, 0x0000000758a00000| Untracked 
| 198|0x0000000758c00000, 0x0000000758c00000, 0x0000000758e00000|  0%| F|  |TAMS 0x0000000758c00000, 0x0000000758c00000| Untracked 
| 199|0x0000000758e00000, 0x0000000758e00000, 0x0000000759000000|  0%| F|  |TAMS 0x0000000758e00000, 0x0000000758e00000| Untracked 
| 200|0x0000000759000000, 0x0000000759000000, 0x0000000759200000|  0%| F|  |TAMS 0x0000000759000000, 0x0000000759000000| Untracked 
| 201|0x0000000759200000, 0x0000000759200000, 0x0000000759400000|  0%| F|  |TAMS 0x0000000759200000, 0x0000000759200000| Untracked 
| 202|0x0000000759400000, 0x0000000759400000, 0x0000000759600000|  0%| F|  |TAMS 0x0000000759400000, 0x0000000759400000| Untracked 
| 203|0x0000000759600000, 0x0000000759600000, 0x0000000759800000|  0%| F|  |TAMS 0x0000000759600000, 0x0000000759600000| Untracked 
| 204|0x0000000759800000, 0x0000000759800000, 0x0000000759a00000|  0%| F|  |TAMS 0x0000000759800000, 0x0000000759800000| Untracked 
| 205|0x0000000759a00000, 0x0000000759a00000, 0x0000000759c00000|  0%| F|  |TAMS 0x0000000759a00000, 0x0000000759a00000| Untracked 
| 206|0x0000000759c00000, 0x0000000759c00000, 0x0000000759e00000|  0%| F|  |TAMS 0x0000000759c00000, 0x0000000759c00000| Untracked 
| 207|0x0000000759e00000, 0x0000000759e00000, 0x000000075a000000|  0%| F|  |TAMS 0x0000000759e00000, 0x0000000759e00000| Untracked 
| 208|0x000000075a000000, 0x000000075a000000, 0x000000075a200000|  0%| F|  |TAMS 0x000000075a000000, 0x000000075a000000| Untracked 
| 209|0x000000075a200000, 0x000000075a200000, 0x000000075a400000|  0%| F|  |TAMS 0x000000075a200000, 0x000000075a200000| Untracked 
| 210|0x000000075a400000, 0x000000075a400000, 0x000000075a600000|  0%| F|  |TAMS 0x000000075a400000, 0x000000075a400000| Untracked 
| 211|0x000000075a600000, 0x000000075a600000, 0x000000075a800000|  0%| F|  |TAMS 0x000000075a600000, 0x000000075a600000| Untracked 
| 212|0x000000075a800000, 0x000000075a800000, 0x000000075aa00000|  0%| F|  |TAMS 0x000000075a800000, 0x000000075a800000| Untracked 
| 213|0x000000075aa00000, 0x000000075aa00000, 0x000000075ac00000|  0%| F|  |TAMS 0x000000075aa00000, 0x000000075aa00000| Untracked 
| 214|0x000000075ac00000, 0x000000075ac00000, 0x000000075ae00000|  0%| F|  |TAMS 0x000000075ac00000, 0x000000075ac00000| Untracked 
| 215|0x000000075ae00000, 0x000000075ae00000, 0x000000075b000000|  0%| F|  |TAMS 0x000000075ae00000, 0x000000075ae00000| Untracked 
| 216|0x000000075b000000, 0x000000075b000000, 0x000000075b200000|  0%| F|  |TAMS 0x000000075b000000, 0x000000075b000000| Untracked 
| 217|0x000000075b200000, 0x000000075b200000, 0x000000075b400000|  0%| F|  |TAMS 0x000000075b200000, 0x000000075b200000| Untracked 
| 218|0x000000075b400000, 0x000000075b400000, 0x000000075b600000|  0%| F|  |TAMS 0x000000075b400000, 0x000000075b400000| Untracked 
| 219|0x000000075b600000, 0x000000075b600000, 0x000000075b800000|  0%| F|  |TAMS 0x000000075b600000, 0x000000075b600000| Untracked 
| 220|0x000000075b800000, 0x000000075b800000, 0x000000075ba00000|  0%| F|  |TAMS 0x000000075b800000, 0x000000075b800000| Untracked 
| 221|0x000000075ba00000, 0x000000075ba00000, 0x000000075bc00000|  0%| F|  |TAMS 0x000000075ba00000, 0x000000075ba00000| Untracked 
| 222|0x000000075bc00000, 0x000000075bc00000, 0x000000075be00000|  0%| F|  |TAMS 0x000000075bc00000, 0x000000075bc00000| Untracked 
| 223|0x000000075be00000, 0x000000075be00000, 0x000000075c000000|  0%| F|  |TAMS 0x000000075be00000, 0x000000075be00000| Untracked 
| 224|0x000000075c000000, 0x000000075c000000, 0x000000075c200000|  0%| F|  |TAMS 0x000000075c000000, 0x000000075c000000| Untracked 
| 225|0x000000075c200000, 0x000000075c200000, 0x000000075c400000|  0%| F|  |TAMS 0x000000075c200000, 0x000000075c200000| Untracked 
| 226|0x000000075c400000, 0x000000075c400000, 0x000000075c600000|  0%| F|  |TAMS 0x000000075c400000, 0x000000075c400000| Untracked 
| 227|0x000000075c600000, 0x000000075c600000, 0x000000075c800000|  0%| F|  |TAMS 0x000000075c600000, 0x000000075c600000| Untracked 
| 228|0x000000075c800000, 0x000000075c800000, 0x000000075ca00000|  0%| F|  |TAMS 0x000000075c800000, 0x000000075c800000| Untracked 
|1515|0x00000007fd600000, 0x00000007fd800000, 0x00000007fd800000|100%| O|  |TAMS 0x00000007fd800000, 0x00000007fd600000| Complete 
|1516|0x00000007fd800000, 0x00000007fd800000, 0x00000007fda00000|  0%| F|  |TAMS 0x00000007fd800000, 0x00000007fd800000| Untracked 
|1517|0x00000007fda00000, 0x00000007fdc00000, 0x00000007fdc00000|100%| S|CS|TAMS 0x00000007fda00000, 0x00000007fda00000| Complete 
|1518|0x00000007fdc00000, 0x00000007fde00000, 0x00000007fde00000|100%| S|CS|TAMS 0x00000007fdc00000, 0x00000007fdc00000| Complete 
|1519|0x00000007fde00000, 0x00000007fde00000, 0x00000007fe000000|  0%| F|  |TAMS 0x00000007fde00000, 0x00000007fde00000| Untracked 
|1520|0x00000007fe000000, 0x00000007fe000000, 0x00000007fe200000|  0%| F|  |TAMS 0x00000007fe000000, 0x00000007fe000000| Untracked 
|1521|0x00000007fe200000, 0x00000007fe200000, 0x00000007fe400000|  0%| F|  |TAMS 0x00000007fe200000, 0x00000007fe200000| Untracked 
|1522|0x00000007fe400000, 0x00000007fe400000, 0x00000007fe600000|  0%| F|  |TAMS 0x00000007fe400000, 0x00000007fe400000| Untracked 
|1523|0x00000007fe600000, 0x00000007fe600000, 0x00000007fe800000|  0%| F|  |TAMS 0x00000007fe600000, 0x00000007fe600000| Untracked 
|1524|0x00000007fe800000, 0x00000007fe800000, 0x00000007fea00000|  0%| F|  |TAMS 0x00000007fe800000, 0x00000007fe800000| Untracked 
|1525|0x00000007fea00000, 0x00000007fea00000, 0x00000007fec00000|  0%| F|  |TAMS 0x00000007fea00000, 0x00000007fea00000| Untracked 
|1526|0x00000007fec00000, 0x00000007fec00000, 0x00000007fee00000|  0%| F|  |TAMS 0x00000007fec00000, 0x00000007fec00000| Untracked 
|1527|0x00000007fee00000, 0x00000007fee00000, 0x00000007ff000000|  0%| F|  |TAMS 0x00000007fee00000, 0x00000007fee00000| Untracked 
|1528|0x00000007ff000000, 0x00000007ff000000, 0x00000007ff200000|  0%| F|  |TAMS 0x00000007ff000000, 0x00000007ff000000| Untracked 
|1529|0x00000007ff200000, 0x00000007ff200000, 0x00000007ff400000|  0%| F|  |TAMS 0x00000007ff200000, 0x00000007ff200000| Untracked 
|1530|0x00000007ff400000, 0x00000007ff400000, 0x00000007ff600000|  0%| F|  |TAMS 0x00000007ff400000, 0x00000007ff400000| Untracked 
|1531|0x00000007ff600000, 0x00000007ff600000, 0x00000007ff800000|  0%| F|  |TAMS 0x00000007ff600000, 0x00000007ff600000| Untracked 
|1532|0x00000007ff800000, 0x00000007ff800000, 0x00000007ffa00000|  0%| F|  |TAMS 0x00000007ff800000, 0x00000007ff800000| Untracked 
|1533|0x00000007ffa00000, 0x00000007ffa00000, 0x00000007ffc00000|  0%| F|  |TAMS 0x00000007ffa00000, 0x00000007ffa00000| Untracked 
|1534|0x00000007ffc00000, 0x00000007ffc00000, 0x00000007ffe00000|  0%| F|  |TAMS 0x00000007ffc00000, 0x00000007ffc00000| Untracked 
|1535|0x00000007ffe00000, 0x00000007ffe00000, 0x0000000800000000|  0%| F|  |TAMS 0x00000007ffe00000, 0x00000007ffe00000| Untracked 

Card table byte_map: [0x000001684bce0000,0x000001684c2e0000] _byte_map_base: 0x00000168482e0000

Marking Bits (Prev, Next): (CMBitMap*) 0x0000016831ad8470, (CMBitMap*) 0x0000016831ad8430
 Prev Bits: [0x000001684f8e0000, 0x00000168528e0000)
 Next Bits: [0x000001684c8e0000, 0x000001684f8e0000)

Polling page: 0x0000016831b70000

Metaspace:

Usage:
  Non-class:     51.96 MB used.
      Class:      7.90 MB used.
       Both:     59.86 MB used.

Virtual space:
  Non-class space:       56.00 MB reserved,      52.19 MB ( 93%) committed,  7 nodes.
      Class space:        1.00 GB reserved,       8.19 MB ( <1%) committed,  1 nodes.
              Both:        1.05 GB reserved,      60.38 MB (  6%) committed. 

Chunk freelists:
   Non-Class:  3.02 MB
       Class:  3.79 MB
        Both:  6.81 MB

MaxMetaspaceSize: 17179869184.00 GB
CompressedClassSpaceSize: 1.00 GB
 - commit_granule_bytes: 65536.
 - commit_granule_words: 8192.
 - virtual_space_node_default_size: 1048576.
 - enlarge_chunks_in_place: 1.
 - new_chunks_are_fully_committed: 0.
 - uncommit_free_chunks: 1.
 - use_allocation_guard: 0.
 - handle_deallocations: 1.


Internal statistics:

num_allocs_failed_limit: 6.
num_arena_births: 576.
num_arena_deaths: 0.
num_vsnodes_births: 8.
num_vsnodes_deaths: 0.
num_space_committed: 966.
num_space_uncommitted: 0.
num_chunks_returned_to_freelist: 6.
num_chunks_taken_from_freelist: 2768.
num_chunk_merges: 6.
num_chunk_splits: 1788.
num_chunks_enlarged: 1162.
num_purges: 0.

CodeHeap 'non-profiled nmethods': size=120000Kb used=3254Kb max_used=3254Kb free=116745Kb
 bounds [0x0000016843730000, 0x0000016843a60000, 0x000001684ac60000]
CodeHeap 'profiled nmethods': size=120000Kb used=14587Kb max_used=14587Kb free=105412Kb
 bounds [0x000001683c200000, 0x000001683d050000, 0x0000016843730000]
CodeHeap 'non-nmethods': size=5760Kb used=2386Kb max_used=2431Kb free=3373Kb
 bounds [0x000001683bc60000, 0x000001683bed0000, 0x000001683c200000]
 total_blobs=8299 nmethods=7395 adapters=814
 compilation: enabled
              stopped_count=0, restarted_count=0
 full_count=0

Compilation events (20 events):
Event: 35.679 Thread 0x000001685533baf0 nmethod 8444 0x0000016843a57810 code [0x0000016843a579e0, 0x0000016843a586b8]
Event: 35.679 Thread 0x000001685533baf0 8449       4       java.util.stream.AbstractPipeline::<init> (91 bytes)
Event: 35.687 Thread 0x000001685533baf0 nmethod 8449 0x0000016843a58c10 code [0x0000016843a58da0, 0x0000016843a591d8]
Event: 35.687 Thread 0x000001685533baf0 8450       4       java.util.stream.ForEachOps$ForEachOp::getOpFlags (15 bytes)
Event: 35.688 Thread 0x000001685533baf0 nmethod 8450 0x0000016843a59390 code [0x0000016843a59520, 0x0000016843a595b8]
Event: 35.688 Thread 0x000001685533baf0 8447       4       net.minecraftforge.srgutils.MappingFile$$Lambda$1218/0x00000008014339f8::accept (20 bytes)
Event: 35.724 Thread 0x000001685533d500 8463 %     2       java.util.stream.SortedOps$SizedRefSortingSink::end @ 39 (129 bytes)
Event: 35.725 Thread 0x000001685533d500 nmethod 8463% 0x000001683d041790 code [0x000001683d0419a0, 0x000001683d041df8]
Event: 35.735 Thread 0x000001685533baf0 nmethod 8447 0x0000016843a59690 code [0x0000016843a59880, 0x0000016843a5a9e8]
Event: 35.735 Thread 0x000001685533baf0 8448       4       net.minecraftforge.srgutils.MappingFile$Cls$Method$Parameter::write (201 bytes)
Event: 35.796 Thread 0x000001685533baf0 nmethod 8448 0x0000016843a5af90 code [0x0000016843a5b140, 0x0000016843a5b998]
Event: 35.796 Thread 0x000001685533baf0 8451       4       java.util.stream.ForEachOps$ForEachOp$OfRef::evaluateSequential (7 bytes)
Event: 35.807 Thread 0x000001685533baf0 nmethod 8451 0x0000016843a5bb90 code [0x0000016843a5bd80, 0x0000016843a5c198]
Event: 35.807 Thread 0x000001685533baf0 8453       4       java.util.stream.SortedOps$OfRef::opWrapSink (60 bytes)
Event: 35.812 Thread 0x000001685533baf0 nmethod 8453 0x0000016843a5c710 code [0x0000016843a5c8a0, 0x0000016843a5cbb8]
Event: 35.813 Thread 0x000001685533baf0 8452       4       java.util.stream.SortedOps$OfRef::<init> (32 bytes)
Event: 35.820 Thread 0x000001685533baf0 nmethod 8452 0x0000016843a5cd90 code [0x0000016843a5cf20, 0x0000016843a5d3f8]
Event: 35.820 Thread 0x000001685533baf0 8454       4       java.util.stream.SortedOps$SizedRefSortingSink::begin (28 bytes)
Event: 35.823 Thread 0x000001685533baf0 nmethod 8454 0x0000016843a5d590 code [0x0000016843a5d720, 0x0000016843a5d9b8]
Event: 35.823 Thread 0x000001685533baf0 8456       4       net.minecraftforge.srgutils.MappingFile::lambda$null$11 (58 bytes)

GC Heap History (20 events):
Event: 28.145 GC heap after
{Heap after GC invocations=30 (full 0):
 garbage-first heap   total 239616K, used 56419K [0x0000000740000000, 0x0000000800000000)
  region size 2048K, 3 young (6144K), 3 survivors (6144K)
 Metaspace       used 58111K, committed 58688K, reserved 1105920K
  class space    used 7602K, committed 7872K, reserved 1048576K
}
Event: 31.144 GC heap before
{Heap before GC invocations=30 (full 0):
 garbage-first heap   total 239616K, used 228451K [0x0000000740000000, 0x0000000800000000)
  region size 2048K, 70 young (143360K), 3 survivors (6144K)
 Metaspace       used 61026K, committed 61568K, reserved 1105920K
  class space    used 8054K, committed 8320K, reserved 1048576K
}
Event: 31.245 GC heap after
{Heap after GC invocations=31 (full 0):
 garbage-first heap   total 294912K, used 107039K [0x0000000740000000, 0x0000000800000000)
  region size 2048K, 9 young (18432K), 9 survivors (18432K)
 Metaspace       used 61026K, committed 61568K, reserved 1105920K
  class space    used 8054K, committed 8320K, reserved 1048576K
}
Event: 31.747 GC heap before
{Heap before GC invocations=31 (full 0):
 garbage-first heap   total 294912K, used 174623K [0x0000000740000000, 0x0000000800000000)
  region size 2048K, 42 young (86016K), 9 survivors (18432K)
 Metaspace       used 61143K, committed 61696K, reserved 1105920K
  class space    used 8069K, committed 8384K, reserved 1048576K
}
Event: 31.815 GC heap after
{Heap after GC invocations=32 (full 0):
 garbage-first heap   total 294912K, used 145969K [0x0000000740000000, 0x0000000800000000)
  region size 2048K, 6 young (12288K), 6 survivors (12288K)
 Metaspace       used 61143K, committed 61696K, reserved 1105920K
  class space    used 8069K, committed 8384K, reserved 1048576K
}
Event: 32.248 GC heap before
{Heap before GC invocations=32 (full 0):
 garbage-first heap   total 294912K, used 195121K [0x0000000740000000, 0x0000000800000000)
  region size 2048K, 30 young (61440K), 6 survivors (12288K)
 Metaspace       used 61146K, committed 61696K, reserved 1105920K
  class space    used 8069K, committed 8384K, reserved 1048576K
}
Event: 32.291 GC heap after
{Heap after GC invocations=33 (full 0):
 garbage-first heap   total 294912K, used 174054K [0x0000000740000000, 0x0000000800000000)
  region size 2048K, 4 young (8192K), 4 survivors (8192K)
 Metaspace       used 61146K, committed 61696K, reserved 1105920K
  class space    used 8069K, committed 8384K, reserved 1048576K
}
Event: 32.511 GC heap before
{Heap before GC invocations=33 (full 0):
 garbage-first heap   total 294912K, used 212966K [0x0000000740000000, 0x0000000800000000)
  region size 2048K, 23 young (47104K), 4 survivors (8192K)
 Metaspace       used 61146K, committed 61696K, reserved 1105920K
  class space    used 8069K, committed 8384K, reserved 1048576K
}
Event: 32.532 GC heap after
{Heap after GC invocations=34 (full 0):
 garbage-first heap   total 505856K, used 184049K [0x0000000740000000, 0x0000000800000000)
  region size 2048K, 3 young (6144K), 3 survivors (6144K)
 Metaspace       used 61146K, committed 61696K, reserved 1105920K
  class space    used 8069K, committed 8384K, reserved 1048576K
}
Event: 33.268 GC heap before
{Heap before GC invocations=35 (full 0):
 garbage-first heap   total 505856K, used 290545K [0x0000000740000000, 0x0000000800000000)
  region size 2048K, 55 young (112640K), 3 survivors (6144K)
 Metaspace       used 61153K, committed 61760K, reserved 1105920K
  class space    used 8069K, committed 8384K, reserved 1048576K
}
Event: 33.327 GC heap after
{Heap after GC invocations=36 (full 0):
 garbage-first heap   total 505856K, used 207680K [0x0000000740000000, 0x0000000800000000)
  region size 2048K, 7 young (14336K), 7 survivors (14336K)
 Metaspace       used 61153K, committed 61760K, reserved 1105920K
  class space    used 8069K, committed 8384K, reserved 1048576K
}
Event: 33.688 GC heap before
{Heap before GC invocations=36 (full 0):
 garbage-first heap   total 505856K, used 322368K [0x0000000740000000, 0x0000000800000000)
  region size 2048K, 63 young (129024K), 7 survivors (14336K)
 Metaspace       used 61153K, committed 61760K, reserved 1105920K
  class space    used 8069K, committed 8384K, reserved 1048576K
}
Event: 33.761 GC heap after
{Heap after GC invocations=37 (full 0):
 garbage-first heap   total 505856K, used 245460K [0x0000000740000000, 0x0000000800000000)
  region size 2048K, 8 young (16384K), 8 survivors (16384K)
 Metaspace       used 61153K, committed 61760K, reserved 1105920K
  class space    used 8069K, committed 8384K, reserved 1048576K
}
Event: 34.717 GC heap before
{Heap before GC invocations=37 (full 0):
 garbage-first heap   total 505856K, used 341716K [0x0000000740000000, 0x0000000800000000)
  region size 2048K, 55 young (112640K), 8 survivors (16384K)
 Metaspace       used 61197K, committed 61760K, reserved 1105920K
  class space    used 8076K, committed 8384K, reserved 1048576K
}
Event: 34.778 GC heap after
{Heap after GC invocations=38 (full 0):
 garbage-first heap   total 505856K, used 278234K [0x0000000740000000, 0x0000000800000000)
  region size 2048K, 7 young (14336K), 7 survivors (14336K)
 Metaspace       used 61197K, committed 61760K, reserved 1105920K
  class space    used 8076K, committed 8384K, reserved 1048576K
}
Event: 35.627 GC heap before
{Heap before GC invocations=39 (full 0):
 garbage-first heap   total 512000K, used 360154K [0x0000000740000000, 0x0000000800000000)
  region size 2048K, 48 young (98304K), 7 survivors (14336K)
 Metaspace       used 61295K, committed 61824K, reserved 1105920K
  class space    used 8088K, committed 8384K, reserved 1048576K
}
Event: 35.669 GC heap after
{Heap after GC invocations=40 (full 0):
 garbage-first heap   total 512000K, used 304906K [0x0000000740000000, 0x0000000800000000)
  region size 2048K, 6 young (12288K), 6 survivors (12288K)
 Metaspace       used 61295K, committed 61824K, reserved 1105920K
  class space    used 8088K, committed 8384K, reserved 1048576K
}
Event: 35.737 GC heap before
{Heap before GC invocations=40 (full 0):
 garbage-first heap   total 512000K, used 317194K [0x0000000740000000, 0x0000000800000000)
  region size 2048K, 12 young (24576K), 6 survivors (12288K)
 Metaspace       used 61295K, committed 61824K, reserved 1105920K
  class space    used 8088K, committed 8384K, reserved 1048576K
}
Event: 35.785 GC heap after
{Heap after GC invocations=41 (full 0):
 garbage-first heap   total 512000K, used 271122K [0x0000000740000000, 0x0000000800000000)
  region size 2048K, 1 young (2048K), 1 survivors (2048K)
 Metaspace       used 61295K, committed 61824K, reserved 1105920K
  class space    used 8088K, committed 8384K, reserved 1048576K
}
Event: 35.875 GC heap before
{Heap before GC invocations=41 (full 0):
 garbage-first heap   total 512000K, used 293650K [0x0000000740000000, 0x0000000800000000)
  region size 2048K, 12 young (24576K), 1 survivors (2048K)
 Metaspace       used 61295K, committed 61824K, reserved 1105920K
  class space    used 8088K, committed 8384K, reserved 1048576K
}

Deoptimization events (20 events):
Event: 33.879 Thread 0x0000016857bddec0 DEOPT PACKING pc=0x000001683c94bc6c sp=0x0000003900df9da0
Event: 33.879 Thread 0x0000016857bddec0 DEOPT UNPACKING pc=0x000001683bcadece sp=0x0000003900df9380 mode 0
Event: 35.198 Thread 0x0000016857bddec0 DEOPT PACKING pc=0x000001683c944a04 sp=0x0000003900dfa1b0
Event: 35.198 Thread 0x0000016857bddec0 DEOPT UNPACKING pc=0x000001683bcadece sp=0x0000003900df9650 mode 0
Event: 35.256 Thread 0x0000016857bddec0 Uncommon trap: trap_request=0xffffffde fr.pc=0x0000016843a4b6b0 relative=0x0000000000000210
Event: 35.256 Thread 0x0000016857bddec0 Uncommon trap: reason=class_check action=maybe_recompile pc=0x0000016843a4b6b0 method=net.minecraftforge.srgutils.MappingFile$$Lambda$1212/0x0000000801431fb8.compare(Ljava/lang/Object;Ljava/lang/Object;)I @ 1 c2
Event: 35.256 Thread 0x0000016857bddec0 DEOPT PACKING pc=0x0000016843a4b6b0 sp=0x0000003900df9d80
Event: 35.256 Thread 0x0000016857bddec0 DEOPT UNPACKING pc=0x000001683bcad72e sp=0x0000003900df9d08 mode 2
Event: 35.256 Thread 0x0000016857bddec0 Uncommon trap: trap_request=0xffffffde fr.pc=0x0000016843a4b6b0 relative=0x0000000000000210
Event: 35.256 Thread 0x0000016857bddec0 Uncommon trap: reason=class_check action=maybe_recompile pc=0x0000016843a4b6b0 method=net.minecraftforge.srgutils.MappingFile$$Lambda$1212/0x0000000801431fb8.compare(Ljava/lang/Object;Ljava/lang/Object;)I @ 1 c2
Event: 35.256 Thread 0x0000016857bddec0 DEOPT PACKING pc=0x0000016843a4b6b0 sp=0x0000003900df9d80
Event: 35.256 Thread 0x0000016857bddec0 DEOPT UNPACKING pc=0x000001683bcad72e sp=0x0000003900df9d08 mode 2
Event: 35.256 Thread 0x0000016857bddec0 Uncommon trap: trap_request=0xffffffde fr.pc=0x0000016843a4b6b0 relative=0x0000000000000210
Event: 35.256 Thread 0x0000016857bddec0 Uncommon trap: reason=class_check action=maybe_recompile pc=0x0000016843a4b6b0 method=net.minecraftforge.srgutils.MappingFile$$Lambda$1212/0x0000000801431fb8.compare(Ljava/lang/Object;Ljava/lang/Object;)I @ 1 c2
Event: 35.256 Thread 0x0000016857bddec0 DEOPT PACKING pc=0x0000016843a4b6b0 sp=0x0000003900df9d80
Event: 35.256 Thread 0x0000016857bddec0 DEOPT UNPACKING pc=0x000001683bcad72e sp=0x0000003900df9d08 mode 2
Event: 35.264 Thread 0x0000016857bddec0 Uncommon trap: trap_request=0xffffffde fr.pc=0x0000016843a4b6b0 relative=0x0000000000000210
Event: 35.264 Thread 0x0000016857bddec0 Uncommon trap: reason=class_check action=maybe_recompile pc=0x0000016843a4b6b0 method=net.minecraftforge.srgutils.MappingFile$$Lambda$1212/0x0000000801431fb8.compare(Ljava/lang/Object;Ljava/lang/Object;)I @ 1 c2
Event: 35.264 Thread 0x0000016857bddec0 DEOPT PACKING pc=0x0000016843a4b6b0 sp=0x0000003900df9d80
Event: 35.264 Thread 0x0000016857bddec0 DEOPT UNPACKING pc=0x000001683bcad72e sp=0x0000003900df9d08 mode 2

Classes unloaded (0 events):
No events

Classes redefined (0 events):
No events

Internal exceptions (20 events):
Event: 23.216 Thread 0x0000016859e4dac0 Exception <a 'java/lang/NoSuchMethodError'{0x0000000746938a78}: 'java.lang.Object java.lang.invoke.DirectMethodHandle$Holder.newInvokeSpecial(java.lang.Object, java.lang.Object, long)'> (0x0000000746938a78) 
thrown [e:\jenkins\tmp\workspace\build\src\src\hotspot\share\interpreter\linkResolver.cpp, line 790]
Event: 23.217 Thread 0x0000016859e4dac0 Exception <a 'java/lang/NoSuchMethodError'{0x000000074693fb08}: 'java.lang.Object java.lang.invoke.Invokers$Holder.linkToTargetMethod(java.lang.Object, long, java.lang.Object)'> (0x000000074693fb08) 
thrown [e:\jenkins\tmp\workspace\build\src\src\hotspot\share\interpreter\linkResolver.cpp, line 790]
Event: 26.471 Thread 0x00000168584743a0 Implicit null exception at 0x0000016843a1a18b to 0x0000016843a1a2c0
Event: 26.947 Thread 0x0000016855d707f0 Exception <a 'java/lang/ClassNotFoundException'{0x000000074c1e1538}: net/minecraftforge/gradle/userdev/tasks/RenameJarInPlace_DecoratedBeanInfo> (0x000000074c1e1538) 
thrown [e:\jenkins\tmp\workspace\build\src\src\hotspot\share\classfile\systemDictionary.cpp, line 256]
Event: 26.948 Thread 0x0000016855d707f0 Exception <a 'java/lang/ClassNotFoundException'{0x000000074c1ec330}: net/minecraftforge/gradle/userdev/tasks/RenameJarInPlaceBeanInfo> (0x000000074c1ec330) 
thrown [e:\jenkins\tmp\workspace\build\src\src\hotspot\share\classfile\systemDictionary.cpp, line 256]
Event: 26.949 Thread 0x0000016855d707f0 Exception <a 'java/lang/ClassNotFoundException'{0x000000074c1f7050}: net/minecraftforge/gradle/common/tasks/JarExecBeanInfo> (0x000000074c1f7050) 
thrown [e:\jenkins\tmp\workspace\build\src\src\hotspot\share\classfile\systemDictionary.cpp, line 256]
Event: 26.950 Thread 0x0000016855d707f0 Exception <a 'java/lang/ClassNotFoundException'{0x000000074be02220}: net/minecraftforge/gradle/common/tasks/JarExecCustomizer> (0x000000074be02220) 
thrown [e:\jenkins\tmp\workspace\build\src\src\hotspot\share\classfile\systemDictionary.cpp, line 256]
Event: 26.953 Thread 0x0000016855d707f0 Exception <a 'java/lang/ClassNotFoundException'{0x000000074be2b698}: net/minecraftforge/gradle/userdev/tasks/RenameJarInPlaceCustomizer> (0x000000074be2b698) 
thrown [e:\jenkins\tmp\workspace\build\src\src\hotspot\share\classfile\systemDictionary.cpp, line 256]
Event: 26.955 Thread 0x0000016855d707f0 Exception <a 'java/lang/ClassNotFoundException'{0x000000074be4c9d0}: net/minecraftforge/gradle/userdev/tasks/RenameJarInPlace_DecoratedCustomizer> (0x000000074be4c9d0) 
thrown [e:\jenkins\tmp\workspace\build\src\src\hotspot\share\classfile\systemDictionary.cpp, line 256]
Event: 26.987 Thread 0x0000016855d707f0 Exception <a 'java/lang/NoSuchMethodError'{0x000000074bf24aa8}: 'void java.lang.invoke.DirectMethodHandle$Holder.invokeVirtual(java.lang.Object, java.lang.Object)'> (0x000000074bf24aa8) 
thrown [e:\jenkins\tmp\workspace\build\src\src\hotspot\share\interpreter\linkResolver.cpp, line 790]
Event: 27.004 Thread 0x0000016855d707f0 Exception <a 'java/lang/NoSuchMethodError'{0x000000074bf387d0}: 'void java.lang.invoke.DirectMethodHandle$Holder.invokeStatic(java.lang.Object, java.lang.Object, java.lang.Object, java.lang.Object, java.lang.Object, java.lang.Object, java.lang.Object)'> (0x000000074bf387d0) 
thrown [e:\jenkins\tmp\workspace\build\src\src\hotspot\share\interpreter\linkResolver.cpp, line 790]
Event: 29.753 Thread 0x0000016857bddec0 Exception <a 'java/lang/IncompatibleClassChangeError'{0x000000074bcfa688}: Found class java.lang.Object, but interface was expected> (0x000000074bcfa688) 
thrown [e:\jenkins\tmp\workspace\build\src\src\hotspot\share\interpreter\linkResolver.cpp, line 857]
Event: 29.874 Thread 0x0000016857bddec0 Implicit null exception at 0x00000168439bfd01 to 0x00000168439c0088
Event: 29.916 Thread 0x0000016857bddec0 Exception <a 'java/lang/IncompatibleClassChangeError'{0x000000074b672a90}: Found class java.lang.Object, but interface was expected> (0x000000074b672a90) 
thrown [e:\jenkins\tmp\workspace\build\src\src\hotspot\share\interpreter\linkResolver.cpp, line 857]
Event: 30.312 Thread 0x0000016857bddec0 Exception <a 'java/lang/NoSuchMethodError'{0x000000074b5bdd00}: 'void java.lang.invoke.DirectMethodHandle$Holder.invokeInterface(java.lang.Object, java.lang.Object, java.lang.Object, java.lang.Object)'> (0x000000074b5bdd00) 
thrown [e:\jenkins\tmp\workspace\build\src\src\hotspot\share\interpreter\linkResolver.cpp, line 790]
Event: 31.530 Thread 0x0000016857bddec0 Exception <a 'java/lang/NoSuchMethodError'{0x000000074c78bc88}: 'java.lang.Object java.lang.invoke.DirectMethodHandle$Holder.newInvokeSpecial(java.lang.Object, java.lang.Object, int, int)'> (0x000000074c78bc88) 
thrown [e:\jenkins\tmp\workspace\build\src\src\hotspot\share\interpreter\linkResolver.cpp, line 790]
Event: 31.535 Thread 0x0000016857bddec0 Exception <a 'java/lang/NoSuchMethodError'{0x000000074c7a7380}: 'void java.lang.invoke.DirectMethodHandle$Holder.invokeStatic(java.lang.Object, java.lang.Object, int, int, java.lang.Object)'> (0x000000074c7a7380) 
thrown [e:\jenkins\tmp\workspace\build\src\src\hotspot\share\interpreter\linkResolver.cpp, line 790]
Event: 35.175 Thread 0x0000016857bddec0 Exception <a 'java/lang/NoSuchMethodError'{0x000000075a9e9988}: 'java.lang.Object java.lang.invoke.DirectMethodHandle$Holder.newInvokeSpecial(java.lang.Object, java.lang.Object, java.lang.Object, int, java.lang.Object)'> (0x000000075a9e9988) 
thrown [e:\jenkins\tmp\workspace\build\src\src\hotspot\share\interpreter\linkResolver.cpp, line 790]
Event: 35.176 Thread 0x0000016857bddec0 Exception <a 'java/lang/NoSuchMethodError'{0x000000075a9ee148}: 'java.lang.Object java.lang.invoke.DirectMethodHandle$Holder.invokeSpecial(java.lang.Object, java.lang.Object, java.lang.Object, java.lang.Object, int, java.lang.Object)'> (0x000000075a9ee148) 
thrown [e:\jenkins\tmp\workspace\build\src\src\hotspot\share\interpreter\linkResolver.cpp, line 790]
Event: 35.181 Thread 0x0000016857bddec0 Exception <a 'java/lang/NoSuchMethodError'{0x000000075a9f2628}: 'java.lang.Object java.lang.invoke.Invokers$Holder.linkToTargetMethod(java.lang.Object, java.lang.Object, int, java.lang.Object, java.lang.Object)'> (0x000000075a9f2628) 
thrown [e:\jenkins\tmp\workspace\build\src\src\hotspot\share\interpreter\linkResolver.cpp, line 790]

Events (20 events):
Event: 33.763 Executing  VM operation: G1CollectForAllocation done
Event: 34.717 Executing  VM operation: G1CollectForAllocation
Event: 34.778 Executing  VM operation: G1CollectForAllocation done
Event: 35.160 loading class java/util/stream/SortedOps
Event: 35.161 loading class java/util/stream/SortedOps done
Event: 35.161 loading class java/util/stream/SortedOps$OfRef
Event: 35.162 loading class java/util/stream/SortedOps$OfRef done
Event: 35.162 Executing  VM operation: G1Concurrent
Event: 35.168 Executing  VM operation: G1Concurrent done
Event: 35.170 loading class java/util/stream/SortedOps$SizedRefSortingSink
Event: 35.171 loading class java/util/stream/SortedOps$AbstractRefSortingSink
Event: 35.171 loading class java/util/stream/SortedOps$AbstractRefSortingSink done
Event: 35.171 loading class java/util/stream/SortedOps$SizedRefSortingSink done
Event: 35.335 Executing  VM operation: G1Concurrent
Event: 35.337 Executing  VM operation: G1Concurrent done
Event: 35.626 Executing  VM operation: G1CollectForAllocation
Event: 35.670 Executing  VM operation: G1CollectForAllocation done
Event: 35.737 Executing  VM operation: G1CollectForAllocation
Event: 35.785 Executing  VM operation: G1CollectForAllocation done
Event: 35.874 Executing  VM operation: G1CollectForAllocation


Dynamic libraries:
0x00007ff6878c0000 - 0x00007ff6878ce000 	C:\Program Files\Eclipse Foundation\jdk-16.0.2.7-hotspot\bin\java.exe
0x00007ffc951e0000 - 0x00007ffc953e9000 	C:\WINDOWS\SYSTEM32\ntdll.dll
0x00007ffc93160000 - 0x00007ffc9321d000 	C:\WINDOWS\System32\KERNEL32.DLL
0x00007ffc927e0000 - 0x00007ffc92b5d000 	C:\WINDOWS\System32\KERNELBASE.dll
0x00007ffc92da0000 - 0x00007ffc92eb1000 	C:\WINDOWS\System32\ucrtbase.dll
0x00007ffc63a40000 - 0x00007ffc63a58000 	C:\Program Files\Eclipse Foundation\jdk-16.0.2.7-hotspot\bin\jli.dll
0x00007ffc674c0000 - 0x00007ffc674d9000 	C:\Program Files\Eclipse Foundation\jdk-16.0.2.7-hotspot\bin\VCRUNTIME140.dll
0x00007ffc94d30000 - 0x00007ffc94edd000 	C:\WINDOWS\System32\USER32.dll
0x00007ffc92b60000 - 0x00007ffc92b86000 	C:\WINDOWS\System32\win32u.dll
0x00007ffc7c1b0000 - 0x00007ffc7c455000 	C:\WINDOWS\WinSxS\amd64_microsoft.windows.common-controls_6595b64144ccf1df_6.0.22000.120_none_9d947278b86cc467\COMCTL32.dll
0x00007ffc94d00000 - 0x00007ffc94d29000 	C:\WINDOWS\System32\GDI32.dll
0x00007ffc94530000 - 0x00007ffc945d3000 	C:\WINDOWS\System32\msvcrt.dll
0x00007ffc926c0000 - 0x00007ffc927d8000 	C:\WINDOWS\System32\gdi32full.dll
0x00007ffc92b90000 - 0x00007ffc92c2d000 	C:\WINDOWS\System32\msvcp_win.dll
0x00007ffc944f0000 - 0x00007ffc94521000 	C:\WINDOWS\System32\IMM32.DLL
0x00007ffc7b030000 - 0x00007ffc7b03c000 	C:\Program Files\Eclipse Foundation\jdk-16.0.2.7-hotspot\bin\vcruntime140_1.dll
0x00007ffc25560000 - 0x00007ffc255f1000 	C:\Program Files\Eclipse Foundation\jdk-16.0.2.7-hotspot\bin\msvcp140.dll
0x00007ffbbe930000 - 0x00007ffbbf567000 	C:\Program Files\Eclipse Foundation\jdk-16.0.2.7-hotspot\bin\server\jvm.dll
0x00007ffc95000000 - 0x00007ffc950ae000 	C:\WINDOWS\System32\ADVAPI32.dll
0x00007ffc94360000 - 0x00007ffc943fe000 	C:\WINDOWS\System32\sechost.dll
0x00007ffc94240000 - 0x00007ffc94360000 	C:\WINDOWS\System32\RPCRT4.dll
0x00007ffc933c0000 - 0x00007ffc933c8000 	C:\WINDOWS\System32\PSAPI.DLL
0x00007ffc7e820000 - 0x00007ffc7e829000 	C:\WINDOWS\SYSTEM32\WSOCK32.dll
0x00007ffc8b290000 - 0x00007ffc8b2c3000 	C:\WINDOWS\SYSTEM32\WINMM.dll
0x00007ffc89d20000 - 0x00007ffc89d2a000 	C:\WINDOWS\SYSTEM32\VERSION.dll
0x00007ffc93a10000 - 0x00007ffc93a7f000 	C:\WINDOWS\System32\WS2_32.dll
0x00007ffc91830000 - 0x00007ffc91848000 	C:\WINDOWS\SYSTEM32\kernel.appcore.dll
0x00007ffc77c60000 - 0x00007ffc77c6a000 	C:\Program Files\Eclipse Foundation\jdk-16.0.2.7-hotspot\bin\jimage.dll
0x00007ffc90240000 - 0x00007ffc90461000 	C:\WINDOWS\SYSTEM32\DBGHELP.DLL
0x00007ffc77fe0000 - 0x00007ffc78011000 	C:\WINDOWS\SYSTEM32\dbgcore.DLL
0x00007ffc92ec0000 - 0x00007ffc92f3f000 	C:\WINDOWS\System32\bcryptPrimitives.dll
0x00007ffc60070000 - 0x00007ffc60095000 	C:\Program Files\Eclipse Foundation\jdk-16.0.2.7-hotspot\bin\java.dll
0x00007ffc93a80000 - 0x00007ffc94238000 	C:\WINDOWS\System32\SHELL32.dll
0x00007ffc907f0000 - 0x00007ffc91058000 	C:\WINDOWS\SYSTEM32\windows.storage.dll
0x00007ffc933d0000 - 0x00007ffc93749000 	C:\WINDOWS\System32\combase.dll
0x00007ffc90680000 - 0x00007ffc907e6000 	C:\WINDOWS\SYSTEM32\wintypes.dll
0x00007ffc94c10000 - 0x00007ffc94cfa000 	C:\WINDOWS\System32\SHCORE.dll
0x00007ffc93080000 - 0x00007ffc930dd000 	C:\WINDOWS\System32\shlwapi.dll
0x00007ffc925f0000 - 0x00007ffc92611000 	C:\WINDOWS\SYSTEM32\profapi.dll
0x00007ffc618c0000 - 0x00007ffc618d9000 	C:\Program Files\Eclipse Foundation\jdk-16.0.2.7-hotspot\bin\net.dll
0x00007ffc8cc70000 - 0x00007ffc8cd7c000 	C:\WINDOWS\SYSTEM32\WINHTTP.dll
0x00007ffc91c60000 - 0x00007ffc91cc7000 	C:\WINDOWS\system32\mswsock.dll
0x00007ffc4b640000 - 0x00007ffc4b653000 	C:\Program Files\Eclipse Foundation\jdk-16.0.2.7-hotspot\bin\nio.dll
0x00007ffc4b620000 - 0x00007ffc4b638000 	C:\Program Files\Eclipse Foundation\jdk-16.0.2.7-hotspot\bin\zip.dll
0x00007ffc6ce10000 - 0x00007ffc6ce20000 	C:\Program Files\Eclipse Foundation\jdk-16.0.2.7-hotspot\bin\verify.dll
0x00007ffc7e840000 - 0x00007ffc7e867000 	C:\Users\jaspe\.gradle\native\e1d6ef7f7dcc3fd88c89a11ec53ec762bb8ba0a96d01ffa2cd45eb1d1d8dd5c5\windows-amd64\native-platform.dll
0x00007ffc067a0000 - 0x00007ffc068e4000 	C:\Users\jaspe\.gradle\native\0d407fdbe67a94daf76414ababcb853783967236a71b16ec16e742cd7a986fd3\windows-amd64\native-platform-file-events.dll
0x00007ffc6a5d0000 - 0x00007ffc6a5d9000 	C:\Program Files\Eclipse Foundation\jdk-16.0.2.7-hotspot\bin\management.dll
0x00007ffc691a0000 - 0x00007ffc691ab000 	C:\Program Files\Eclipse Foundation\jdk-16.0.2.7-hotspot\bin\management_ext.dll
0x00007ffc91eb0000 - 0x00007ffc91ec8000 	C:\WINDOWS\SYSTEM32\CRYPTSP.dll
0x00007ffc91720000 - 0x00007ffc91755000 	C:\WINDOWS\system32\rsaenh.dll
0x00007ffc91d50000 - 0x00007ffc91d79000 	C:\WINDOWS\SYSTEM32\USERENV.dll
0x00007ffc920a0000 - 0x00007ffc920c7000 	C:\WINDOWS\SYSTEM32\bcrypt.dll
0x00007ffc91ed0000 - 0x00007ffc91edc000 	C:\WINDOWS\SYSTEM32\CRYPTBASE.dll
0x00007ffc912f0000 - 0x00007ffc9131d000 	C:\WINDOWS\SYSTEM32\IPHLPAPI.DLL
0x00007ffc94400000 - 0x00007ffc94409000 	C:\WINDOWS\System32\NSI.dll
0x00007ffc8ce50000 - 0x00007ffc8ce69000 	C:\WINDOWS\SYSTEM32\dhcpcsvc6.DLL
0x00007ffc8d040000 - 0x00007ffc8d05e000 	C:\WINDOWS\SYSTEM32\dhcpcsvc.DLL
0x00007ffc91370000 - 0x00007ffc91458000 	C:\WINDOWS\SYSTEM32\DNSAPI.dll
0x00007ffc69100000 - 0x00007ffc6910e000 	C:\Program Files\Eclipse Foundation\jdk-16.0.2.7-hotspot\bin\sunmscapi.dll
0x00007ffc92c30000 - 0x00007ffc92d92000 	C:\WINDOWS\System32\CRYPT32.dll
0x00007ffc92070000 - 0x00007ffc92098000 	C:\WINDOWS\SYSTEM32\ncrypt.dll
0x00007ffc92030000 - 0x00007ffc92067000 	C:\WINDOWS\SYSTEM32\NTASN1.dll
0x00007ffc77f50000 - 0x00007ffc77f58000 	C:\WINDOWS\system32\wshunix.dll
0x00007ffc7e9a0000 - 0x00007ffc7e9aa000 	C:\Windows\System32\rasadhlp.dll
0x00007ffc8a0f0000 - 0x00007ffc8a171000 	C:\WINDOWS\System32\fwpuclnt.dll

dbghelp: loaded successfully - version: 4.0.5 - missing functions: none
symbol engine: initialized successfully - sym options: 0x614 - pdb path: .;C:\Program Files\Eclipse Foundation\jdk-16.0.2.7-hotspot\bin;C:\WINDOWS\SYSTEM32;C:\WINDOWS\WinSxS\amd64_microsoft.windows.common-controls_6595b64144ccf1df_6.0.22000.120_none_9d947278b86cc467;C:\Program Files\Eclipse Foundation\jdk-16.0.2.7-hotspot\bin\server;C:\Users\jaspe\.gradle\native\e1d6ef7f7dcc3fd88c89a11ec53ec762bb8ba0a96d01ffa2cd45eb1d1d8dd5c5\windows-amd64;C:\Users\jaspe\.gradle\native\0d407fdbe67a94daf76414ababcb853783967236a71b16ec16e742cd7a986fd3\windows-amd64

VM Arguments:
jvm_args: --add-opens=java.base/java.util=ALL-UNNAMED --add-opens=java.base/java.lang=ALL-UNNAMED --add-opens=java.base/java.lang.invoke=ALL-UNNAMED --add-opens=java.base/java.util=ALL-UNNAMED --add-opens=java.prefs/java.util.prefs=ALL-UNNAMED --add-opens=java.prefs/java.util.prefs=ALL-UNNAMED --add-opens=java.base/java.nio.charset=ALL-UNNAMED --add-opens=java.base/java.net=ALL-UNNAMED --add-opens=java.base/java.util.concurrent.atomic=ALL-UNNAMED -Xmx3G -Dfile.encoding=windows-1252 -Duser.country=NL -Duser.language=nl -Duser.variant 
java_command: org.gradle.launcher.daemon.bootstrap.GradleDaemon 7.4
java_class_path (initial): C:\Users\jaspe\.gradle\wrapper\dists\gradle-7.4-bin\c0gwcg53nkjbqw7r0h0umtfvt\gradle-7.4\lib\gradle-launcher-7.4.jar
Launcher Type: SUN_STANDARD

[Global flags]
     intx CICompilerCount                          = 4                                         {product} {ergonomic}
     uint ConcGCThreads                            = 2                                         {product} {ergonomic}
     uint G1ConcRefinementThreads                  = 8                                         {product} {ergonomic}
   size_t G1HeapRegionSize                         = 2097152                                   {product} {ergonomic}
    uintx GCDrainStackTargetSize                   = 64                                        {product} {ergonomic}
   size_t InitialHeapSize                          = 100663296                                 {product} {ergonomic}
   size_t MarkStackSize                            = 4194304                                   {product} {ergonomic}
   size_t MaxHeapSize                              = 3221225472                                {product} {command line}
   size_t MaxNewSize                               = 1931476992                                {product} {ergonomic}
   size_t MinHeapDeltaBytes                        = 2097152                                   {product} {ergonomic}
   size_t MinHeapSize                              = 8388608                                   {product} {ergonomic}
    uintx NonNMethodCodeHeapSize                   = 5839372                                {pd product} {ergonomic}
    uintx NonProfiledCodeHeapSize                  = 122909434                              {pd product} {ergonomic}
    uintx ProfiledCodeHeapSize                     = 122909434                              {pd product} {ergonomic}
    uintx ReservedCodeCacheSize                    = 251658240                              {pd product} {ergonomic}
     bool SegmentedCodeCache                       = true                                      {product} {ergonomic}
   size_t SoftMaxHeapSize                          = 3221225472                             {manageable} {ergonomic}
     bool UseCompressedClassPointers               = true                           {product lp64_product} {ergonomic}
     bool UseCompressedOops                        = true                           {product lp64_product} {ergonomic}
     bool UseG1GC                                  = true                                      {product} {ergonomic}
     bool UseLargePagesIndividualAllocation        = false                                  {pd product} {ergonomic}

Logging:
Log output configuration:
 #0: stdout all=warning uptime,level,tags
 #1: stderr all=off uptime,level,tags

Environment Variables:
CLASSPATH=C:\Users\jaspe\IdeaProjects\forge 1.18.2\\gradle\wrapper\gradle-wrapper.jar
PATH=C:\Program Files\Eclipse Foundation\jdk-16.0.2.7-hotspot\bin;C:\Program Files\Common Files\Oracle\Java\javapath;C:\Program Files (x86)\Common Files\Oracle\Java\javapath;C:\WINDOWS\system32;C:\WINDOWS;C:\WINDOWS\System32\Wbem;C:\WINDOWS\System32\WindowsPowerShell\v1.0\;C:\WINDOWS\System32\OpenSSH\;C:\Program Files (x86)\dotnet\;C:\Program Files\Git\cmd;C:\Users\jaspe\AppData\Local\Microsoft\WindowsApps;
USERNAME=jaspe
OS=Windows_NT
PROCESSOR_IDENTIFIER=AMD64 Family 23 Model 24 Stepping 1, AuthenticAMD



---------------  S Y S T E M  ---------------

OS:
 Windows 10 , 64 bit Build 22000 (10.0.22000.708)
OS uptime: 2 days 19:51 hours

CPU: total 8 (initial active 8) (8 cores per cpu, 2 threads per core) family 23 model 24 stepping 1 microcode 0x0, cx8, cmov, fxsr, ht, mmx, 3dnowpref, sse, sse2, sse3, ssse3, sse4a, sse4.1, sse4.2, popcnt, lzcnt, tsc, tscinvbit, avx, avx2, aes, clmul, bmi1, bmi2, adx, sha, fma, vzeroupper, clflush, clflushopt

Memory: 4k page, system-wide physical 6020M (333M free)
TotalPageFile size 24452M (AvailPageFile size 207M)
current process WorkingSet (physical memory assigned to process): 648M, peak: 648M
current process commit charge ("private bytes"): 788M, peak: 1510M

vm_info: OpenJDK 64-Bit Server VM (16.0.2+7) for windows-amd64 JRE (16.0.2+7), built on Jul 22 2021 15:19:09 by "" with MS VC++ 16.7 (VS2019)

END.
