#
# There is insufficient memory for the Java Runtime Environment to continue.
# Native memory allocation (mmap) failed to map 438304768 bytes for G1 virtual space
# Possible reasons:
#   The system is out of physical RAM or swap space
#   The process is running with CompressedOops enabled, and the Java Heap may be blocking the growth of the native heap
# Possible solutions:
#   Reduce memory load on the system
#   Increase physical memory or swap space
#   Check if swap backing store is full
#   Decrease Java heap size (-Xmx/-Xms)
#   Decrease number of Java threads
#   Decrease Java thread stack sizes (-Xss)
#   Set larger code cache with -XX:ReservedCodeCacheSize=
#   JVM is running with Zero Based Compressed Oops mode in which the Java heap is
#     placed in the first 32GB address space. The Java Heap base address is the
#     maximum limit for the native heap growth. Please use -XX:HeapBaseMinAddress
#     to set the Java Heap base and to place the Java Heap above 32GB virtual address.
# This output file may be truncated or incomplete.
#
#  Out of Memory Error (os_windows.cpp:3466), pid=44372, tid=55480
#
# JRE version: OpenJDK Runtime Environment Temurin-16.0.2+7 (16.0.2+7) (build 16.0.2+7)
# Java VM: OpenJDK 64-Bit Server VM Temurin-16.0.2+7 (16.0.2+7, mixed mode, sharing, tiered, compressed oops, compressed class ptrs, g1 gc, windows-amd64)
# No core dump will be written. Minidumps are not enabled by default on client versions of Windows
#

---------------  S U M M A R Y ------------

Command Line: --add-opens=java.base/java.util=ALL-UNNAMED --add-opens=java.base/java.lang=ALL-UNNAMED --add-opens=java.base/java.lang.invoke=ALL-UNNAMED --add-opens=java.base/java.util=ALL-UNNAMED --add-opens=java.prefs/java.util.prefs=ALL-UNNAMED --add-opens=java.prefs/java.util.prefs=ALL-UNNAMED --add-opens=java.base/java.nio.charset=ALL-UNNAMED --add-opens=java.base/java.net=ALL-UNNAMED --add-opens=java.base/java.util.concurrent.atomic=ALL-UNNAMED -Xmx3G -Dfile.encoding=windows-1252 -Duser.country=NL -Duser.language=nl -Duser.variant org.gradle.launcher.daemon.bootstrap.GradleDaemon 7.4

Host: AMD Ryzen 7 3700U with Radeon Vega Mobile Gfx  , 8 cores, 5G,  Windows 10 , 64 bit Build 22000 (10.0.22000.708)
Time: Fri Aug 26 10:17:16 2022 West-Europa (zomertijd) elapsed time: 26.142987 seconds (0d 0h 0m 26s)

---------------  T H R E A D  ---------------

Current thread (0x00000224ffa1e430):  VMThread "VM Thread" [stack: 0x00000035add00000,0x00000035ade00000] [id=55480]

Stack: [0x00000035add00000,0x00000035ade00000]
Native frames: (J=compiled Java code, j=interpreted, Vv=VM code, C=native code)
V  [jvm.dll+0x67918a]
V  [jvm.dll+0x82b819]
V  [jvm.dll+0x82cfce]
V  [jvm.dll+0x82d623]
V  [jvm.dll+0x24ec65]
V  [jvm.dll+0x675ed9]
V  [jvm.dll+0x66aaa5]
V  [jvm.dll+0x308ecb]
V  [jvm.dll+0x310046]
V  [jvm.dll+0x35ffde]
V  [jvm.dll+0x36020f]
V  [jvm.dll+0x2dfbb8]
V  [jvm.dll+0x2dd745]
V  [jvm.dll+0x2dcd7c]
V  [jvm.dll+0x3224f2]
V  [jvm.dll+0x831a5b]
V  [jvm.dll+0x8326a4]
V  [jvm.dll+0x832ba9]
V  [jvm.dll+0x832e64]
V  [jvm.dll+0x832f30]
V  [jvm.dll+0x7da77a]
V  [jvm.dll+0x677fb6]
C  [ucrtbase.dll+0x26c0c]
C  [KERNEL32.DLL+0x154e0]
C  [ntdll.dll+0x485b]

VM_Operation (0x00000035b6ef8890): G1CollectForAllocation, mode: safepoint, requested by thread 0x00000224a055e000


---------------  P R O C E S S  ---------------

Threads class SMR info:
_java_thread_list=0x00000224a0ebcfe0, length=143, elements={
0x00000224fba61990, 0x00000224ffa27ef0, 0x00000224ffa288f0, 0x00000224ffa3c090,
0x00000224ffa3ca90, 0x00000224ffa3d490, 0x00000224ffa3de90, 0x00000224ffa52670,
0x00000224ffa53170, 0x00000224ffa5dfa0, 0x000002249e49e9d0, 0x000002249e4a1740,
0x000002249fc0e0d0, 0x000002249f78d880, 0x000002249e825fa0, 0x00000224a010c230,
0x000002249f9b0640, 0x000002249f9aabc0, 0x000002249f9ac650, 0x000002249f9ab110,
0x000002249f9ad640, 0x000002249f9ab660, 0x000002249f9abbb0, 0x000002249f9ac100,
0x000002249f9acba0, 0x000002249f9ad0f0, 0x000002249f9adb90, 0x00000224a04f7920,
0x00000224a04f7e70, 0x00000224a04f73d0, 0x00000224a04f83c0, 0x00000224a04f63e0,
0x00000224a04f2970, 0x00000224a04f4ea0, 0x00000224a04f5e90, 0x00000224a04f6e80,
0x00000224a04f6930, 0x00000224a04f1980, 0x00000224a04f1430, 0x00000224a04f3410,
0x00000224a04f4400, 0x00000224a04f1ed0, 0x00000224a04f3960, 0x00000224a04f4950,
0x00000224a04f2420, 0x00000224a04f3eb0, 0x00000224a04f53f0, 0x000002249fe43a60,
0x000002249fe45f90, 0x000002249fe474d0, 0x000002249fe40540, 0x000002249fe43510,
0x000002249fe3faa0, 0x000002249fe41fd0, 0x000002249fe41a80, 0x000002249fe40a90,
0x000002249fe44fa0, 0x000002249fe3fff0, 0x000002249fe464e0, 0x000002249fe46a30,
0x000002249fe46f80, 0x000002249fe40fe0, 0x000002249fe41530, 0x000002249fe42520,
0x000002249fe44a50, 0x000002249fe43fb0, 0x000002249fe454f0, 0x000002249fe44500,
0x000002249fe45a40, 0x000002249fe42a70, 0x000002249fe42fc0, 0x00000224a40fa9c0,
0x00000224a40f6f50, 0x00000224a40faf10, 0x00000224a40f64b0, 0x00000224a40f74a0,
0x00000224a40fcef0, 0x00000224a40f5a10, 0x00000224a40f8490, 0x00000224a40f99d0,
0x00000224a40f54c0, 0x00000224a40f9480, 0x00000224a40fb460, 0x00000224a40f89e0,
0x00000224a40fb9b0, 0x00000224a40f8f30, 0x00000224a40f6a00, 0x00000224a40f9f20,
0x00000224a40f5f60, 0x00000224a40fbf00, 0x00000224a04f8910, 0x00000224a4cc8550,
0x00000224a4cc8ff0, 0x00000224a4cc6570, 0x00000224a4cc8aa0, 0x00000224a4cc35a0,
0x00000224a4cc7010, 0x00000224a4ccaa80, 0x00000224a4cc9fe0, 0x00000224a4cc7560,
0x00000224a4cc9540, 0x00000224a4ccafd0, 0x00000224a4cc4ae0, 0x00000224a4cc5ad0,
0x00000224a4cca530, 0x00000224a4cc4040, 0x00000224a4cc3af0, 0x00000224a4cc4590,
0x00000224a4cc7ab0, 0x00000224a4cc5030, 0x00000224a4cc5580, 0x00000224a4cc6020,
0x00000224a4cc6ac0, 0x00000224a4cc9a90, 0x00000224a055eaa0, 0x00000224a055f540,
0x00000224a0559050, 0x00000224a0558b00, 0x00000224a0558060, 0x00000224a055fa90,
0x00000224a055eff0, 0x00000224a055cac0, 0x00000224a055a040, 0x00000224a0559af0,
0x00000224a05585b0, 0x00000224a05595a0, 0x00000224a055a590, 0x00000224a055c570,
0x00000224a055e550, 0x00000224a055b580, 0x00000224a055aae0, 0x00000224a055b030,
0x00000224a055bad0, 0x00000224a055dab0, 0x00000224a055c020, 0x00000224a055e000,
0x00000224a055d560, 0x00000224a1e875a0, 0x00000224a1e84080, 0x00000224a1e835e0,
0x00000224a1e80610, 0x00000224a1e855c0, 0x00000224a1e810b0
}

Java Threads: ( => current thread )
  0x00000224fba61990 JavaThread "main" [_thread_blocked, id=44628, stack(0x00000035ad700000,0x00000035ad800000)]
  0x00000224ffa27ef0 JavaThread "Reference Handler" daemon [_thread_blocked, id=47208, stack(0x00000035ade00000,0x00000035adf00000)]
  0x00000224ffa288f0 JavaThread "Finalizer" daemon [_thread_blocked, id=52716, stack(0x00000035adf00000,0x00000035ae000000)]
  0x00000224ffa3c090 JavaThread "Signal Dispatcher" daemon [_thread_blocked, id=29084, stack(0x00000035ae000000,0x00000035ae100000)]
  0x00000224ffa3ca90 JavaThread "Attach Listener" daemon [_thread_blocked, id=5780, stack(0x00000035ae100000,0x00000035ae200000)]
  0x00000224ffa3d490 JavaThread "Service Thread" daemon [_thread_blocked, id=53068, stack(0x00000035ae200000,0x00000035ae300000)]
  0x00000224ffa3de90 JavaThread "Monitor Deflation Thread" daemon [_thread_blocked, id=34800, stack(0x00000035ae300000,0x00000035ae400000)]
  0x00000224ffa52670 JavaThread "C2 CompilerThread0" daemon [_thread_in_native, id=51544, stack(0x00000035ae400000,0x00000035ae500000)]
  0x00000224ffa53170 JavaThread "C1 CompilerThread0" daemon [_thread_blocked, id=18000, stack(0x00000035ae500000,0x00000035ae600000)]
  0x00000224ffa5dfa0 JavaThread "Sweeper thread" daemon [_thread_blocked, id=54448, stack(0x00000035ae600000,0x00000035ae700000)]
  0x000002249e49e9d0 JavaThread "Common-Cleaner" daemon [_thread_blocked, id=27032, stack(0x00000035ae700000,0x00000035ae800000)]
  0x000002249e4a1740 JavaThread "Notification Thread" daemon [_thread_blocked, id=19520, stack(0x00000035ae800000,0x00000035ae900000)]
  0x000002249fc0e0d0 JavaThread "Daemon health stats" [_thread_blocked, id=44896, stack(0x00000035aef00000,0x00000035af000000)]
  0x000002249f78d880 JavaThread "Incoming local TCP Connector on port 62970" [_thread_in_native, id=49836, stack(0x00000035af000000,0x00000035af100000)]
  0x000002249e825fa0 JavaThread "Daemon periodic checks" [_thread_blocked, id=51348, stack(0x00000035af100000,0x00000035af200000)]
  0x00000224a010c230 JavaThread "Daemon" [_thread_blocked, id=28868, stack(0x00000035af200000,0x00000035af300000)]
  0x000002249f9b0640 JavaThread "Handler for socket connection from /127.0.0.1:62970 to /127.0.0.1:62973" [_thread_in_native, id=19044, stack(0x00000035af300000,0x00000035af400000)]
  0x000002249f9aabc0 JavaThread "Cancel handler" [_thread_blocked, id=45688, stack(0x00000035af600000,0x00000035af700000)]
  0x000002249f9ac650 JavaThread "Daemon worker" [_thread_blocked, id=16824, stack(0x00000035af700000,0x00000035af800000)]
  0x000002249f9ab110 JavaThread "Asynchronous log dispatcher for DefaultDaemonConnection: socket connection from /127.0.0.1:62970 to /127.0.0.1:62973" [_thread_blocked, id=3472, stack(0x00000035af800000,0x00000035af900000)]
  0x000002249f9ad640 JavaThread "Stdin handler" [_thread_blocked, id=38420, stack(0x00000035af900000,0x00000035afa00000)]
  0x000002249f9ab660 JavaThread "Daemon client event forwarder" [_thread_blocked, id=44224, stack(0x00000035afa00000,0x00000035afb00000)]
  0x000002249f9abbb0 JavaThread "Cache worker for journal cache (C:\Users\jaspe\.gradle\caches\journal-1)" [_thread_blocked, id=26976, stack(0x00000035afb00000,0x00000035afc00000)]
  0x000002249f9ac100 JavaThread "File lock request listener" [_thread_in_native, id=38920, stack(0x00000035afc00000,0x00000035afd00000)]
  0x000002249f9acba0 JavaThread "Cache worker for file hash cache (C:\Users\jaspe\.gradle\caches\7.4\fileHashes)" [_thread_blocked, id=49988, stack(0x00000035afd00000,0x00000035afe00000)]
  0x000002249f9ad0f0 JavaThread "File watcher server" daemon [_thread_blocked, id=43528, stack(0x00000035afe00000,0x00000035aff00000)]
  0x000002249f9adb90 JavaThread "File watcher consumer" daemon [_thread_blocked, id=41560, stack(0x00000035aff00000,0x00000035b0000000)]
  0x00000224a04f7920 JavaThread "Cache worker for checksums cache (C:\Users\jaspe\IdeaProjects\forge 1.18.2\.gradle\7.4\checksums)" [_thread_blocked, id=45984, stack(0x00000035b0000000,0x00000035b0100000)]
  0x00000224a04f7e70 JavaThread "Cache worker for cache directory md-rule (C:\Users\jaspe\.gradle\caches\7.4\md-rule)" [_thread_blocked, id=55416, stack(0x00000035b0100000,0x00000035b0200000)]
  0x00000224a04f73d0 JavaThread "Cache worker for file hash cache (C:\Users\jaspe\IdeaProjects\forge 1.18.2\.gradle\7.4\fileHashes)" [_thread_blocked, id=55124, stack(0x00000035b0200000,0x00000035b0300000)]
  0x00000224a04f83c0 JavaThread "Cache worker for cache directory md-supplier (C:\Users\jaspe\.gradle\caches\7.4\md-supplier)" [_thread_blocked, id=11344, stack(0x00000035b0300000,0x00000035b0400000)]
  0x00000224a04f63e0 JavaThread "Cache worker for execution history cache (C:\Users\jaspe\.gradle\caches\7.4\executionHistory)" [_thread_blocked, id=24544, stack(0x00000035b0500000,0x00000035b0600000)]
  0x00000224a04f2970 JavaThread "Cache worker for dependencies-accessors (C:\Users\jaspe\IdeaProjects\forge 1.18.2\.gradle\7.4\dependencies-accessors)" [_thread_blocked, id=44208, stack(0x00000035b0600000,0x00000035b0700000)]
  0x00000224a04f4ea0 JavaThread "jar transforms" [_thread_blocked, id=53596, stack(0x00000035b0800000,0x00000035b0900000)]
  0x00000224a04f5e90 JavaThread "Cache worker for file content cache (C:\Users\jaspe\.gradle\caches\7.4\fileContent)" [_thread_blocked, id=46908, stack(0x00000035b0900000,0x00000035b0a00000)]
  0x00000224a04f6e80 JavaThread "Cache worker for Build Output Cleanup Cache (C:\Users\jaspe\IdeaProjects\forge 1.18.2\.gradle\buildOutputCleanup)" [_thread_blocked, id=43128, stack(0x00000035b0a00000,0x00000035b0b00000)]
  0x00000224a04f6930 JavaThread "Unconstrained build operations" [_thread_blocked, id=29156, stack(0x00000035b0b00000,0x00000035b0c00000)]
  0x00000224a04f1980 JavaThread "Unconstrained build operations Thread 2" [_thread_blocked, id=28312, stack(0x00000035b0c00000,0x00000035b0d00000)]
  0x00000224a04f1430 JavaThread "Unconstrained build operations Thread 3" [_thread_blocked, id=55548, stack(0x00000035b0d00000,0x00000035b0e00000)]
  0x00000224a04f3410 JavaThread "Unconstrained build operations Thread 4" [_thread_blocked, id=48208, stack(0x00000035b0e00000,0x00000035b0f00000)]
  0x00000224a04f4400 JavaThread "Unconstrained build operations Thread 5" [_thread_blocked, id=47724, stack(0x00000035b0f00000,0x00000035b1000000)]
  0x00000224a04f1ed0 JavaThread "Unconstrained build operations Thread 6" [_thread_blocked, id=48012, stack(0x00000035b1000000,0x00000035b1100000)]
  0x00000224a04f3960 JavaThread "Unconstrained build operations Thread 7" [_thread_blocked, id=35092, stack(0x00000035b1100000,0x00000035b1200000)]
  0x00000224a04f4950 JavaThread "Unconstrained build operations Thread 8" [_thread_blocked, id=51676, stack(0x00000035b1200000,0x00000035b1300000)]
  0x00000224a04f2420 JavaThread "Unconstrained build operations Thread 9" [_thread_blocked, id=24956, stack(0x00000035b1300000,0x00000035b1400000)]
  0x00000224a04f3eb0 JavaThread "Unconstrained build operations Thread 10" [_thread_blocked, id=5112, stack(0x00000035b1400000,0x00000035b1500000)]
  0x00000224a04f53f0 JavaThread "Unconstrained build operations Thread 11" [_thread_blocked, id=55092, stack(0x00000035b1500000,0x00000035b1600000)]
  0x000002249fe43a60 JavaThread "Unconstrained build operations Thread 12" [_thread_blocked, id=43732, stack(0x00000035b1600000,0x00000035b1700000)]
  0x000002249fe45f90 JavaThread "Unconstrained build operations Thread 13" [_thread_blocked, id=27688, stack(0x00000035b1700000,0x00000035b1800000)]
  0x000002249fe474d0 JavaThread "Unconstrained build operations Thread 14" [_thread_blocked, id=51212, stack(0x00000035b1800000,0x00000035b1900000)]
  0x000002249fe40540 JavaThread "Unconstrained build operations Thread 15" [_thread_blocked, id=28420, stack(0x00000035b1900000,0x00000035b1a00000)]
  0x000002249fe43510 JavaThread "Unconstrained build operations Thread 16" [_thread_blocked, id=48500, stack(0x00000035b1a00000,0x00000035b1b00000)]
  0x000002249fe3faa0 JavaThread "Unconstrained build operations Thread 17" [_thread_blocked, id=15668, stack(0x00000035b1b00000,0x00000035b1c00000)]
  0x000002249fe41fd0 JavaThread "Unconstrained build operations Thread 18" [_thread_blocked, id=36240, stack(0x00000035b1c00000,0x00000035b1d00000)]
  0x000002249fe41a80 JavaThread "Unconstrained build operations Thread 19" [_thread_blocked, id=30208, stack(0x00000035b1d00000,0x00000035b1e00000)]
  0x000002249fe40a90 JavaThread "Unconstrained build operations Thread 20" [_thread_blocked, id=29096, stack(0x00000035b1e00000,0x00000035b1f00000)]
  0x000002249fe44fa0 JavaThread "Unconstrained build operations Thread 21" [_thread_blocked, id=52336, stack(0x00000035b1f00000,0x00000035b2000000)]
  0x000002249fe3fff0 JavaThread "Unconstrained build operations Thread 22" [_thread_blocked, id=32736, stack(0x00000035b2000000,0x00000035b2100000)]
  0x000002249fe464e0 JavaThread "Unconstrained build operations Thread 23" [_thread_blocked, id=28844, stack(0x00000035b2100000,0x00000035b2200000)]
  0x000002249fe46a30 JavaThread "Unconstrained build operations Thread 24" [_thread_blocked, id=37428, stack(0x00000035b2200000,0x00000035b2300000)]
  0x000002249fe46f80 JavaThread "Unconstrained build operations Thread 25" [_thread_blocked, id=37408, stack(0x00000035b2300000,0x00000035b2400000)]
  0x000002249fe40fe0 JavaThread "Unconstrained build operations Thread 26" [_thread_blocked, id=37672, stack(0x00000035b2400000,0x00000035b2500000)]
  0x000002249fe41530 JavaThread "Unconstrained build operations Thread 27" [_thread_blocked, id=47564, stack(0x00000035b2500000,0x00000035b2600000)]
  0x000002249fe42520 JavaThread "Unconstrained build operations Thread 28" [_thread_blocked, id=1960, stack(0x00000035b2600000,0x00000035b2700000)]
  0x000002249fe44a50 JavaThread "Unconstrained build operations Thread 29" [_thread_blocked, id=40916, stack(0x00000035b2700000,0x00000035b2800000)]
  0x000002249fe43fb0 JavaThread "Unconstrained build operations Thread 30" [_thread_blocked, id=45504, stack(0x00000035b2800000,0x00000035b2900000)]
  0x000002249fe454f0 JavaThread "Unconstrained build operations Thread 31" [_thread_blocked, id=37812, stack(0x00000035b2900000,0x00000035b2a00000)]
  0x000002249fe44500 JavaThread "jar transforms Thread 2" [_thread_blocked, id=55992, stack(0x00000035b2a00000,0x00000035b2b00000)]
  0x000002249fe45a40 JavaThread "jar transforms Thread 3" [_thread_blocked, id=51780, stack(0x00000035b2b00000,0x00000035b2c00000)]
  0x000002249fe42a70 JavaThread "jar transforms Thread 4" [_thread_blocked, id=26380, stack(0x00000035b2c00000,0x00000035b2d00000)]
  0x000002249fe42fc0 JavaThread "jar transforms Thread 5" [_thread_blocked, id=39604, stack(0x00000035b2d00000,0x00000035b2e00000)]
  0x00000224a40fa9c0 JavaThread "jar transforms Thread 6" [_thread_blocked, id=56080, stack(0x00000035b2e00000,0x00000035b2f00000)]
  0x00000224a40f6f50 JavaThread "jar transforms Thread 7" [_thread_blocked, id=54168, stack(0x00000035b2f00000,0x00000035b3000000)]
  0x00000224a40faf10 JavaThread "jar transforms Thread 8" [_thread_blocked, id=50484, stack(0x00000035b3000000,0x00000035b3100000)]
  0x00000224a40f64b0 JavaThread "Memory manager" [_thread_blocked, id=53496, stack(0x00000035b3200000,0x00000035b3300000)]
  0x00000224a40f74a0 JavaThread "ForkJoinPool.commonPool-worker-3" daemon [_thread_blocked, id=46884, stack(0x00000035b3300000,0x00000035b3400000)]
  0x00000224a40fcef0 JavaThread "ForkJoinPool.commonPool-worker-5" daemon [_thread_blocked, id=42668, stack(0x00000035b3400000,0x00000035b3500000)]
  0x00000224a40f5a10 JavaThread "ForkJoinPool.commonPool-worker-7" daemon [_thread_blocked, id=52220, stack(0x00000035b3500000,0x00000035b3600000)]
  0x00000224a40f8490 JavaThread "ForkJoinPool.commonPool-worker-9" daemon [_thread_blocked, id=55944, stack(0x00000035b3600000,0x00000035b3700000)]
  0x00000224a40f99d0 JavaThread "ForkJoinPool.commonPool-worker-11" daemon [_thread_blocked, id=37196, stack(0x00000035b3700000,0x00000035b3800000)]
  0x00000224a40f54c0 JavaThread "ForkJoinPool.commonPool-worker-13" daemon [_thread_blocked, id=43040, stack(0x00000035b3800000,0x00000035b3900000)]
  0x00000224a40f9480 JavaThread "ForkJoinPool.commonPool-worker-15" daemon [_thread_blocked, id=43148, stack(0x00000035b3900000,0x00000035b3a00000)]
  0x00000224a40fb460 JavaThread "Exec process" [_thread_blocked, id=56064, stack(0x00000035b3a00000,0x00000035b3b00000)]
  0x00000224a40f89e0 JavaThread "Exec process Thread 2" [_thread_blocked, id=47884, stack(0x00000035b3b00000,0x00000035b3c00000)]
  0x00000224a40fb9b0 JavaThread "Exec process Thread 3" [_thread_blocked, id=19824, stack(0x00000035b3c00000,0x00000035b3d00000)]
  0x00000224a40f8f30 JavaThread "Unconstrained build operations Thread 32" [_thread_blocked, id=32840, stack(0x00000035b0700000,0x00000035b0800000)]
  0x00000224a40f6a00 JavaThread "Unconstrained build operations Thread 33" [_thread_blocked, id=31904, stack(0x00000035b3d00000,0x00000035b3e00000)]
  0x00000224a40f9f20 JavaThread "Unconstrained build operations Thread 34" [_thread_blocked, id=44640, stack(0x00000035b3e00000,0x00000035b3f00000)]
  0x00000224a40f5f60 JavaThread "Unconstrained build operations Thread 35" [_thread_blocked, id=43144, stack(0x00000035b3f00000,0x00000035b4000000)]
  0x00000224a40fbf00 JavaThread "Unconstrained build operations Thread 36" [_thread_blocked, id=40416, stack(0x00000035b4000000,0x00000035b4100000)]
  0x00000224a04f8910 JavaThread "Unconstrained build operations Thread 37" [_thread_blocked, id=45380, stack(0x00000035b4100000,0x00000035b4200000)]
  0x00000224a4cc8550 JavaThread "Unconstrained build operations Thread 38" [_thread_blocked, id=44304, stack(0x00000035b4200000,0x00000035b4300000)]
  0x00000224a4cc8ff0 JavaThread "Unconstrained build operations Thread 39" [_thread_blocked, id=29636, stack(0x00000035b4300000,0x00000035b4400000)]
  0x00000224a4cc6570 JavaThread "Unconstrained build operations Thread 40" [_thread_blocked, id=50328, stack(0x00000035b4400000,0x00000035b4500000)]
  0x00000224a4cc8aa0 JavaThread "Unconstrained build operations Thread 41" [_thread_blocked, id=13432, stack(0x00000035b4500000,0x00000035b4600000)]
  0x00000224a4cc35a0 JavaThread "Unconstrained build operations Thread 42" [_thread_blocked, id=37412, stack(0x00000035b4600000,0x00000035b4700000)]
  0x00000224a4cc7010 JavaThread "Unconstrained build operations Thread 43" [_thread_blocked, id=23760, stack(0x00000035b4700000,0x00000035b4800000)]
  0x00000224a4ccaa80 JavaThread "Unconstrained build operations Thread 44" [_thread_blocked, id=24780, stack(0x00000035b4800000,0x00000035b4900000)]
  0x00000224a4cc9fe0 JavaThread "Unconstrained build operations Thread 45" [_thread_blocked, id=29296, stack(0x00000035b4900000,0x00000035b4a00000)]
  0x00000224a4cc7560 JavaThread "Unconstrained build operations Thread 46" [_thread_blocked, id=36628, stack(0x00000035b4a00000,0x00000035b4b00000)]
  0x00000224a4cc9540 JavaThread "Unconstrained build operations Thread 47" [_thread_blocked, id=51564, stack(0x00000035b4b00000,0x00000035b4c00000)]
  0x00000224a4ccafd0 JavaThread "Unconstrained build operations Thread 48" [_thread_blocked, id=51364, stack(0x00000035b4c00000,0x00000035b4d00000)]
  0x00000224a4cc4ae0 JavaThread "Unconstrained build operations Thread 49" [_thread_blocked, id=24032, stack(0x00000035b4d00000,0x00000035b4e00000)]
  0x00000224a4cc5ad0 JavaThread "Unconstrained build operations Thread 50" [_thread_blocked, id=49228, stack(0x00000035b4e00000,0x00000035b4f00000)]
  0x00000224a4cca530 JavaThread "Unconstrained build operations Thread 51" [_thread_blocked, id=53636, stack(0x00000035b4f00000,0x00000035b5000000)]
  0x00000224a4cc4040 JavaThread "Unconstrained build operations Thread 52" [_thread_blocked, id=43864, stack(0x00000035b5000000,0x00000035b5100000)]
  0x00000224a4cc3af0 JavaThread "Unconstrained build operations Thread 53" [_thread_blocked, id=49456, stack(0x00000035b5100000,0x00000035b5200000)]
  0x00000224a4cc4590 JavaThread "Unconstrained build operations Thread 54" [_thread_blocked, id=49924, stack(0x00000035b5200000,0x00000035b5300000)]
  0x00000224a4cc7ab0 JavaThread "Unconstrained build operations Thread 55" [_thread_blocked, id=28680, stack(0x00000035b5300000,0x00000035b5400000)]
  0x00000224a4cc5030 JavaThread "Unconstrained build operations Thread 56" [_thread_blocked, id=51956, stack(0x00000035b5400000,0x00000035b5500000)]
  0x00000224a4cc5580 JavaThread "Unconstrained build operations Thread 57" [_thread_blocked, id=492, stack(0x00000035b5500000,0x00000035b5600000)]
  0x00000224a4cc6020 JavaThread "Unconstrained build operations Thread 58" [_thread_blocked, id=29304, stack(0x00000035b5600000,0x00000035b5700000)]
  0x00000224a4cc6ac0 JavaThread "Unconstrained build operations Thread 59" [_thread_blocked, id=51128, stack(0x00000035b5700000,0x00000035b5800000)]
  0x00000224a4cc9a90 JavaThread "Unconstrained build operations Thread 60" [_thread_blocked, id=47932, stack(0x00000035b5800000,0x00000035b5900000)]
  0x00000224a055eaa0 JavaThread "Unconstrained build operations Thread 61" [_thread_blocked, id=516, stack(0x00000035b5900000,0x00000035b5a00000)]
  0x00000224a055f540 JavaThread "Unconstrained build operations Thread 62" [_thread_blocked, id=53152, stack(0x00000035b5a00000,0x00000035b5b00000)]
  0x00000224a0559050 JavaThread "Unconstrained build operations Thread 63" [_thread_blocked, id=28020, stack(0x00000035b5b00000,0x00000035b5c00000)]
  0x00000224a0558b00 JavaThread "Unconstrained build operations Thread 64" [_thread_blocked, id=49312, stack(0x00000035b5c00000,0x00000035b5d00000)]
  0x00000224a0558060 JavaThread "Unconstrained build operations Thread 65" [_thread_blocked, id=31564, stack(0x00000035b5d00000,0x00000035b5e00000)]
  0x00000224a055fa90 JavaThread "Unconstrained build operations Thread 66" [_thread_blocked, id=51704, stack(0x00000035b5e00000,0x00000035b5f00000)]
  0x00000224a055eff0 JavaThread "Unconstrained build operations Thread 67" [_thread_blocked, id=50740, stack(0x00000035b5f00000,0x00000035b6000000)]
  0x00000224a055cac0 JavaThread "Unconstrained build operations Thread 68" [_thread_blocked, id=49840, stack(0x00000035b6000000,0x00000035b6100000)]
  0x00000224a055a040 JavaThread "Unconstrained build operations Thread 69" [_thread_blocked, id=54248, stack(0x00000035b6100000,0x00000035b6200000)]
  0x00000224a0559af0 JavaThread "Unconstrained build operations Thread 70" [_thread_blocked, id=52856, stack(0x00000035b6200000,0x00000035b6300000)]
  0x00000224a05585b0 JavaThread "Unconstrained build operations Thread 71" [_thread_blocked, id=22396, stack(0x00000035b6300000,0x00000035b6400000)]
  0x00000224a05595a0 JavaThread "Unconstrained build operations Thread 72" [_thread_blocked, id=51344, stack(0x00000035b6400000,0x00000035b6500000)]
  0x00000224a055a590 JavaThread "Unconstrained build operations Thread 73" [_thread_blocked, id=1364, stack(0x00000035b6500000,0x00000035b6600000)]
  0x00000224a055c570 JavaThread "Unconstrained build operations Thread 74" [_thread_blocked, id=51612, stack(0x00000035b6600000,0x00000035b6700000)]
  0x00000224a055e550 JavaThread "Unconstrained build operations Thread 75" [_thread_blocked, id=53040, stack(0x00000035b6700000,0x00000035b6800000)]
  0x00000224a055b580 JavaThread "Unconstrained build operations Thread 76" [_thread_blocked, id=24564, stack(0x00000035b6800000,0x00000035b6900000)]
  0x00000224a055aae0 JavaThread "Unconstrained build operations Thread 77" [_thread_blocked, id=21360, stack(0x00000035b6900000,0x00000035b6a00000)]
  0x00000224a055b030 JavaThread "Unconstrained build operations Thread 78" [_thread_blocked, id=48144, stack(0x00000035b6a00000,0x00000035b6b00000)]
  0x00000224a055bad0 JavaThread "Unconstrained build operations Thread 79" [_thread_blocked, id=53820, stack(0x00000035b6b00000,0x00000035b6c00000)]
  0x00000224a055dab0 JavaThread "Unconstrained build operations Thread 80" [_thread_blocked, id=51488, stack(0x00000035b6c00000,0x00000035b6d00000)]
  0x00000224a055c020 JavaThread "included builds" [_thread_blocked, id=45560, stack(0x00000035b6d00000,0x00000035b6e00000)]
  0x00000224a055e000 JavaThread "Execution worker for ':'" [_thread_blocked, id=44244, stack(0x00000035b6e00000,0x00000035b6f00000)]
  0x00000224a055d560 JavaThread "Execution worker for ':' Thread 2" [_thread_blocked, id=20660, stack(0x00000035b6f00000,0x00000035b7000000)]
  0x00000224a1e875a0 JavaThread "Execution worker for ':' Thread 3" [_thread_blocked, id=29560, stack(0x00000035b7000000,0x00000035b7100000)]
  0x00000224a1e84080 JavaThread "Execution worker for ':' Thread 4" [_thread_blocked, id=47216, stack(0x00000035b7100000,0x00000035b7200000)]
  0x00000224a1e835e0 JavaThread "Execution worker for ':' Thread 5" [_thread_blocked, id=29128, stack(0x00000035b7200000,0x00000035b7300000)]
  0x00000224a1e80610 JavaThread "Execution worker for ':' Thread 6" [_thread_blocked, id=39240, stack(0x00000035b7300000,0x00000035b7400000)]
  0x00000224a1e855c0 JavaThread "Execution worker for ':' Thread 7" [_thread_blocked, id=56180, stack(0x00000035b7400000,0x00000035b7500000)]
  0x00000224a1e810b0 JavaThread "Cache worker for execution history cache (C:\Users\jaspe\IdeaProjects\forge 1.18.2\.gradle\7.4\executionHistory)" [_thread_blocked, id=28104, stack(0x00000035b7500000,0x00000035b7600000)]

Other Threads:
=>0x00000224ffa1e430 VMThread "VM Thread" [stack: 0x00000035add00000,0x00000035ade00000] [id=55480]
  0x000002249e4a5090 WatcherThread [stack: 0x00000035ae900000,0x00000035aea00000] [id=48816]
  0x00000224fbaa5cf0 GCTaskThread "GC Thread#0" [stack: 0x00000035ad800000,0x00000035ad900000] [id=53352]
  0x000002249ecb21c0 GCTaskThread "GC Thread#1" [stack: 0x00000035aea00000,0x00000035aeb00000] [id=46892]
  0x000002249f0e4f30 GCTaskThread "GC Thread#2" [stack: 0x00000035aeb00000,0x00000035aec00000] [id=56012]
  0x000002249ee07b70 GCTaskThread "GC Thread#3" [stack: 0x00000035aec00000,0x00000035aed00000] [id=55736]
  0x000002249eeebee0 GCTaskThread "GC Thread#4" [stack: 0x00000035aed00000,0x00000035aee00000] [id=33148]
  0x000002249ee2b100 GCTaskThread "GC Thread#5" [stack: 0x00000035aee00000,0x00000035aef00000] [id=51744]
  0x000002249f9b0b60 GCTaskThread "GC Thread#6" [stack: 0x00000035af400000,0x00000035af500000] [id=45260]
  0x000002249f9b0e70 GCTaskThread "GC Thread#7" [stack: 0x00000035af500000,0x00000035af600000] [id=44168]
  0x00000224fbab4d50 ConcurrentGCThread "G1 Main Marker" [stack: 0x00000035ad900000,0x00000035ada00000] [id=28724]
  0x00000224fbab58a0 ConcurrentGCThread "G1 Conc#0" [stack: 0x00000035ada00000,0x00000035adb00000] [id=17488]
  0x00000224a04ce2a0 ConcurrentGCThread "G1 Conc#1" [stack: 0x00000035b0400000,0x00000035b0500000] [id=32320]
  0x00000224fbb24970 ConcurrentGCThread "G1 Refine#0" [stack: 0x00000035adb00000,0x00000035adc00000] [id=2560]
  0x000002249e5a8470 ConcurrentGCThread "G1 Refine#1" [stack: 0x00000035b7600000,0x00000035b7700000] [id=23032]
  0x000002249e5a7ab0 ConcurrentGCThread "G1 Refine#2" [stack: 0x00000035b7700000,0x00000035b7800000] [id=24832]
  0x000002249e5a7df0 ConcurrentGCThread "G1 Refine#3" [stack: 0x00000035b7800000,0x00000035b7900000] [id=38860]
  0x000002249f84aaa0 ConcurrentGCThread "G1 Refine#4" [stack: 0x00000035b7900000,0x00000035b7a00000] [id=48996]
  0x000002249f847020 ConcurrentGCThread "G1 Refine#5" [stack: 0x00000035b7a00000,0x00000035b7b00000] [id=46032]
  0x000002249f848d60 ConcurrentGCThread "G1 Refine#6" [stack: 0x00000035b7b00000,0x00000035b7c00000] [id=46832]
  0x000002249f84a760 ConcurrentGCThread "G1 Refine#7" [stack: 0x00000035b7c00000,0x00000035b7d00000] [id=47928]
  0x00000224fbb25370 ConcurrentGCThread "G1 Service" [stack: 0x00000035adc00000,0x00000035add00000] [id=30052]

Threads with active compile tasks:
C2 CompilerThread0    26223 8149 %     4       net.minecraftforge.srgutils.InternalUtils::loadProguard @ 384 (598 bytes)

VM state: at safepoint (normal execution)

VM Mutex/Monitor currently owned by a thread:  ([mutex/lock_event])
[0x00000224fba5be60] Threads_lock - owner thread: 0x00000224ffa1e430
[0x00000224fba5dba0] Heap_lock - owner thread: 0x00000224a055e000

Heap address: 0x0000000740000000, size: 3072 MB, Compressed Oops mode: Zero based, Oop shift amount: 3

CDS archive(s) mapped at: [0x0000000800000000-0x0000000800bf0000-0x0000000800bf0000), size 12517376, SharedBaseAddress: 0x0000000800000000, ArchiveRelocationMode: 0.
Compressed class space mapped at: 0x0000000800c00000-0x0000000840c00000, reserved size: 1073741824
Narrow klass base: 0x0000000800000000, Narrow klass shift: 3, Narrow klass range: 0x100000000

GC Precious Log:
 CPUs: 8 total, 8 available
 Memory: 6020M
 Large Page Support: Disabled
 NUMA Support: Disabled
 Compressed Oops: Enabled (Zero based)
 Heap Region Size: 2M
 Heap Min Capacity: 8M
 Heap Initial Capacity: 96M
 Heap Max Capacity: 3G
 Pre-touch: Disabled
 Parallel Workers: 8
 Concurrent Workers: 2
 Concurrent Refinement Workers: 8
 Periodic GC: Disabled

Heap:
 garbage-first heap   total 428032K, used 254435K [0x0000000740000000, 0x0000000800000000)
  region size 2048K, 6 young (12288K), 6 survivors (12288K)
 Metaspace       used 61131K, committed 61696K, reserved 1105920K
  class space    used 8057K, committed 8320K, reserved 1048576K

Heap Regions: E=young(eden), S=young(survivor), O=old, HS=humongous(starts), HC=humongous(continues), CS=collection set, F=free, OA=open archive, CA=closed archive, TAMS=top-at-mark-start (previous, next)
|   0|0x0000000740000000, 0x0000000740200000, 0x0000000740200000|100%| O|  |TAMS 0x0000000740200000, 0x0000000740200000| Untracked 
|   1|0x0000000740200000, 0x0000000740400000, 0x0000000740400000|100%| O|  |TAMS 0x0000000740400000, 0x0000000740400000| Untracked 
|   2|0x0000000740400000, 0x0000000740600000, 0x0000000740600000|100%|HS|  |TAMS 0x0000000740600000, 0x0000000740600000| Complete 
|   3|0x0000000740600000, 0x0000000740800000, 0x0000000740800000|100%|HC|  |TAMS 0x0000000740800000, 0x0000000740800000| Complete 
|   4|0x0000000740800000, 0x0000000740a00000, 0x0000000740a00000|100%| O|  |TAMS 0x0000000740a00000, 0x0000000740a00000| Untracked 
|   5|0x0000000740a00000, 0x0000000740c00000, 0x0000000740c00000|100%| O|  |TAMS 0x0000000740c00000, 0x0000000740c00000| Untracked 
|   6|0x0000000740c00000, 0x0000000740e00000, 0x0000000740e00000|100%| O|  |TAMS 0x0000000740e00000, 0x0000000740e00000| Untracked 
|   7|0x0000000740e00000, 0x0000000741000000, 0x0000000741000000|100%| O|  |TAMS 0x0000000741000000, 0x0000000741000000| Untracked 
|   8|0x0000000741000000, 0x00000007410fd400, 0x0000000741200000| 49%| O|  |TAMS 0x00000007410fd400, 0x00000007410fd400| Untracked 
|   9|0x0000000741200000, 0x0000000741400000, 0x0000000741400000|100%| O|  |TAMS 0x0000000741400000, 0x0000000741400000| Untracked 
|  10|0x0000000741400000, 0x0000000741600000, 0x0000000741600000|100%| O|  |TAMS 0x0000000741600000, 0x0000000741600000| Untracked 
|  11|0x0000000741600000, 0x0000000741800000, 0x0000000741800000|100%| O|  |TAMS 0x0000000741800000, 0x0000000741800000| Untracked 
|  12|0x0000000741800000, 0x0000000741a00000, 0x0000000741a00000|100%| O|  |TAMS 0x0000000741a00000, 0x0000000741a00000| Untracked 
|  13|0x0000000741a00000, 0x0000000741c00000, 0x0000000741c00000|100%| O|  |TAMS 0x0000000741c00000, 0x0000000741c00000| Untracked 
|  14|0x0000000741c00000, 0x0000000741e00000, 0x0000000741e00000|100%| O|  |TAMS 0x0000000741e00000, 0x0000000741e00000| Untracked 
|  15|0x0000000741e00000, 0x0000000742000000, 0x0000000742000000|100%|HS|  |TAMS 0x0000000742000000, 0x0000000742000000| Complete 
|  16|0x0000000742000000, 0x0000000742200000, 0x0000000742200000|100%| O|  |TAMS 0x0000000742200000, 0x0000000742200000| Untracked 
|  17|0x0000000742200000, 0x0000000742400000, 0x0000000742400000|100%| O|  |TAMS 0x0000000742400000, 0x0000000742400000| Untracked 
|  18|0x0000000742400000, 0x0000000742600000, 0x0000000742600000|100%| O|  |TAMS 0x0000000742600000, 0x0000000742600000| Untracked 
|  19|0x0000000742600000, 0x0000000742800000, 0x0000000742800000|100%| O|  |TAMS 0x0000000742800000, 0x0000000742800000| Untracked 
|  20|0x0000000742800000, 0x0000000742a00000, 0x0000000742a00000|100%| O|  |TAMS 0x0000000742a00000, 0x0000000742a00000| Untracked 
|  21|0x0000000742a00000, 0x0000000742c00000, 0x0000000742c00000|100%| O|  |TAMS 0x0000000742c00000, 0x0000000742c00000| Untracked 
|  22|0x0000000742c00000, 0x0000000742e00000, 0x0000000742e00000|100%| O|  |TAMS 0x0000000742d3e400, 0x0000000742e00000| Untracked 
|  23|0x0000000742e00000, 0x0000000743000000, 0x0000000743000000|100%| O|  |TAMS 0x0000000742e00000, 0x0000000743000000| Untracked 
|  24|0x0000000743000000, 0x0000000743200000, 0x0000000743200000|100%| O|  |TAMS 0x0000000743000000, 0x0000000743200000| Untracked 
|  25|0x0000000743200000, 0x0000000743400000, 0x0000000743400000|100%| O|  |TAMS 0x0000000743200000, 0x0000000743400000| Untracked 
|  26|0x0000000743400000, 0x0000000743600000, 0x0000000743600000|100%| O|  |TAMS 0x0000000743400000, 0x0000000743600000| Untracked 
|  27|0x0000000743600000, 0x0000000743800000, 0x0000000743800000|100%| O|  |TAMS 0x0000000743600000, 0x0000000743800000| Untracked 
|  28|0x0000000743800000, 0x0000000743a00000, 0x0000000743a00000|100%| O|  |TAMS 0x0000000743800000, 0x0000000743a00000| Untracked 
|  29|0x0000000743a00000, 0x0000000743c00000, 0x0000000743c00000|100%| O|  |TAMS 0x0000000743a00000, 0x0000000743c00000| Untracked 
|  30|0x0000000743c00000, 0x0000000743e00000, 0x0000000743e00000|100%| O|  |TAMS 0x0000000743c00000, 0x0000000743e00000| Untracked 
|  31|0x0000000743e00000, 0x0000000744000000, 0x0000000744000000|100%| O|  |TAMS 0x0000000743e00000, 0x0000000744000000| Untracked 
|  32|0x0000000744000000, 0x0000000744200000, 0x0000000744200000|100%| O|  |TAMS 0x0000000744000000, 0x0000000744200000| Untracked 
|  33|0x0000000744200000, 0x0000000744400000, 0x0000000744400000|100%| O|  |TAMS 0x0000000744200000, 0x0000000744400000| Untracked 
|  34|0x0000000744400000, 0x0000000744600000, 0x0000000744600000|100%| O|  |TAMS 0x0000000744400000, 0x0000000744600000| Untracked 
|  35|0x0000000744600000, 0x0000000744800000, 0x0000000744800000|100%| O|  |TAMS 0x0000000744600000, 0x0000000744800000| Untracked 
|  36|0x0000000744800000, 0x0000000744a00000, 0x0000000744a00000|100%| O|  |TAMS 0x0000000744800000, 0x0000000744a00000| Untracked 
|  37|0x0000000744a00000, 0x0000000744c00000, 0x0000000744c00000|100%| O|  |TAMS 0x0000000744a00000, 0x0000000744c00000| Untracked 
|  38|0x0000000744c00000, 0x0000000744e00000, 0x0000000744e00000|100%| O|  |TAMS 0x0000000744c00000, 0x0000000744e00000| Untracked 
|  39|0x0000000744e00000, 0x0000000745000000, 0x0000000745000000|100%| O|  |TAMS 0x0000000744e00000, 0x0000000745000000| Untracked 
|  40|0x0000000745000000, 0x0000000745200000, 0x0000000745200000|100%| O|  |TAMS 0x0000000745000000, 0x0000000745200000| Untracked 
|  41|0x0000000745200000, 0x0000000745400000, 0x0000000745400000|100%| O|  |TAMS 0x0000000745200000, 0x0000000745400000| Untracked 
|  42|0x0000000745400000, 0x0000000745600000, 0x0000000745600000|100%| O|  |TAMS 0x0000000745400000, 0x0000000745600000| Untracked 
|  43|0x0000000745600000, 0x0000000745800000, 0x0000000745800000|100%| O|  |TAMS 0x0000000745600000, 0x0000000745800000| Untracked 
|  44|0x0000000745800000, 0x0000000745a00000, 0x0000000745a00000|100%| O|  |TAMS 0x0000000745800000, 0x0000000745a00000| Untracked 
|  45|0x0000000745a00000, 0x0000000745c00000, 0x0000000745c00000|100%| O|  |TAMS 0x0000000745a00000, 0x0000000745c00000| Untracked 
|  46|0x0000000745c00000, 0x0000000745e00000, 0x0000000745e00000|100%| O|  |TAMS 0x0000000745c00000, 0x0000000745e00000| Untracked 
|  47|0x0000000745e00000, 0x0000000746000000, 0x0000000746000000|100%| O|  |TAMS 0x0000000745e00000, 0x0000000746000000| Untracked 
|  48|0x0000000746000000, 0x0000000746200000, 0x0000000746200000|100%| O|  |TAMS 0x0000000746000000, 0x0000000746200000| Untracked 
|  49|0x0000000746200000, 0x0000000746400000, 0x0000000746400000|100%| O|  |TAMS 0x0000000746200000, 0x0000000746400000| Untracked 
|  50|0x0000000746400000, 0x0000000746600000, 0x0000000746600000|100%| O|  |TAMS 0x0000000746400000, 0x0000000746600000| Untracked 
|  51|0x0000000746600000, 0x0000000746800000, 0x0000000746800000|100%| O|  |TAMS 0x0000000746600000, 0x0000000746800000| Untracked 
|  52|0x0000000746800000, 0x0000000746a00000, 0x0000000746a00000|100%| O|  |TAMS 0x0000000746800000, 0x0000000746a00000| Untracked 
|  53|0x0000000746a00000, 0x0000000746c00000, 0x0000000746c00000|100%| O|  |TAMS 0x0000000746a00000, 0x0000000746c00000| Untracked 
|  54|0x0000000746c00000, 0x0000000746e00000, 0x0000000746e00000|100%| O|  |TAMS 0x0000000746c00000, 0x0000000746e00000| Untracked 
|  55|0x0000000746e00000, 0x0000000747000000, 0x0000000747000000|100%| O|  |TAMS 0x0000000746e00000, 0x0000000747000000| Untracked 
|  56|0x0000000747000000, 0x0000000747200000, 0x0000000747200000|100%| O|  |TAMS 0x0000000747000000, 0x0000000747200000| Untracked 
|  57|0x0000000747200000, 0x0000000747400000, 0x0000000747400000|100%| O|  |TAMS 0x0000000747200000, 0x0000000747400000| Untracked 
|  58|0x0000000747400000, 0x0000000747600000, 0x0000000747600000|100%| O|  |TAMS 0x0000000747400000, 0x0000000747600000| Untracked 
|  59|0x0000000747600000, 0x0000000747800000, 0x0000000747800000|100%| O|  |TAMS 0x0000000747600000, 0x0000000747800000| Untracked 
|  60|0x0000000747800000, 0x0000000747a00000, 0x0000000747a00000|100%| O|  |TAMS 0x0000000747800000, 0x0000000747a00000| Untracked 
|  61|0x0000000747a00000, 0x0000000747c00000, 0x0000000747c00000|100%| O|  |TAMS 0x0000000747a00000, 0x0000000747c00000| Untracked 
|  62|0x0000000747c00000, 0x0000000747e00000, 0x0000000747e00000|100%| O|  |TAMS 0x0000000747c00000, 0x0000000747e00000| Untracked 
|  63|0x0000000747e00000, 0x0000000748000000, 0x0000000748000000|100%| O|  |TAMS 0x0000000747e00000, 0x0000000748000000| Untracked 
|  64|0x0000000748000000, 0x0000000748200000, 0x0000000748200000|100%| O|  |TAMS 0x0000000748000000, 0x0000000748200000| Untracked 
|  65|0x0000000748200000, 0x0000000748400000, 0x0000000748400000|100%| O|  |TAMS 0x0000000748200000, 0x0000000748400000| Untracked 
|  66|0x0000000748400000, 0x0000000748600000, 0x0000000748600000|100%| O|  |TAMS 0x0000000748400000, 0x0000000748600000| Untracked 
|  67|0x0000000748600000, 0x0000000748800000, 0x0000000748800000|100%| O|  |TAMS 0x0000000748600000, 0x0000000748800000| Untracked 
|  68|0x0000000748800000, 0x0000000748a00000, 0x0000000748a00000|100%| O|  |TAMS 0x0000000748800000, 0x0000000748a00000| Untracked 
|  69|0x0000000748a00000, 0x0000000748c00000, 0x0000000748c00000|100%| O|  |TAMS 0x0000000748a00000, 0x0000000748c00000| Untracked 
|  70|0x0000000748c00000, 0x0000000748e00000, 0x0000000748e00000|100%| O|  |TAMS 0x0000000748c00000, 0x0000000748e00000| Untracked 
|  71|0x0000000748e00000, 0x0000000749000000, 0x0000000749000000|100%| O|  |TAMS 0x0000000748e00000, 0x0000000749000000| Untracked 
|  72|0x0000000749000000, 0x0000000749200000, 0x0000000749200000|100%| O|  |TAMS 0x0000000749000000, 0x0000000749200000| Untracked 
|  73|0x0000000749200000, 0x0000000749400000, 0x0000000749400000|100%| O|  |TAMS 0x0000000749200000, 0x0000000749400000| Untracked 
|  74|0x0000000749400000, 0x0000000749600000, 0x0000000749600000|100%| O|  |TAMS 0x0000000749400000, 0x0000000749600000| Untracked 
|  75|0x0000000749600000, 0x0000000749800000, 0x0000000749800000|100%| O|  |TAMS 0x0000000749600000, 0x0000000749800000| Untracked 
|  76|0x0000000749800000, 0x0000000749a00000, 0x0000000749a00000|100%| O|  |TAMS 0x0000000749800000, 0x0000000749a00000| Untracked 
|  77|0x0000000749a00000, 0x0000000749c00000, 0x0000000749c00000|100%| O|  |TAMS 0x0000000749a00000, 0x0000000749c00000| Untracked 
|  78|0x0000000749c00000, 0x0000000749e00000, 0x0000000749e00000|100%| O|  |TAMS 0x0000000749c00000, 0x0000000749e00000| Untracked 
|  79|0x0000000749e00000, 0x000000074a000000, 0x000000074a000000|100%| O|  |TAMS 0x0000000749e00000, 0x000000074a000000| Untracked 
|  80|0x000000074a000000, 0x000000074a200000, 0x000000074a200000|100%| O|  |TAMS 0x000000074a000000, 0x000000074a116a00| Untracked 
|  81|0x000000074a200000, 0x000000074a400000, 0x000000074a400000|100%| O|  |TAMS 0x000000074a200000, 0x000000074a200000| Untracked 
|  82|0x000000074a400000, 0x000000074a600000, 0x000000074a600000|100%| O|  |TAMS 0x000000074a400000, 0x000000074a400000| Untracked 
|  83|0x000000074a600000, 0x000000074a800000, 0x000000074a800000|100%| O|  |TAMS 0x000000074a600000, 0x000000074a600000| Untracked 
|  84|0x000000074a800000, 0x000000074aa00000, 0x000000074aa00000|100%| O|  |TAMS 0x000000074a800000, 0x000000074a800000| Untracked 
|  85|0x000000074aa00000, 0x000000074ac00000, 0x000000074ac00000|100%| O|  |TAMS 0x000000074aa00000, 0x000000074aa00000| Untracked 
|  86|0x000000074ac00000, 0x000000074ae00000, 0x000000074ae00000|100%| O|  |TAMS 0x000000074ac00000, 0x000000074ac00000| Untracked 
|  87|0x000000074ae00000, 0x000000074b000000, 0x000000074b000000|100%| O|  |TAMS 0x000000074ae00000, 0x000000074ae00000| Untracked 
|  88|0x000000074b000000, 0x000000074b200000, 0x000000074b200000|100%| O|  |TAMS 0x000000074b000000, 0x000000074b000000| Untracked 
|  89|0x000000074b200000, 0x000000074b400000, 0x000000074b400000|100%| O|  |TAMS 0x000000074b200000, 0x000000074b200000| Untracked 
|  90|0x000000074b400000, 0x000000074b600000, 0x000000074b600000|100%| O|  |TAMS 0x000000074b400000, 0x000000074b400000| Untracked 
|  91|0x000000074b600000, 0x000000074b800000, 0x000000074b800000|100%| O|  |TAMS 0x000000074b600000, 0x000000074b600000| Untracked 
|  92|0x000000074b800000, 0x000000074ba00000, 0x000000074ba00000|100%| O|  |TAMS 0x000000074b800000, 0x000000074b800000| Untracked 
|  93|0x000000074ba00000, 0x000000074bc00000, 0x000000074bc00000|100%| O|  |TAMS 0x000000074ba00000, 0x000000074ba00000| Untracked 
|  94|0x000000074bc00000, 0x000000074be00000, 0x000000074be00000|100%| O|  |TAMS 0x000000074bc00000, 0x000000074bc00000| Untracked 
|  95|0x000000074be00000, 0x000000074c000000, 0x000000074c000000|100%| O|  |TAMS 0x000000074be00000, 0x000000074be00000| Untracked 
|  96|0x000000074c000000, 0x000000074c200000, 0x000000074c200000|100%| O|  |TAMS 0x000000074c000000, 0x000000074c000000| Untracked 
|  97|0x000000074c200000, 0x000000074c400000, 0x000000074c400000|100%| O|  |TAMS 0x000000074c200000, 0x000000074c200000| Untracked 
|  98|0x000000074c400000, 0x000000074c600000, 0x000000074c600000|100%| O|  |TAMS 0x000000074c400000, 0x000000074c400000| Untracked 
|  99|0x000000074c600000, 0x000000074c77ba00, 0x000000074c800000| 74%| O|  |TAMS 0x000000074c600000, 0x000000074c600000| Untracked 
| 100|0x000000074c800000, 0x000000074c800000, 0x000000074ca00000|  0%| F|  |TAMS 0x000000074c800000, 0x000000074c800000| Untracked 
| 101|0x000000074ca00000, 0x000000074ca00000, 0x000000074cc00000|  0%| F|  |TAMS 0x000000074ca00000, 0x000000074ca00000| Untracked 
| 102|0x000000074cc00000, 0x000000074cc00000, 0x000000074ce00000|  0%| F|  |TAMS 0x000000074cc00000, 0x000000074cc00000| Untracked 
| 103|0x000000074ce00000, 0x000000074ce00000, 0x000000074d000000|  0%| F|  |TAMS 0x000000074ce00000, 0x000000074ce00000| Untracked 
| 104|0x000000074d000000, 0x000000074d000000, 0x000000074d200000|  0%| F|  |TAMS 0x000000074d000000, 0x000000074d000000| Untracked 
| 105|0x000000074d200000, 0x000000074d200000, 0x000000074d400000|  0%| F|  |TAMS 0x000000074d200000, 0x000000074d200000| Untracked 
| 106|0x000000074d400000, 0x000000074d400000, 0x000000074d600000|  0%| F|  |TAMS 0x000000074d400000, 0x000000074d400000| Untracked 
| 107|0x000000074d600000, 0x000000074d600000, 0x000000074d800000|  0%| F|  |TAMS 0x000000074d600000, 0x000000074d600000| Untracked 
| 108|0x000000074d800000, 0x000000074d800000, 0x000000074da00000|  0%| F|  |TAMS 0x000000074d800000, 0x000000074d800000| Untracked 
| 109|0x000000074da00000, 0x000000074da00000, 0x000000074dc00000|  0%| F|  |TAMS 0x000000074da00000, 0x000000074da00000| Untracked 
| 110|0x000000074dc00000, 0x000000074dc00000, 0x000000074de00000|  0%| F|  |TAMS 0x000000074dc00000, 0x000000074dc00000| Untracked 
| 111|0x000000074de00000, 0x000000074de00000, 0x000000074e000000|  0%| F|  |TAMS 0x000000074de00000, 0x000000074de00000| Untracked 
| 112|0x000000074e000000, 0x000000074e000000, 0x000000074e200000|  0%| F|  |TAMS 0x000000074e000000, 0x000000074e000000| Untracked 
| 113|0x000000074e200000, 0x000000074e200000, 0x000000074e400000|  0%| F|  |TAMS 0x000000074e200000, 0x000000074e200000| Untracked 
| 114|0x000000074e400000, 0x000000074e400000, 0x000000074e600000|  0%| F|  |TAMS 0x000000074e400000, 0x000000074e400000| Untracked 
| 115|0x000000074e600000, 0x000000074e600000, 0x000000074e800000|  0%| F|  |TAMS 0x000000074e600000, 0x000000074e600000| Untracked 
| 116|0x000000074e800000, 0x000000074e800000, 0x000000074ea00000|  0%| F|  |TAMS 0x000000074e800000, 0x000000074e800000| Untracked 
| 117|0x000000074ea00000, 0x000000074ea00000, 0x000000074ec00000|  0%| F|  |TAMS 0x000000074ea00000, 0x000000074ea00000| Untracked 
| 118|0x000000074ec00000, 0x000000074ec00000, 0x000000074ee00000|  0%| F|  |TAMS 0x000000074ec00000, 0x000000074ec00000| Untracked 
| 119|0x000000074ee00000, 0x000000074ee00000, 0x000000074f000000|  0%| F|  |TAMS 0x000000074ee00000, 0x000000074ee00000| Untracked 
| 120|0x000000074f000000, 0x000000074f000000, 0x000000074f200000|  0%| F|  |TAMS 0x000000074f000000, 0x000000074f000000| Untracked 
| 121|0x000000074f200000, 0x000000074f200000, 0x000000074f400000|  0%| F|  |TAMS 0x000000074f200000, 0x000000074f200000| Untracked 
| 122|0x000000074f400000, 0x000000074f400000, 0x000000074f600000|  0%| F|  |TAMS 0x000000074f400000, 0x000000074f400000| Untracked 
| 123|0x000000074f600000, 0x000000074f600000, 0x000000074f800000|  0%| F|  |TAMS 0x000000074f600000, 0x000000074f600000| Untracked 
| 124|0x000000074f800000, 0x000000074f800000, 0x000000074fa00000|  0%| F|  |TAMS 0x000000074f800000, 0x000000074f800000| Untracked 
| 125|0x000000074fa00000, 0x000000074fa00000, 0x000000074fc00000|  0%| F|  |TAMS 0x000000074fa00000, 0x000000074fa00000| Untracked 
| 126|0x000000074fc00000, 0x000000074fc00000, 0x000000074fe00000|  0%| F|  |TAMS 0x000000074fc00000, 0x000000074fc00000| Untracked 
| 127|0x000000074fe00000, 0x000000074fe00000, 0x0000000750000000|  0%| F|  |TAMS 0x000000074fe00000, 0x000000074fe00000| Untracked 
| 128|0x0000000750000000, 0x0000000750000000, 0x0000000750200000|  0%| F|  |TAMS 0x0000000750000000, 0x0000000750000000| Untracked 
| 129|0x0000000750200000, 0x0000000750200000, 0x0000000750400000|  0%| F|  |TAMS 0x0000000750200000, 0x0000000750200000| Untracked 
| 130|0x0000000750400000, 0x0000000750400000, 0x0000000750600000|  0%| F|  |TAMS 0x0000000750400000, 0x0000000750400000| Untracked 
| 131|0x0000000750600000, 0x0000000750600000, 0x0000000750800000|  0%| F|  |TAMS 0x0000000750600000, 0x0000000750600000| Untracked 
| 132|0x0000000750800000, 0x0000000750800000, 0x0000000750a00000|  0%| F|  |TAMS 0x0000000750800000, 0x0000000750800000| Untracked 
| 133|0x0000000750a00000, 0x0000000750a00000, 0x0000000750c00000|  0%| F|  |TAMS 0x0000000750a00000, 0x0000000750a00000| Untracked 
| 134|0x0000000750c00000, 0x0000000750c00000, 0x0000000750e00000|  0%| F|  |TAMS 0x0000000750c00000, 0x0000000750c00000| Untracked 
| 135|0x0000000750e00000, 0x0000000750e00000, 0x0000000751000000|  0%| F|  |TAMS 0x0000000750e00000, 0x0000000750e00000| Untracked 
| 136|0x0000000751000000, 0x0000000751000000, 0x0000000751200000|  0%| F|  |TAMS 0x0000000751000000, 0x0000000751000000| Untracked 
| 137|0x0000000751200000, 0x0000000751200000, 0x0000000751400000|  0%| F|  |TAMS 0x0000000751200000, 0x0000000751200000| Untracked 
| 138|0x0000000751400000, 0x0000000751400000, 0x0000000751600000|  0%| F|  |TAMS 0x0000000751400000, 0x0000000751400000| Untracked 
| 139|0x0000000751600000, 0x0000000751600000, 0x0000000751800000|  0%| F|  |TAMS 0x0000000751600000, 0x0000000751600000| Untracked 
| 140|0x0000000751800000, 0x0000000751800000, 0x0000000751a00000|  0%| F|  |TAMS 0x0000000751800000, 0x0000000751800000| Untracked 
| 141|0x0000000751a00000, 0x0000000751a00000, 0x0000000751c00000|  0%| F|  |TAMS 0x0000000751a00000, 0x0000000751a00000| Untracked 
| 142|0x0000000751c00000, 0x0000000751c00000, 0x0000000751e00000|  0%| F|  |TAMS 0x0000000751c00000, 0x0000000751c00000| Untracked 
| 143|0x0000000751e00000, 0x0000000752000000, 0x0000000752000000|100%| S|CS|TAMS 0x0000000751e00000, 0x0000000751e00000| Complete 
| 144|0x0000000752000000, 0x0000000752200000, 0x0000000752200000|100%| S|CS|TAMS 0x0000000752000000, 0x0000000752000000| Complete 
| 145|0x0000000752200000, 0x0000000752400000, 0x0000000752400000|100%| S|CS|TAMS 0x0000000752200000, 0x0000000752200000| Complete 
| 146|0x0000000752400000, 0x0000000752600000, 0x0000000752600000|100%| S|CS|TAMS 0x0000000752400000, 0x0000000752400000| Complete 
| 147|0x0000000752600000, 0x0000000752800000, 0x0000000752800000|100%| S|CS|TAMS 0x0000000752600000, 0x0000000752600000| Complete 
| 148|0x0000000752800000, 0x0000000752a00000, 0x0000000752a00000|100%| S|CS|TAMS 0x0000000752800000, 0x0000000752800000| Complete 
| 149|0x0000000752a00000, 0x0000000752a00000, 0x0000000752c00000|  0%| F|  |TAMS 0x0000000752a00000, 0x0000000752a00000| Untracked 
| 150|0x0000000752c00000, 0x0000000752c00000, 0x0000000752e00000|  0%| F|  |TAMS 0x0000000752c00000, 0x0000000752c00000| Untracked 
| 151|0x0000000752e00000, 0x0000000752e00000, 0x0000000753000000|  0%| F|  |TAMS 0x0000000752e00000, 0x0000000752e00000| Untracked 
| 152|0x0000000753000000, 0x0000000753000000, 0x0000000753200000|  0%| F|  |TAMS 0x0000000753000000, 0x0000000753000000| Untracked 
| 153|0x0000000753200000, 0x0000000753200000, 0x0000000753400000|  0%| F|  |TAMS 0x0000000753200000, 0x0000000753200000| Untracked 
| 154|0x0000000753400000, 0x0000000753400000, 0x0000000753600000|  0%| F|  |TAMS 0x0000000753400000, 0x0000000753400000| Untracked 
| 155|0x0000000753600000, 0x0000000753600000, 0x0000000753800000|  0%| F|  |TAMS 0x0000000753600000, 0x0000000753600000| Untracked 
| 156|0x0000000753800000, 0x0000000753800000, 0x0000000753a00000|  0%| F|  |TAMS 0x0000000753800000, 0x0000000753800000| Untracked 
| 157|0x0000000753a00000, 0x0000000753a00000, 0x0000000753c00000|  0%| F|  |TAMS 0x0000000753a00000, 0x0000000753a00000| Untracked 
| 158|0x0000000753c00000, 0x0000000753c00000, 0x0000000753e00000|  0%| F|  |TAMS 0x0000000753c00000, 0x0000000753c00000| Untracked 
| 159|0x0000000753e00000, 0x0000000753e00000, 0x0000000754000000|  0%| F|  |TAMS 0x0000000753e00000, 0x0000000753e00000| Untracked 
| 160|0x0000000754000000, 0x0000000754000000, 0x0000000754200000|  0%| F|  |TAMS 0x0000000754000000, 0x0000000754000000| Untracked 
| 161|0x0000000754200000, 0x0000000754200000, 0x0000000754400000|  0%| F|  |TAMS 0x0000000754200000, 0x0000000754200000| Untracked 
| 162|0x0000000754400000, 0x0000000754400000, 0x0000000754600000|  0%| F|  |TAMS 0x0000000754400000, 0x0000000754400000| Untracked 
| 163|0x0000000754600000, 0x0000000754600000, 0x0000000754800000|  0%| F|  |TAMS 0x0000000754600000, 0x0000000754600000| Untracked 
| 164|0x0000000754800000, 0x0000000754800000, 0x0000000754a00000|  0%| F|  |TAMS 0x0000000754800000, 0x0000000754800000| Untracked 
| 165|0x0000000754a00000, 0x0000000754a00000, 0x0000000754c00000|  0%| F|  |TAMS 0x0000000754a00000, 0x0000000754a00000| Untracked 
| 166|0x0000000754c00000, 0x0000000754c00000, 0x0000000754e00000|  0%| F|  |TAMS 0x0000000754c00000, 0x0000000754c00000| Untracked 
| 167|0x0000000754e00000, 0x0000000754e00000, 0x0000000755000000|  0%| F|  |TAMS 0x0000000754e00000, 0x0000000754e00000| Untracked 
| 168|0x0000000755000000, 0x0000000755000000, 0x0000000755200000|  0%| F|  |TAMS 0x0000000755000000, 0x0000000755000000| Untracked 
| 169|0x0000000755200000, 0x0000000755200000, 0x0000000755400000|  0%| F|  |TAMS 0x0000000755200000, 0x0000000755200000| Untracked 
| 170|0x0000000755400000, 0x0000000755400000, 0x0000000755600000|  0%| F|  |TAMS 0x0000000755400000, 0x0000000755400000| Untracked 
| 171|0x0000000755600000, 0x0000000755600000, 0x0000000755800000|  0%| F|  |TAMS 0x0000000755600000, 0x0000000755600000| Untracked 
| 172|0x0000000755800000, 0x0000000755800000, 0x0000000755a00000|  0%| F|  |TAMS 0x0000000755800000, 0x0000000755800000| Untracked 
| 173|0x0000000755a00000, 0x0000000755a00000, 0x0000000755c00000|  0%| F|  |TAMS 0x0000000755a00000, 0x0000000755a00000| Untracked 
| 174|0x0000000755c00000, 0x0000000755c00000, 0x0000000755e00000|  0%| F|  |TAMS 0x0000000755c00000, 0x0000000755c00000| Untracked 
| 175|0x0000000755e00000, 0x0000000755e00000, 0x0000000756000000|  0%| F|  |TAMS 0x0000000755e00000, 0x0000000755e00000| Untracked 
| 176|0x0000000756000000, 0x0000000756000000, 0x0000000756200000|  0%| F|  |TAMS 0x0000000756000000, 0x0000000756000000| Untracked 
| 177|0x0000000756200000, 0x0000000756200000, 0x0000000756400000|  0%| F|  |TAMS 0x0000000756200000, 0x0000000756200000| Untracked 
| 178|0x0000000756400000, 0x0000000756400000, 0x0000000756600000|  0%| F|  |TAMS 0x0000000756400000, 0x0000000756400000| Untracked 
| 179|0x0000000756600000, 0x0000000756600000, 0x0000000756800000|  0%| F|  |TAMS 0x0000000756600000, 0x0000000756600000| Untracked 
| 180|0x0000000756800000, 0x0000000756800000, 0x0000000756a00000|  0%| F|  |TAMS 0x0000000756800000, 0x0000000756800000| Untracked 
| 181|0x0000000756a00000, 0x0000000756a00000, 0x0000000756c00000|  0%| F|  |TAMS 0x0000000756a00000, 0x0000000756a00000| Untracked 
| 182|0x0000000756c00000, 0x0000000756c00000, 0x0000000756e00000|  0%| F|  |TAMS 0x0000000756c00000, 0x0000000756c00000| Untracked 
| 183|0x0000000756e00000, 0x0000000756e00000, 0x0000000757000000|  0%| F|  |TAMS 0x0000000756e00000, 0x0000000756e00000| Untracked 
| 184|0x0000000757000000, 0x0000000757000000, 0x0000000757200000|  0%| F|  |TAMS 0x0000000757000000, 0x0000000757000000| Untracked 
| 185|0x0000000757200000, 0x0000000757200000, 0x0000000757400000|  0%| F|  |TAMS 0x0000000757200000, 0x0000000757200000| Untracked 
| 186|0x0000000757400000, 0x0000000757400000, 0x0000000757600000|  0%| F|  |TAMS 0x0000000757400000, 0x0000000757400000| Untracked 
| 187|0x0000000757600000, 0x0000000757600000, 0x0000000757800000|  0%| F|  |TAMS 0x0000000757600000, 0x0000000757600000| Untracked 
| 188|0x0000000757800000, 0x0000000757800000, 0x0000000757a00000|  0%| F|  |TAMS 0x0000000757800000, 0x0000000757800000| Untracked 
| 189|0x0000000757a00000, 0x0000000757a00000, 0x0000000757c00000|  0%| F|  |TAMS 0x0000000757a00000, 0x0000000757a00000| Untracked 
|1517|0x00000007fda00000, 0x00000007fdc00000, 0x00000007fdc00000|100%| O|  |TAMS 0x00000007fda00000, 0x00000007fdc00000| Untracked 
|1518|0x00000007fdc00000, 0x00000007fde00000, 0x00000007fde00000|100%| O|  |TAMS 0x00000007fdc00000, 0x00000007fde00000| Untracked 
|1519|0x00000007fde00000, 0x00000007fe000000, 0x00000007fe000000|100%| O|  |TAMS 0x00000007fde00000, 0x00000007fe000000| Untracked 
|1520|0x00000007fe000000, 0x00000007fe200000, 0x00000007fe200000|100%| O|  |TAMS 0x00000007fe000000, 0x00000007fe200000| Untracked 
|1521|0x00000007fe200000, 0x00000007fe400000, 0x00000007fe400000|100%| O|  |TAMS 0x00000007fe200000, 0x00000007fe400000| Untracked 
|1522|0x00000007fe400000, 0x00000007fe600000, 0x00000007fe600000|100%| O|  |TAMS 0x00000007fe400000, 0x00000007fe600000| Untracked 
|1523|0x00000007fe600000, 0x00000007fe800000, 0x00000007fe800000|100%| O|  |TAMS 0x00000007fe600000, 0x00000007fe800000| Untracked 
|1524|0x00000007fe800000, 0x00000007fea00000, 0x00000007fea00000|100%| O|  |TAMS 0x00000007fe800000, 0x00000007fea00000| Untracked 
|1525|0x00000007fea00000, 0x00000007fec00000, 0x00000007fec00000|100%| O|  |TAMS 0x00000007fea00000, 0x00000007fec00000| Untracked 
|1526|0x00000007fec00000, 0x00000007fee00000, 0x00000007fee00000|100%| O|  |TAMS 0x00000007fec00000, 0x00000007fee00000| Untracked 
|1527|0x00000007fee00000, 0x00000007ff000000, 0x00000007ff000000|100%| O|  |TAMS 0x00000007fee00000, 0x00000007ff000000| Untracked 
|1528|0x00000007ff000000, 0x00000007ff200000, 0x00000007ff200000|100%| O|  |TAMS 0x00000007ff000000, 0x00000007ff200000| Untracked 
|1529|0x00000007ff200000, 0x00000007ff400000, 0x00000007ff400000|100%| O|  |TAMS 0x00000007ff200000, 0x00000007ff400000| Untracked 
|1530|0x00000007ff400000, 0x00000007ff600000, 0x00000007ff600000|100%| O|  |TAMS 0x00000007ff400000, 0x00000007ff600000| Untracked 
|1531|0x00000007ff600000, 0x00000007ff800000, 0x00000007ff800000|100%| O|  |TAMS 0x00000007ff600000, 0x00000007ff800000| Untracked 
|1532|0x00000007ff800000, 0x00000007ffa00000, 0x00000007ffa00000|100%| O|  |TAMS 0x00000007ff800000, 0x00000007ffa00000| Untracked 
|1533|0x00000007ffa00000, 0x00000007ffc00000, 0x00000007ffc00000|100%| O|  |TAMS 0x00000007ffa00000, 0x00000007ffc00000| Untracked 
|1534|0x00000007ffc00000, 0x00000007ffe00000, 0x00000007ffe00000|100%| O|  |TAMS 0x00000007ffc00000, 0x00000007ffe00000| Untracked 
|1535|0x00000007ffe00000, 0x0000000800000000, 0x0000000800000000|100%| O|  |TAMS 0x00000007ffe00000, 0x0000000800000000| Untracked 

Card table byte_map: [0x00000224fc470000,0x00000224fca70000] _byte_map_base: 0x00000224f8a70000

Marking Bits (Prev, Next): (CMBitMap*) 0x00000224fbaa8340, (CMBitMap*) 0x00000224fbaa8300
 Prev Bits: [0x000002249a8e0000, 0x000002249d8e0000)
 Next Bits: [0x00000224978e0000, 0x000002249a8e0000)

Polling page: 0x00000224f9a50000

Metaspace:

Usage:
  Non-class:     51.83 MB used.
      Class:      7.87 MB used.
       Both:     59.70 MB used.

Virtual space:
  Non-class space:       56.00 MB reserved,      52.12 MB ( 93%) committed,  7 nodes.
      Class space:        1.00 GB reserved,       8.12 MB ( <1%) committed,  1 nodes.
              Both:        1.05 GB reserved,      60.25 MB (  6%) committed. 

Chunk freelists:
   Non-Class:  3.10 MB
       Class:  3.82 MB
        Both:  6.92 MB

MaxMetaspaceSize: 17179869184.00 GB
CompressedClassSpaceSize: 1.00 GB
 - commit_granule_bytes: 65536.
 - commit_granule_words: 8192.
 - virtual_space_node_default_size: 1048576.
 - enlarge_chunks_in_place: 1.
 - new_chunks_are_fully_committed: 0.
 - uncommit_free_chunks: 1.
 - use_allocation_guard: 0.
 - handle_deallocations: 1.


Internal statistics:

num_allocs_failed_limit: 6.
num_arena_births: 568.
num_arena_deaths: 0.
num_vsnodes_births: 8.
num_vsnodes_deaths: 0.
num_space_committed: 964.
num_space_uncommitted: 0.
num_chunks_returned_to_freelist: 6.
num_chunks_taken_from_freelist: 2732.
num_chunk_merges: 6.
num_chunk_splits: 1778.
num_chunks_enlarged: 1169.
num_purges: 0.

CodeHeap 'non-profiled nmethods': size=120000Kb used=3699Kb max_used=3699Kb free=116300Kb
 bounds [0x00000224903b0000, 0x0000022490750000, 0x00000224978e0000]
CodeHeap 'profiled nmethods': size=120000Kb used=15275Kb max_used=15275Kb free=104724Kb
 bounds [0x0000022488e80000, 0x0000022489d70000, 0x00000224903b0000]
CodeHeap 'non-nmethods': size=5760Kb used=2386Kb max_used=2441Kb free=3373Kb
 bounds [0x00000224888e0000, 0x0000022488b50000, 0x0000022488e80000]
 total_blobs=8126 nmethods=7222 adapters=814
 compilation: enabled
              stopped_count=0, restarted_count=0
 full_count=0

Compilation events (20 events):
Event: 25.754 Thread 0x00000224ffa53170 8199       2       net.minecraftforge.srgutils.MappingFile$$Lambda$1187/0x000000080142f490::accept (12 bytes)
Event: 25.754 Thread 0x00000224ffa53170 nmethod 8199 0x0000022489d60e10 code [0x0000022489d60fc0, 0x0000022489d61128]
Event: 25.754 Thread 0x00000224ffa53170 8200       2       net.minecraftforge.srgutils.MappingFile::lambda$reverse$19 (58 bytes)
Event: 25.755 Thread 0x00000224ffa53170 nmethod 8200 0x0000022489d61210 code [0x0000022489d61420, 0x0000022489d61788]
Event: 25.761 Thread 0x00000224ffa53170 8201       2       java.lang.invoke.DirectMethodHandle$Holder::invokeStatic (14 bytes)
Event: 25.762 Thread 0x00000224ffa53170 nmethod 8201 0x0000022489d61a10 code [0x0000022489d61bc0, 0x0000022489d61d18]
Event: 25.762 Thread 0x00000224ffa53170 8202       2       javax.management.ObjectName::setCanonicalName (251 bytes)
Event: 25.763 Thread 0x00000224ffa53170 nmethod 8202 0x0000022489d61e10 code [0x0000022489d62060, 0x0000022489d62c28]
Event: 25.829 Thread 0x00000224ffa53170 8209 %     3       net.minecraftforge.srgutils.MappingFile::remapDescriptor @ 16 (82 bytes)
Event: 25.831 Thread 0x00000224ffa53170 nmethod 8209% 0x0000022489d63190 code [0x0000022489d634a0, 0x0000022489d64258]
Event: 25.838 Thread 0x00000224ffa53170 8210 %     3       java.util.regex.Pattern$StartS::match @ 31 (138 bytes)
Event: 25.840 Thread 0x00000224ffa53170 nmethod 8210% 0x0000022489d64810 code [0x0000022489d64a60, 0x0000022489d65638]
Event: 25.840 Thread 0x00000224ffa53170 8211 %     3       java.util.regex.Matcher::quoteReplacement @ 32 (82 bytes)
Event: 25.842 Thread 0x00000224ffa53170 nmethod 8211% 0x0000022489d65990 code [0x0000022489d65cc0, 0x0000022489d66fa8]
Event: 25.842 Thread 0x00000224ffa53170 8212       3       net.minecraftforge.srgutils.MappingFile::remapDescriptor (82 bytes)
Event: 25.843 Thread 0x00000224ffa53170 nmethod 8212 0x0000022489d67690 code [0x0000022489d67980, 0x0000022489d68678]
Event: 25.847 Thread 0x00000224ffa53170 8213       3       java.util.regex.Pattern$StartS::match (138 bytes)
Event: 25.848 Thread 0x00000224ffa53170 nmethod 8213 0x0000022489d68b90 code [0x0000022489d68de0, 0x0000022489d69918]
Event: 25.853 Thread 0x00000224ffa53170 8215       3       java.util.regex.Matcher::quoteReplacement (82 bytes)
Event: 25.855 Thread 0x00000224ffa53170 nmethod 8215 0x0000022489d69c10 code [0x0000022489d69f40, 0x0000022489d6b168]

GC Heap History (20 events):
Event: 21.330 GC heap after
{Heap after GC invocations=27 (full 0):
 garbage-first heap   total 120832K, used 49334K [0x0000000740000000, 0x0000000800000000)
  region size 2048K, 2 young (4096K), 2 survivors (4096K)
 Metaspace       used 57451K, committed 57984K, reserved 1105920K
  class space    used 7534K, committed 7808K, reserved 1048576K
}
Event: 21.338 GC heap before
{Heap before GC invocations=27 (full 0):
 garbage-first heap   total 120832K, used 55478K [0x0000000740000000, 0x0000000800000000)
  region size 2048K, 5 young (10240K), 2 survivors (4096K)
 Metaspace       used 57454K, committed 57984K, reserved 1105920K
  class space    used 7534K, committed 7808K, reserved 1048576K
}
Event: 21.343 GC heap after
{Heap after GC invocations=28 (full 0):
 garbage-first heap   total 120832K, used 49323K [0x0000000740000000, 0x0000000800000000)
  region size 2048K, 2 young (4096K), 2 survivors (4096K)
 Metaspace       used 57454K, committed 57984K, reserved 1105920K
  class space    used 7534K, committed 7808K, reserved 1048576K
}
Event: 21.387 GC heap before
{Heap before GC invocations=28 (full 0):
 garbage-first heap   total 120832K, used 73899K [0x0000000740000000, 0x0000000800000000)
  region size 2048K, 5 young (10240K), 2 survivors (4096K)
 Metaspace       used 57471K, committed 57984K, reserved 1105920K
  class space    used 7534K, committed 7808K, reserved 1048576K
}
Event: 21.393 GC heap after
{Heap after GC invocations=29 (full 0):
 garbage-first heap   total 241664K, used 49334K [0x0000000740000000, 0x0000000800000000)
  region size 2048K, 2 young (4096K), 2 survivors (4096K)
 Metaspace       used 57471K, committed 57984K, reserved 1105920K
  class space    used 7534K, committed 7808K, reserved 1048576K
}
Event: 21.681 GC heap before
{Heap before GC invocations=29 (full 0):
 garbage-first heap   total 241664K, used 116918K [0x0000000740000000, 0x0000000800000000)
  region size 2048K, 7 young (14336K), 2 survivors (4096K)
 Metaspace       used 57926K, committed 58496K, reserved 1105920K
  class space    used 7595K, committed 7872K, reserved 1048576K
}
Event: 21.686 GC heap after
{Heap after GC invocations=30 (full 0):
 garbage-first heap   total 241664K, used 49814K [0x0000000740000000, 0x0000000800000000)
  region size 2048K, 3 young (6144K), 3 survivors (6144K)
 Metaspace       used 57926K, committed 58496K, reserved 1105920K
  class space    used 7595K, committed 7872K, reserved 1048576K
}
Event: 21.930 GC heap before
{Heap before GC invocations=30 (full 0):
 garbage-first heap   total 241664K, used 117398K [0x0000000740000000, 0x0000000800000000)
  region size 2048K, 7 young (14336K), 3 survivors (6144K)
 Metaspace       used 58087K, committed 58624K, reserved 1105920K
  class space    used 7596K, committed 7872K, reserved 1048576K
}
Event: 21.936 GC heap after
{Heap after GC invocations=31 (full 0):
 garbage-first heap   total 241664K, used 49768K [0x0000000740000000, 0x0000000800000000)
  region size 2048K, 3 young (6144K), 3 survivors (6144K)
 Metaspace       used 58087K, committed 58624K, reserved 1105920K
  class space    used 7596K, committed 7872K, reserved 1048576K
}
Event: 23.749 GC heap before
{Heap before GC invocations=31 (full 0):
 garbage-first heap   total 241664K, used 236136K [0x0000000740000000, 0x0000000800000000)
  region size 2048K, 66 young (135168K), 3 survivors (6144K)
 Metaspace       used 60975K, committed 61504K, reserved 1105920K
  class space    used 8039K, committed 8320K, reserved 1048576K
}
Event: 23.821 GC heap after
{Heap after GC invocations=32 (full 0):
 garbage-first heap   total 299008K, used 101500K [0x0000000740000000, 0x0000000800000000)
  region size 2048K, 9 young (18432K), 9 survivors (18432K)
 Metaspace       used 60975K, committed 61504K, reserved 1105920K
  class space    used 8039K, committed 8320K, reserved 1048576K
}
Event: 24.418 GC heap before
{Heap before GC invocations=32 (full 0):
 garbage-first heap   total 299008K, used 171132K [0x0000000740000000, 0x0000000800000000)
  region size 2048K, 43 young (88064K), 9 survivors (18432K)
 Metaspace       used 61092K, committed 61632K, reserved 1105920K
  class space    used 8054K, committed 8320K, reserved 1048576K
}
Event: 24.479 GC heap after
{Heap after GC invocations=33 (full 0):
 garbage-first heap   total 428032K, used 138229K [0x0000000740000000, 0x0000000800000000)
  region size 2048K, 6 young (12288K), 6 survivors (12288K)
 Metaspace       used 61092K, committed 61632K, reserved 1105920K
  class space    used 8054K, committed 8320K, reserved 1048576K
}
Event: 25.119 GC heap before
{Heap before GC invocations=33 (full 0):
 garbage-first heap   total 428032K, used 240629K [0x0000000740000000, 0x0000000800000000)
  region size 2048K, 56 young (114688K), 6 survivors (12288K)
 Metaspace       used 61097K, committed 61632K, reserved 1105920K
  class space    used 8054K, committed 8320K, reserved 1048576K
}
Event: 25.176 GC heap after
{Heap after GC invocations=34 (full 0):
 garbage-first heap   total 428032K, used 176920K [0x0000000740000000, 0x0000000800000000)
  region size 2048K, 7 young (14336K), 7 survivors (14336K)
 Metaspace       used 61097K, committed 61632K, reserved 1105920K
  class space    used 8054K, committed 8320K, reserved 1048576K
}
Event: 25.396 GC heap before
{Heap before GC invocations=34 (full 0):
 garbage-first heap   total 428032K, used 262936K [0x0000000740000000, 0x0000000800000000)
  region size 2048K, 49 young (100352K), 7 survivors (14336K)
 Metaspace       used 61101K, committed 61632K, reserved 1105920K
  class space    used 8054K, committed 8320K, reserved 1048576K
}
Event: 25.427 GC heap after
{Heap after GC invocations=35 (full 0):
 garbage-first heap   total 428032K, used 195573K [0x0000000740000000, 0x0000000800000000)
  region size 2048K, 7 young (14336K), 7 survivors (14336K)
 Metaspace       used 61101K, committed 61632K, reserved 1105920K
  class space    used 8054K, committed 8320K, reserved 1048576K
}
Event: 25.614 GC heap before
{Heap before GC invocations=35 (full 0):
 garbage-first heap   total 428032K, used 285685K [0x0000000740000000, 0x0000000800000000)
  region size 2048K, 51 young (104448K), 7 survivors (14336K)
 Metaspace       used 61101K, committed 61632K, reserved 1105920K
  class space    used 8054K, committed 8320K, reserved 1048576K
}
Event: 25.639 GC heap after
{Heap after GC invocations=36 (full 0):
 garbage-first heap   total 428032K, used 217167K [0x0000000740000000, 0x0000000800000000)
  region size 2048K, 7 young (14336K), 7 survivors (14336K)
 Metaspace       used 61101K, committed 61632K, reserved 1105920K
  class space    used 8054K, committed 8320K, reserved 1048576K
}
Event: 26.084 GC heap before
{Heap before GC invocations=36 (full 0):
 garbage-first heap   total 428032K, used 301135K [0x0000000740000000, 0x0000000800000000)
  region size 2048K, 48 young (98304K), 7 survivors (14336K)
 Metaspace       used 61131K, committed 61696K, reserved 1105920K
  class space    used 8057K, committed 8320K, reserved 1048576K
}

Deoptimization events (20 events):
Event: 25.956 Thread 0x00000224a055e000 DEOPT PACKING pc=0x0000022489d558f2 sp=0x00000035b6efa030
Event: 25.956 Thread 0x00000224a055e000 DEOPT UNPACKING pc=0x000002248892dece sp=0x00000035b6ef94d0 mode 0
Event: 25.971 Thread 0x00000224a055e000 DEOPT PACKING pc=0x0000022489d558f2 sp=0x00000035b6efa030
Event: 25.971 Thread 0x00000224a055e000 DEOPT UNPACKING pc=0x000002248892dece sp=0x00000035b6ef94d0 mode 0
Event: 25.989 Thread 0x00000224a055e000 DEOPT PACKING pc=0x0000022489d558f2 sp=0x00000035b6efa030
Event: 25.989 Thread 0x00000224a055e000 DEOPT UNPACKING pc=0x000002248892dece sp=0x00000035b6ef94d0 mode 0
Event: 26.004 Thread 0x00000224a055e000 DEOPT PACKING pc=0x0000022489d55913 sp=0x00000035b6efa030
Event: 26.004 Thread 0x00000224a055e000 DEOPT UNPACKING pc=0x000002248892dece sp=0x00000035b6ef94c8 mode 0
Event: 26.016 Thread 0x00000224a055e000 DEOPT PACKING pc=0x0000022489d55913 sp=0x00000035b6efa030
Event: 26.016 Thread 0x00000224a055e000 DEOPT UNPACKING pc=0x000002248892dece sp=0x00000035b6ef94c8 mode 0
Event: 26.031 Thread 0x00000224a055e000 DEOPT PACKING pc=0x0000022489d55913 sp=0x00000035b6efa030
Event: 26.031 Thread 0x00000224a055e000 DEOPT UNPACKING pc=0x000002248892dece sp=0x00000035b6ef94c8 mode 0
Event: 26.047 Thread 0x00000224a055e000 DEOPT PACKING pc=0x0000022489d55913 sp=0x00000035b6efa030
Event: 26.047 Thread 0x00000224a055e000 DEOPT UNPACKING pc=0x000002248892dece sp=0x00000035b6ef94c8 mode 0
Event: 26.057 Thread 0x00000224a055e000 DEOPT PACKING pc=0x0000022489d55913 sp=0x00000035b6efa030
Event: 26.057 Thread 0x00000224a055e000 DEOPT UNPACKING pc=0x000002248892dece sp=0x00000035b6ef94c8 mode 0
Event: 26.071 Thread 0x00000224a055e000 DEOPT PACKING pc=0x0000022489d55913 sp=0x00000035b6efa030
Event: 26.071 Thread 0x00000224a055e000 DEOPT UNPACKING pc=0x000002248892dece sp=0x00000035b6ef94c8 mode 0
Event: 26.081 Thread 0x00000224a055e000 DEOPT PACKING pc=0x0000022489d558f2 sp=0x00000035b6efa030
Event: 26.081 Thread 0x00000224a055e000 DEOPT UNPACKING pc=0x000002248892dece sp=0x00000035b6ef94d0 mode 0

Classes unloaded (0 events):
No events

Classes redefined (0 events):
No events

Internal exceptions (20 events):
Event: 19.556 Thread 0x00000224a40fb460 Exception <a 'java/lang/NoSuchMethodError'{0x00000007454135b0}: 'java.lang.Object java.lang.invoke.DirectMethodHandle$Holder.invokeStatic(java.lang.Object, java.lang.Object, long, java.lang.Object)'> (0x00000007454135b0) 
thrown [e:\jenkins\tmp\workspace\build\src\src\hotspot\share\interpreter\linkResolver.cpp, line 790]
Event: 19.556 Thread 0x00000224a40fb460 Exception <a 'java/lang/NoSuchMethodError'{0x0000000745417250}: 'java.lang.Object java.lang.invoke.DirectMethodHandle$Holder.invokeStaticInit(java.lang.Object, java.lang.Object, long, java.lang.Object)'> (0x0000000745417250) 
thrown [e:\jenkins\tmp\workspace\build\src\src\hotspot\share\interpreter\linkResolver.cpp, line 790]
Event: 19.558 Thread 0x00000224a40fb460 Exception <a 'java/lang/NoSuchMethodError'{0x000000074541dbb0}: 'java.lang.Object java.lang.invoke.DirectMethodHandle$Holder.newInvokeSpecial(java.lang.Object, java.lang.Object, long)'> (0x000000074541dbb0) 
thrown [e:\jenkins\tmp\workspace\build\src\src\hotspot\share\interpreter\linkResolver.cpp, line 790]
Event: 19.562 Thread 0x00000224a40fb460 Exception <a 'java/lang/NoSuchMethodError'{0x0000000745421b80}: 'java.lang.Object java.lang.invoke.Invokers$Holder.linkToTargetMethod(java.lang.Object, long, java.lang.Object)'> (0x0000000745421b80) 
thrown [e:\jenkins\tmp\workspace\build\src\src\hotspot\share\interpreter\linkResolver.cpp, line 790]
Event: 19.842 Thread 0x00000224a40fb460 Exception <a 'java/io/IOException'{0x000000074543f588}: CreateProcess error=2, Het systeem kan het opgegeven bestand niet vinden> (0x000000074543f588) 
thrown [e:\jenkins\tmp\workspace\build\src\src\hotspot\share\prims\jni.cpp, line 600]
Event: 21.439 Thread 0x000002249f9ac650 Exception <a 'java/lang/ClassNotFoundException'{0x000000074e8fd040}: net/minecraftforge/gradle/userdev/tasks/RenameJarInPlace_DecoratedBeanInfo> (0x000000074e8fd040) 
thrown [e:\jenkins\tmp\workspace\build\src\src\hotspot\share\classfile\systemDictionary.cpp, line 256]
Event: 21.440 Thread 0x000002249f9ac650 Exception <a 'java/lang/ClassNotFoundException'{0x000000074e907e38}: net/minecraftforge/gradle/userdev/tasks/RenameJarInPlaceBeanInfo> (0x000000074e907e38) 
thrown [e:\jenkins\tmp\workspace\build\src\src\hotspot\share\classfile\systemDictionary.cpp, line 256]
Event: 21.441 Thread 0x000002249f9ac650 Exception <a 'java/lang/ClassNotFoundException'{0x000000074e912b58}: net/minecraftforge/gradle/common/tasks/JarExecBeanInfo> (0x000000074e912b58) 
thrown [e:\jenkins\tmp\workspace\build\src\src\hotspot\share\classfile\systemDictionary.cpp, line 256]
Event: 21.442 Thread 0x000002249f9ac650 Exception <a 'java/lang/ClassNotFoundException'{0x000000074e91d868}: net/minecraftforge/gradle/common/tasks/JarExecCustomizer> (0x000000074e91d868) 
thrown [e:\jenkins\tmp\workspace\build\src\src\hotspot\share\classfile\systemDictionary.cpp, line 256]
Event: 21.444 Thread 0x000002249f9ac650 Exception <a 'java/lang/ClassNotFoundException'{0x000000074e946ce0}: net/minecraftforge/gradle/userdev/tasks/RenameJarInPlaceCustomizer> (0x000000074e946ce0) 
thrown [e:\jenkins\tmp\workspace\build\src\src\hotspot\share\classfile\systemDictionary.cpp, line 256]
Event: 21.445 Thread 0x000002249f9ac650 Exception <a 'java/lang/ClassNotFoundException'{0x000000074e968018}: net/minecraftforge/gradle/userdev/tasks/RenameJarInPlace_DecoratedCustomizer> (0x000000074e968018) 
thrown [e:\jenkins\tmp\workspace\build\src\src\hotspot\share\classfile\systemDictionary.cpp, line 256]
Event: 21.464 Thread 0x000002249f9ac650 Exception <a 'java/lang/NoSuchMethodError'{0x000000074e63fb60}: 'void java.lang.invoke.DirectMethodHandle$Holder.invokeVirtual(java.lang.Object, java.lang.Object)'> (0x000000074e63fb60) 
thrown [e:\jenkins\tmp\workspace\build\src\src\hotspot\share\interpreter\linkResolver.cpp, line 790]
Event: 21.467 Thread 0x000002249f9ac650 Exception <a 'java/lang/NoSuchMethodError'{0x000000074e653888}: 'void java.lang.invoke.DirectMethodHandle$Holder.invokeStatic(java.lang.Object, java.lang.Object, java.lang.Object, java.lang.Object, java.lang.Object, java.lang.Object, java.lang.Object)'> (0x000000074e653888) 
thrown [e:\jenkins\tmp\workspace\build\src\src\hotspot\share\interpreter\linkResolver.cpp, line 790]
Event: 22.906 Thread 0x00000224a055e000 Exception <a 'java/lang/IncompatibleClassChangeError'{0x000000074b94d000}: Found class java.lang.Object, but interface was expected> (0x000000074b94d000) 
thrown [e:\jenkins\tmp\workspace\build\src\src\hotspot\share\interpreter\linkResolver.cpp, line 857]
Event: 22.945 Thread 0x00000224a055e000 Exception <a 'java/lang/IncompatibleClassChangeError'{0x000000074b60ffb8}: Found class java.lang.Object, but interface was expected> (0x000000074b60ffb8) 
thrown [e:\jenkins\tmp\workspace\build\src\src\hotspot\share\interpreter\linkResolver.cpp, line 857]
Event: 23.068 Thread 0x00000224a055e000 Exception <a 'sun/nio/fs/WindowsException'{0x000000074b7a9eb0}> (0x000000074b7a9eb0) 
thrown [e:\jenkins\tmp\workspace\build\src\src\hotspot\share\prims\jni.cpp, line 579]
Event: 23.119 Thread 0x00000224a055e000 Implicit null exception at 0x00000224904af081 to 0x00000224904af408
Event: 23.198 Thread 0x00000224a055e000 Exception <a 'java/lang/NoSuchMethodError'{0x000000074b5c4898}: 'void java.lang.invoke.DirectMethodHandle$Holder.invokeInterface(java.lang.Object, java.lang.Object, java.lang.Object, java.lang.Object)'> (0x000000074b5c4898) 
thrown [e:\jenkins\tmp\workspace\build\src\src\hotspot\share\interpreter\linkResolver.cpp, line 790]
Event: 24.182 Thread 0x00000224a055e000 Exception <a 'java/lang/NoSuchMethodError'{0x000000074c116ae8}: 'java.lang.Object java.lang.invoke.DirectMethodHandle$Holder.newInvokeSpecial(java.lang.Object, java.lang.Object, int, int)'> (0x000000074c116ae8) 
thrown [e:\jenkins\tmp\workspace\build\src\src\hotspot\share\interpreter\linkResolver.cpp, line 790]
Event: 24.192 Thread 0x00000224a055e000 Exception <a 'java/lang/NoSuchMethodError'{0x000000074c1321e0}: 'void java.lang.invoke.DirectMethodHandle$Holder.invokeStatic(java.lang.Object, java.lang.Object, int, int, java.lang.Object)'> (0x000000074c1321e0) 
thrown [e:\jenkins\tmp\workspace\build\src\src\hotspot\share\interpreter\linkResolver.cpp, line 790]

Events (20 events):
Event: 22.954 loading class java/io/ObjectStreamClass$ClassDataSlot
Event: 22.955 loading class java/io/ObjectStreamClass$ClassDataSlot done
Event: 23.056 loading class java/nio/file/StandardCopyOption
Event: 23.057 loading class java/nio/file/StandardCopyOption done
Event: 23.067 loading class sun/nio/fs/WindowsFileCopy
Event: 23.067 loading class sun/nio/fs/WindowsFileCopy done
Event: 23.268 loading class java/io/BufferedReader$1
Event: 23.269 loading class java/io/BufferedReader$1 done
Event: 23.749 Executing  VM operation: G1CollectForAllocation
Event: 23.822 Executing  VM operation: G1CollectForAllocation done
Event: 24.417 Executing  VM operation: G1CollectForAllocation
Event: 24.479 Executing  VM operation: G1CollectForAllocation done
Event: 25.119 Executing  VM operation: G1CollectForAllocation
Event: 25.176 Executing  VM operation: G1CollectForAllocation done
Event: 25.396 Executing  VM operation: G1CollectForAllocation
Event: 25.427 Executing  VM operation: G1CollectForAllocation done
Event: 25.614 Executing  VM operation: G1CollectForAllocation
Event: 25.639 Executing  VM operation: G1CollectForAllocation done
Event: 25.895 Thread 0x00000224a40fa470 Thread exited: 0x00000224a40fa470
Event: 26.083 Executing  VM operation: G1CollectForAllocation


Dynamic libraries:
0x00007ff755aa0000 - 0x00007ff755aae000 	C:\Program Files\Eclipse Foundation\jdk-16.0.2.7-hotspot\bin\java.exe
0x00007ffc951e0000 - 0x00007ffc953e9000 	C:\WINDOWS\SYSTEM32\ntdll.dll
0x00007ffc93160000 - 0x00007ffc9321d000 	C:\WINDOWS\System32\KERNEL32.DLL
0x00007ffc927e0000 - 0x00007ffc92b5d000 	C:\WINDOWS\System32\KERNELBASE.dll
0x00007ffc92da0000 - 0x00007ffc92eb1000 	C:\WINDOWS\System32\ucrtbase.dll
0x00007ffc61720000 - 0x00007ffc61738000 	C:\Program Files\Eclipse Foundation\jdk-16.0.2.7-hotspot\bin\jli.dll
0x00007ffc618c0000 - 0x00007ffc618d9000 	C:\Program Files\Eclipse Foundation\jdk-16.0.2.7-hotspot\bin\VCRUNTIME140.dll
0x00007ffc94d30000 - 0x00007ffc94edd000 	C:\WINDOWS\System32\USER32.dll
0x00007ffc7c1b0000 - 0x00007ffc7c455000 	C:\WINDOWS\WinSxS\amd64_microsoft.windows.common-controls_6595b64144ccf1df_6.0.22000.120_none_9d947278b86cc467\COMCTL32.dll
0x00007ffc94530000 - 0x00007ffc945d3000 	C:\WINDOWS\System32\msvcrt.dll
0x00007ffc92b60000 - 0x00007ffc92b86000 	C:\WINDOWS\System32\win32u.dll
0x00007ffc94d00000 - 0x00007ffc94d29000 	C:\WINDOWS\System32\GDI32.dll
0x00007ffc926c0000 - 0x00007ffc927d8000 	C:\WINDOWS\System32\gdi32full.dll
0x00007ffc92b90000 - 0x00007ffc92c2d000 	C:\WINDOWS\System32\msvcp_win.dll
0x00007ffc944f0000 - 0x00007ffc94521000 	C:\WINDOWS\System32\IMM32.DLL
0x00007ffc7b030000 - 0x00007ffc7b03c000 	C:\Program Files\Eclipse Foundation\jdk-16.0.2.7-hotspot\bin\vcruntime140_1.dll
0x00007ffc3f1d0000 - 0x00007ffc3f261000 	C:\Program Files\Eclipse Foundation\jdk-16.0.2.7-hotspot\bin\msvcp140.dll
0x00007ffbbedd0000 - 0x00007ffbbfa07000 	C:\Program Files\Eclipse Foundation\jdk-16.0.2.7-hotspot\bin\server\jvm.dll
0x00007ffc95000000 - 0x00007ffc950ae000 	C:\WINDOWS\System32\ADVAPI32.dll
0x00007ffc94360000 - 0x00007ffc943fe000 	C:\WINDOWS\System32\sechost.dll
0x00007ffc94240000 - 0x00007ffc94360000 	C:\WINDOWS\System32\RPCRT4.dll
0x00007ffc933c0000 - 0x00007ffc933c8000 	C:\WINDOWS\System32\PSAPI.DLL
0x00007ffc8b290000 - 0x00007ffc8b2c3000 	C:\WINDOWS\SYSTEM32\WINMM.dll
0x00007ffc7e820000 - 0x00007ffc7e829000 	C:\WINDOWS\SYSTEM32\WSOCK32.dll
0x00007ffc89d20000 - 0x00007ffc89d2a000 	C:\WINDOWS\SYSTEM32\VERSION.dll
0x00007ffc93a10000 - 0x00007ffc93a7f000 	C:\WINDOWS\System32\WS2_32.dll
0x00007ffc91830000 - 0x00007ffc91848000 	C:\WINDOWS\SYSTEM32\kernel.appcore.dll
0x00007ffc6ce10000 - 0x00007ffc6ce1a000 	C:\Program Files\Eclipse Foundation\jdk-16.0.2.7-hotspot\bin\jimage.dll
0x00007ffc90240000 - 0x00007ffc90461000 	C:\WINDOWS\SYSTEM32\DBGHELP.DLL
0x00007ffc77fe0000 - 0x00007ffc78011000 	C:\WINDOWS\SYSTEM32\dbgcore.DLL
0x00007ffc92ec0000 - 0x00007ffc92f3f000 	C:\WINDOWS\System32\bcryptPrimitives.dll
0x00007ffc60070000 - 0x00007ffc60095000 	C:\Program Files\Eclipse Foundation\jdk-16.0.2.7-hotspot\bin\java.dll
0x00007ffc93a80000 - 0x00007ffc94238000 	C:\WINDOWS\System32\SHELL32.dll
0x00007ffc907f0000 - 0x00007ffc91058000 	C:\WINDOWS\SYSTEM32\windows.storage.dll
0x00007ffc933d0000 - 0x00007ffc93749000 	C:\WINDOWS\System32\combase.dll
0x00007ffc90680000 - 0x00007ffc907e6000 	C:\WINDOWS\SYSTEM32\wintypes.dll
0x00007ffc94c10000 - 0x00007ffc94cfa000 	C:\WINDOWS\System32\SHCORE.dll
0x00007ffc93080000 - 0x00007ffc930dd000 	C:\WINDOWS\System32\shlwapi.dll
0x00007ffc925f0000 - 0x00007ffc92611000 	C:\WINDOWS\SYSTEM32\profapi.dll
0x00007ffc58650000 - 0x00007ffc58669000 	C:\Program Files\Eclipse Foundation\jdk-16.0.2.7-hotspot\bin\net.dll
0x00007ffc8cc70000 - 0x00007ffc8cd7c000 	C:\WINDOWS\SYSTEM32\WINHTTP.dll
0x00007ffc91c60000 - 0x00007ffc91cc7000 	C:\WINDOWS\system32\mswsock.dll
0x00007ffc4b5e0000 - 0x00007ffc4b5f3000 	C:\Program Files\Eclipse Foundation\jdk-16.0.2.7-hotspot\bin\nio.dll
0x00007ffc4b5c0000 - 0x00007ffc4b5d8000 	C:\Program Files\Eclipse Foundation\jdk-16.0.2.7-hotspot\bin\zip.dll
0x00007ffc6cda0000 - 0x00007ffc6cdb0000 	C:\Program Files\Eclipse Foundation\jdk-16.0.2.7-hotspot\bin\verify.dll
0x00007ffc7e840000 - 0x00007ffc7e867000 	C:\Users\jaspe\.gradle\native\e1d6ef7f7dcc3fd88c89a11ec53ec762bb8ba0a96d01ffa2cd45eb1d1d8dd5c5\windows-amd64\native-platform.dll
0x00007ffc067a0000 - 0x00007ffc068e4000 	C:\Users\jaspe\.gradle\native\0d407fdbe67a94daf76414ababcb853783967236a71b16ec16e742cd7a986fd3\windows-amd64\native-platform-file-events.dll
0x00007ffc6a5d0000 - 0x00007ffc6a5d9000 	C:\Program Files\Eclipse Foundation\jdk-16.0.2.7-hotspot\bin\management.dll
0x00007ffc691a0000 - 0x00007ffc691ab000 	C:\Program Files\Eclipse Foundation\jdk-16.0.2.7-hotspot\bin\management_ext.dll
0x00007ffc91eb0000 - 0x00007ffc91ec8000 	C:\WINDOWS\SYSTEM32\CRYPTSP.dll
0x00007ffc91720000 - 0x00007ffc91755000 	C:\WINDOWS\system32\rsaenh.dll
0x00007ffc91d50000 - 0x00007ffc91d79000 	C:\WINDOWS\SYSTEM32\USERENV.dll
0x00007ffc920a0000 - 0x00007ffc920c7000 	C:\WINDOWS\SYSTEM32\bcrypt.dll
0x00007ffc91ed0000 - 0x00007ffc91edc000 	C:\WINDOWS\SYSTEM32\CRYPTBASE.dll
0x00007ffc912f0000 - 0x00007ffc9131d000 	C:\WINDOWS\SYSTEM32\IPHLPAPI.DLL
0x00007ffc94400000 - 0x00007ffc94409000 	C:\WINDOWS\System32\NSI.dll
0x00007ffc8ce50000 - 0x00007ffc8ce69000 	C:\WINDOWS\SYSTEM32\dhcpcsvc6.DLL
0x00007ffc8d040000 - 0x00007ffc8d05e000 	C:\WINDOWS\SYSTEM32\dhcpcsvc.DLL
0x00007ffc91370000 - 0x00007ffc91458000 	C:\WINDOWS\SYSTEM32\DNSAPI.dll
0x00007ffc69100000 - 0x00007ffc6910e000 	C:\Program Files\Eclipse Foundation\jdk-16.0.2.7-hotspot\bin\sunmscapi.dll
0x00007ffc92c30000 - 0x00007ffc92d92000 	C:\WINDOWS\System32\CRYPT32.dll
0x00007ffc92070000 - 0x00007ffc92098000 	C:\WINDOWS\SYSTEM32\ncrypt.dll
0x00007ffc92030000 - 0x00007ffc92067000 	C:\WINDOWS\SYSTEM32\NTASN1.dll
0x00007ffc77f50000 - 0x00007ffc77f58000 	C:\WINDOWS\system32\wshunix.dll
0x00007ffc7e9a0000 - 0x00007ffc7e9aa000 	C:\Windows\System32\rasadhlp.dll
0x00007ffc8a0f0000 - 0x00007ffc8a171000 	C:\WINDOWS\System32\fwpuclnt.dll
0x00007ffc91460000 - 0x00007ffc91494000 	C:\WINDOWS\SYSTEM32\ntmarta.dll

dbghelp: loaded successfully - version: 4.0.5 - missing functions: none
symbol engine: initialized successfully - sym options: 0x614 - pdb path: .;C:\Program Files\Eclipse Foundation\jdk-16.0.2.7-hotspot\bin;C:\WINDOWS\SYSTEM32;C:\WINDOWS\WinSxS\amd64_microsoft.windows.common-controls_6595b64144ccf1df_6.0.22000.120_none_9d947278b86cc467;C:\Program Files\Eclipse Foundation\jdk-16.0.2.7-hotspot\bin\server;C:\Users\jaspe\.gradle\native\e1d6ef7f7dcc3fd88c89a11ec53ec762bb8ba0a96d01ffa2cd45eb1d1d8dd5c5\windows-amd64;C:\Users\jaspe\.gradle\native\0d407fdbe67a94daf76414ababcb853783967236a71b16ec16e742cd7a986fd3\windows-amd64

VM Arguments:
jvm_args: --add-opens=java.base/java.util=ALL-UNNAMED --add-opens=java.base/java.lang=ALL-UNNAMED --add-opens=java.base/java.lang.invoke=ALL-UNNAMED --add-opens=java.base/java.util=ALL-UNNAMED --add-opens=java.prefs/java.util.prefs=ALL-UNNAMED --add-opens=java.prefs/java.util.prefs=ALL-UNNAMED --add-opens=java.base/java.nio.charset=ALL-UNNAMED --add-opens=java.base/java.net=ALL-UNNAMED --add-opens=java.base/java.util.concurrent.atomic=ALL-UNNAMED -Xmx3G -Dfile.encoding=windows-1252 -Duser.country=NL -Duser.language=nl -Duser.variant 
java_command: org.gradle.launcher.daemon.bootstrap.GradleDaemon 7.4
java_class_path (initial): C:\Users\jaspe\.gradle\wrapper\dists\gradle-7.4-bin\c0gwcg53nkjbqw7r0h0umtfvt\gradle-7.4\lib\gradle-launcher-7.4.jar
Launcher Type: SUN_STANDARD

[Global flags]
     intx CICompilerCount                          = 4                                         {product} {ergonomic}
     uint ConcGCThreads                            = 2                                         {product} {ergonomic}
     uint G1ConcRefinementThreads                  = 8                                         {product} {ergonomic}
   size_t G1HeapRegionSize                         = 2097152                                   {product} {ergonomic}
    uintx GCDrainStackTargetSize                   = 64                                        {product} {ergonomic}
   size_t InitialHeapSize                          = 100663296                                 {product} {ergonomic}
   size_t MarkStackSize                            = 4194304                                   {product} {ergonomic}
   size_t MaxHeapSize                              = 3221225472                                {product} {command line}
   size_t MaxNewSize                               = 1931476992                                {product} {ergonomic}
   size_t MinHeapDeltaBytes                        = 2097152                                   {product} {ergonomic}
   size_t MinHeapSize                              = 8388608                                   {product} {ergonomic}
    uintx NonNMethodCodeHeapSize                   = 5839372                                {pd product} {ergonomic}
    uintx NonProfiledCodeHeapSize                  = 122909434                              {pd product} {ergonomic}
    uintx ProfiledCodeHeapSize                     = 122909434                              {pd product} {ergonomic}
    uintx ReservedCodeCacheSize                    = 251658240                              {pd product} {ergonomic}
     bool SegmentedCodeCache                       = true                                      {product} {ergonomic}
   size_t SoftMaxHeapSize                          = 3221225472                             {manageable} {ergonomic}
     bool UseCompressedClassPointers               = true                           {product lp64_product} {ergonomic}
     bool UseCompressedOops                        = true                           {product lp64_product} {ergonomic}
     bool UseG1GC                                  = true                                      {product} {ergonomic}
     bool UseLargePagesIndividualAllocation        = false                                  {pd product} {ergonomic}

Logging:
Log output configuration:
 #0: stdout all=warning uptime,level,tags
 #1: stderr all=off uptime,level,tags

Environment Variables:
CLASSPATH=C:\Users\jaspe\IdeaProjects\forge 1.18.2\\gradle\wrapper\gradle-wrapper.jar
PATH=C:\Program Files\Eclipse Foundation\jdk-16.0.2.7-hotspot\bin;C:\Program Files\Common Files\Oracle\Java\javapath;C:\Program Files (x86)\Common Files\Oracle\Java\javapath;C:\WINDOWS\system32;C:\WINDOWS;C:\WINDOWS\System32\Wbem;C:\WINDOWS\System32\WindowsPowerShell\v1.0\;C:\WINDOWS\System32\OpenSSH\;C:\Program Files (x86)\dotnet\;C:\Program Files\Git\cmd;C:\Users\jaspe\AppData\Local\Microsoft\WindowsApps;
USERNAME=jaspe
OS=Windows_NT
PROCESSOR_IDENTIFIER=AMD64 Family 23 Model 24 Stepping 1, AuthenticAMD



---------------  S Y S T E M  ---------------

OS:
 Windows 10 , 64 bit Build 22000 (10.0.22000.708)
OS uptime: 2 days 19:34 hours

CPU: total 8 (initial active 8) (8 cores per cpu, 2 threads per core) family 23 model 24 stepping 1 microcode 0x0, cx8, cmov, fxsr, ht, mmx, 3dnowpref, sse, sse2, sse3, ssse3, sse4a, sse4.1, sse4.2, popcnt, lzcnt, tsc, tscinvbit, avx, avx2, aes, clmul, bmi1, bmi2, adx, sha, fma, vzeroupper, clflush, clflushopt

Memory: 4k page, system-wide physical 6020M (275M free)
TotalPageFile size 24452M (AvailPageFile size 412M)
current process WorkingSet (physical memory assigned to process): 628M, peak: 628M
current process commit charge ("private bytes"): 724M, peak: 1142M

vm_info: OpenJDK 64-Bit Server VM (16.0.2+7) for windows-amd64 JRE (16.0.2+7), built on Jul 22 2021 15:19:09 by "" with MS VC++ 16.7 (VS2019)

END.
