#
# There is insufficient memory for the Java Runtime Environment to continue.
# Native memory allocation (mmap) failed to map 341835776 bytes for G1 virtual space
# Possible reasons:
#   The system is out of physical RAM or swap space
#   The process is running with CompressedOops enabled, and the Java Heap may be blocking the growth of the native heap
# Possible solutions:
#   Reduce memory load on the system
#   Increase physical memory or swap space
#   Check if swap backing store is full
#   Decrease Java heap size (-Xmx/-Xms)
#   Decrease number of Java threads
#   Decrease Java thread stack sizes (-Xss)
#   Set larger code cache with -XX:ReservedCodeCacheSize=
#   JVM is running with Zero Based Compressed Oops mode in which the Java heap is
#     placed in the first 32GB address space. The Java Heap base address is the
#     maximum limit for the native heap growth. Please use -XX:HeapBaseMinAddress
#     to set the Java Heap base and to place the Java Heap above 32GB virtual address.
# This output file may be truncated or incomplete.
#
#  Out of Memory Error (os_windows.cpp:3466), pid=54320, tid=22828
#
# JRE version: OpenJDK Runtime Environment Temurin-16.0.2+7 (16.0.2+7) (build 16.0.2+7)
# Java VM: OpenJDK 64-Bit Server VM Temurin-16.0.2+7 (16.0.2+7, mixed mode, sharing, tiered, compressed oops, compressed class ptrs, g1 gc, windows-amd64)
# No core dump will be written. Minidumps are not enabled by default on client versions of Windows
#

---------------  S U M M A R Y ------------

Command Line: --add-opens=java.base/java.util=ALL-UNNAMED --add-opens=java.base/java.lang=ALL-UNNAMED --add-opens=java.base/java.lang.invoke=ALL-UNNAMED --add-opens=java.base/java.util=ALL-UNNAMED --add-opens=java.prefs/java.util.prefs=ALL-UNNAMED --add-opens=java.prefs/java.util.prefs=ALL-UNNAMED --add-opens=java.base/java.nio.charset=ALL-UNNAMED --add-opens=java.base/java.net=ALL-UNNAMED --add-opens=java.base/java.util.concurrent.atomic=ALL-UNNAMED -Xmx3G -Dfile.encoding=windows-1252 -Duser.country=NL -Duser.language=nl -Duser.variant org.gradle.launcher.daemon.bootstrap.GradleDaemon 7.4

Host: AMD Ryzen 7 3700U with Radeon Vega Mobile Gfx  , 8 cores, 5G,  Windows 10 , 64 bit Build 22000 (10.0.22000.708)
Time: Fri Aug 26 10:32:12 2022 West-Europa (zomertijd) elapsed time: 37.202048 seconds (0d 0h 0m 37s)

---------------  T H R E A D  ---------------

Current thread (0x000001f2f833cc40):  VMThread "VM Thread" [stack: 0x000000a137600000,0x000000a137700000] [id=22828]

Stack: [0x000000a137600000,0x000000a137700000]
Native frames: (J=compiled Java code, j=interpreted, Vv=VM code, C=native code)
V  [jvm.dll+0x67918a]
V  [jvm.dll+0x82b819]
V  [jvm.dll+0x82cfce]
V  [jvm.dll+0x82d623]
V  [jvm.dll+0x24ec65]
V  [jvm.dll+0x675ed9]
V  [jvm.dll+0x66aaa5]
V  [jvm.dll+0x308ecb]
V  [jvm.dll+0x310046]
V  [jvm.dll+0x35ffde]
V  [jvm.dll+0x36020f]
V  [jvm.dll+0x2dfbb8]
V  [jvm.dll+0x2dd745]
V  [jvm.dll+0x2dcd7c]
V  [jvm.dll+0x3224f2]
V  [jvm.dll+0x831a5b]
V  [jvm.dll+0x8326a4]
V  [jvm.dll+0x832ba9]
V  [jvm.dll+0x832e64]
V  [jvm.dll+0x832f30]
V  [jvm.dll+0x7da77a]
V  [jvm.dll+0x677fb6]
C  [ucrtbase.dll+0x26c0c]
C  [KERNEL32.DLL+0x154e0]
C  [ntdll.dll+0x485b]

VM_Operation (0x000000a1407fa2c0): G1CollectForAllocation, mode: safepoint, requested by thread 0x000001f2f839c530


---------------  P R O C E S S  ---------------

Threads class SMR info:
_java_thread_list=0x000001f2fa80c350, length=143, elements={
0x000001f2d6a82570, 0x000001f2f8345130, 0x000001f2f8347c50, 0x000001f2f835d720,
0x000001f2f835e030, 0x000001f2f835e940, 0x000001f2f8360260, 0x000001f2f83663b0,
0x000001f2f8370d20, 0x000001f2f8385a90, 0x000001f2f909a310, 0x000001f2f90be890,
0x000001f2f93e2440, 0x000001f2f9ff67b0, 0x000001f2fa748030, 0x000001f2fa7dd470,
0x000001f2fa435270, 0x000001f2f91059f0, 0x000001f2f9811f20, 0x000001f2f9812f10,
0x000001f2f9812470, 0x000001f2f98139b0, 0x000001f2f9814450, 0x000001f2f9813f00,
0x000001f2f98129c0, 0x000001f2f9815440, 0x000001f2faab62d0, 0x000001f2faab8d50,
0x000001f2faab97f0, 0x000001f2faab7810, 0x000001f2faab6d70, 0x000001f2faaba7e0,
0x000001f2faabd7b0, 0x000001f2faab8800, 0x000001f2faaba290, 0x000001f2faab92a0,
0x000001f2faab82b0, 0x000001f2faabad30, 0x000001f2faabb280, 0x000001f2faabb7d0,
0x000001f2faab6820, 0x000001f2faabdd00, 0x000001f2faabbd20, 0x000001f2faabc270,
0x000001f2faabc7c0, 0x000001f2faabcd10, 0x000001f2fc0d0440, 0x000001f2fc0d3410,
0x000001f2fc0d1ed0, 0x000001f2fc0d63e0, 0x000001f2fc0d2420, 0x000001f2fc0d0990,
0x000001f2fc0d3960, 0x000001f2fc0d4400, 0x000001f2fc0d3eb0, 0x000001f2fc0d4950,
0x000001f2fc0d1430, 0x000001f2fc0cf9a0, 0x000001f2fc0d2970, 0x000001f2fc0d5940,
0x000001f2fc0d2ec0, 0x000001f2fc0d0ee0, 0x000001f2fc0d4ea0, 0x000001f2fc0d1980,
0x000001f2fc0d6930, 0x000001f2fc0d5e90, 0x000001f2fc0d53f0, 0x000001f2fc0cfef0,
0x000001f2fc0cef00, 0x000001f2fc0cf450, 0x000001f2fbfaebe0, 0x000001f2fbfacc00,
0x000001f2fbfb1110, 0x000001f2fbfaf130, 0x000001f2fbfb1bb0, 0x000001f2fbfb1660,
0x000001f2fbfad150, 0x000001f2fbfb2100, 0x000001f2fbfad6a0, 0x000001f2fbfb0bc0,
0x000001f2fbfadbf0, 0x000001f2fbfae690, 0x000001f2fbfaf680, 0x000001f2fbfafbd0,
0x000001f2fbfb0120, 0x000001f2fbfb0670, 0x000001f2fbfaac20, 0x000001f2fbfb2650,
0x000001f2fbfab170, 0x000001f2fbfab6c0, 0x000001f2fbfabc10, 0x000001f2fc1e6000,
0x000001f2fc1e5ab0, 0x000001f2fc1e0060, 0x000001f2fc1e7a90, 0x000001f2fc1e4570,
0x000001f2fc1e4ac0, 0x000001f2fc1e6550, 0x000001f2fc1e2ae0, 0x000001f2fc1e2590,
0x000001f2fc1e0b00, 0x000001f2fc1e6ff0, 0x000001f2fc1e05b0, 0x000001f2fc1e5010,
0x000001f2fc1e7540, 0x000001f2fc1e6aa0, 0x000001f2fc1e1050, 0x000001f2fc1e1af0,
0x000001f2fc1e2040, 0x000001f2fc1e15a0, 0x000001f2fc1e3ad0, 0x000001f2fc1e3030,
0x000001f2fc1e3580, 0x000001f2fc1e5560, 0x000001f2fc1e4020, 0x000001f2f83a04f0,
0x000001f2f839a000, 0x000001f2f83a0a40, 0x000001f2f839dfc0, 0x000001f2f839cfd0,
0x000001f2f839d520, 0x000001f2f839ca80, 0x000001f2f8399ab0, 0x000001f2f8399560,
0x000001f2f839aaa0, 0x000001f2f8399010, 0x000001f2f839f500, 0x000001f2f839da70,
0x000001f2f839a550, 0x000001f2f839ffa0, 0x000001f2f839e510, 0x000001f2f839ea60,
0x000001f2f839aff0, 0x000001f2f839b540, 0x000001f2f839ba90, 0x000001f2f839bfe0,
0x000001f2f839c530, 0x000001f2f839fa50, 0x000001f2f98149a0, 0x000001f2f9813460,
0x000001f2fbfac6b0, 0x000001f2fbfae140, 0x000001f2fc13fc80
}

Java Threads: ( => current thread )
  0x000001f2d6a82570 JavaThread "main" [_thread_blocked, id=55436, stack(0x000000a137000000,0x000000a137100000)]
  0x000001f2f8345130 JavaThread "Reference Handler" daemon [_thread_blocked, id=53892, stack(0x000000a137700000,0x000000a137800000)]
  0x000001f2f8347c50 JavaThread "Finalizer" daemon [_thread_blocked, id=55072, stack(0x000000a137800000,0x000000a137900000)]
  0x000001f2f835d720 JavaThread "Signal Dispatcher" daemon [_thread_blocked, id=48424, stack(0x000000a137900000,0x000000a137a00000)]
  0x000001f2f835e030 JavaThread "Attach Listener" daemon [_thread_blocked, id=55060, stack(0x000000a137a00000,0x000000a137b00000)]
  0x000001f2f835e940 JavaThread "Service Thread" daemon [_thread_blocked, id=48724, stack(0x000000a137b00000,0x000000a137c00000)]
  0x000001f2f8360260 JavaThread "Monitor Deflation Thread" daemon [_thread_blocked, id=43128, stack(0x000000a137c00000,0x000000a137d00000)]
  0x000001f2f83663b0 JavaThread "C2 CompilerThread0" daemon [_thread_blocked, id=37688, stack(0x000000a137d00000,0x000000a137e00000)]
  0x000001f2f8370d20 JavaThread "C1 CompilerThread0" daemon [_thread_blocked, id=1516, stack(0x000000a137e00000,0x000000a137f00000)]
  0x000001f2f8385a90 JavaThread "Sweeper thread" daemon [_thread_blocked, id=45724, stack(0x000000a137f00000,0x000000a138000000)]
  0x000001f2f909a310 JavaThread "Common-Cleaner" daemon [_thread_blocked, id=41620, stack(0x000000a138000000,0x000000a138100000)]
  0x000001f2f90be890 JavaThread "Notification Thread" daemon [_thread_blocked, id=40780, stack(0x000000a138100000,0x000000a138200000)]
  0x000001f2f93e2440 JavaThread "Daemon health stats" [_thread_blocked, id=43872, stack(0x000000a138800000,0x000000a138900000)]
  0x000001f2f9ff67b0 JavaThread "Incoming local TCP Connector on port 63600" [_thread_in_native, id=46832, stack(0x000000a138900000,0x000000a138a00000)]
  0x000001f2fa748030 JavaThread "Daemon periodic checks" [_thread_blocked, id=25976, stack(0x000000a138a00000,0x000000a138b00000)]
  0x000001f2fa7dd470 JavaThread "Daemon" [_thread_blocked, id=55028, stack(0x000000a138b00000,0x000000a138c00000)]
  0x000001f2fa435270 JavaThread "Handler for socket connection from /127.0.0.1:63600 to /127.0.0.1:63601" [_thread_in_native, id=54828, stack(0x000000a138c00000,0x000000a138d00000)]
  0x000001f2f91059f0 JavaThread "Cancel handler" [_thread_blocked, id=55892, stack(0x000000a138f00000,0x000000a139000000)]
  0x000001f2f9811f20 JavaThread "Daemon worker" [_thread_blocked, id=45132, stack(0x000000a139000000,0x000000a139100000)]
  0x000001f2f9812f10 JavaThread "Asynchronous log dispatcher for DefaultDaemonConnection: socket connection from /127.0.0.1:63600 to /127.0.0.1:63601" [_thread_blocked, id=47756, stack(0x000000a139100000,0x000000a139200000)]
  0x000001f2f9812470 JavaThread "Stdin handler" [_thread_blocked, id=25216, stack(0x000000a139200000,0x000000a139300000)]
  0x000001f2f98139b0 JavaThread "Daemon client event forwarder" [_thread_blocked, id=3860, stack(0x000000a139300000,0x000000a139400000)]
  0x000001f2f9814450 JavaThread "Cache worker for journal cache (C:\Users\jaspe\.gradle\caches\journal-1)" [_thread_blocked, id=50756, stack(0x000000a139400000,0x000000a139500000)]
  0x000001f2f9813f00 JavaThread "File lock request listener" [_thread_in_native, id=55024, stack(0x000000a139500000,0x000000a139600000)]
  0x000001f2f98129c0 JavaThread "Cache worker for file hash cache (C:\Users\jaspe\.gradle\caches\7.4\fileHashes)" [_thread_blocked, id=16632, stack(0x000000a139600000,0x000000a139700000)]
  0x000001f2f9815440 JavaThread "File watcher server" daemon [_thread_blocked, id=51500, stack(0x000000a139700000,0x000000a139800000)]
  0x000001f2faab62d0 JavaThread "File watcher consumer" daemon [_thread_blocked, id=54308, stack(0x000000a139800000,0x000000a139900000)]
  0x000001f2faab8d50 JavaThread "Cache worker for checksums cache (C:\Users\jaspe\IdeaProjects\forge 1.18.2\.gradle\7.4\checksums)" [_thread_blocked, id=35416, stack(0x000000a139900000,0x000000a139a00000)]
  0x000001f2faab97f0 JavaThread "Cache worker for cache directory md-rule (C:\Users\jaspe\.gradle\caches\7.4\md-rule)" [_thread_blocked, id=33788, stack(0x000000a139a00000,0x000000a139b00000)]
  0x000001f2faab7810 JavaThread "Cache worker for file hash cache (C:\Users\jaspe\IdeaProjects\forge 1.18.2\.gradle\7.4\fileHashes)" [_thread_blocked, id=27752, stack(0x000000a139b00000,0x000000a139c00000)]
  0x000001f2faab6d70 JavaThread "Cache worker for cache directory md-supplier (C:\Users\jaspe\.gradle\caches\7.4\md-supplier)" [_thread_blocked, id=16748, stack(0x000000a139c00000,0x000000a139d00000)]
  0x000001f2faaba7e0 JavaThread "Cache worker for execution history cache (C:\Users\jaspe\.gradle\caches\7.4\executionHistory)" [_thread_blocked, id=52512, stack(0x000000a139e00000,0x000000a139f00000)]
  0x000001f2faabd7b0 JavaThread "Cache worker for dependencies-accessors (C:\Users\jaspe\IdeaProjects\forge 1.18.2\.gradle\7.4\dependencies-accessors)" [_thread_blocked, id=53172, stack(0x000000a139f00000,0x000000a13a000000)]
  0x000001f2faab8800 JavaThread "jar transforms" [_thread_blocked, id=37716, stack(0x000000a13a000000,0x000000a13a100000)]
  0x000001f2faaba290 JavaThread "Cache worker for file content cache (C:\Users\jaspe\.gradle\caches\7.4\fileContent)" [_thread_blocked, id=44676, stack(0x000000a13a100000,0x000000a13a200000)]
  0x000001f2faab92a0 JavaThread "Cache worker for Build Output Cleanup Cache (C:\Users\jaspe\IdeaProjects\forge 1.18.2\.gradle\buildOutputCleanup)" [_thread_blocked, id=53748, stack(0x000000a13a200000,0x000000a13a300000)]
  0x000001f2faab82b0 JavaThread "Unconstrained build operations" [_thread_blocked, id=55608, stack(0x000000a13a300000,0x000000a13a400000)]
  0x000001f2faabad30 JavaThread "Unconstrained build operations Thread 2" [_thread_blocked, id=22816, stack(0x000000a13a400000,0x000000a13a500000)]
  0x000001f2faabb280 JavaThread "Unconstrained build operations Thread 3" [_thread_blocked, id=46876, stack(0x000000a13a500000,0x000000a13a600000)]
  0x000001f2faabb7d0 JavaThread "Unconstrained build operations Thread 4" [_thread_blocked, id=24320, stack(0x000000a13a600000,0x000000a13a700000)]
  0x000001f2faab6820 JavaThread "Unconstrained build operations Thread 5" [_thread_blocked, id=53384, stack(0x000000a13a700000,0x000000a13a800000)]
  0x000001f2faabdd00 JavaThread "Unconstrained build operations Thread 6" [_thread_blocked, id=56308, stack(0x000000a13a800000,0x000000a13a900000)]
  0x000001f2faabbd20 JavaThread "Unconstrained build operations Thread 7" [_thread_blocked, id=51040, stack(0x000000a13a900000,0x000000a13aa00000)]
  0x000001f2faabc270 JavaThread "Unconstrained build operations Thread 8" [_thread_blocked, id=960, stack(0x000000a13aa00000,0x000000a13ab00000)]
  0x000001f2faabc7c0 JavaThread "Unconstrained build operations Thread 9" [_thread_blocked, id=12608, stack(0x000000a13ab00000,0x000000a13ac00000)]
  0x000001f2faabcd10 JavaThread "Unconstrained build operations Thread 10" [_thread_blocked, id=52792, stack(0x000000a13ac00000,0x000000a13ad00000)]
  0x000001f2fc0d0440 JavaThread "Unconstrained build operations Thread 11" [_thread_blocked, id=20288, stack(0x000000a13ad00000,0x000000a13ae00000)]
  0x000001f2fc0d3410 JavaThread "Unconstrained build operations Thread 12" [_thread_blocked, id=49344, stack(0x000000a13ae00000,0x000000a13af00000)]
  0x000001f2fc0d1ed0 JavaThread "Unconstrained build operations Thread 13" [_thread_blocked, id=44984, stack(0x000000a13af00000,0x000000a13b000000)]
  0x000001f2fc0d63e0 JavaThread "Unconstrained build operations Thread 14" [_thread_blocked, id=10724, stack(0x000000a13b000000,0x000000a13b100000)]
  0x000001f2fc0d2420 JavaThread "Unconstrained build operations Thread 15" [_thread_blocked, id=5540, stack(0x000000a13b100000,0x000000a13b200000)]
  0x000001f2fc0d0990 JavaThread "Unconstrained build operations Thread 16" [_thread_blocked, id=46164, stack(0x000000a13b200000,0x000000a13b300000)]
  0x000001f2fc0d3960 JavaThread "Unconstrained build operations Thread 17" [_thread_blocked, id=41764, stack(0x000000a13b300000,0x000000a13b400000)]
  0x000001f2fc0d4400 JavaThread "Unconstrained build operations Thread 18" [_thread_blocked, id=43332, stack(0x000000a13b400000,0x000000a13b500000)]
  0x000001f2fc0d3eb0 JavaThread "Unconstrained build operations Thread 19" [_thread_blocked, id=44028, stack(0x000000a13b500000,0x000000a13b600000)]
  0x000001f2fc0d4950 JavaThread "Unconstrained build operations Thread 20" [_thread_blocked, id=52824, stack(0x000000a13b600000,0x000000a13b700000)]
  0x000001f2fc0d1430 JavaThread "Unconstrained build operations Thread 21" [_thread_blocked, id=28000, stack(0x000000a13b700000,0x000000a13b800000)]
  0x000001f2fc0cf9a0 JavaThread "Unconstrained build operations Thread 22" [_thread_blocked, id=29424, stack(0x000000a13b800000,0x000000a13b900000)]
  0x000001f2fc0d2970 JavaThread "Unconstrained build operations Thread 23" [_thread_blocked, id=31224, stack(0x000000a13b900000,0x000000a13ba00000)]
  0x000001f2fc0d5940 JavaThread "Unconstrained build operations Thread 24" [_thread_blocked, id=39688, stack(0x000000a13ba00000,0x000000a13bb00000)]
  0x000001f2fc0d2ec0 JavaThread "Unconstrained build operations Thread 25" [_thread_blocked, id=27516, stack(0x000000a13bb00000,0x000000a13bc00000)]
  0x000001f2fc0d0ee0 JavaThread "Unconstrained build operations Thread 26" [_thread_blocked, id=53720, stack(0x000000a13bc00000,0x000000a13bd00000)]
  0x000001f2fc0d4ea0 JavaThread "Unconstrained build operations Thread 27" [_thread_blocked, id=47256, stack(0x000000a13bd00000,0x000000a13be00000)]
  0x000001f2fc0d1980 JavaThread "Unconstrained build operations Thread 28" [_thread_blocked, id=46616, stack(0x000000a13be00000,0x000000a13bf00000)]
  0x000001f2fc0d6930 JavaThread "Unconstrained build operations Thread 29" [_thread_blocked, id=12104, stack(0x000000a13bf00000,0x000000a13c000000)]
  0x000001f2fc0d5e90 JavaThread "Unconstrained build operations Thread 30" [_thread_blocked, id=49784, stack(0x000000a13c000000,0x000000a13c100000)]
  0x000001f2fc0d53f0 JavaThread "Unconstrained build operations Thread 31" [_thread_blocked, id=53540, stack(0x000000a13c100000,0x000000a13c200000)]
  0x000001f2fc0cfef0 JavaThread "jar transforms Thread 2" [_thread_blocked, id=33384, stack(0x000000a13c200000,0x000000a13c300000)]
  0x000001f2fc0cef00 JavaThread "jar transforms Thread 3" [_thread_blocked, id=37656, stack(0x000000a13c300000,0x000000a13c400000)]
  0x000001f2fc0cf450 JavaThread "jar transforms Thread 4" [_thread_blocked, id=50908, stack(0x000000a13c400000,0x000000a13c500000)]
  0x000001f2fbfaebe0 JavaThread "jar transforms Thread 5" [_thread_blocked, id=52456, stack(0x000000a13c500000,0x000000a13c600000)]
  0x000001f2fbfacc00 JavaThread "jar transforms Thread 6" [_thread_blocked, id=41560, stack(0x000000a13c600000,0x000000a13c700000)]
  0x000001f2fbfb1110 JavaThread "jar transforms Thread 7" [_thread_blocked, id=55968, stack(0x000000a13c700000,0x000000a13c800000)]
  0x000001f2fbfaf130 JavaThread "jar transforms Thread 8" [_thread_blocked, id=3036, stack(0x000000a13c800000,0x000000a13c900000)]
  0x000001f2fbfb1bb0 JavaThread "Memory manager" [_thread_blocked, id=53604, stack(0x000000a13ca00000,0x000000a13cb00000)]
  0x000001f2fbfb1660 JavaThread "ForkJoinPool.commonPool-worker-3" daemon [_thread_blocked, id=34176, stack(0x000000a13cb00000,0x000000a13cc00000)]
  0x000001f2fbfad150 JavaThread "ForkJoinPool.commonPool-worker-5" daemon [_thread_blocked, id=47504, stack(0x000000a13cc00000,0x000000a13cd00000)]
  0x000001f2fbfb2100 JavaThread "ForkJoinPool.commonPool-worker-7" daemon [_thread_blocked, id=54060, stack(0x000000a13cd00000,0x000000a13ce00000)]
  0x000001f2fbfad6a0 JavaThread "ForkJoinPool.commonPool-worker-9" daemon [_thread_blocked, id=45888, stack(0x000000a13ce00000,0x000000a13cf00000)]
  0x000001f2fbfb0bc0 JavaThread "ForkJoinPool.commonPool-worker-11" daemon [_thread_blocked, id=48236, stack(0x000000a13cf00000,0x000000a13d000000)]
  0x000001f2fbfadbf0 JavaThread "ForkJoinPool.commonPool-worker-13" daemon [_thread_blocked, id=28092, stack(0x000000a13d000000,0x000000a13d100000)]
  0x000001f2fbfae690 JavaThread "ForkJoinPool.commonPool-worker-15" daemon [_thread_blocked, id=36768, stack(0x000000a13d100000,0x000000a13d200000)]
  0x000001f2fbfaf680 JavaThread "Exec process" [_thread_blocked, id=54904, stack(0x000000a13d200000,0x000000a13d300000)]
  0x000001f2fbfafbd0 JavaThread "Exec process Thread 2" [_thread_blocked, id=56012, stack(0x000000a13d300000,0x000000a13d400000)]
  0x000001f2fbfb0120 JavaThread "Exec process Thread 3" [_thread_blocked, id=55724, stack(0x000000a13d400000,0x000000a13d500000)]
  0x000001f2fbfb0670 JavaThread "Unconstrained build operations Thread 32" [_thread_blocked, id=54224, stack(0x000000a13d500000,0x000000a13d600000)]
  0x000001f2fbfaac20 JavaThread "Unconstrained build operations Thread 33" [_thread_blocked, id=38656, stack(0x000000a13d600000,0x000000a13d700000)]
  0x000001f2fbfb2650 JavaThread "Unconstrained build operations Thread 34" [_thread_blocked, id=52404, stack(0x000000a13d700000,0x000000a13d800000)]
  0x000001f2fbfab170 JavaThread "Unconstrained build operations Thread 35" [_thread_blocked, id=4532, stack(0x000000a13d800000,0x000000a13d900000)]
  0x000001f2fbfab6c0 JavaThread "Unconstrained build operations Thread 36" [_thread_blocked, id=52328, stack(0x000000a13d900000,0x000000a13da00000)]
  0x000001f2fbfabc10 JavaThread "Unconstrained build operations Thread 37" [_thread_blocked, id=38584, stack(0x000000a13da00000,0x000000a13db00000)]
  0x000001f2fc1e6000 JavaThread "Unconstrained build operations Thread 38" [_thread_blocked, id=33044, stack(0x000000a13db00000,0x000000a13dc00000)]
  0x000001f2fc1e5ab0 JavaThread "Unconstrained build operations Thread 39" [_thread_blocked, id=36140, stack(0x000000a13dc00000,0x000000a13dd00000)]
  0x000001f2fc1e0060 JavaThread "Unconstrained build operations Thread 40" [_thread_blocked, id=25680, stack(0x000000a13dd00000,0x000000a13de00000)]
  0x000001f2fc1e7a90 JavaThread "Unconstrained build operations Thread 41" [_thread_blocked, id=18212, stack(0x000000a13de00000,0x000000a13df00000)]
  0x000001f2fc1e4570 JavaThread "Unconstrained build operations Thread 42" [_thread_blocked, id=55860, stack(0x000000a13df00000,0x000000a13e000000)]
  0x000001f2fc1e4ac0 JavaThread "Unconstrained build operations Thread 43" [_thread_blocked, id=10128, stack(0x000000a13e000000,0x000000a13e100000)]
  0x000001f2fc1e6550 JavaThread "Unconstrained build operations Thread 44" [_thread_blocked, id=43380, stack(0x000000a13e100000,0x000000a13e200000)]
  0x000001f2fc1e2ae0 JavaThread "Unconstrained build operations Thread 45" [_thread_blocked, id=13796, stack(0x000000a13e200000,0x000000a13e300000)]
  0x000001f2fc1e2590 JavaThread "Unconstrained build operations Thread 46" [_thread_blocked, id=49980, stack(0x000000a13e300000,0x000000a13e400000)]
  0x000001f2fc1e0b00 JavaThread "Unconstrained build operations Thread 47" [_thread_blocked, id=53296, stack(0x000000a13e400000,0x000000a13e500000)]
  0x000001f2fc1e6ff0 JavaThread "Unconstrained build operations Thread 48" [_thread_blocked, id=55344, stack(0x000000a13e500000,0x000000a13e600000)]
  0x000001f2fc1e05b0 JavaThread "Unconstrained build operations Thread 49" [_thread_blocked, id=15392, stack(0x000000a13e600000,0x000000a13e700000)]
  0x000001f2fc1e5010 JavaThread "Unconstrained build operations Thread 50" [_thread_blocked, id=30252, stack(0x000000a13e700000,0x000000a13e800000)]
  0x000001f2fc1e7540 JavaThread "Unconstrained build operations Thread 51" [_thread_blocked, id=45840, stack(0x000000a13e800000,0x000000a13e900000)]
  0x000001f2fc1e6aa0 JavaThread "Unconstrained build operations Thread 52" [_thread_blocked, id=2472, stack(0x000000a13e900000,0x000000a13ea00000)]
  0x000001f2fc1e1050 JavaThread "Unconstrained build operations Thread 53" [_thread_blocked, id=48648, stack(0x000000a13ea00000,0x000000a13eb00000)]
  0x000001f2fc1e1af0 JavaThread "Unconstrained build operations Thread 54" [_thread_blocked, id=53668, stack(0x000000a13eb00000,0x000000a13ec00000)]
  0x000001f2fc1e2040 JavaThread "Unconstrained build operations Thread 55" [_thread_blocked, id=50028, stack(0x000000a13ec00000,0x000000a13ed00000)]
  0x000001f2fc1e15a0 JavaThread "Unconstrained build operations Thread 56" [_thread_blocked, id=46300, stack(0x000000a13ed00000,0x000000a13ee00000)]
  0x000001f2fc1e3ad0 JavaThread "Unconstrained build operations Thread 57" [_thread_blocked, id=48156, stack(0x000000a13ee00000,0x000000a13ef00000)]
  0x000001f2fc1e3030 JavaThread "Unconstrained build operations Thread 58" [_thread_blocked, id=26248, stack(0x000000a13ef00000,0x000000a13f000000)]
  0x000001f2fc1e3580 JavaThread "Unconstrained build operations Thread 59" [_thread_blocked, id=35152, stack(0x000000a13f000000,0x000000a13f100000)]
  0x000001f2fc1e5560 JavaThread "Unconstrained build operations Thread 60" [_thread_blocked, id=39336, stack(0x000000a13f100000,0x000000a13f200000)]
  0x000001f2fc1e4020 JavaThread "Unconstrained build operations Thread 61" [_thread_blocked, id=52264, stack(0x000000a13f200000,0x000000a13f300000)]
  0x000001f2f83a04f0 JavaThread "Unconstrained build operations Thread 62" [_thread_blocked, id=44748, stack(0x000000a13f300000,0x000000a13f400000)]
  0x000001f2f839a000 JavaThread "Unconstrained build operations Thread 63" [_thread_blocked, id=46160, stack(0x000000a13f400000,0x000000a13f500000)]
  0x000001f2f83a0a40 JavaThread "Unconstrained build operations Thread 64" [_thread_blocked, id=55368, stack(0x000000a13f500000,0x000000a13f600000)]
  0x000001f2f839dfc0 JavaThread "Unconstrained build operations Thread 65" [_thread_blocked, id=44060, stack(0x000000a13f600000,0x000000a13f700000)]
  0x000001f2f839cfd0 JavaThread "Unconstrained build operations Thread 66" [_thread_blocked, id=25324, stack(0x000000a13f700000,0x000000a13f800000)]
  0x000001f2f839d520 JavaThread "Unconstrained build operations Thread 67" [_thread_blocked, id=50524, stack(0x000000a13f800000,0x000000a13f900000)]
  0x000001f2f839ca80 JavaThread "Unconstrained build operations Thread 68" [_thread_blocked, id=52216, stack(0x000000a13f900000,0x000000a13fa00000)]
  0x000001f2f8399ab0 JavaThread "Unconstrained build operations Thread 69" [_thread_blocked, id=45720, stack(0x000000a13fa00000,0x000000a13fb00000)]
  0x000001f2f8399560 JavaThread "Unconstrained build operations Thread 70" [_thread_blocked, id=26132, stack(0x000000a13fb00000,0x000000a13fc00000)]
  0x000001f2f839aaa0 JavaThread "Unconstrained build operations Thread 71" [_thread_blocked, id=27564, stack(0x000000a13fc00000,0x000000a13fd00000)]
  0x000001f2f8399010 JavaThread "Unconstrained build operations Thread 72" [_thread_blocked, id=37244, stack(0x000000a13fd00000,0x000000a13fe00000)]
  0x000001f2f839f500 JavaThread "Unconstrained build operations Thread 73" [_thread_blocked, id=40196, stack(0x000000a13fe00000,0x000000a13ff00000)]
  0x000001f2f839da70 JavaThread "Unconstrained build operations Thread 74" [_thread_blocked, id=38980, stack(0x000000a13ff00000,0x000000a140000000)]
  0x000001f2f839a550 JavaThread "Unconstrained build operations Thread 75" [_thread_blocked, id=40312, stack(0x000000a140000000,0x000000a140100000)]
  0x000001f2f839ffa0 JavaThread "Unconstrained build operations Thread 76" [_thread_blocked, id=16740, stack(0x000000a140100000,0x000000a140200000)]
  0x000001f2f839e510 JavaThread "Unconstrained build operations Thread 77" [_thread_blocked, id=41748, stack(0x000000a140200000,0x000000a140300000)]
  0x000001f2f839ea60 JavaThread "Unconstrained build operations Thread 78" [_thread_blocked, id=53916, stack(0x000000a140300000,0x000000a140400000)]
  0x000001f2f839aff0 JavaThread "Unconstrained build operations Thread 79" [_thread_blocked, id=7580, stack(0x000000a140400000,0x000000a140500000)]
  0x000001f2f839b540 JavaThread "Unconstrained build operations Thread 80" [_thread_blocked, id=43792, stack(0x000000a140500000,0x000000a140600000)]
  0x000001f2f839ba90 JavaThread "included builds" [_thread_blocked, id=31948, stack(0x000000a13c900000,0x000000a13ca00000)]
  0x000001f2f839bfe0 JavaThread "Execution worker for ':'" [_thread_blocked, id=50316, stack(0x000000a140600000,0x000000a140700000)]
  0x000001f2f839c530 JavaThread "Execution worker for ':' Thread 2" [_thread_blocked, id=53704, stack(0x000000a140700000,0x000000a140800000)]
  0x000001f2f839fa50 JavaThread "Execution worker for ':' Thread 3" [_thread_blocked, id=38440, stack(0x000000a140800000,0x000000a140900000)]
  0x000001f2f98149a0 JavaThread "Execution worker for ':' Thread 4" [_thread_blocked, id=16104, stack(0x000000a140900000,0x000000a140a00000)]
  0x000001f2f9813460 JavaThread "Execution worker for ':' Thread 5" [_thread_blocked, id=56304, stack(0x000000a140a00000,0x000000a140b00000)]
  0x000001f2fbfac6b0 JavaThread "Execution worker for ':' Thread 6" [_thread_blocked, id=53152, stack(0x000000a140b00000,0x000000a140c00000)]
  0x000001f2fbfae140 JavaThread "Execution worker for ':' Thread 7" [_thread_blocked, id=30600, stack(0x000000a140c00000,0x000000a140d00000)]
  0x000001f2fc13fc80 JavaThread "Cache worker for execution history cache (C:\Users\jaspe\IdeaProjects\forge 1.18.2\.gradle\7.4\executionHistory)" [_thread_blocked, id=43968, stack(0x000000a140d00000,0x000000a140e00000)]

Other Threads:
=>0x000001f2f833cc40 VMThread "VM Thread" [stack: 0x000000a137600000,0x000000a137700000] [id=22828]
  0x000001f2f90c11d0 WatcherThread [stack: 0x000000a138200000,0x000000a138300000] [id=51544]
  0x000001f2d6ac6b90 GCTaskThread "GC Thread#0" [stack: 0x000000a137100000,0x000000a137200000] [id=29636]
  0x000001f2f9b83900 GCTaskThread "GC Thread#1" [stack: 0x000000a138300000,0x000000a138400000] [id=25968]
  0x000001f2f9a89490 GCTaskThread "GC Thread#2" [stack: 0x000000a138400000,0x000000a138500000] [id=45032]
  0x000001f2f9b86050 GCTaskThread "GC Thread#3" [stack: 0x000000a138500000,0x000000a138600000] [id=17316]
  0x000001f2f9b86360 GCTaskThread "GC Thread#4" [stack: 0x000000a138600000,0x000000a138700000] [id=32840]
  0x000001f2f9a81450 GCTaskThread "GC Thread#5" [stack: 0x000000a138700000,0x000000a138800000] [id=40248]
  0x000001f2f93e85f0 GCTaskThread "GC Thread#6" [stack: 0x000000a138d00000,0x000000a138e00000] [id=52024]
  0x000001f2f983bdc0 GCTaskThread "GC Thread#7" [stack: 0x000000a138e00000,0x000000a138f00000] [id=23688]
  0x000001f2d6ad4d50 ConcurrentGCThread "G1 Main Marker" [stack: 0x000000a137200000,0x000000a137300000] [id=53340]
  0x000001f2d6ad6600 ConcurrentGCThread "G1 Conc#0" [stack: 0x000000a137300000,0x000000a137400000] [id=16488]
  0x000001f2fba8bf20 ConcurrentGCThread "G1 Conc#1" [stack: 0x000000a139d00000,0x000000a139e00000] [id=45488]
  0x000001f2d6b40640 ConcurrentGCThread "G1 Refine#0" [stack: 0x000000a137400000,0x000000a137500000] [id=53568]
  0x000001f2fc331b60 ConcurrentGCThread "G1 Refine#1" [stack: 0x000000a140e00000,0x000000a140f00000] [id=28020]
  0x000001f2fd207e90 ConcurrentGCThread "G1 Refine#2" [stack: 0x000000a140f00000,0x000000a141000000] [id=10200]
  0x000001f2fa2fb800 ConcurrentGCThread "G1 Refine#3" [stack: 0x000000a141000000,0x000000a141100000] [id=31168]
  0x000001f2fa4ecbe0 ConcurrentGCThread "G1 Refine#4" [stack: 0x000000a141100000,0x000000a141200000] [id=31716]
  0x000001f2fc71a8e0 ConcurrentGCThread "G1 Refine#5" [stack: 0x000000a141200000,0x000000a141300000] [id=53496]
  0x000001f2fbd95f00 ConcurrentGCThread "G1 Refine#6" [stack: 0x000000a141300000,0x000000a141400000] [id=49476]
  0x000001f2fa2fbb40 ConcurrentGCThread "G1 Refine#7" [stack: 0x000000a141400000,0x000000a141500000] [id=51272]
  0x000001f2d6b40ef0 ConcurrentGCThread "G1 Service" [stack: 0x000000a137500000,0x000000a137600000] [id=37212]

Threads with active compile tasks:
C2 CompilerThread0    37315 8115       4       java.lang.String::split (327 bytes)

VM state: at safepoint (normal execution)

VM Mutex/Monitor currently owned by a thread:  ([mutex/lock_event])
[0x000001f2d6a7de90] Threads_lock - owner thread: 0x000001f2f833cc40
[0x000001f2d6a7edc0] Heap_lock - owner thread: 0x000001f2f839c530

Heap address: 0x0000000740000000, size: 3072 MB, Compressed Oops mode: Zero based, Oop shift amount: 3

CDS archive(s) mapped at: [0x0000000800000000-0x0000000800bf0000-0x0000000800bf0000), size 12517376, SharedBaseAddress: 0x0000000800000000, ArchiveRelocationMode: 0.
Compressed class space mapped at: 0x0000000800c00000-0x0000000840c00000, reserved size: 1073741824
Narrow klass base: 0x0000000800000000, Narrow klass shift: 3, Narrow klass range: 0x100000000

GC Precious Log:
 CPUs: 8 total, 8 available
 Memory: 6020M
 Large Page Support: Disabled
 NUMA Support: Disabled
 Compressed Oops: Enabled (Zero based)
 Heap Region Size: 2M
 Heap Min Capacity: 8M
 Heap Initial Capacity: 96M
 Heap Max Capacity: 3G
 Pre-touch: Disabled
 Parallel Workers: 8
 Concurrent Workers: 2
 Concurrent Refinement Workers: 8
 Periodic GC: Disabled

Heap:
 garbage-first heap   total 366592K, used 210262K [0x0000000740000000, 0x0000000800000000)
  region size 2048K, 3 young (6144K), 3 survivors (6144K)
 Metaspace       used 61104K, committed 61632K, reserved 1105920K
  class space    used 8056K, committed 8320K, reserved 1048576K

Heap Regions: E=young(eden), S=young(survivor), O=old, HS=humongous(starts), HC=humongous(continues), CS=collection set, F=free, OA=open archive, CA=closed archive, TAMS=top-at-mark-start (previous, next)
|   0|0x0000000740000000, 0x0000000740200000, 0x0000000740200000|100%| O|  |TAMS 0x0000000740200000, 0x0000000740000000| Updating 
|   1|0x0000000740200000, 0x0000000740400000, 0x0000000740400000|100%| O|  |TAMS 0x0000000740400000, 0x0000000740200000| Updating 
|   2|0x0000000740400000, 0x0000000740600000, 0x0000000740600000|100%|HS|  |TAMS 0x0000000740600000, 0x0000000740400000| Complete 
|   3|0x0000000740600000, 0x0000000740800000, 0x0000000740800000|100%|HC|  |TAMS 0x0000000740800000, 0x0000000740600000| Complete 
|   4|0x0000000740800000, 0x0000000740a00000, 0x0000000740a00000|100%| O|  |TAMS 0x0000000740a00000, 0x0000000740800000| Updating 
|   5|0x0000000740a00000, 0x0000000740c00000, 0x0000000740c00000|100%| O|  |TAMS 0x0000000740c00000, 0x0000000740a00000| Updating 
|   6|0x0000000740c00000, 0x0000000740e00000, 0x0000000740e00000|100%| O|  |TAMS 0x0000000740e00000, 0x0000000740c00000| Updating 
|   7|0x0000000740e00000, 0x0000000741000000, 0x0000000741000000|100%| O|  |TAMS 0x0000000741000000, 0x0000000740e00000| Updating 
|   8|0x0000000741000000, 0x00000007410cf000, 0x0000000741200000| 40%| O|  |TAMS 0x00000007410cf000, 0x0000000741000000| Updating 
|   9|0x0000000741200000, 0x0000000741400000, 0x0000000741400000|100%| O|  |TAMS 0x0000000741400000, 0x0000000741200000| Updating 
|  10|0x0000000741400000, 0x0000000741600000, 0x0000000741600000|100%| O|  |TAMS 0x0000000741600000, 0x0000000741400000| Updating 
|  11|0x0000000741600000, 0x0000000741800000, 0x0000000741800000|100%| O|  |TAMS 0x0000000741800000, 0x0000000741600000| Updating 
|  12|0x0000000741800000, 0x0000000741a00000, 0x0000000741a00000|100%| O|  |TAMS 0x0000000741a00000, 0x0000000741800000| Updating 
|  13|0x0000000741a00000, 0x0000000741c00000, 0x0000000741c00000|100%| O|  |TAMS 0x0000000741c00000, 0x0000000741a00000| Updating 
|  14|0x0000000741c00000, 0x0000000741e00000, 0x0000000741e00000|100%| O|  |TAMS 0x0000000741e00000, 0x0000000741c00000| Updating 
|  15|0x0000000741e00000, 0x0000000742000000, 0x0000000742000000|100%|HS|  |TAMS 0x0000000742000000, 0x0000000741e00000| Complete 
|  16|0x0000000742000000, 0x0000000742200000, 0x0000000742200000|100%| O|  |TAMS 0x0000000742200000, 0x0000000742000000| Updating 
|  17|0x0000000742200000, 0x0000000742400000, 0x0000000742400000|100%| O|  |TAMS 0x0000000742400000, 0x0000000742200000| Updating 
|  18|0x0000000742400000, 0x0000000742600000, 0x0000000742600000|100%| O|  |TAMS 0x0000000742600000, 0x0000000742400000| Updating 
|  19|0x0000000742600000, 0x0000000742800000, 0x0000000742800000|100%| O|  |TAMS 0x0000000742800000, 0x0000000742600000| Updating 
|  20|0x0000000742800000, 0x0000000742a00000, 0x0000000742a00000|100%| O|  |TAMS 0x0000000742a00000, 0x0000000742800000| Updating 
|  21|0x0000000742a00000, 0x0000000742c00000, 0x0000000742c00000|100%| O|  |TAMS 0x0000000742c00000, 0x0000000742a00000| Updating 
|  22|0x0000000742c00000, 0x0000000742e00000, 0x0000000742e00000|100%| O|  |TAMS 0x0000000742e00000, 0x0000000742c00000| Updating 
|  23|0x0000000742e00000, 0x0000000743000000, 0x0000000743000000|100%| O|  |TAMS 0x0000000743000000, 0x0000000742e00000| Updating 
|  24|0x0000000743000000, 0x0000000743200000, 0x0000000743200000|100%| O|  |TAMS 0x0000000743200000, 0x0000000743000000| Updating 
|  25|0x0000000743200000, 0x0000000743400000, 0x0000000743400000|100%| O|  |TAMS 0x0000000743400000, 0x0000000743200000| Updating 
|  26|0x0000000743400000, 0x0000000743600000, 0x0000000743600000|100%| O|  |TAMS 0x0000000743600000, 0x0000000743400000| Updating 
|  27|0x0000000743600000, 0x0000000743800000, 0x0000000743800000|100%| O|  |TAMS 0x0000000743800000, 0x0000000743600000| Updating 
|  28|0x0000000743800000, 0x0000000743a00000, 0x0000000743a00000|100%| O|  |TAMS 0x0000000743a00000, 0x0000000743800000| Updating 
|  29|0x0000000743a00000, 0x0000000743c00000, 0x0000000743c00000|100%| O|  |TAMS 0x0000000743c00000, 0x0000000743a00000| Updating 
|  30|0x0000000743c00000, 0x0000000743e00000, 0x0000000743e00000|100%| O|  |TAMS 0x0000000743e00000, 0x0000000743c00000| Updating 
|  31|0x0000000743e00000, 0x0000000744000000, 0x0000000744000000|100%| O|  |TAMS 0x0000000744000000, 0x0000000743e00000| Updating 
|  32|0x0000000744000000, 0x0000000744200000, 0x0000000744200000|100%| O|  |TAMS 0x0000000744200000, 0x0000000744000000| Updating 
|  33|0x0000000744200000, 0x0000000744400000, 0x0000000744400000|100%| O|  |TAMS 0x0000000744400000, 0x0000000744200000| Updating 
|  34|0x0000000744400000, 0x0000000744600000, 0x0000000744600000|100%| O|  |TAMS 0x0000000744600000, 0x0000000744400000| Updating 
|  35|0x0000000744600000, 0x0000000744800000, 0x0000000744800000|100%| O|  |TAMS 0x0000000744800000, 0x0000000744600000| Updating 
|  36|0x0000000744800000, 0x0000000744a00000, 0x0000000744a00000|100%| O|  |TAMS 0x0000000744a00000, 0x0000000744800000| Updating 
|  37|0x0000000744a00000, 0x0000000744c00000, 0x0000000744c00000|100%| O|  |TAMS 0x0000000744c00000, 0x0000000744a00000| Updating 
|  38|0x0000000744c00000, 0x0000000744e00000, 0x0000000744e00000|100%| O|  |TAMS 0x0000000744e00000, 0x0000000744c00000| Updating 
|  39|0x0000000744e00000, 0x0000000745000000, 0x0000000745000000|100%| O|  |TAMS 0x0000000745000000, 0x0000000744e00000| Updating 
|  40|0x0000000745000000, 0x0000000745200000, 0x0000000745200000|100%| O|  |TAMS 0x0000000745200000, 0x0000000745000000| Updating 
|  41|0x0000000745200000, 0x0000000745400000, 0x0000000745400000|100%| O|  |TAMS 0x0000000745400000, 0x0000000745200000| Updating 
|  42|0x0000000745400000, 0x0000000745600000, 0x0000000745600000|100%| O|  |TAMS 0x0000000745600000, 0x0000000745400000| Updating 
|  43|0x0000000745600000, 0x0000000745800000, 0x0000000745800000|100%| O|  |TAMS 0x0000000745800000, 0x0000000745600000| Updating 
|  44|0x0000000745800000, 0x0000000745a00000, 0x0000000745a00000|100%| O|  |TAMS 0x0000000745a00000, 0x0000000745800000| Updating 
|  45|0x0000000745a00000, 0x0000000745c00000, 0x0000000745c00000|100%| O|  |TAMS 0x0000000745c00000, 0x0000000745a00000| Updating 
|  46|0x0000000745c00000, 0x0000000745e00000, 0x0000000745e00000|100%| O|  |TAMS 0x0000000745e00000, 0x0000000745c00000| Updating 
|  47|0x0000000745e00000, 0x0000000746000000, 0x0000000746000000|100%| O|  |TAMS 0x0000000746000000, 0x0000000745e00000| Updating 
|  48|0x0000000746000000, 0x0000000746200000, 0x0000000746200000|100%| O|  |TAMS 0x0000000746200000, 0x0000000746000000| Updating 
|  49|0x0000000746200000, 0x0000000746400000, 0x0000000746400000|100%| O|  |TAMS 0x0000000746400000, 0x0000000746200000| Updating 
|  50|0x0000000746400000, 0x0000000746600000, 0x0000000746600000|100%| O|  |TAMS 0x0000000746600000, 0x0000000746400000| Updating 
|  51|0x0000000746600000, 0x0000000746800000, 0x0000000746800000|100%| O|  |TAMS 0x0000000746800000, 0x0000000746600000| Updating 
|  52|0x0000000746800000, 0x0000000746a00000, 0x0000000746a00000|100%| O|  |TAMS 0x0000000746a00000, 0x0000000746800000| Updating 
|  53|0x0000000746a00000, 0x0000000746c00000, 0x0000000746c00000|100%| O|  |TAMS 0x0000000746c00000, 0x0000000746a00000| Updating 
|  54|0x0000000746c00000, 0x0000000746e00000, 0x0000000746e00000|100%| O|  |TAMS 0x0000000746e00000, 0x0000000746c00000| Updating 
|  55|0x0000000746e00000, 0x0000000747000000, 0x0000000747000000|100%| O|  |TAMS 0x0000000747000000, 0x0000000746e00000| Updating 
|  56|0x0000000747000000, 0x0000000747200000, 0x0000000747200000|100%| O|  |TAMS 0x0000000747200000, 0x0000000747000000| Updating 
|  57|0x0000000747200000, 0x0000000747400000, 0x0000000747400000|100%| O|  |TAMS 0x0000000747400000, 0x0000000747200000| Updating 
|  58|0x0000000747400000, 0x0000000747600000, 0x0000000747600000|100%| O|  |TAMS 0x0000000747600000, 0x0000000747400000| Updating 
|  59|0x0000000747600000, 0x0000000747800000, 0x0000000747800000|100%| O|  |TAMS 0x0000000747800000, 0x0000000747600000| Updating 
|  60|0x0000000747800000, 0x0000000747a00000, 0x0000000747a00000|100%| O|  |TAMS 0x0000000747a00000, 0x0000000747800000| Updating 
|  61|0x0000000747a00000, 0x0000000747c00000, 0x0000000747c00000|100%| O|  |TAMS 0x0000000747c00000, 0x0000000747a00000| Updating 
|  62|0x0000000747c00000, 0x0000000747e00000, 0x0000000747e00000|100%| O|  |TAMS 0x0000000747e00000, 0x0000000747c00000| Updating 
|  63|0x0000000747e00000, 0x0000000748000000, 0x0000000748000000|100%| O|  |TAMS 0x0000000748000000, 0x0000000747e00000| Updating 
|  64|0x0000000748000000, 0x0000000748200000, 0x0000000748200000|100%| O|  |TAMS 0x0000000748200000, 0x0000000748000000| Updating 
|  65|0x0000000748200000, 0x0000000748400000, 0x0000000748400000|100%| O|  |TAMS 0x0000000748400000, 0x0000000748200000| Updating 
|  66|0x0000000748400000, 0x0000000748600000, 0x0000000748600000|100%| O|  |TAMS 0x0000000748600000, 0x0000000748400000| Updating 
|  67|0x0000000748600000, 0x0000000748800000, 0x0000000748800000|100%| O|  |TAMS 0x0000000748800000, 0x0000000748600000| Updating 
|  68|0x0000000748800000, 0x0000000748a00000, 0x0000000748a00000|100%| O|  |TAMS 0x0000000748a00000, 0x0000000748800000| Updating 
|  69|0x0000000748a00000, 0x0000000748c00000, 0x0000000748c00000|100%| O|  |TAMS 0x0000000748c00000, 0x0000000748a00000| Updating 
|  70|0x0000000748c00000, 0x0000000748e00000, 0x0000000748e00000|100%| O|  |TAMS 0x0000000748e00000, 0x0000000748c00000| Updating 
|  71|0x0000000748e00000, 0x0000000749000000, 0x0000000749000000|100%| O|  |TAMS 0x0000000749000000, 0x0000000748e00000| Updating 
|  72|0x0000000749000000, 0x0000000749200000, 0x0000000749200000|100%| O|  |TAMS 0x00000007491ff200, 0x0000000749000000| Updating 
|  73|0x0000000749200000, 0x0000000749400000, 0x0000000749400000|100%| O|  |TAMS 0x0000000749200000, 0x0000000749200000| Untracked 
|  74|0x0000000749400000, 0x0000000749600000, 0x0000000749600000|100%| O|  |TAMS 0x0000000749400000, 0x0000000749400000| Untracked 
|  75|0x0000000749600000, 0x0000000749800000, 0x0000000749800000|100%| O|  |TAMS 0x0000000749600000, 0x0000000749600000| Untracked 
|  76|0x0000000749800000, 0x0000000749a00000, 0x0000000749a00000|100%| O|  |TAMS 0x0000000749800000, 0x0000000749800000| Untracked 
|  77|0x0000000749a00000, 0x0000000749c00000, 0x0000000749c00000|100%| O|  |TAMS 0x0000000749a00000, 0x0000000749a00000| Untracked 
|  78|0x0000000749c00000, 0x0000000749e00000, 0x0000000749e00000|100%| O|  |TAMS 0x0000000749c00000, 0x0000000749c00000| Untracked 
|  79|0x0000000749e00000, 0x000000074a000000, 0x000000074a000000|100%| O|  |TAMS 0x0000000749e00000, 0x0000000749e00000| Untracked 
|  80|0x000000074a000000, 0x000000074a200000, 0x000000074a200000|100%| O|  |TAMS 0x000000074a000000, 0x000000074a000000| Untracked 
|  81|0x000000074a200000, 0x000000074a400000, 0x000000074a400000|100%| O|  |TAMS 0x000000074a200000, 0x000000074a200000| Untracked 
|  82|0x000000074a400000, 0x000000074a600000, 0x000000074a600000|100%| O|  |TAMS 0x000000074a400000, 0x000000074a400000| Untracked 
|  83|0x000000074a600000, 0x000000074a800000, 0x000000074a800000|100%| O|  |TAMS 0x000000074a600000, 0x000000074a600000| Untracked 
|  84|0x000000074a800000, 0x000000074aa00000, 0x000000074aa00000|100%| O|  |TAMS 0x000000074a800000, 0x000000074a800000| Untracked 
|  85|0x000000074aa00000, 0x000000074ac00000, 0x000000074ac00000|100%| O|  |TAMS 0x000000074aa00000, 0x000000074aa00000| Updating 
|  86|0x000000074ac00000, 0x000000074ae00000, 0x000000074ae00000|100%| O|  |TAMS 0x000000074ac00000, 0x000000074ac00000| Untracked 
|  87|0x000000074ae00000, 0x000000074b000000, 0x000000074b000000|100%| O|  |TAMS 0x000000074ae00000, 0x000000074ae00000| Untracked 
|  88|0x000000074b000000, 0x000000074b200000, 0x000000074b200000|100%| O|  |TAMS 0x000000074b000000, 0x000000074b000000| Untracked 
|  89|0x000000074b200000, 0x000000074b400000, 0x000000074b400000|100%| O|  |TAMS 0x000000074b200000, 0x000000074b200000| Untracked 
|  90|0x000000074b400000, 0x000000074b600000, 0x000000074b600000|100%| O|  |TAMS 0x000000074b400000, 0x000000074b400000| Untracked 
|  91|0x000000074b600000, 0x000000074b686a00, 0x000000074b800000| 26%| O|  |TAMS 0x000000074b600000, 0x000000074b600000| Untracked 
|  92|0x000000074b800000, 0x000000074b800000, 0x000000074ba00000|  0%| F|  |TAMS 0x000000074b800000, 0x000000074b800000| Untracked 
|  93|0x000000074ba00000, 0x000000074ba00000, 0x000000074bc00000|  0%| F|  |TAMS 0x000000074ba00000, 0x000000074ba00000| Untracked 
|  94|0x000000074bc00000, 0x000000074bc00000, 0x000000074be00000|  0%| F|  |TAMS 0x000000074bc00000, 0x000000074bc00000| Untracked 
|  95|0x000000074be00000, 0x000000074be00000, 0x000000074c000000|  0%| F|  |TAMS 0x000000074be00000, 0x000000074be00000| Untracked 
|  96|0x000000074c000000, 0x000000074c000000, 0x000000074c200000|  0%| F|  |TAMS 0x000000074c000000, 0x000000074c000000| Untracked 
|  97|0x000000074c200000, 0x000000074c200000, 0x000000074c400000|  0%| F|  |TAMS 0x000000074c200000, 0x000000074c200000| Untracked 
|  98|0x000000074c400000, 0x000000074c400000, 0x000000074c600000|  0%| F|  |TAMS 0x000000074c400000, 0x000000074c400000| Untracked 
|  99|0x000000074c600000, 0x000000074c600000, 0x000000074c800000|  0%| F|  |TAMS 0x000000074c600000, 0x000000074c600000| Untracked 
| 100|0x000000074c800000, 0x000000074c800000, 0x000000074ca00000|  0%| F|  |TAMS 0x000000074c800000, 0x000000074c800000| Untracked 
| 101|0x000000074ca00000, 0x000000074ca00000, 0x000000074cc00000|  0%| F|  |TAMS 0x000000074ca00000, 0x000000074ca00000| Untracked 
| 102|0x000000074cc00000, 0x000000074cc00000, 0x000000074ce00000|  0%| F|  |TAMS 0x000000074cc00000, 0x000000074cc00000| Untracked 
| 103|0x000000074ce00000, 0x000000074ce00000, 0x000000074d000000|  0%| F|  |TAMS 0x000000074ce00000, 0x000000074ce00000| Untracked 
| 104|0x000000074d000000, 0x000000074d000000, 0x000000074d200000|  0%| F|  |TAMS 0x000000074d000000, 0x000000074d000000| Untracked 
| 105|0x000000074d200000, 0x000000074d200000, 0x000000074d400000|  0%| F|  |TAMS 0x000000074d200000, 0x000000074d200000| Untracked 
| 106|0x000000074d400000, 0x000000074d400000, 0x000000074d600000|  0%| F|  |TAMS 0x000000074d400000, 0x000000074d400000| Untracked 
| 107|0x000000074d600000, 0x000000074d600000, 0x000000074d800000|  0%| F|  |TAMS 0x000000074d600000, 0x000000074d600000| Untracked 
| 108|0x000000074d800000, 0x000000074d800000, 0x000000074da00000|  0%| F|  |TAMS 0x000000074d800000, 0x000000074d800000| Untracked 
| 109|0x000000074da00000, 0x000000074da00000, 0x000000074dc00000|  0%| F|  |TAMS 0x000000074da00000, 0x000000074da00000| Untracked 
| 110|0x000000074dc00000, 0x000000074dc00000, 0x000000074de00000|  0%| F|  |TAMS 0x000000074dc00000, 0x000000074dc00000| Untracked 
| 111|0x000000074de00000, 0x000000074de00000, 0x000000074e000000|  0%| F|  |TAMS 0x000000074de00000, 0x000000074de00000| Untracked 
| 112|0x000000074e000000, 0x000000074e000000, 0x000000074e200000|  0%| F|  |TAMS 0x000000074e000000, 0x000000074e000000| Untracked 
| 113|0x000000074e200000, 0x000000074e200000, 0x000000074e400000|  0%| F|  |TAMS 0x000000074e200000, 0x000000074e200000| Untracked 
| 114|0x000000074e400000, 0x000000074e400000, 0x000000074e600000|  0%| F|  |TAMS 0x000000074e400000, 0x000000074e400000| Untracked 
| 115|0x000000074e600000, 0x000000074e600000, 0x000000074e800000|  0%| F|  |TAMS 0x000000074e600000, 0x000000074e600000| Untracked 
| 116|0x000000074e800000, 0x000000074e800000, 0x000000074ea00000|  0%| F|  |TAMS 0x000000074e800000, 0x000000074e800000| Untracked 
| 117|0x000000074ea00000, 0x000000074ea00000, 0x000000074ec00000|  0%| F|  |TAMS 0x000000074ea00000, 0x000000074ea00000| Untracked 
| 118|0x000000074ec00000, 0x000000074ec00000, 0x000000074ee00000|  0%| F|  |TAMS 0x000000074ec00000, 0x000000074ec00000| Untracked 
| 119|0x000000074ee00000, 0x000000074ee00000, 0x000000074f000000|  0%| F|  |TAMS 0x000000074ee00000, 0x000000074ee00000| Untracked 
| 120|0x000000074f000000, 0x000000074f000000, 0x000000074f200000|  0%| F|  |TAMS 0x000000074f000000, 0x000000074f000000| Untracked 
| 121|0x000000074f200000, 0x000000074f200000, 0x000000074f400000|  0%| F|  |TAMS 0x000000074f200000, 0x000000074f200000| Untracked 
| 122|0x000000074f400000, 0x000000074f400000, 0x000000074f600000|  0%| F|  |TAMS 0x000000074f400000, 0x000000074f400000| Untracked 
| 123|0x000000074f600000, 0x000000074f600000, 0x000000074f800000|  0%| F|  |TAMS 0x000000074f600000, 0x000000074f600000| Untracked 
| 124|0x000000074f800000, 0x000000074f800000, 0x000000074fa00000|  0%| F|  |TAMS 0x000000074f800000, 0x000000074f800000| Untracked 
| 125|0x000000074fa00000, 0x000000074fa00000, 0x000000074fc00000|  0%| F|  |TAMS 0x000000074fa00000, 0x000000074fa00000| Untracked 
| 126|0x000000074fc00000, 0x000000074fc00000, 0x000000074fe00000|  0%| F|  |TAMS 0x000000074fc00000, 0x000000074fc00000| Untracked 
| 127|0x000000074fe00000, 0x000000074fe00000, 0x0000000750000000|  0%| F|  |TAMS 0x000000074fe00000, 0x000000074fe00000| Untracked 
| 128|0x0000000750000000, 0x0000000750000000, 0x0000000750200000|  0%| F|  |TAMS 0x0000000750000000, 0x0000000750000000| Untracked 
| 129|0x0000000750200000, 0x0000000750200000, 0x0000000750400000|  0%| F|  |TAMS 0x0000000750200000, 0x0000000750200000| Untracked 
| 130|0x0000000750400000, 0x0000000750400000, 0x0000000750600000|  0%| F|  |TAMS 0x0000000750400000, 0x0000000750400000| Untracked 
| 131|0x0000000750600000, 0x0000000750600000, 0x0000000750800000|  0%| F|  |TAMS 0x0000000750600000, 0x0000000750600000| Untracked 
| 132|0x0000000750800000, 0x0000000750800000, 0x0000000750a00000|  0%| F|  |TAMS 0x0000000750800000, 0x0000000750800000| Untracked 
| 133|0x0000000750a00000, 0x0000000750a00000, 0x0000000750c00000|  0%| F|  |TAMS 0x0000000750a00000, 0x0000000750a00000| Untracked 
| 134|0x0000000750c00000, 0x0000000750c00000, 0x0000000750e00000|  0%| F|  |TAMS 0x0000000750c00000, 0x0000000750c00000| Untracked 
| 135|0x0000000750e00000, 0x0000000750e00000, 0x0000000751000000|  0%| F|  |TAMS 0x0000000750e00000, 0x0000000750e00000| Untracked 
| 136|0x0000000751000000, 0x0000000751000000, 0x0000000751200000|  0%| F|  |TAMS 0x0000000751000000, 0x0000000751000000| Untracked 
| 137|0x0000000751200000, 0x0000000751200000, 0x0000000751400000|  0%| F|  |TAMS 0x0000000751200000, 0x0000000751200000| Untracked 
| 138|0x0000000751400000, 0x0000000751400000, 0x0000000751600000|  0%| F|  |TAMS 0x0000000751400000, 0x0000000751400000| Untracked 
| 139|0x0000000751600000, 0x0000000751600000, 0x0000000751800000|  0%| F|  |TAMS 0x0000000751600000, 0x0000000751600000| Untracked 
| 140|0x0000000751800000, 0x0000000751800000, 0x0000000751a00000|  0%| F|  |TAMS 0x0000000751800000, 0x0000000751800000| Untracked 
| 141|0x0000000751a00000, 0x0000000751a00000, 0x0000000751c00000|  0%| F|  |TAMS 0x0000000751a00000, 0x0000000751a00000| Untracked 
| 142|0x0000000751c00000, 0x0000000751c00000, 0x0000000751e00000|  0%| F|  |TAMS 0x0000000751c00000, 0x0000000751c00000| Untracked 
| 143|0x0000000751e00000, 0x0000000751e00000, 0x0000000752000000|  0%| F|  |TAMS 0x0000000751e00000, 0x0000000751e00000| Untracked 
| 144|0x0000000752000000, 0x0000000752000000, 0x0000000752200000|  0%| F|  |TAMS 0x0000000752000000, 0x0000000752000000| Untracked 
| 145|0x0000000752200000, 0x0000000752200000, 0x0000000752400000|  0%| F|  |TAMS 0x0000000752200000, 0x0000000752200000| Untracked 
| 146|0x0000000752400000, 0x0000000752400000, 0x0000000752600000|  0%| F|  |TAMS 0x0000000752400000, 0x0000000752400000| Untracked 
| 147|0x0000000752600000, 0x0000000752600000, 0x0000000752800000|  0%| F|  |TAMS 0x0000000752600000, 0x0000000752600000| Untracked 
| 148|0x0000000752800000, 0x0000000752800000, 0x0000000752a00000|  0%| F|  |TAMS 0x0000000752800000, 0x0000000752800000| Untracked 
| 149|0x0000000752a00000, 0x0000000752a00000, 0x0000000752c00000|  0%| F|  |TAMS 0x0000000752a00000, 0x0000000752a00000| Untracked 
| 150|0x0000000752c00000, 0x0000000752c00000, 0x0000000752e00000|  0%| F|  |TAMS 0x0000000752c00000, 0x0000000752c00000| Untracked 
| 151|0x0000000752e00000, 0x0000000752e00000, 0x0000000753000000|  0%| F|  |TAMS 0x0000000752e00000, 0x0000000752e00000| Untracked 
| 152|0x0000000753000000, 0x0000000753000000, 0x0000000753200000|  0%| F|  |TAMS 0x0000000753000000, 0x0000000753000000| Untracked 
| 153|0x0000000753200000, 0x0000000753200000, 0x0000000753400000|  0%| F|  |TAMS 0x0000000753200000, 0x0000000753200000| Untracked 
| 154|0x0000000753400000, 0x0000000753400000, 0x0000000753600000|  0%| F|  |TAMS 0x0000000753400000, 0x0000000753400000| Untracked 
| 155|0x0000000753600000, 0x0000000753800000, 0x0000000753800000|100%| S|CS|TAMS 0x0000000753600000, 0x0000000753600000| Complete 
| 156|0x0000000753800000, 0x0000000753a00000, 0x0000000753a00000|100%| S|CS|TAMS 0x0000000753800000, 0x0000000753800000| Complete 
| 157|0x0000000753a00000, 0x0000000753c00000, 0x0000000753c00000|100%| S|CS|TAMS 0x0000000753a00000, 0x0000000753a00000| Complete 
| 158|0x0000000753c00000, 0x0000000753c00000, 0x0000000753e00000|  0%| F|  |TAMS 0x0000000753c00000, 0x0000000753c00000| Untracked 
| 159|0x0000000753e00000, 0x0000000753e00000, 0x0000000754000000|  0%| F|  |TAMS 0x0000000753e00000, 0x0000000753e00000| Untracked 
| 160|0x0000000754000000, 0x0000000754000000, 0x0000000754200000|  0%| F|  |TAMS 0x0000000754000000, 0x0000000754000000| Untracked 
| 161|0x0000000754200000, 0x0000000754200000, 0x0000000754400000|  0%| F|  |TAMS 0x0000000754200000, 0x0000000754200000| Untracked 
| 162|0x0000000754400000, 0x0000000754400000, 0x0000000754600000|  0%| F|  |TAMS 0x0000000754400000, 0x0000000754400000| Untracked 
| 163|0x0000000754600000, 0x0000000754600000, 0x0000000754800000|  0%| F|  |TAMS 0x0000000754600000, 0x0000000754600000| Untracked 
| 164|0x0000000754800000, 0x0000000754800000, 0x0000000754a00000|  0%| F|  |TAMS 0x0000000754800000, 0x0000000754800000| Untracked 
| 165|0x0000000754a00000, 0x0000000754a00000, 0x0000000754c00000|  0%| F|  |TAMS 0x0000000754a00000, 0x0000000754a00000| Untracked 
| 166|0x0000000754c00000, 0x0000000754c00000, 0x0000000754e00000|  0%| F|  |TAMS 0x0000000754c00000, 0x0000000754c00000| Untracked 
| 167|0x0000000754e00000, 0x0000000754e00000, 0x0000000755000000|  0%| F|  |TAMS 0x0000000754e00000, 0x0000000754e00000| Untracked 
| 168|0x0000000755000000, 0x0000000755000000, 0x0000000755200000|  0%| F|  |TAMS 0x0000000755000000, 0x0000000755000000| Untracked 
| 169|0x0000000755200000, 0x0000000755200000, 0x0000000755400000|  0%| F|  |TAMS 0x0000000755200000, 0x0000000755200000| Untracked 
|1527|0x00000007fee00000, 0x00000007ff000000, 0x00000007ff000000|100%| O|  |TAMS 0x00000007ff000000, 0x00000007fee00000| Updating 
|1528|0x00000007ff000000, 0x00000007ff200000, 0x00000007ff200000|100%| O|  |TAMS 0x00000007ff200000, 0x00000007ff000000| Updating 
|1529|0x00000007ff200000, 0x00000007ff400000, 0x00000007ff400000|100%| O|  |TAMS 0x00000007ff400000, 0x00000007ff200000| Updating 
|1530|0x00000007ff400000, 0x00000007ff600000, 0x00000007ff600000|100%| O|  |TAMS 0x00000007ff600000, 0x00000007ff400000| Updating 
|1531|0x00000007ff600000, 0x00000007ff800000, 0x00000007ff800000|100%| O|  |TAMS 0x00000007ff800000, 0x00000007ff600000| Updating 
|1532|0x00000007ff800000, 0x00000007ffa00000, 0x00000007ffa00000|100%| O|  |TAMS 0x00000007ffa00000, 0x00000007ff800000| Updating 
|1533|0x00000007ffa00000, 0x00000007ffc00000, 0x00000007ffc00000|100%| O|  |TAMS 0x00000007ffc00000, 0x00000007ffa00000| Updating 
|1534|0x00000007ffc00000, 0x00000007ffe00000, 0x00000007ffe00000|100%| O|  |TAMS 0x00000007ffe00000, 0x00000007ffc00000| Updating 
|1535|0x00000007ffe00000, 0x0000000800000000, 0x0000000800000000|100%| O|  |TAMS 0x0000000800000000, 0x00000007ffe00000| Updating 

Card table byte_map: [0x000001f2eed70000,0x000001f2ef370000] _byte_map_base: 0x000001f2eb370000

Marking Bits (Prev, Next): (CMBitMap*) 0x000001f2d6ac81a0, (CMBitMap*) 0x000001f2d6ac81e0
 Prev Bits: [0x000001f2ef970000, 0x000001f2f2970000)
 Next Bits: [0x000001f2f2970000, 0x000001f2f5970000)

Polling page: 0x000001f2d49f0000

Metaspace:

Usage:
  Non-class:     51.80 MB used.
      Class:      7.87 MB used.
       Both:     59.67 MB used.

Virtual space:
  Non-class space:       56.00 MB reserved,      52.06 MB ( 93%) committed,  7 nodes.
      Class space:        1.00 GB reserved,       8.12 MB ( <1%) committed,  1 nodes.
              Both:        1.05 GB reserved,      60.19 MB (  6%) committed. 

Chunk freelists:
   Non-Class:  3.54 MB
       Class:  3.80 MB
        Both:  7.33 MB

MaxMetaspaceSize: 17179869184.00 GB
CompressedClassSpaceSize: 1.00 GB
 - commit_granule_bytes: 65536.
 - commit_granule_words: 8192.
 - virtual_space_node_default_size: 1048576.
 - enlarge_chunks_in_place: 1.
 - new_chunks_are_fully_committed: 0.
 - uncommit_free_chunks: 1.
 - use_allocation_guard: 0.
 - handle_deallocations: 1.


Internal statistics:

num_allocs_failed_limit: 6.
num_arena_births: 568.
num_arena_deaths: 0.
num_vsnodes_births: 8.
num_vsnodes_deaths: 0.
num_space_committed: 963.
num_space_uncommitted: 0.
num_chunks_returned_to_freelist: 6.
num_chunks_taken_from_freelist: 2767.
num_chunk_merges: 6.
num_chunk_splits: 1771.
num_chunks_enlarged: 1141.
num_purges: 0.

CodeHeap 'non-profiled nmethods': size=120000Kb used=3047Kb max_used=3228Kb free=116952Kb
 bounds [0x000001f2e6f10000, 0x000001f2e7240000, 0x000001f2ee440000]
CodeHeap 'profiled nmethods': size=120000Kb used=14617Kb max_used=14617Kb free=105383Kb
 bounds [0x000001f2df9e0000, 0x000001f2e0830000, 0x000001f2e6f10000]
CodeHeap 'non-nmethods': size=5760Kb used=2388Kb max_used=2435Kb free=3371Kb
 bounds [0x000001f2df440000, 0x000001f2df6b0000, 0x000001f2df9e0000]
 total_blobs=7949 nmethods=7045 adapters=814
 compilation: enabled
              stopped_count=0, restarted_count=0
 full_count=0

Compilation events (20 events):
Event: 36.273 Thread 0x000001f2f8370d20 8118       2       java.util.regex.Pattern$BnM::match (161 bytes)
Event: 36.274 Thread 0x000001f2f8370d20 nmethod 8118 0x000001f2e0810810 code [0x000001f2e0810a00, 0x000001f2e0810e78]
Event: 36.274 Thread 0x000001f2f8370d20 8119       2       net.minecraftforge.srgutils.InternalUtils::toDesc (235 bytes)
Event: 36.275 Thread 0x000001f2f8370d20 nmethod 8119 0x000001f2e0811190 code [0x000001f2e0811540, 0x000001f2e0812078]
Event: 36.279 Thread 0x000001f2f8370d20 8121       2       net.minecraftforge.srgutils.NamedMappingFile$Cls$Field::descriptor (7 bytes)
Event: 36.280 Thread 0x000001f2f8370d20 nmethod 8121 0x000001f2e0812590 code [0x000001f2e0812720, 0x000001f2e0812878]
Event: 36.299 Thread 0x000001f2f8370d20 8122 %     3       java.util.regex.Pattern$BnM::match @ 20 (161 bytes)
Event: 36.300 Thread 0x000001f2f8370d20 nmethod 8122% 0x000001f2e0812910 code [0x000001f2e0812b20, 0x000001f2e08133f8]
Event: 36.331 Thread 0x000001f2f8370d20 8124 %     3       java.util.regex.Pattern$BnM::match @ 32 (161 bytes)
Event: 36.332 Thread 0x000001f2f8370d20 nmethod 8124% 0x000001f2e0813810 code [0x000001f2e0813a20, 0x000001f2e0814318]
Event: 36.348 Thread 0x000001f2f8370d20 8126       2       sun.management.MemoryPoolImpl::getObjectName (10 bytes)
Event: 36.349 Thread 0x000001f2f8370d20 nmethod 8126 0x000001f2e0814790 code [0x000001f2e08149c0, 0x000001f2e0814e68]
Event: 36.352 Thread 0x000001f2f8370d20 8127       3       java.util.regex.Pattern$BnM::match (161 bytes)
Event: 36.353 Thread 0x000001f2f8370d20 nmethod 8127 0x000001f2e0815310 code [0x000001f2e0815520, 0x000001f2e0815cb8]
Event: 36.549 Thread 0x000001f2f83663b0 nmethod 8060% 0x000001f2e7045010 code [0x000001f2e7045640, 0x000001f2e704da78]
Event: 36.551 Thread 0x000001f2f83663b0 8115       4       java.lang.String::split (327 bytes)
Event: 36.730 Thread 0x000001f2f8370d20 8143 %     3       net.minecraftforge.srgutils.InternalUtils::loadProguard @ 27 (598 bytes)
Event: 36.740 Thread 0x000001f2f8370d20 nmethod 8143% 0x000001f2e0816010 code [0x000001f2e08169c0, 0x000001f2e081c508]
Event: 36.749 Thread 0x000001f2f8370d20 8145       3       net.minecraftforge.srgutils.InternalUtils::loadProguard (598 bytes)
Event: 36.760 Thread 0x000001f2f8370d20 nmethod 8145 0x000001f2e081e890 code [0x000001f2e081f240, 0x000001f2e0824ca8]

GC Heap History (20 events):
Event: 29.999 GC heap after
{Heap after GC invocations=25 (full 0):
 garbage-first heap   total 163840K, used 49661K [0x0000000740000000, 0x0000000800000000)
  region size 2048K, 3 young (6144K), 3 survivors (6144K)
 Metaspace       used 57891K, committed 58432K, reserved 1105920K
  class space    used 7595K, committed 7872K, reserved 1048576K
}
Event: 30.286 GC heap before
{Heap before GC invocations=25 (full 0):
 garbage-first heap   total 163840K, used 74237K [0x0000000740000000, 0x0000000800000000)
  region size 2048K, 4 young (8192K), 3 survivors (6144K)
 Metaspace       used 57953K, committed 58496K, reserved 1105920K
  class space    used 7595K, committed 7872K, reserved 1048576K
}
Event: 30.294 GC heap after
{Heap after GC invocations=26 (full 0):
 garbage-first heap   total 163840K, used 49763K [0x0000000740000000, 0x0000000800000000)
  region size 2048K, 3 young (6144K), 3 survivors (6144K)
 Metaspace       used 57953K, committed 58496K, reserved 1105920K
  class space    used 7595K, committed 7872K, reserved 1048576K
}
Event: 30.403 GC heap before
{Heap before GC invocations=26 (full 0):
 garbage-first heap   total 163840K, used 74339K [0x0000000740000000, 0x0000000800000000)
  region size 2048K, 4 young (8192K), 3 survivors (6144K)
 Metaspace       used 57954K, committed 58496K, reserved 1105920K
  class space    used 7595K, committed 7872K, reserved 1048576K
}
Event: 30.409 GC heap after
{Heap after GC invocations=27 (full 0):
 garbage-first heap   total 241664K, used 49653K [0x0000000740000000, 0x0000000800000000)
  region size 2048K, 3 young (6144K), 3 survivors (6144K)
 Metaspace       used 57954K, committed 58496K, reserved 1105920K
  class space    used 7595K, committed 7872K, reserved 1048576K
}
Event: 31.007 GC heap before
{Heap before GC invocations=27 (full 0):
 garbage-first heap   total 241664K, used 113141K [0x0000000740000000, 0x0000000800000000)
  region size 2048K, 6 young (12288K), 3 survivors (6144K)
 Metaspace       used 58107K, committed 58688K, reserved 1105920K
  class space    used 7595K, committed 7872K, reserved 1048576K
}
Event: 31.016 GC heap after
{Heap after GC invocations=28 (full 0):
 garbage-first heap   total 241664K, used 51728K [0x0000000740000000, 0x0000000800000000)
  region size 2048K, 3 young (6144K), 3 survivors (6144K)
 Metaspace       used 58107K, committed 58688K, reserved 1105920K
  class space    used 7595K, committed 7872K, reserved 1048576K
}
Event: 31.259 GC heap before
{Heap before GC invocations=28 (full 0):
 garbage-first heap   total 241664K, used 111120K [0x0000000740000000, 0x0000000800000000)
  region size 2048K, 6 young (12288K), 3 survivors (6144K)
 Metaspace       used 58115K, committed 58688K, reserved 1105920K
  class space    used 7595K, committed 7872K, reserved 1048576K
}
Event: 31.267 GC heap after
{Heap after GC invocations=29 (full 0):
 garbage-first heap   total 241664K, used 49681K [0x0000000740000000, 0x0000000800000000)
  region size 2048K, 3 young (6144K), 3 survivors (6144K)
 Metaspace       used 58115K, committed 58688K, reserved 1105920K
  class space    used 7595K, committed 7872K, reserved 1048576K
}
Event: 35.222 GC heap before
{Heap before GC invocations=29 (full 0):
 garbage-first heap   total 241664K, used 193041K [0x0000000740000000, 0x0000000800000000)
  region size 2048K, 70 young (143360K), 3 survivors (6144K)
 Metaspace       used 60975K, committed 61440K, reserved 1105920K
  class space    used 8042K, committed 8256K, reserved 1048576K
}
Event: 35.280 GC heap after
{Heap after GC invocations=30 (full 0):
 garbage-first heap   total 260096K, used 106317K [0x0000000740000000, 0x0000000800000000)
  region size 2048K, 9 young (18432K), 9 survivors (18432K)
 Metaspace       used 60975K, committed 61440K, reserved 1105920K
  class space    used 8042K, committed 8256K, reserved 1048576K
}
Event: 35.755 GC heap before
{Heap before GC invocations=30 (full 0):
 garbage-first heap   total 260096K, used 173901K [0x0000000740000000, 0x0000000800000000)
  region size 2048K, 42 young (86016K), 9 survivors (18432K)
 Metaspace       used 61093K, committed 61632K, reserved 1105920K
  class space    used 8056K, committed 8320K, reserved 1048576K
}
Event: 35.819 GC heap after
{Heap after GC invocations=31 (full 0):
 garbage-first heap   total 313344K, used 147018K [0x0000000740000000, 0x0000000800000000)
  region size 2048K, 6 young (12288K), 6 survivors (12288K)
 Metaspace       used 61093K, committed 61632K, reserved 1105920K
  class space    used 8056K, committed 8320K, reserved 1048576K
}
Event: 36.478 GC heap before
{Heap before GC invocations=31 (full 0):
 garbage-first heap   total 313344K, used 206410K [0x0000000740000000, 0x0000000800000000)
  region size 2048K, 36 young (73728K), 6 survivors (12288K)
 Metaspace       used 61096K, committed 61632K, reserved 1105920K
  class space    used 8056K, committed 8320K, reserved 1048576K
}
Event: 36.516 GC heap after
{Heap after GC invocations=32 (full 0):
 garbage-first heap   total 313344K, used 176952K [0x0000000740000000, 0x0000000800000000)
  region size 2048K, 5 young (10240K), 5 survivors (10240K)
 Metaspace       used 61096K, committed 61632K, reserved 1105920K
  class space    used 8056K, committed 8320K, reserved 1048576K
}
Event: 36.698 GC heap before
{Heap before GC invocations=32 (full 0):
 garbage-first heap   total 313344K, used 224056K [0x0000000740000000, 0x0000000800000000)
  region size 2048K, 28 young (57344K), 5 survivors (10240K)
 Metaspace       used 61096K, committed 61632K, reserved 1105920K
  class space    used 8056K, committed 8320K, reserved 1048576K
}
Event: 36.718 GC heap after
{Heap after GC invocations=33 (full 0):
 garbage-first heap   total 313344K, used 190805K [0x0000000740000000, 0x0000000800000000)
  region size 2048K, 4 young (8192K), 4 survivors (8192K)
 Metaspace       used 61096K, committed 61632K, reserved 1105920K
  class space    used 8056K, committed 8320K, reserved 1048576K
}
Event: 36.914 GC heap before
{Heap before GC invocations=33 (full 0):
 garbage-first heap   total 313344K, used 233813K [0x0000000740000000, 0x0000000800000000)
  region size 2048K, 25 young (51200K), 4 survivors (8192K)
 Metaspace       used 61104K, committed 61632K, reserved 1105920K
  class space    used 8056K, committed 8320K, reserved 1048576K
}
Event: 36.929 GC heap after
{Heap after GC invocations=34 (full 0):
 garbage-first heap   total 313344K, used 200731K [0x0000000740000000, 0x0000000800000000)
  region size 2048K, 4 young (8192K), 4 survivors (8192K)
 Metaspace       used 61104K, committed 61632K, reserved 1105920K
  class space    used 8056K, committed 8320K, reserved 1048576K
}
Event: 37.176 GC heap before
{Heap before GC invocations=34 (full 0):
 garbage-first heap   total 366592K, used 241691K [0x0000000740000000, 0x0000000800000000)
  region size 2048K, 24 young (49152K), 4 survivors (8192K)
 Metaspace       used 61104K, committed 61632K, reserved 1105920K
  class space    used 8056K, committed 8320K, reserved 1048576K
}

Deoptimization events (20 events):
Event: 36.251 Thread 0x000001f2f839c530 Uncommon trap: trap_request=0xffffffcc fr.pc=0x000001f2e70b5690 relative=0x0000000000004950
Event: 36.251 Thread 0x000001f2f839c530 Uncommon trap: reason=intrinsic_or_type_checked_inlining action=make_not_entrant pc=0x000001f2e70b5690 method=java.util.ArrayList$SubList.toArray([Ljava/lang/Object;)[Ljava/lang/Object; @ 58 c2
Event: 36.251 Thread 0x000001f2f839c530 DEOPT PACKING pc=0x000001f2e70b5690 sp=0x000000a1407fa8c0
Event: 36.251 Thread 0x000001f2f839c530 DEOPT UNPACKING pc=0x000001f2df48d72e sp=0x000000a1407fa828 mode 2
Event: 36.251 Thread 0x000001f2f839c530 Uncommon trap: trap_request=0xffffff45 fr.pc=0x000001f2e7057350 relative=0x0000000000000610
Event: 36.251 Thread 0x000001f2f839c530 Uncommon trap: reason=unstable_if action=reinterpret pc=0x000001f2e7057350 method=net.minecraftforge.srgutils.InternalUtils.stripComment(Ljava/lang/String;)Ljava/lang/String; @ 8 c2
Event: 36.251 Thread 0x000001f2f839c530 DEOPT PACKING pc=0x000001f2e7057350 sp=0x000000a1407fa620
Event: 36.251 Thread 0x000001f2f839c530 DEOPT UNPACKING pc=0x000001f2df48d72e sp=0x000000a1407fa580 mode 2
Event: 36.251 Thread 0x000001f2f839c530 Uncommon trap: trap_request=0xffffff45 fr.pc=0x000001f2e7057a0c relative=0x000000000000006c
Event: 36.251 Thread 0x000001f2f839c530 Uncommon trap: reason=unstable_if action=reinterpret pc=0x000001f2e7057a0c method=net.minecraftforge.srgutils.InternalUtils.lambda$filter$1(Ljava/lang/String;)Z @ 4 c2
Event: 36.251 Thread 0x000001f2f839c530 DEOPT PACKING pc=0x000001f2e7057a0c sp=0x000000a1407fa5e0
Event: 36.251 Thread 0x000001f2f839c530 DEOPT UNPACKING pc=0x000001f2df48d72e sp=0x000000a1407fa510 mode 2
Event: 36.253 Thread 0x000001f2f839c530 DEOPT PACKING pc=0x000001f2e07df318 sp=0x000000a1407fa6b0
Event: 36.253 Thread 0x000001f2f839c530 DEOPT UNPACKING pc=0x000001f2df48dece sp=0x000000a1407f9b50 mode 0
Event: 36.347 Thread 0x000001f2f93e2440 Uncommon trap: trap_request=0xffffff45 fr.pc=0x000001f2e713d9d4 relative=0x0000000000000234
Event: 36.347 Thread 0x000001f2f93e2440 Uncommon trap: reason=unstable_if action=reinterpret pc=0x000001f2e713d9d4 method=java.util.HashMap$ValueSpliterator.forEachRemaining(Ljava/util/function/Consumer;)V @ 31 c2
Event: 36.347 Thread 0x000001f2f93e2440 DEOPT PACKING pc=0x000001f2e713d9d4 sp=0x000000a1388fea90
Event: 36.347 Thread 0x000001f2f93e2440 DEOPT UNPACKING pc=0x000001f2df48d72e sp=0x000000a1388fea30 mode 2
Event: 36.353 Thread 0x000001f2f839c530 DEOPT PACKING pc=0x000001f2e0810d0f sp=0x000000a1407fa5c0
Event: 36.353 Thread 0x000001f2f839c530 DEOPT UNPACKING pc=0x000001f2df48dece sp=0x000000a1407f9a70 mode 0

Classes unloaded (0 events):
No events

Classes redefined (0 events):
No events

Internal exceptions (20 events):
Event: 25.674 Thread 0x000001f2fbfaf680 Exception <a 'java/lang/NoSuchMethodError'{0x00000007495b2ae8}: 'java.lang.Object java.lang.invoke.DirectMethodHandle$Holder.newInvokeSpecial(java.lang.Object, long)'> (0x00000007495b2ae8) 
thrown [e:\jenkins\tmp\workspace\build\src\src\hotspot\share\interpreter\linkResolver.cpp, line 790]
Event: 25.678 Thread 0x000001f2fbfaf680 Exception <a 'java/lang/NoSuchMethodError'{0x00000007495b98f8}: 'java.lang.Object java.lang.invoke.DirectMethodHandle$Holder.invokeStatic(java.lang.Object, java.lang.Object, long, java.lang.Object)'> (0x00000007495b98f8) 
thrown [e:\jenkins\tmp\workspace\build\src\src\hotspot\share\interpreter\linkResolver.cpp, line 790]
Event: 25.679 Thread 0x000001f2fbfaf680 Exception <a 'java/lang/NoSuchMethodError'{0x00000007495bd598}: 'java.lang.Object java.lang.invoke.DirectMethodHandle$Holder.invokeStaticInit(java.lang.Object, java.lang.Object, long, java.lang.Object)'> (0x00000007495bd598) 
thrown [e:\jenkins\tmp\workspace\build\src\src\hotspot\share\interpreter\linkResolver.cpp, line 790]
Event: 25.681 Thread 0x000001f2fbfaf680 Exception <a 'java/lang/NoSuchMethodError'{0x00000007495c3ef8}: 'java.lang.Object java.lang.invoke.DirectMethodHandle$Holder.newInvokeSpecial(java.lang.Object, java.lang.Object, long)'> (0x00000007495c3ef8) 
thrown [e:\jenkins\tmp\workspace\build\src\src\hotspot\share\interpreter\linkResolver.cpp, line 790]
Event: 25.682 Thread 0x000001f2fbfaf680 Exception <a 'java/lang/NoSuchMethodError'{0x00000007495c7c68}: 'java.lang.Object java.lang.invoke.Invokers$Holder.linkToTargetMethod(java.lang.Object, long, java.lang.Object)'> (0x00000007495c7c68) 
thrown [e:\jenkins\tmp\workspace\build\src\src\hotspot\share\interpreter\linkResolver.cpp, line 790]
Event: 27.309 Thread 0x000001f2fbfaf680 Exception <a 'java/io/IOException'{0x00000007495f6d50}: CreateProcess error=2, Het systeem kan het opgegeven bestand niet vinden> (0x00000007495f6d50) 
thrown [e:\jenkins\tmp\workspace\build\src\src\hotspot\share\prims\jni.cpp, line 600]
Event: 29.809 Thread 0x000001f2f9811f20 Exception <a 'java/lang/ClassNotFoundException'{0x00000007498b8470}: net/minecraftforge/gradle/userdev/tasks/RenameJarInPlace_DecoratedBeanInfo> (0x00000007498b8470) 
thrown [e:\jenkins\tmp\workspace\build\src\src\hotspot\share\classfile\systemDictionary.cpp, line 256]
Event: 29.814 Thread 0x000001f2f9811f20 Exception <a 'java/lang/ClassNotFoundException'{0x00000007498c3268}: net/minecraftforge/gradle/userdev/tasks/RenameJarInPlaceBeanInfo> (0x00000007498c3268) 
thrown [e:\jenkins\tmp\workspace\build\src\src\hotspot\share\classfile\systemDictionary.cpp, line 256]
Event: 29.815 Thread 0x000001f2f9811f20 Exception <a 'java/lang/ClassNotFoundException'{0x00000007498cdf88}: net/minecraftforge/gradle/common/tasks/JarExecBeanInfo> (0x00000007498cdf88) 
thrown [e:\jenkins\tmp\workspace\build\src\src\hotspot\share\classfile\systemDictionary.cpp, line 256]
Event: 29.817 Thread 0x000001f2f9811f20 Exception <a 'java/lang/ClassNotFoundException'{0x00000007498d8c98}: net/minecraftforge/gradle/common/tasks/JarExecCustomizer> (0x00000007498d8c98) 
thrown [e:\jenkins\tmp\workspace\build\src\src\hotspot\share\classfile\systemDictionary.cpp, line 256]
Event: 29.821 Thread 0x000001f2f9811f20 Exception <a 'java/lang/ClassNotFoundException'{0x0000000749902110}: net/minecraftforge/gradle/userdev/tasks/RenameJarInPlaceCustomizer> (0x0000000749902110) 
thrown [e:\jenkins\tmp\workspace\build\src\src\hotspot\share\classfile\systemDictionary.cpp, line 256]
Event: 29.824 Thread 0x000001f2f9811f20 Exception <a 'java/lang/ClassNotFoundException'{0x0000000749923448}: net/minecraftforge/gradle/userdev/tasks/RenameJarInPlace_DecoratedCustomizer> (0x0000000749923448) 
thrown [e:\jenkins\tmp\workspace\build\src\src\hotspot\share\classfile\systemDictionary.cpp, line 256]
Event: 29.861 Thread 0x000001f2f9811f20 Exception <a 'java/lang/NoSuchMethodError'{0x00000007499faae0}: 'void java.lang.invoke.DirectMethodHandle$Holder.invokeVirtual(java.lang.Object, java.lang.Object)'> (0x00000007499faae0) 
thrown [e:\jenkins\tmp\workspace\build\src\src\hotspot\share\interpreter\linkResolver.cpp, line 790]
Event: 29.871 Thread 0x000001f2f9811f20 Exception <a 'java/lang/NoSuchMethodError'{0x000000074960eda8}: 'void java.lang.invoke.DirectMethodHandle$Holder.invokeStatic(java.lang.Object, java.lang.Object, java.lang.Object, java.lang.Object, java.lang.Object, java.lang.Object, java.lang.Object)'> (0x000000074960eda8) 
thrown [e:\jenkins\tmp\workspace\build\src\src\hotspot\share\interpreter\linkResolver.cpp, line 790]
Event: 33.392 Thread 0x000001f2f839c530 Exception <a 'java/lang/IncompatibleClassChangeError'{0x000000074b61feb8}: Found class java.lang.Object, but interface was expected> (0x000000074b61feb8) 
thrown [e:\jenkins\tmp\workspace\build\src\src\hotspot\share\interpreter\linkResolver.cpp, line 857]
Event: 33.555 Thread 0x000001f2f839c530 Implicit null exception at 0x000001f2e7206281 to 0x000001f2e720660c
Event: 33.630 Thread 0x000001f2f839c530 Exception <a 'java/lang/IncompatibleClassChangeError'{0x000000074b73d998}: Found class java.lang.Object, but interface was expected> (0x000000074b73d998) 
thrown [e:\jenkins\tmp\workspace\build\src\src\hotspot\share\interpreter\linkResolver.cpp, line 857]
Event: 34.696 Thread 0x000001f2f839c530 Exception <a 'java/lang/NoSuchMethodError'{0x000000074b308440}: 'void java.lang.invoke.DirectMethodHandle$Holder.invokeInterface(java.lang.Object, java.lang.Object, java.lang.Object, java.lang.Object)'> (0x000000074b308440) 
thrown [e:\jenkins\tmp\workspace\build\src\src\hotspot\share\interpreter\linkResolver.cpp, line 790]
Event: 35.553 Thread 0x000001f2f839c530 Exception <a 'java/lang/NoSuchMethodError'{0x000000074c7bec10}: 'java.lang.Object java.lang.invoke.DirectMethodHandle$Holder.newInvokeSpecial(java.lang.Object, java.lang.Object, int, int)'> (0x000000074c7bec10) 
thrown [e:\jenkins\tmp\workspace\build\src\src\hotspot\share\interpreter\linkResolver.cpp, line 790]
Event: 35.560 Thread 0x000001f2f839c530 Exception <a 'java/lang/NoSuchMethodError'{0x000000074c7da918}: 'void java.lang.invoke.DirectMethodHandle$Holder.invokeStatic(java.lang.Object, java.lang.Object, int, int, java.lang.Object)'> (0x000000074c7da918) 
thrown [e:\jenkins\tmp\workspace\build\src\src\hotspot\share\interpreter\linkResolver.cpp, line 790]

Events (20 events):
Event: 33.662 loading class java/io/ObjectStreamClass$FieldReflector done
Event: 33.663 loading class java/io/ObjectStreamClass$ClassDataSlot
Event: 33.663 loading class java/io/ObjectStreamClass$ClassDataSlot done
Event: 34.261 Executing  VM operation: Cleanup
Event: 34.261 Executing  VM operation: Cleanup done
Event: 34.793 loading class java/io/BufferedReader$1
Event: 34.794 loading class java/io/BufferedReader$1 done
Event: 35.221 Executing  VM operation: G1CollectForAllocation
Event: 35.280 Executing  VM operation: G1CollectForAllocation done
Event: 35.755 Executing  VM operation: G1CollectForAllocation
Event: 35.819 Executing  VM operation: G1CollectForAllocation done
Event: 36.478 Executing  VM operation: G1CollectForAllocation
Event: 36.516 Executing  VM operation: G1CollectForAllocation done
Event: 36.698 Executing  VM operation: G1CollectForAllocation
Event: 36.718 Executing  VM operation: G1CollectForAllocation done
Event: 36.913 Executing  VM operation: G1CollectForAllocation
Event: 36.930 Executing  VM operation: G1CollectForAllocation done
Event: 37.039 Executing  VM operation: G1Concurrent
Event: 37.051 Executing  VM operation: G1Concurrent done
Event: 37.176 Executing  VM operation: G1CollectForAllocation


Dynamic libraries:
0x00007ff6878c0000 - 0x00007ff6878ce000 	C:\Program Files\Eclipse Foundation\jdk-16.0.2.7-hotspot\bin\java.exe
0x00007ffc951e0000 - 0x00007ffc953e9000 	C:\WINDOWS\SYSTEM32\ntdll.dll
0x00007ffc93160000 - 0x00007ffc9321d000 	C:\WINDOWS\System32\KERNEL32.DLL
0x00007ffc927e0000 - 0x00007ffc92b5d000 	C:\WINDOWS\System32\KERNELBASE.dll
0x00007ffc92da0000 - 0x00007ffc92eb1000 	C:\WINDOWS\System32\ucrtbase.dll
0x00007ffc674c0000 - 0x00007ffc674d8000 	C:\Program Files\Eclipse Foundation\jdk-16.0.2.7-hotspot\bin\jli.dll
0x00007ffc63a40000 - 0x00007ffc63a59000 	C:\Program Files\Eclipse Foundation\jdk-16.0.2.7-hotspot\bin\VCRUNTIME140.dll
0x00007ffc94d30000 - 0x00007ffc94edd000 	C:\WINDOWS\System32\USER32.dll
0x00007ffc7c1b0000 - 0x00007ffc7c455000 	C:\WINDOWS\WinSxS\amd64_microsoft.windows.common-controls_6595b64144ccf1df_6.0.22000.120_none_9d947278b86cc467\COMCTL32.dll
0x00007ffc92b60000 - 0x00007ffc92b86000 	C:\WINDOWS\System32\win32u.dll
0x00007ffc94530000 - 0x00007ffc945d3000 	C:\WINDOWS\System32\msvcrt.dll
0x00007ffc94d00000 - 0x00007ffc94d29000 	C:\WINDOWS\System32\GDI32.dll
0x00007ffc926c0000 - 0x00007ffc927d8000 	C:\WINDOWS\System32\gdi32full.dll
0x00007ffc92b90000 - 0x00007ffc92c2d000 	C:\WINDOWS\System32\msvcp_win.dll
0x00007ffc944f0000 - 0x00007ffc94521000 	C:\WINDOWS\System32\IMM32.DLL
0x00007ffc7b030000 - 0x00007ffc7b03c000 	C:\Program Files\Eclipse Foundation\jdk-16.0.2.7-hotspot\bin\vcruntime140_1.dll
0x00007ffc25560000 - 0x00007ffc255f1000 	C:\Program Files\Eclipse Foundation\jdk-16.0.2.7-hotspot\bin\msvcp140.dll
0x00007ffbbe930000 - 0x00007ffbbf567000 	C:\Program Files\Eclipse Foundation\jdk-16.0.2.7-hotspot\bin\server\jvm.dll
0x00007ffc95000000 - 0x00007ffc950ae000 	C:\WINDOWS\System32\ADVAPI32.dll
0x00007ffc94360000 - 0x00007ffc943fe000 	C:\WINDOWS\System32\sechost.dll
0x00007ffc94240000 - 0x00007ffc94360000 	C:\WINDOWS\System32\RPCRT4.dll
0x00007ffc933c0000 - 0x00007ffc933c8000 	C:\WINDOWS\System32\PSAPI.DLL
0x00007ffc7e820000 - 0x00007ffc7e829000 	C:\WINDOWS\SYSTEM32\WSOCK32.dll
0x00007ffc89d20000 - 0x00007ffc89d2a000 	C:\WINDOWS\SYSTEM32\VERSION.dll
0x00007ffc8b290000 - 0x00007ffc8b2c3000 	C:\WINDOWS\SYSTEM32\WINMM.dll
0x00007ffc93a10000 - 0x00007ffc93a7f000 	C:\WINDOWS\System32\WS2_32.dll
0x00007ffc91830000 - 0x00007ffc91848000 	C:\WINDOWS\SYSTEM32\kernel.appcore.dll
0x00007ffc77c60000 - 0x00007ffc77c6a000 	C:\Program Files\Eclipse Foundation\jdk-16.0.2.7-hotspot\bin\jimage.dll
0x00007ffc90240000 - 0x00007ffc90461000 	C:\WINDOWS\SYSTEM32\DBGHELP.DLL
0x00007ffc77fe0000 - 0x00007ffc78011000 	C:\WINDOWS\SYSTEM32\dbgcore.DLL
0x00007ffc92ec0000 - 0x00007ffc92f3f000 	C:\WINDOWS\System32\bcryptPrimitives.dll
0x00007ffc60070000 - 0x00007ffc60095000 	C:\Program Files\Eclipse Foundation\jdk-16.0.2.7-hotspot\bin\java.dll
0x00007ffc93a80000 - 0x00007ffc94238000 	C:\WINDOWS\System32\SHELL32.dll
0x00007ffc907f0000 - 0x00007ffc91058000 	C:\WINDOWS\SYSTEM32\windows.storage.dll
0x00007ffc933d0000 - 0x00007ffc93749000 	C:\WINDOWS\System32\combase.dll
0x00007ffc90680000 - 0x00007ffc907e6000 	C:\WINDOWS\SYSTEM32\wintypes.dll
0x00007ffc94c10000 - 0x00007ffc94cfa000 	C:\WINDOWS\System32\SHCORE.dll
0x00007ffc93080000 - 0x00007ffc930dd000 	C:\WINDOWS\System32\shlwapi.dll
0x00007ffc925f0000 - 0x00007ffc92611000 	C:\WINDOWS\SYSTEM32\profapi.dll
0x00007ffc618c0000 - 0x00007ffc618d9000 	C:\Program Files\Eclipse Foundation\jdk-16.0.2.7-hotspot\bin\net.dll
0x00007ffc8cc70000 - 0x00007ffc8cd7c000 	C:\WINDOWS\SYSTEM32\WINHTTP.dll
0x00007ffc91c60000 - 0x00007ffc91cc7000 	C:\WINDOWS\system32\mswsock.dll
0x00007ffc4b640000 - 0x00007ffc4b653000 	C:\Program Files\Eclipse Foundation\jdk-16.0.2.7-hotspot\bin\nio.dll
0x00007ffc4b620000 - 0x00007ffc4b638000 	C:\Program Files\Eclipse Foundation\jdk-16.0.2.7-hotspot\bin\zip.dll
0x00007ffc6ce10000 - 0x00007ffc6ce20000 	C:\Program Files\Eclipse Foundation\jdk-16.0.2.7-hotspot\bin\verify.dll
0x00007ffc7e840000 - 0x00007ffc7e867000 	C:\Users\jaspe\.gradle\native\e1d6ef7f7dcc3fd88c89a11ec53ec762bb8ba0a96d01ffa2cd45eb1d1d8dd5c5\windows-amd64\native-platform.dll
0x00007ffc067a0000 - 0x00007ffc068e4000 	C:\Users\jaspe\.gradle\native\0d407fdbe67a94daf76414ababcb853783967236a71b16ec16e742cd7a986fd3\windows-amd64\native-platform-file-events.dll
0x00007ffc691a0000 - 0x00007ffc691a9000 	C:\Program Files\Eclipse Foundation\jdk-16.0.2.7-hotspot\bin\management.dll
0x00007ffc69100000 - 0x00007ffc6910b000 	C:\Program Files\Eclipse Foundation\jdk-16.0.2.7-hotspot\bin\management_ext.dll
0x00007ffc91eb0000 - 0x00007ffc91ec8000 	C:\WINDOWS\SYSTEM32\CRYPTSP.dll
0x00007ffc91720000 - 0x00007ffc91755000 	C:\WINDOWS\system32\rsaenh.dll
0x00007ffc91d50000 - 0x00007ffc91d79000 	C:\WINDOWS\SYSTEM32\USERENV.dll
0x00007ffc920a0000 - 0x00007ffc920c7000 	C:\WINDOWS\SYSTEM32\bcrypt.dll
0x00007ffc91ed0000 - 0x00007ffc91edc000 	C:\WINDOWS\SYSTEM32\CRYPTBASE.dll
0x00007ffc912f0000 - 0x00007ffc9131d000 	C:\WINDOWS\SYSTEM32\IPHLPAPI.DLL
0x00007ffc94400000 - 0x00007ffc94409000 	C:\WINDOWS\System32\NSI.dll
0x00007ffc8ce50000 - 0x00007ffc8ce69000 	C:\WINDOWS\SYSTEM32\dhcpcsvc6.DLL
0x00007ffc8d040000 - 0x00007ffc8d05e000 	C:\WINDOWS\SYSTEM32\dhcpcsvc.DLL
0x00007ffc91370000 - 0x00007ffc91458000 	C:\WINDOWS\SYSTEM32\DNSAPI.dll
0x00007ffc65ec0000 - 0x00007ffc65ece000 	C:\Program Files\Eclipse Foundation\jdk-16.0.2.7-hotspot\bin\sunmscapi.dll
0x00007ffc92c30000 - 0x00007ffc92d92000 	C:\WINDOWS\System32\CRYPT32.dll
0x00007ffc92070000 - 0x00007ffc92098000 	C:\WINDOWS\SYSTEM32\ncrypt.dll
0x00007ffc92030000 - 0x00007ffc92067000 	C:\WINDOWS\SYSTEM32\NTASN1.dll
0x00007ffc77f50000 - 0x00007ffc77f58000 	C:\WINDOWS\system32\wshunix.dll
0x00007ffc7e9a0000 - 0x00007ffc7e9aa000 	C:\Windows\System32\rasadhlp.dll
0x00007ffc8a0f0000 - 0x00007ffc8a171000 	C:\WINDOWS\System32\fwpuclnt.dll

dbghelp: loaded successfully - version: 4.0.5 - missing functions: none
symbol engine: initialized successfully - sym options: 0x614 - pdb path: .;C:\Program Files\Eclipse Foundation\jdk-16.0.2.7-hotspot\bin;C:\WINDOWS\SYSTEM32;C:\WINDOWS\WinSxS\amd64_microsoft.windows.common-controls_6595b64144ccf1df_6.0.22000.120_none_9d947278b86cc467;C:\Program Files\Eclipse Foundation\jdk-16.0.2.7-hotspot\bin\server;C:\Users\jaspe\.gradle\native\e1d6ef7f7dcc3fd88c89a11ec53ec762bb8ba0a96d01ffa2cd45eb1d1d8dd5c5\windows-amd64;C:\Users\jaspe\.gradle\native\0d407fdbe67a94daf76414ababcb853783967236a71b16ec16e742cd7a986fd3\windows-amd64

VM Arguments:
jvm_args: --add-opens=java.base/java.util=ALL-UNNAMED --add-opens=java.base/java.lang=ALL-UNNAMED --add-opens=java.base/java.lang.invoke=ALL-UNNAMED --add-opens=java.base/java.util=ALL-UNNAMED --add-opens=java.prefs/java.util.prefs=ALL-UNNAMED --add-opens=java.prefs/java.util.prefs=ALL-UNNAMED --add-opens=java.base/java.nio.charset=ALL-UNNAMED --add-opens=java.base/java.net=ALL-UNNAMED --add-opens=java.base/java.util.concurrent.atomic=ALL-UNNAMED -Xmx3G -Dfile.encoding=windows-1252 -Duser.country=NL -Duser.language=nl -Duser.variant 
java_command: org.gradle.launcher.daemon.bootstrap.GradleDaemon 7.4
java_class_path (initial): C:\Users\jaspe\.gradle\wrapper\dists\gradle-7.4-bin\c0gwcg53nkjbqw7r0h0umtfvt\gradle-7.4\lib\gradle-launcher-7.4.jar
Launcher Type: SUN_STANDARD

[Global flags]
     intx CICompilerCount                          = 4                                         {product} {ergonomic}
     uint ConcGCThreads                            = 2                                         {product} {ergonomic}
     uint G1ConcRefinementThreads                  = 8                                         {product} {ergonomic}
   size_t G1HeapRegionSize                         = 2097152                                   {product} {ergonomic}
    uintx GCDrainStackTargetSize                   = 64                                        {product} {ergonomic}
   size_t InitialHeapSize                          = 100663296                                 {product} {ergonomic}
   size_t MarkStackSize                            = 4194304                                   {product} {ergonomic}
   size_t MaxHeapSize                              = 3221225472                                {product} {command line}
   size_t MaxNewSize                               = 1931476992                                {product} {ergonomic}
   size_t MinHeapDeltaBytes                        = 2097152                                   {product} {ergonomic}
   size_t MinHeapSize                              = 8388608                                   {product} {ergonomic}
    uintx NonNMethodCodeHeapSize                   = 5839372                                {pd product} {ergonomic}
    uintx NonProfiledCodeHeapSize                  = 122909434                              {pd product} {ergonomic}
    uintx ProfiledCodeHeapSize                     = 122909434                              {pd product} {ergonomic}
    uintx ReservedCodeCacheSize                    = 251658240                              {pd product} {ergonomic}
     bool SegmentedCodeCache                       = true                                      {product} {ergonomic}
   size_t SoftMaxHeapSize                          = 3221225472                             {manageable} {ergonomic}
     bool UseCompressedClassPointers               = true                           {product lp64_product} {ergonomic}
     bool UseCompressedOops                        = true                           {product lp64_product} {ergonomic}
     bool UseG1GC                                  = true                                      {product} {ergonomic}
     bool UseLargePagesIndividualAllocation        = false                                  {pd product} {ergonomic}

Logging:
Log output configuration:
 #0: stdout all=warning uptime,level,tags
 #1: stderr all=off uptime,level,tags

Environment Variables:
CLASSPATH=C:\Users\jaspe\IdeaProjects\forge 1.18.2\\gradle\wrapper\gradle-wrapper.jar
PATH=C:\Program Files\Eclipse Foundation\jdk-16.0.2.7-hotspot\bin;C:\Program Files\Common Files\Oracle\Java\javapath;C:\Program Files (x86)\Common Files\Oracle\Java\javapath;C:\WINDOWS\system32;C:\WINDOWS;C:\WINDOWS\System32\Wbem;C:\WINDOWS\System32\WindowsPowerShell\v1.0\;C:\WINDOWS\System32\OpenSSH\;C:\Program Files (x86)\dotnet\;C:\Program Files\Git\cmd;C:\Users\jaspe\AppData\Local\Microsoft\WindowsApps;
USERNAME=jaspe
OS=Windows_NT
PROCESSOR_IDENTIFIER=AMD64 Family 23 Model 24 Stepping 1, AuthenticAMD



---------------  S Y S T E M  ---------------

OS:
 Windows 10 , 64 bit Build 22000 (10.0.22000.708)
OS uptime: 2 days 19:49 hours

CPU: total 8 (initial active 8) (8 cores per cpu, 2 threads per core) family 23 model 24 stepping 1 microcode 0x0, cx8, cmov, fxsr, ht, mmx, 3dnowpref, sse, sse2, sse3, ssse3, sse4a, sse4.1, sse4.2, popcnt, lzcnt, tsc, tscinvbit, avx, avx2, aes, clmul, bmi1, bmi2, adx, sha, fma, vzeroupper, clflush, clflushopt

Memory: 4k page, system-wide physical 6020M (333M free)
TotalPageFile size 24452M (AvailPageFile size 132M)
current process WorkingSet (physical memory assigned to process): 562M, peak: 562M
current process commit charge ("private bytes"): 643M, peak: 968M

vm_info: OpenJDK 64-Bit Server VM (16.0.2+7) for windows-amd64 JRE (16.0.2+7), built on Jul 22 2021 15:19:09 by "" with MS VC++ 16.7 (VS2019)

END.
